{"/home/nineleaps/Downloads/medicine_adherence_frnt1/medicine_adherence_frnt/src/assests/images/Medstick_1.png": {"path":"/home/nineleaps/Downloads/medicine_adherence_frnt1/medicine_adherence_frnt/src/assests/images/Medstick_1.png","statementMap":{"0":{"start":{"line":1,"column":0},"end":{"line":4,"column":6}}},"fnMap":{},"branchMap":{},"s":{"0":3},"f":{},"b":{},"inputSourceMap":null,"_coverageSchema":"1a1c01bbd47fc00a2c39e90264f33305004495a9","hash":"5b9fa97680492e7336410fd2490e78c5a82cd314"}
,"/home/nineleaps/Downloads/medicine_adherence_frnt1/medicine_adherence_frnt/src/assests/images/noImages.png": {"path":"/home/nineleaps/Downloads/medicine_adherence_frnt1/medicine_adherence_frnt/src/assests/images/noImages.png","statementMap":{"0":{"start":{"line":1,"column":0},"end":{"line":4,"column":6}}},"fnMap":{},"branchMap":{},"s":{"0":1},"f":{},"b":{},"inputSourceMap":null,"_coverageSchema":"1a1c01bbd47fc00a2c39e90264f33305004495a9","hash":"76cd31e6824e1daae01b0a88de62b878e26c9ecd"}
,"/home/nineleaps/Downloads/medicine_adherence_frnt1/medicine_adherence_frnt/src/assests/images/nomeds.png": {"path":"/home/nineleaps/Downloads/medicine_adherence_frnt1/medicine_adherence_frnt/src/assests/images/nomeds.png","statementMap":{"0":{"start":{"line":1,"column":0},"end":{"line":4,"column":6}}},"fnMap":{},"branchMap":{},"s":{"0":2},"f":{},"b":{},"inputSourceMap":null,"_coverageSchema":"1a1c01bbd47fc00a2c39e90264f33305004495a9","hash":"af6813c2767882044d1cada017e7df387f8dd55b"}
,"/home/nineleaps/Downloads/medicine_adherence_frnt1/medicine_adherence_frnt/src/assests/images/nopatientreq.png": {"path":"/home/nineleaps/Downloads/medicine_adherence_frnt1/medicine_adherence_frnt/src/assests/images/nopatientreq.png","statementMap":{"0":{"start":{"line":1,"column":0},"end":{"line":4,"column":6}}},"fnMap":{},"branchMap":{},"s":{"0":2},"f":{},"b":{},"inputSourceMap":null,"_coverageSchema":"1a1c01bbd47fc00a2c39e90264f33305004495a9","hash":"f8184e7d5d559d053f50d0b96b187fa42484182f"}
,"/home/nineleaps/Downloads/medicine_adherence_frnt1/medicine_adherence_frnt/src/assests/images/nopatients.png": {"path":"/home/nineleaps/Downloads/medicine_adherence_frnt1/medicine_adherence_frnt/src/assests/images/nopatients.png","statementMap":{"0":{"start":{"line":1,"column":0},"end":{"line":4,"column":6}}},"fnMap":{},"branchMap":{},"s":{"0":2},"f":{},"b":{},"inputSourceMap":null,"_coverageSchema":"1a1c01bbd47fc00a2c39e90264f33305004495a9","hash":"2e0c5be58d742286d128fb4753ad273e35d187fc"}
,"/home/nineleaps/Downloads/medicine_adherence_frnt1/medicine_adherence_frnt/src/assests/images/noreminders.png": {"path":"/home/nineleaps/Downloads/medicine_adherence_frnt1/medicine_adherence_frnt/src/assests/images/noreminders.png","statementMap":{"0":{"start":{"line":1,"column":0},"end":{"line":4,"column":6}}},"fnMap":{},"branchMap":{},"s":{"0":2},"f":{},"b":{},"inputSourceMap":null,"_coverageSchema":"1a1c01bbd47fc00a2c39e90264f33305004495a9","hash":"38773c767a87a6b4416420af3606de6ef6393599"}
,"/home/nineleaps/Downloads/medicine_adherence_frnt1/medicine_adherence_frnt/src/assests/images/searchcaretaker.png": {"path":"/home/nineleaps/Downloads/medicine_adherence_frnt1/medicine_adherence_frnt/src/assests/images/searchcaretaker.png","statementMap":{"0":{"start":{"line":1,"column":0},"end":{"line":4,"column":6}}},"fnMap":{},"branchMap":{},"s":{"0":1},"f":{},"b":{},"inputSourceMap":null,"_coverageSchema":"1a1c01bbd47fc00a2c39e90264f33305004495a9","hash":"fed17680a062f43c6ce735dcb6961623748da002"}
,"/home/nineleaps/Downloads/medicine_adherence_frnt1/medicine_adherence_frnt/src/components/ProfileHeader.js": {"path":"/home/nineleaps/Downloads/medicine_adherence_frnt1/medicine_adherence_frnt/src/components/ProfileHeader.js","statementMap":{"0":{"start":{"line":9,"column":22},"end":{"line":53,"column":1}},"1":{"start":{"line":10,"column":26},"end":{"line":10,"column":79}},"2":{"start":{"line":11,"column":28},"end":{"line":11,"column":46}},"3":{"start":{"line":12,"column":2},"end":{"line":31,"column":5}},"4":{"start":{"line":14,"column":6},"end":{"line":28,"column":22}},"5":{"start":{"line":15,"column":8},"end":{"line":24,"column":9}},"6":{"start":{"line":16,"column":10},"end":{"line":16,"column":58}},"7":{"start":{"line":17,"column":11},"end":{"line":17,"column":43}},"8":{"start":{"line":18,"column":26},"end":{"line":18,"column":59}},"9":{"start":{"line":19,"column":10},"end":{"line":21,"column":11}},"10":{"start":{"line":20,"column":12},"end":{"line":20,"column":26}},"11":{"start":{"line":22,"column":10},"end":{"line":22,"column":30}},"12":{"start":{"line":23,"column":10},"end":{"line":23,"column":17}},"13":{"start":{"line":25,"column":22},"end":{"line":25,"column":51}},"14":{"start":{"line":26,"column":8},"end":{"line":26,"column":34}},"15":{"start":{"line":27,"column":8},"end":{"line":27,"column":34}},"16":{"start":{"line":30,"column":4},"end":{"line":30,"column":14}},"17":{"start":{"line":33,"column":2},"end":{"line":52,"column":4}}},"fnMap":{"0":{"name":"(anonymous_0)","decl":{"start":{"line":9,"column":22},"end":{"line":9,"column":23}},"loc":{"start":{"line":9,"column":28},"end":{"line":53,"column":1}},"line":9},"1":{"name":"(anonymous_1)","decl":{"start":{"line":12,"column":17},"end":{"line":12,"column":18}},"loc":{"start":{"line":12,"column":23},"end":{"line":31,"column":3}},"line":12},"2":{"name":"getuser","decl":{"start":{"line":13,"column":19},"end":{"line":13,"column":26}},"loc":{"start":{"line":13,"column":29},"end":{"line":29,"column":5}},"line":13}},"branchMap":{"0":{"loc":{"start":{"line":15,"column":8},"end":{"line":24,"column":9}},"type":"if","locations":[{"start":{"line":15,"column":8},"end":{"line":24,"column":9}},{"start":{},"end":{}}],"line":15},"1":{"loc":{"start":{"line":19,"column":10},"end":{"line":21,"column":11}},"type":"if","locations":[{"start":{"line":19,"column":10},"end":{"line":21,"column":11}},{"start":{},"end":{}}],"line":19}},"s":{"0":2,"1":1,"2":1,"3":1,"4":1,"5":1,"6":0,"7":0,"8":0,"9":0,"10":0,"11":0,"12":0,"13":0,"14":0,"15":0,"16":1,"17":1},"f":{"0":1,"1":1,"2":1},"b":{"0":[0,0],"1":[0,0]},"_coverageSchema":"1a1c01bbd47fc00a2c39e90264f33305004495a9","hash":"8367aae152e4eb0f4d040bbc952e2fbe95dba858"}
,"/home/nineleaps/Downloads/medicine_adherence_frnt1/medicine_adherence_frnt/src/components/customHeader.js": {"path":"/home/nineleaps/Downloads/medicine_adherence_frnt1/medicine_adherence_frnt/src/components/customHeader.js","statementMap":{"0":{"start":{"line":19,"column":21},"end":{"line":140,"column":1}},"1":{"start":{"line":21,"column":2},"end":{"line":26,"column":5}},"2":{"start":{"line":22,"column":4},"end":{"line":25,"column":7}},"3":{"start":{"line":27,"column":36},"end":{"line":27,"column":56}},"4":{"start":{"line":30,"column":4},"end":{"line":37,"column":20}},"5":{"start":{"line":31,"column":6},"end":{"line":35,"column":7}},"6":{"start":{"line":33,"column":8},"end":{"line":33,"column":28}},"7":{"start":{"line":34,"column":8},"end":{"line":34,"column":15}},"8":{"start":{"line":36,"column":6},"end":{"line":36,"column":27}},"9":{"start":{"line":40,"column":2},"end":{"line":45,"column":25}},"10":{"start":{"line":41,"column":4},"end":{"line":44,"column":7}},"11":{"start":{"line":42,"column":29},"end":{"line":42,"column":60}},"12":{"start":{"line":43,"column":6},"end":{"line":43,"column":29}},"13":{"start":{"line":47,"column":2},"end":{"line":51,"column":5}},"14":{"start":{"line":48,"column":23},"end":{"line":48,"column":48}},"15":{"start":{"line":49,"column":27},"end":{"line":49,"column":58}},"16":{"start":{"line":50,"column":4},"end":{"line":50,"column":26}},"17":{"start":{"line":52,"column":19},"end":{"line":54,"column":3}},"18":{"start":{"line":53,"column":4},"end":{"line":53,"column":40}},"19":{"start":{"line":56,"column":4},"end":{"line":56,"column":41}},"20":{"start":{"line":59,"column":6},"end":{"line":59,"column":41}},"21":{"start":{"line":63,"column":6},"end":{"line":84,"column":9}},"22":{"start":{"line":67,"column":12},"end":{"line":67,"column":41}},"23":{"start":{"line":68,"column":12},"end":{"line":68,"column":51}},"24":{"start":{"line":69,"column":12},"end":{"line":69,"column":55}},"25":{"start":{"line":70,"column":12},"end":{"line":70,"column":51}},"26":{"start":{"line":71,"column":12},"end":{"line":71,"column":54}},"27":{"start":{"line":72,"column":12},"end":{"line":72,"column":54}},"28":{"start":{"line":73,"column":12},"end":{"line":73,"column":61}},"29":{"start":{"line":74,"column":12},"end":{"line":74,"column":58}},"30":{"start":{"line":75,"column":12},"end":{"line":75,"column":54}},"31":{"start":{"line":76,"column":12},"end":{"line":76,"column":56}},"32":{"start":{"line":77,"column":12},"end":{"line":77,"column":33}},"33":{"start":{"line":82,"column":25},"end":{"line":82,"column":34}},"34":{"start":{"line":87,"column":2},"end":{"line":139,"column":4}}},"fnMap":{"0":{"name":"(anonymous_0)","decl":{"start":{"line":19,"column":21},"end":{"line":19,"column":22}},"loc":{"start":{"line":19,"column":30},"end":{"line":140,"column":1}},"line":19},"1":{"name":"(anonymous_1)","decl":{"start":{"line":21,"column":18},"end":{"line":21,"column":19}},"loc":{"start":{"line":21,"column":24},"end":{"line":26,"column":3}},"line":21},"2":{"name":"getuser","decl":{"start":{"line":29,"column":17},"end":{"line":29,"column":24}},"loc":{"start":{"line":29,"column":40},"end":{"line":38,"column":3}},"line":29},"3":{"name":"(anonymous_3)","decl":{"start":{"line":40,"column":12},"end":{"line":40,"column":13}},"loc":{"start":{"line":40,"column":18},"end":{"line":45,"column":3}},"line":40},"4":{"name":"(anonymous_4)","decl":{"start":{"line":41,"column":49},"end":{"line":41,"column":50}},"loc":{"start":{"line":41,"column":55},"end":{"line":44,"column":5}},"line":41},"5":{"name":"(anonymous_5)","decl":{"start":{"line":47,"column":17},"end":{"line":47,"column":18}},"loc":{"start":{"line":47,"column":23},"end":{"line":51,"column":3}},"line":47},"6":{"name":"(anonymous_6)","decl":{"start":{"line":52,"column":19},"end":{"line":52,"column":20}},"loc":{"start":{"line":52,"column":25},"end":{"line":54,"column":3}},"line":52},"7":{"name":"signupFnc","decl":{"start":{"line":55,"column":17},"end":{"line":55,"column":26}},"loc":{"start":{"line":55,"column":29},"end":{"line":57,"column":3}},"line":55},"8":{"name":"loginFnc","decl":{"start":{"line":58,"column":17},"end":{"line":58,"column":25}},"loc":{"start":{"line":58,"column":28},"end":{"line":60,"column":3}},"line":58},"9":{"name":"alertFnc","decl":{"start":{"line":61,"column":17},"end":{"line":61,"column":25}},"loc":{"start":{"line":61,"column":28},"end":{"line":86,"column":3}},"line":61},"10":{"name":"(anonymous_10)","decl":{"start":{"line":66,"column":19},"end":{"line":66,"column":20}},"loc":{"start":{"line":66,"column":32},"end":{"line":78,"column":11}},"line":66},"11":{"name":"(anonymous_11)","decl":{"start":{"line":82,"column":19},"end":{"line":82,"column":20}},"loc":{"start":{"line":82,"column":25},"end":{"line":82,"column":34}},"line":82}},"branchMap":{"0":{"loc":{"start":{"line":31,"column":6},"end":{"line":35,"column":7}},"type":"if","locations":[{"start":{"line":31,"column":6},"end":{"line":35,"column":7}},{"start":{},"end":{}}],"line":31},"1":{"loc":{"start":{"line":99,"column":11},"end":{"line":134,"column":11}},"type":"cond-expr","locations":[{"start":{"line":100,"column":12},"end":{"line":123,"column":15}},{"start":{"line":125,"column":12},"end":{"line":133,"column":42}}],"line":99}},"s":{"0":1,"1":0,"2":0,"3":0,"4":0,"5":0,"6":0,"7":0,"8":0,"9":0,"10":0,"11":0,"12":0,"13":0,"14":0,"15":0,"16":0,"17":0,"18":0,"19":0,"20":0,"21":0,"22":0,"23":0,"24":0,"25":0,"26":0,"27":0,"28":0,"29":0,"30":0,"31":0,"32":0,"33":0,"34":0},"f":{"0":0,"1":0,"2":0,"3":0,"4":0,"5":0,"6":0,"7":0,"8":0,"9":0,"10":0,"11":0},"b":{"0":[0,0],"1":[0,0]},"_coverageSchema":"1a1c01bbd47fc00a2c39e90264f33305004495a9","hash":"dd5bfd32a2b37bbde00f59dea7079d1e31b8f3fb"}
,"/home/nineleaps/Downloads/medicine_adherence_frnt1/medicine_adherence_frnt/src/components/logger.js": {"path":"/home/nineleaps/Downloads/medicine_adherence_frnt1/medicine_adherence_frnt/src/components/logger.js","statementMap":{"0":{"start":{"line":2,"column":22},"end":{"line":17,"column":1}},"1":{"start":{"line":18,"column":12},"end":{"line":18,"column":46}},"2":{"start":{"line":20,"column":2},"end":{"line":20,"column":17}},"3":{"start":{"line":23,"column":2},"end":{"line":23,"column":18}},"4":{"start":{"line":26,"column":15},"end":{"line":29,"column":1}}},"fnMap":{"0":{"name":"loggerInfo","decl":{"start":{"line":19,"column":9},"end":{"line":19,"column":19}},"loc":{"start":{"line":19,"column":26},"end":{"line":21,"column":1}},"line":19},"1":{"name":"loggerError","decl":{"start":{"line":22,"column":9},"end":{"line":22,"column":20}},"loc":{"start":{"line":22,"column":27},"end":{"line":24,"column":1}},"line":22}},"branchMap":{},"s":{"0":42,"1":42,"2":34,"3":33,"4":42},"f":{"0":34,"1":33},"b":{},"_coverageSchema":"1a1c01bbd47fc00a2c39e90264f33305004495a9","hash":"0bfa1723a140f8de3a36d7718cb495aa2ec7e569"}
,"/home/nineleaps/Downloads/medicine_adherence_frnt1/medicine_adherence_frnt/src/components/adherence/adherencePercentage.js": {"path":"/home/nineleaps/Downloads/medicine_adherence_frnt1/medicine_adherence_frnt/src/components/adherence/adherencePercentage.js","statementMap":{"0":{"start":{"line":2,"column":28},"end":{"line":34,"column":1}},"1":{"start":{"line":3,"column":2},"end":{"line":33,"column":5}},"2":{"start":{"line":4,"column":24},"end":{"line":4,"column":25}},"3":{"start":{"line":5,"column":20},"end":{"line":5,"column":35}},"4":{"start":{"line":6,"column":17},"end":{"line":6,"column":40}},"5":{"start":{"line":7,"column":18},"end":{"line":7,"column":36}},"6":{"start":{"line":8,"column":18},"end":{"line":8,"column":28}},"7":{"start":{"line":9,"column":24},"end":{"line":9,"column":43}},"8":{"start":{"line":11,"column":23},"end":{"line":11,"column":42}},"9":{"start":{"line":12,"column":17},"end":{"line":16,"column":5}},"10":{"start":{"line":17,"column":17},"end":{"line":21,"column":5}},"11":{"start":{"line":23,"column":15},"end":{"line":23,"column":64}},"12":{"start":{"line":24,"column":18},"end":{"line":24,"column":68}},"13":{"start":{"line":25,"column":4},"end":{"line":31,"column":5}},"14":{"start":{"line":26,"column":6},"end":{"line":28,"column":7}},"15":{"start":{"line":27,"column":8},"end":{"line":27,"column":32}},"16":{"start":{"line":29,"column":6},"end":{"line":29,"column":13}},"17":{"start":{"line":30,"column":6},"end":{"line":30,"column":55}},"18":{"start":{"line":32,"column":4},"end":{"line":32,"column":58}}},"fnMap":{"0":{"name":"(anonymous_0)","decl":{"start":{"line":2,"column":28},"end":{"line":2,"column":29}},"loc":{"start":{"line":2,"column":77},"end":{"line":34,"column":1}},"line":2},"1":{"name":"(anonymous_1)","decl":{"start":{"line":3,"column":21},"end":{"line":3,"column":22}},"loc":{"start":{"line":3,"column":28},"end":{"line":33,"column":3}},"line":3}},"branchMap":{"0":{"loc":{"start":{"line":26,"column":6},"end":{"line":28,"column":7}},"type":"if","locations":[{"start":{"line":26,"column":6},"end":{"line":28,"column":7}},{"start":{},"end":{}}],"line":26}},"s":{"0":5,"1":1,"2":1,"3":1,"4":0,"5":0,"6":0,"7":0,"8":0,"9":0,"10":0,"11":0,"12":0,"13":0,"14":0,"15":0,"16":0,"17":0,"18":0},"f":{"0":1,"1":1},"b":{"0":[0,0]},"_coverageSchema":"1a1c01bbd47fc00a2c39e90264f33305004495a9","hash":"21b4b2cf557a37bbe27432a71a5b6c4974e479d4"}
,"/home/nineleaps/Downloads/medicine_adherence_frnt1/medicine_adherence_frnt/src/components/adherence/allReminderData.js": {"path":"/home/nineleaps/Downloads/medicine_adherence_frnt1/medicine_adherence_frnt/src/components/adherence/allReminderData.js","statementMap":{"0":{"start":{"line":4,"column":11},"end":{"line":4,"column":21}},"1":{"start":{"line":6,"column":24},"end":{"line":62,"column":1}},"2":{"start":{"line":8,"column":12},"end":{"line":8,"column":21}},"3":{"start":{"line":9,"column":15},"end":{"line":9,"column":16}},"4":{"start":{"line":12,"column":4},"end":{"line":56,"column":7}},"5":{"start":{"line":13,"column":6},"end":{"line":55,"column":9}},"6":{"start":{"line":14,"column":8},"end":{"line":17,"column":10}},"7":{"start":{"line":18,"column":8},"end":{"line":54,"column":10}},"8":{"start":{"line":22,"column":12},"end":{"line":22,"column":44}},"9":{"start":{"line":23,"column":12},"end":{"line":23,"column":56}},"10":{"start":{"line":24,"column":12},"end":{"line":52,"column":14}},"11":{"start":{"line":28,"column":16},"end":{"line":49,"column":17}},"12":{"start":{"line":28,"column":29},"end":{"line":28,"column":30}},"13":{"start":{"line":29,"column":39},"end":{"line":29,"column":57}},"14":{"start":{"line":31,"column":40},"end":{"line":31,"column":77}},"15":{"start":{"line":32,"column":43},"end":{"line":34,"column":19}},"16":{"start":{"line":35,"column":43},"end":{"line":39,"column":19}},"17":{"start":{"line":41,"column":18},"end":{"line":47,"column":21}},"18":{"start":{"line":42,"column":20},"end":{"line":46,"column":21}},"19":{"start":{"line":43,"column":22},"end":{"line":43,"column":64}},"20":{"start":{"line":45,"column":22},"end":{"line":45,"column":60}},"21":{"start":{"line":48,"column":18},"end":{"line":48,"column":65}},"22":{"start":{"line":50,"column":16},"end":{"line":50,"column":29}},"23":{"start":{"line":58,"column":2},"end":{"line":58,"column":33}},"24":{"start":{"line":60,"column":2},"end":{"line":60,"column":25}},"25":{"start":{"line":61,"column":2},"end":{"line":61,"column":40}}},"fnMap":{"0":{"name":"(anonymous_0)","decl":{"start":{"line":6,"column":24},"end":{"line":6,"column":25}},"loc":{"start":{"line":6,"column":44},"end":{"line":62,"column":1}},"line":6},"1":{"name":"reminder_promise","decl":{"start":{"line":11,"column":11},"end":{"line":11,"column":27}},"loc":{"start":{"line":11,"column":30},"end":{"line":57,"column":3}},"line":11},"2":{"name":"(anonymous_2)","decl":{"start":{"line":12,"column":23},"end":{"line":12,"column":24}},"loc":{"start":{"line":12,"column":34},"end":{"line":56,"column":5}},"line":12},"3":{"name":"(anonymous_3)","decl":{"start":{"line":13,"column":21},"end":{"line":13,"column":22}},"loc":{"start":{"line":13,"column":42},"end":{"line":55,"column":7}},"line":13},"4":{"name":"(anonymous_4)","decl":{"start":{"line":21,"column":10},"end":{"line":21,"column":11}},"loc":{"start":{"line":21,"column":30},"end":{"line":53,"column":11}},"line":21},"5":{"name":"(anonymous_5)","decl":{"start":{"line":27,"column":14},"end":{"line":27,"column":15}},"loc":{"start":{"line":27,"column":37},"end":{"line":51,"column":15}},"line":27},"6":{"name":"(anonymous_6)","decl":{"start":{"line":41,"column":42},"end":{"line":41,"column":43}},"loc":{"start":{"line":41,"column":54},"end":{"line":47,"column":19}},"line":41}},"branchMap":{"0":{"loc":{"start":{"line":42,"column":20},"end":{"line":46,"column":21}},"type":"if","locations":[{"start":{"line":42,"column":20},"end":{"line":46,"column":21}},{"start":{"line":44,"column":27},"end":{"line":46,"column":21}}],"line":42}},"s":{"0":3,"1":3,"2":0,"3":0,"4":0,"5":0,"6":0,"7":0,"8":0,"9":0,"10":0,"11":0,"12":0,"13":0,"14":0,"15":0,"16":0,"17":0,"18":0,"19":0,"20":0,"21":0,"22":0,"23":0,"24":0,"25":0},"f":{"0":0,"1":0,"2":0,"3":0,"4":0,"5":0,"6":0},"b":{"0":[0,0]},"_coverageSchema":"1a1c01bbd47fc00a2c39e90264f33305004495a9","hash":"9ec3d9091f468bdd51404cfccb54c5950adc0b21"}
,"/home/nineleaps/Downloads/medicine_adherence_frnt1/medicine_adherence_frnt/src/components/adherence/downloadPdf.js": {"path":"/home/nineleaps/Downloads/medicine_adherence_frnt1/medicine_adherence_frnt/src/components/adherence/downloadPdf.js","statementMap":{"0":{"start":{"line":5,"column":17},"end":{"line":5,"column":28}},"1":{"start":{"line":7,"column":20},"end":{"line":46,"column":1}},"2":{"start":{"line":8,"column":15},"end":{"line":8,"column":25}},"3":{"start":{"line":10,"column":20},"end":{"line":10,"column":51}},"4":{"start":{"line":11,"column":21},"end":{"line":13,"column":9}},"5":{"start":{"line":14,"column":18},"end":{"line":22,"column":3}},"6":{"start":{"line":23,"column":25},"end":{"line":23,"column":69}},"7":{"start":{"line":24,"column":17},"end":{"line":24,"column":19}},"8":{"start":{"line":26,"column":2},"end":{"line":45,"column":3}},"9":{"start":{"line":27,"column":4},"end":{"line":40,"column":9}},"10":{"start":{"line":28,"column":19},"end":{"line":28,"column":29}},"11":{"start":{"line":30,"column":8},"end":{"line":30,"column":40}},"12":{"start":{"line":31,"column":8},"end":{"line":35,"column":13}},"13":{"start":{"line":34,"column":12},"end":{"line":34,"column":25}},"14":{"start":{"line":38,"column":8},"end":{"line":38,"column":25}},"15":{"start":{"line":39,"column":8},"end":{"line":39,"column":24}},"16":{"start":{"line":41,"column":4},"end":{"line":41,"column":20}},"17":{"start":{"line":43,"column":4},"end":{"line":43,"column":21}},"18":{"start":{"line":44,"column":4},"end":{"line":44,"column":20}}},"fnMap":{"0":{"name":"(anonymous_0)","decl":{"start":{"line":7,"column":20},"end":{"line":7,"column":21}},"loc":{"start":{"line":7,"column":43},"end":{"line":46,"column":1}},"line":7},"1":{"name":"(anonymous_1)","decl":{"start":{"line":28,"column":12},"end":{"line":28,"column":13}},"loc":{"start":{"line":28,"column":19},"end":{"line":28,"column":29}},"line":28},"2":{"name":"(anonymous_2)","decl":{"start":{"line":29,"column":12},"end":{"line":29,"column":13}},"loc":{"start":{"line":29,"column":26},"end":{"line":36,"column":7}},"line":29},"3":{"name":"(anonymous_3)","decl":{"start":{"line":33,"column":17},"end":{"line":33,"column":18}},"loc":{"start":{"line":33,"column":23},"end":{"line":35,"column":11}},"line":33},"4":{"name":"(anonymous_4)","decl":{"start":{"line":37,"column":13},"end":{"line":37,"column":14}},"loc":{"start":{"line":37,"column":19},"end":{"line":40,"column":7}},"line":37}},"branchMap":{},"s":{"0":4,"1":4,"2":0,"3":0,"4":0,"5":0,"6":0,"7":0,"8":0,"9":0,"10":0,"11":0,"12":0,"13":0,"14":0,"15":0,"16":0,"17":0,"18":0},"f":{"0":0,"1":0,"2":0,"3":0,"4":0},"b":{},"_coverageSchema":"1a1c01bbd47fc00a2c39e90264f33305004495a9","hash":"875ce7cc2fcd857f666ddbf05076aff1e5b7c344"}
,"/home/nineleaps/Downloads/medicine_adherence_frnt1/medicine_adherence_frnt/src/components/alarm/pushNotificationConfig.js": {"path":"/home/nineleaps/Downloads/medicine_adherence_frnt1/medicine_adherence_frnt/src/components/alarm/pushNotificationConfig.js","statementMap":{"0":{"start":{"line":4,"column":12},"end":{"line":4,"column":41}},"1":{"start":{"line":7,"column":2},"end":{"line":7,"column":29}},"2":{"start":{"line":8,"column":15},"end":{"line":18,"column":4}},"3":{"start":{"line":9,"column":4},"end":{"line":11,"column":5}},"4":{"start":{"line":10,"column":6},"end":{"line":10,"column":13}},"5":{"start":{"line":12,"column":4},"end":{"line":12,"column":31}},"6":{"start":{"line":13,"column":4},"end":{"line":17,"column":7}},"7":{"start":{"line":14,"column":6},"end":{"line":16,"column":7}},"8":{"start":{"line":15,"column":8},"end":{"line":15,"column":59}},"9":{"start":{"line":23,"column":23},"end":{"line":23,"column":25}},"10":{"start":{"line":24,"column":2},"end":{"line":34,"column":3}},"11":{"start":{"line":25,"column":4},"end":{"line":25,"column":56}},"12":{"start":{"line":26,"column":4},"end":{"line":26,"column":34}},"13":{"start":{"line":27,"column":4},"end":{"line":27,"column":65}},"14":{"start":{"line":28,"column":9},"end":{"line":34,"column":3}},"15":{"start":{"line":29,"column":4},"end":{"line":29,"column":34}},"16":{"start":{"line":30,"column":4},"end":{"line":30,"column":65}},"17":{"start":{"line":32,"column":4},"end":{"line":32,"column":34}},"18":{"start":{"line":33,"column":4},"end":{"line":33,"column":47}},"19":{"start":{"line":37,"column":39},"end":{"line":59,"column":1}},"20":{"start":{"line":38,"column":12},"end":{"line":38,"column":53}},"21":{"start":{"line":39,"column":2},"end":{"line":58,"column":5}},"22":{"start":{"line":61,"column":41},"end":{"line":99,"column":1}},"23":{"start":{"line":66,"column":12},"end":{"line":66,"column":53}},"24":{"start":{"line":68,"column":2},"end":{"line":78,"column":4}},"25":{"start":{"line":77,"column":15},"end":{"line":77,"column":71}},"26":{"start":{"line":79,"column":2},"end":{"line":98,"column":5}}},"fnMap":{"0":{"name":"PlaySound","decl":{"start":{"line":6,"column":9},"end":{"line":6,"column":18}},"loc":{"start":{"line":6,"column":21},"end":{"line":19,"column":1}},"line":6},"1":{"name":"(anonymous_1)","decl":{"start":{"line":8,"column":57},"end":{"line":8,"column":58}},"loc":{"start":{"line":8,"column":68},"end":{"line":18,"column":3}},"line":8},"2":{"name":"(anonymous_2)","decl":{"start":{"line":13,"column":16},"end":{"line":13,"column":17}},"loc":{"start":{"line":13,"column":29},"end":{"line":17,"column":5}},"line":13},"3":{"name":"Pushnotificationforeground","decl":{"start":{"line":21,"column":9},"end":{"line":21,"column":35}},"loc":{"start":{"line":21,"column":42},"end":{"line":35,"column":1}},"line":21},"4":{"name":"(anonymous_4)","decl":{"start":{"line":37,"column":39},"end":{"line":37,"column":40}},"loc":{"start":{"line":37,"column":55},"end":{"line":59,"column":1}},"line":37},"5":{"name":"(anonymous_5)","decl":{"start":{"line":61,"column":41},"end":{"line":61,"column":42}},"loc":{"start":{"line":65,"column":5},"end":{"line":99,"column":1}},"line":65},"6":{"name":"(anonymous_6)","decl":{"start":{"line":77,"column":4},"end":{"line":77,"column":5}},"loc":{"start":{"line":77,"column":15},"end":{"line":77,"column":71}},"line":77}},"branchMap":{"0":{"loc":{"start":{"line":9,"column":4},"end":{"line":11,"column":5}},"type":"if","locations":[{"start":{"line":9,"column":4},"end":{"line":11,"column":5}},{"start":{},"end":{}}],"line":9},"1":{"loc":{"start":{"line":14,"column":6},"end":{"line":16,"column":7}},"type":"if","locations":[{"start":{"line":14,"column":6},"end":{"line":16,"column":7}},{"start":{},"end":{}}],"line":14},"2":{"loc":{"start":{"line":24,"column":2},"end":{"line":34,"column":3}},"type":"if","locations":[{"start":{"line":24,"column":2},"end":{"line":34,"column":3}},{"start":{"line":28,"column":9},"end":{"line":34,"column":3}}],"line":24},"3":{"loc":{"start":{"line":28,"column":9},"end":{"line":34,"column":3}},"type":"if","locations":[{"start":{"line":28,"column":9},"end":{"line":34,"column":3}},{"start":{"line":31,"column":9},"end":{"line":34,"column":3}}],"line":28}},"s":{"0":1,"1":0,"2":0,"3":0,"4":0,"5":0,"6":0,"7":0,"8":0,"9":0,"10":0,"11":0,"12":0,"13":0,"14":0,"15":0,"16":0,"17":0,"18":0,"19":1,"20":0,"21":0,"22":1,"23":0,"24":0,"25":0,"26":0},"f":{"0":0,"1":0,"2":0,"3":0,"4":0,"5":0,"6":0},"b":{"0":[0,0],"1":[0,0],"2":[0,0],"3":[0,0]},"_coverageSchema":"1a1c01bbd47fc00a2c39e90264f33305004495a9","hash":"64ebe4974575761fce751247acfbc73a9d8f9ccb"}
,"/home/nineleaps/Downloads/medicine_adherence_frnt1/medicine_adherence_frnt/src/components/alarm/timeData.js": {"path":"/home/nineleaps/Downloads/medicine_adherence_frnt1/medicine_adherence_frnt/src/components/alarm/timeData.js","statementMap":{"0":{"start":{"line":1,"column":25},"end":{"line":31,"column":1}},"1":{"start":{"line":33,"column":24},"end":{"line":47,"column":1}}},"fnMap":{},"branchMap":{},"s":{"0":3,"1":3},"f":{},"b":{},"_coverageSchema":"1a1c01bbd47fc00a2c39e90264f33305004495a9","hash":"ab6d26ae0e6dd63ccc62225fa1648e54cccd8ed6"}
,"/home/nineleaps/Downloads/medicine_adherence_frnt1/medicine_adherence_frnt/src/components/caretaker/allIcons.js": {"path":"/home/nineleaps/Downloads/medicine_adherence_frnt1/medicine_adherence_frnt/src/components/caretaker/allIcons.js","statementMap":{"0":{"start":{"line":6,"column":2},"end":{"line":8,"column":4}},"1":{"start":{"line":12,"column":2},"end":{"line":12,"column":57}},"2":{"start":{"line":16,"column":2},"end":{"line":16,"column":78}}},"fnMap":{"0":{"name":"Caretaker_nurse","decl":{"start":{"line":5,"column":9},"end":{"line":5,"column":24}},"loc":{"start":{"line":5,"column":27},"end":{"line":9,"column":1}},"line":5},"1":{"name":"Signout","decl":{"start":{"line":11,"column":9},"end":{"line":11,"column":16}},"loc":{"start":{"line":11,"column":19},"end":{"line":13,"column":1}},"line":11},"2":{"name":"Userfriend","decl":{"start":{"line":15,"column":9},"end":{"line":15,"column":19}},"loc":{"start":{"line":15,"column":22},"end":{"line":17,"column":1}},"line":15}},"branchMap":{},"s":{"0":1,"1":0,"2":1},"f":{"0":1,"1":0,"2":1},"b":{},"_coverageSchema":"1a1c01bbd47fc00a2c39e90264f33305004495a9","hash":"1053e8b1dc1cf457c76598b4a30fc8a440bcb0ae"}
,"/home/nineleaps/Downloads/medicine_adherence_frnt1/medicine_adherence_frnt/src/components/componentStyles/styles.js": {"path":"/home/nineleaps/Downloads/medicine_adherence_frnt1/medicine_adherence_frnt/src/components/componentStyles/styles.js","statementMap":{"0":{"start":{"line":3,"column":15},"end":{"line":42,"column":2}}},"fnMap":{},"branchMap":{},"s":{"0":2},"f":{},"b":{},"_coverageSchema":"1a1c01bbd47fc00a2c39e90264f33305004495a9","hash":"977d4561251dbedf16583d62b9da0d788ee9b4c0"}
,"/home/nineleaps/Downloads/medicine_adherence_frnt1/medicine_adherence_frnt/src/components/organisms/medicineHistoryList.js": {"path":"/home/nineleaps/Downloads/medicine_adherence_frnt1/medicine_adherence_frnt/src/components/organisms/medicineHistoryList.js","statementMap":{"0":{"start":{"line":8,"column":9},"end":{"line":8,"column":14}},"1":{"start":{"line":10,"column":28},"end":{"line":60,"column":1}},"2":{"start":{"line":11,"column":38},"end":{"line":11,"column":43}},"3":{"start":{"line":12,"column":2},"end":{"line":59,"column":4}},"4":{"start":{"line":24,"column":32},"end":{"line":26,"column":21}},"5":{"start":{"line":27,"column":20},"end":{"line":27,"column":50}},"6":{"start":{"line":36,"column":10},"end":{"line":44,"column":12}},"7":{"start":{"line":47,"column":10},"end":{"line":55,"column":12}}},"fnMap":{"0":{"name":"(anonymous_0)","decl":{"start":{"line":10,"column":28},"end":{"line":10,"column":29}},"loc":{"start":{"line":10,"column":37},"end":{"line":60,"column":1}},"line":10},"1":{"name":"(anonymous_1)","decl":{"start":{"line":23,"column":27},"end":{"line":23,"column":28}},"loc":{"start":{"line":23,"column":39},"end":{"line":28,"column":19}},"line":23},"2":{"name":"(anonymous_2)","decl":{"start":{"line":35,"column":32},"end":{"line":35,"column":33}},"loc":{"start":{"line":35,"column":41},"end":{"line":45,"column":9}},"line":35},"3":{"name":"(anonymous_3)","decl":{"start":{"line":46,"column":28},"end":{"line":46,"column":29}},"loc":{"start":{"line":46,"column":37},"end":{"line":56,"column":9}},"line":46}},"branchMap":{},"s":{"0":3,"1":3,"2":0,"3":0,"4":0,"5":0,"6":0,"7":0},"f":{"0":0,"1":0,"2":0,"3":0},"b":{},"_coverageSchema":"1a1c01bbd47fc00a2c39e90264f33305004495a9","hash":"8b1a3fd30f03f1b7109cb8df2e8a333143529f03"}
,"/home/nineleaps/Downloads/medicine_adherence_frnt1/medicine_adherence_frnt/src/components/organisms/medicineTime.js": {"path":"/home/nineleaps/Downloads/medicine_adherence_frnt1/medicine_adherence_frnt/src/components/organisms/medicineTime.js","statementMap":{"0":{"start":{"line":6,"column":12},"end":{"line":38,"column":1}},"1":{"start":{"line":7,"column":30},"end":{"line":7,"column":35}},"2":{"start":{"line":8,"column":26},"end":{"line":8,"column":41}},"3":{"start":{"line":9,"column":31},"end":{"line":9,"column":46}},"4":{"start":{"line":11,"column":2},"end":{"line":37,"column":4}},"5":{"start":{"line":25,"column":12},"end":{"line":25,"column":27}},"6":{"start":{"line":26,"column":12},"end":{"line":26,"column":32}},"7":{"start":{"line":27,"column":12},"end":{"line":27,"column":30}}},"fnMap":{"0":{"name":"(anonymous_0)","decl":{"start":{"line":6,"column":12},"end":{"line":6,"column":13}},"loc":{"start":{"line":6,"column":23},"end":{"line":38,"column":1}},"line":6},"1":{"name":"(anonymous_1)","decl":{"start":{"line":24,"column":19},"end":{"line":24,"column":20}},"loc":{"start":{"line":24,"column":25},"end":{"line":28,"column":11}},"line":24}},"branchMap":{"0":{"loc":{"start":{"line":12,"column":4},"end":{"line":36,"column":5}},"type":"binary-expr","locations":[{"start":{"line":12,"column":4},"end":{"line":12,"column":21}},{"start":{"line":13,"column":6},"end":{"line":35,"column":13}}],"line":12},"1":{"loc":{"start":{"line":30,"column":9},"end":{"line":34,"column":9}},"type":"cond-expr","locations":[{"start":{"line":31,"column":10},"end":{"line":31,"column":51}},{"start":{"line":33,"column":10},"end":{"line":33,"column":55}}],"line":30}},"s":{"0":2,"1":0,"2":0,"3":0,"4":0,"5":0,"6":0,"7":0},"f":{"0":0,"1":0},"b":{"0":[0,0],"1":[0,0]},"_coverageSchema":"1a1c01bbd47fc00a2c39e90264f33305004495a9","hash":"63e28c4b96ed9cd00b1aba6269f06a5ea004915d"}
,"/home/nineleaps/Downloads/medicine_adherence_frnt1/medicine_adherence_frnt/src/connection/checkConnectivity.js": {"path":"/home/nineleaps/Downloads/medicine_adherence_frnt1/medicine_adherence_frnt/src/connection/checkConnectivity.js","statementMap":{"0":{"start":{"line":3,"column":26},"end":{"line":13,"column":1}},"1":{"start":{"line":4,"column":19},"end":{"line":4,"column":23}},"2":{"start":{"line":5,"column":2},"end":{"line":12,"column":5}},"3":{"start":{"line":6,"column":24},"end":{"line":9,"column":6}},"4":{"start":{"line":7,"column":6},"end":{"line":7,"column":37}},"5":{"start":{"line":8,"column":6},"end":{"line":8,"column":22}},"6":{"start":{"line":11,"column":4},"end":{"line":11,"column":18}}},"fnMap":{"0":{"name":"(anonymous_0)","decl":{"start":{"line":3,"column":26},"end":{"line":3,"column":27}},"loc":{"start":{"line":3,"column":38},"end":{"line":13,"column":1}},"line":3},"1":{"name":"(anonymous_1)","decl":{"start":{"line":5,"column":21},"end":{"line":5,"column":22}},"loc":{"start":{"line":5,"column":28},"end":{"line":12,"column":3}},"line":5},"2":{"name":"(anonymous_2)","decl":{"start":{"line":6,"column":49},"end":{"line":6,"column":50}},"loc":{"start":{"line":6,"column":58},"end":{"line":9,"column":5}},"line":6}},"branchMap":{},"s":{"0":2,"1":0,"2":0,"3":0,"4":0,"5":0,"6":0},"f":{"0":0,"1":0,"2":0},"b":{},"_coverageSchema":"1a1c01bbd47fc00a2c39e90264f33305004495a9","hash":"c8802ae57f468d66efd67893cc2495c2877c3951"}
,"/home/nineleaps/Downloads/medicine_adherence_frnt1/medicine_adherence_frnt/src/navigation/drawerNavigator.js": {"path":"/home/nineleaps/Downloads/medicine_adherence_frnt1/medicine_adherence_frnt/src/navigation/drawerNavigator.js","statementMap":{"0":{"start":{"line":14,"column":15},"end":{"line":14,"column":38}},"1":{"start":{"line":16,"column":24},"end":{"line":113,"column":1}},"2":{"start":{"line":17,"column":17},"end":{"line":19,"column":3}},"3":{"start":{"line":18,"column":4},"end":{"line":18,"column":34}},"4":{"start":{"line":20,"column":18},"end":{"line":26,"column":3}},"5":{"start":{"line":21,"column":4},"end":{"line":25,"column":6}},"6":{"start":{"line":27,"column":19},"end":{"line":29,"column":3}},"7":{"start":{"line":28,"column":4},"end":{"line":28,"column":56}},"8":{"start":{"line":30,"column":18},"end":{"line":32,"column":3}},"9":{"start":{"line":31,"column":4},"end":{"line":31,"column":58}},"10":{"start":{"line":33,"column":19},"end":{"line":35,"column":3}},"11":{"start":{"line":34,"column":4},"end":{"line":34,"column":52}},"12":{"start":{"line":36,"column":22},"end":{"line":38,"column":3}},"13":{"start":{"line":37,"column":4},"end":{"line":37,"column":63}},"14":{"start":{"line":39,"column":18},"end":{"line":41,"column":3}},"15":{"start":{"line":40,"column":4},"end":{"line":40,"column":58}},"16":{"start":{"line":42,"column":18},"end":{"line":44,"column":3}},"17":{"start":{"line":43,"column":4},"end":{"line":43,"column":58}},"18":{"start":{"line":45,"column":2},"end":{"line":112,"column":4}},"19":{"start":{"line":49,"column":30},"end":{"line":49,"column":57}}},"fnMap":{"0":{"name":"(anonymous_0)","decl":{"start":{"line":16,"column":24},"end":{"line":16,"column":25}},"loc":{"start":{"line":16,"column":38},"end":{"line":113,"column":1}},"line":16},"1":{"name":"(anonymous_1)","decl":{"start":{"line":17,"column":17},"end":{"line":17,"column":18}},"loc":{"start":{"line":17,"column":23},"end":{"line":19,"column":3}},"line":17},"2":{"name":"(anonymous_2)","decl":{"start":{"line":20,"column":18},"end":{"line":20,"column":19}},"loc":{"start":{"line":20,"column":24},"end":{"line":26,"column":3}},"line":20},"3":{"name":"(anonymous_3)","decl":{"start":{"line":27,"column":19},"end":{"line":27,"column":20}},"loc":{"start":{"line":27,"column":25},"end":{"line":29,"column":3}},"line":27},"4":{"name":"(anonymous_4)","decl":{"start":{"line":30,"column":18},"end":{"line":30,"column":19}},"loc":{"start":{"line":30,"column":24},"end":{"line":32,"column":3}},"line":30},"5":{"name":"(anonymous_5)","decl":{"start":{"line":33,"column":19},"end":{"line":33,"column":20}},"loc":{"start":{"line":33,"column":25},"end":{"line":35,"column":3}},"line":33},"6":{"name":"(anonymous_6)","decl":{"start":{"line":36,"column":22},"end":{"line":36,"column":23}},"loc":{"start":{"line":36,"column":28},"end":{"line":38,"column":3}},"line":36},"7":{"name":"(anonymous_7)","decl":{"start":{"line":39,"column":18},"end":{"line":39,"column":19}},"loc":{"start":{"line":39,"column":24},"end":{"line":41,"column":3}},"line":39},"8":{"name":"(anonymous_8)","decl":{"start":{"line":42,"column":18},"end":{"line":42,"column":19}},"loc":{"start":{"line":42,"column":24},"end":{"line":44,"column":3}},"line":42},"9":{"name":"(anonymous_9)","decl":{"start":{"line":49,"column":21},"end":{"line":49,"column":22}},"loc":{"start":{"line":49,"column":30},"end":{"line":49,"column":57}},"line":49}},"branchMap":{},"s":{"0":1,"1":1,"2":0,"3":0,"4":0,"5":0,"6":0,"7":0,"8":0,"9":0,"10":0,"11":0,"12":0,"13":0,"14":0,"15":0,"16":0,"17":0,"18":0,"19":0},"f":{"0":0,"1":0,"2":0,"3":0,"4":0,"5":0,"6":0,"7":0,"8":0,"9":0},"b":{},"_coverageSchema":"1a1c01bbd47fc00a2c39e90264f33305004495a9","hash":"9f5c2dd26dac92ba7ba7c56f66bdcaf75fd8e433"}
,"/home/nineleaps/Downloads/medicine_adherence_frnt1/medicine_adherence_frnt/src/redux/actions/allTypes.js": {"path":"/home/nineleaps/Downloads/medicine_adherence_frnt1/medicine_adherence_frnt/src/redux/actions/allTypes.js","statementMap":{"0":{"start":{"line":1,"column":17},"end":{"line":81,"column":1}}},"fnMap":{},"branchMap":{},"s":{"0":60},"f":{},"b":{},"_coverageSchema":"1a1c01bbd47fc00a2c39e90264f33305004495a9","hash":"3d0a4991fc0da5b9a5dad41466dbee93a84938e5"}
,"/home/nineleaps/Downloads/medicine_adherence_frnt1/medicine_adherence_frnt/src/redux/actions/adherence/downloadPdfActions.js": {"path":"/home/nineleaps/Downloads/medicine_adherence_frnt1/medicine_adherence_frnt/src/redux/actions/adherence/downloadPdfActions.js","statementMap":{"0":{"start":{"line":4,"column":2},"end":{"line":7,"column":4}},"1":{"start":{"line":11,"column":2},"end":{"line":14,"column":4}},"2":{"start":{"line":18,"column":2},"end":{"line":21,"column":4}},"3":{"start":{"line":24,"column":34},"end":{"line":28,"column":1}}},"fnMap":{"0":{"name":"downloadPdf","decl":{"start":{"line":3,"column":9},"end":{"line":3,"column":20}},"loc":{"start":{"line":3,"column":34},"end":{"line":8,"column":1}},"line":3},"1":{"name":"downloadPdfSuccess","decl":{"start":{"line":10,"column":9},"end":{"line":10,"column":27}},"loc":{"start":{"line":10,"column":34},"end":{"line":15,"column":1}},"line":10},"2":{"name":"downloadPdfError","decl":{"start":{"line":17,"column":9},"end":{"line":17,"column":25}},"loc":{"start":{"line":17,"column":33},"end":{"line":22,"column":1}},"line":17}},"branchMap":{},"s":{"0":1,"1":3,"2":3,"3":2},"f":{"0":1,"1":3,"2":3},"b":{},"_coverageSchema":"1a1c01bbd47fc00a2c39e90264f33305004495a9","hash":"6a0dfd5e530a3fc4f4f89c00dcb13803898d1068"}
,"/home/nineleaps/Downloads/medicine_adherence_frnt1/medicine_adherence_frnt/src/redux/actions/adherence/getMedHistoryActions.js": {"path":"/home/nineleaps/Downloads/medicine_adherence_frnt1/medicine_adherence_frnt/src/redux/actions/adherence/getMedHistoryActions.js","statementMap":{"0":{"start":{"line":4,"column":2},"end":{"line":7,"column":4}},"1":{"start":{"line":11,"column":2},"end":{"line":14,"column":4}},"2":{"start":{"line":18,"column":2},"end":{"line":21,"column":4}},"3":{"start":{"line":24,"column":36},"end":{"line":28,"column":1}}},"fnMap":{"0":{"name":"getMedHistory","decl":{"start":{"line":3,"column":9},"end":{"line":3,"column":22}},"loc":{"start":{"line":3,"column":36},"end":{"line":8,"column":1}},"line":3},"1":{"name":"medHistorySuccess","decl":{"start":{"line":10,"column":9},"end":{"line":10,"column":26}},"loc":{"start":{"line":10,"column":33},"end":{"line":15,"column":1}},"line":10},"2":{"name":"medHistoryError","decl":{"start":{"line":17,"column":9},"end":{"line":17,"column":24}},"loc":{"start":{"line":17,"column":32},"end":{"line":22,"column":1}},"line":17}},"branchMap":{},"s":{"0":1,"1":3,"2":3,"3":2},"f":{"0":1,"1":3,"2":3},"b":{},"_coverageSchema":"1a1c01bbd47fc00a2c39e90264f33305004495a9","hash":"baa6486237b953f0339b430192cd4f05fd38ff33"}
,"/home/nineleaps/Downloads/medicine_adherence_frnt1/medicine_adherence_frnt/src/redux/actions/adherence/medImagesActions.js": {"path":"/home/nineleaps/Downloads/medicine_adherence_frnt1/medicine_adherence_frnt/src/redux/actions/adherence/medImagesActions.js","statementMap":{"0":{"start":{"line":6,"column":2},"end":{"line":9,"column":4}},"1":{"start":{"line":12,"column":2},"end":{"line":12,"column":26}},"2":{"start":{"line":13,"column":2},"end":{"line":16,"column":4}},"3":{"start":{"line":19,"column":2},"end":{"line":19,"column":28}},"4":{"start":{"line":20,"column":2},"end":{"line":23,"column":4}},"5":{"start":{"line":26,"column":32},"end":{"line":30,"column":1}}},"fnMap":{"0":{"name":"fetchMedImages","decl":{"start":{"line":5,"column":9},"end":{"line":5,"column":23}},"loc":{"start":{"line":5,"column":33},"end":{"line":10,"column":1}},"line":5},"1":{"name":"fetchMedImagesSuccess","decl":{"start":{"line":11,"column":9},"end":{"line":11,"column":30}},"loc":{"start":{"line":11,"column":37},"end":{"line":17,"column":1}},"line":11},"2":{"name":"fetchMedImagesError","decl":{"start":{"line":18,"column":9},"end":{"line":18,"column":28}},"loc":{"start":{"line":18,"column":36},"end":{"line":24,"column":1}},"line":18}},"branchMap":{},"s":{"0":1,"1":3,"2":3,"3":3,"4":3,"5":2},"f":{"0":1,"1":3,"2":3},"b":{},"_coverageSchema":"1a1c01bbd47fc00a2c39e90264f33305004495a9","hash":"941f4f6bc9e93d682f88b9181ea230e27e542385"}
,"/home/nineleaps/Downloads/medicine_adherence_frnt1/medicine_adherence_frnt/src/redux/actions/adherence/syncHistoryActions.js": {"path":"/home/nineleaps/Downloads/medicine_adherence_frnt1/medicine_adherence_frnt/src/redux/actions/adherence/syncHistoryActions.js","statementMap":{"0":{"start":{"line":4,"column":2},"end":{"line":7,"column":4}},"1":{"start":{"line":10,"column":2},"end":{"line":10,"column":26}},"2":{"start":{"line":11,"column":2},"end":{"line":14,"column":4}},"3":{"start":{"line":17,"column":2},"end":{"line":17,"column":28}},"4":{"start":{"line":18,"column":2},"end":{"line":21,"column":4}},"5":{"start":{"line":24,"column":34},"end":{"line":28,"column":1}}},"fnMap":{"0":{"name":"syncHistory","decl":{"start":{"line":3,"column":9},"end":{"line":3,"column":20}},"loc":{"start":{"line":3,"column":29},"end":{"line":8,"column":1}},"line":3},"1":{"name":"syncHitsorySuccess","decl":{"start":{"line":9,"column":9},"end":{"line":9,"column":27}},"loc":{"start":{"line":9,"column":34},"end":{"line":15,"column":1}},"line":9},"2":{"name":"syncHistoryError","decl":{"start":{"line":16,"column":9},"end":{"line":16,"column":25}},"loc":{"start":{"line":16,"column":33},"end":{"line":22,"column":1}},"line":16}},"branchMap":{},"s":{"0":1,"1":3,"2":3,"3":3,"4":3,"5":2},"f":{"0":1,"1":3,"2":3},"b":{},"_coverageSchema":"1a1c01bbd47fc00a2c39e90264f33305004495a9","hash":"b62cdec49ffa653ba37621ed0e8f639516972d12"}
,"/home/nineleaps/Downloads/medicine_adherence_frnt1/medicine_adherence_frnt/src/redux/actions/adherence/syncMedActions.js": {"path":"/home/nineleaps/Downloads/medicine_adherence_frnt1/medicine_adherence_frnt/src/redux/actions/adherence/syncMedActions.js","statementMap":{"0":{"start":{"line":5,"column":2},"end":{"line":8,"column":4}},"1":{"start":{"line":11,"column":2},"end":{"line":11,"column":26}},"2":{"start":{"line":12,"column":2},"end":{"line":15,"column":4}},"3":{"start":{"line":18,"column":2},"end":{"line":18,"column":28}},"4":{"start":{"line":19,"column":2},"end":{"line":22,"column":4}},"5":{"start":{"line":25,"column":30},"end":{"line":29,"column":1}}},"fnMap":{"0":{"name":"syncMeds","decl":{"start":{"line":4,"column":9},"end":{"line":4,"column":17}},"loc":{"start":{"line":4,"column":27},"end":{"line":9,"column":1}},"line":4},"1":{"name":"syncMedSuccess","decl":{"start":{"line":10,"column":9},"end":{"line":10,"column":23}},"loc":{"start":{"line":10,"column":30},"end":{"line":16,"column":1}},"line":10},"2":{"name":"syncMedsError","decl":{"start":{"line":17,"column":9},"end":{"line":17,"column":22}},"loc":{"start":{"line":17,"column":30},"end":{"line":23,"column":1}},"line":17}},"branchMap":{},"s":{"0":1,"1":3,"2":3,"3":3,"4":3,"5":2},"f":{"0":1,"1":3,"2":3},"b":{},"_coverageSchema":"1a1c01bbd47fc00a2c39e90264f33305004495a9","hash":"57d2efa742edcc79c7646ef07ac19a7ccaf8d850"}
,"/home/nineleaps/Downloads/medicine_adherence_frnt1/medicine_adherence_frnt/src/redux/actions/caretaker/CaretakerActions.js": {"path":"/home/nineleaps/Downloads/medicine_adherence_frnt1/medicine_adherence_frnt/src/redux/actions/caretaker/CaretakerActions.js","statementMap":{"0":{"start":{"line":5,"column":2},"end":{"line":8,"column":4}},"1":{"start":{"line":11,"column":2},"end":{"line":11,"column":26}},"2":{"start":{"line":12,"column":2},"end":{"line":15,"column":4}},"3":{"start":{"line":18,"column":2},"end":{"line":18,"column":28}},"4":{"start":{"line":19,"column":2},"end":{"line":22,"column":4}},"5":{"start":{"line":25,"column":32},"end":{"line":29,"column":1}}},"fnMap":{"0":{"name":"fetchCaretakers","decl":{"start":{"line":4,"column":24},"end":{"line":4,"column":39}},"loc":{"start":{"line":4,"column":47},"end":{"line":9,"column":1}},"line":4},"1":{"name":"fetchCaretakerssuccess","decl":{"start":{"line":10,"column":9},"end":{"line":10,"column":31}},"loc":{"start":{"line":10,"column":38},"end":{"line":16,"column":1}},"line":10},"2":{"name":"fetchCaretakerserror","decl":{"start":{"line":17,"column":9},"end":{"line":17,"column":29}},"loc":{"start":{"line":17,"column":37},"end":{"line":23,"column":1}},"line":17}},"branchMap":{},"s":{"0":1,"1":3,"2":3,"3":3,"4":3,"5":5},"f":{"0":1,"1":3,"2":3},"b":{},"_coverageSchema":"1a1c01bbd47fc00a2c39e90264f33305004495a9","hash":"4508e6d6a4625f22e856d5c00ff0b86f7b62210a"}
,"/home/nineleaps/Downloads/medicine_adherence_frnt1/medicine_adherence_frnt/src/redux/actions/caretaker/emailCaretakerActions.js": {"path":"/home/nineleaps/Downloads/medicine_adherence_frnt1/medicine_adherence_frnt/src/redux/actions/caretaker/emailCaretakerActions.js","statementMap":{"0":{"start":{"line":4,"column":2},"end":{"line":7,"column":4}},"1":{"start":{"line":11,"column":2},"end":{"line":14,"column":4}},"2":{"start":{"line":18,"column":2},"end":{"line":21,"column":4}},"3":{"start":{"line":24,"column":37},"end":{"line":28,"column":1}}},"fnMap":{"0":{"name":"sendEmail","decl":{"start":{"line":3,"column":9},"end":{"line":3,"column":18}},"loc":{"start":{"line":3,"column":26},"end":{"line":8,"column":1}},"line":3},"1":{"name":"sendEmailSuccess","decl":{"start":{"line":9,"column":9},"end":{"line":9,"column":25}},"loc":{"start":{"line":9,"column":32},"end":{"line":15,"column":1}},"line":9},"2":{"name":"sendEmailFailed","decl":{"start":{"line":16,"column":9},"end":{"line":16,"column":24}},"loc":{"start":{"line":16,"column":32},"end":{"line":22,"column":1}},"line":16}},"branchMap":{},"s":{"0":1,"1":3,"2":3,"3":2},"f":{"0":1,"1":3,"2":3},"b":{},"_coverageSchema":"1a1c01bbd47fc00a2c39e90264f33305004495a9","hash":"4bfa99f939214267328852971e2a30d1184eec0e"}
,"/home/nineleaps/Downloads/medicine_adherence_frnt1/medicine_adherence_frnt/src/redux/actions/caretaker/reqCaretakerActions.js": {"path":"/home/nineleaps/Downloads/medicine_adherence_frnt1/medicine_adherence_frnt/src/redux/actions/caretaker/reqCaretakerActions.js","statementMap":{"0":{"start":{"line":5,"column":2},"end":{"line":8,"column":4}},"1":{"start":{"line":11,"column":2},"end":{"line":11,"column":26}},"2":{"start":{"line":12,"column":2},"end":{"line":15,"column":4}},"3":{"start":{"line":18,"column":2},"end":{"line":18,"column":28}},"4":{"start":{"line":19,"column":2},"end":{"line":22,"column":4}},"5":{"start":{"line":25,"column":35},"end":{"line":29,"column":1}}},"fnMap":{"0":{"name":"sendReqCaretaker","decl":{"start":{"line":4,"column":9},"end":{"line":4,"column":25}},"loc":{"start":{"line":4,"column":42},"end":{"line":9,"column":1}},"line":4},"1":{"name":"sendReqCaretakerSuccess","decl":{"start":{"line":10,"column":9},"end":{"line":10,"column":32}},"loc":{"start":{"line":10,"column":39},"end":{"line":16,"column":1}},"line":10},"2":{"name":"sendReqCaretakerFailed","decl":{"start":{"line":17,"column":9},"end":{"line":17,"column":31}},"loc":{"start":{"line":17,"column":39},"end":{"line":23,"column":1}},"line":17}},"branchMap":{},"s":{"0":1,"1":3,"2":3,"3":3,"4":3,"5":2},"f":{"0":1,"1":3,"2":3},"b":{},"_coverageSchema":"1a1c01bbd47fc00a2c39e90264f33305004495a9","hash":"bfd73f0b11b3948dcfd09119b6199151f38a546e"}
,"/home/nineleaps/Downloads/medicine_adherence_frnt1/medicine_adherence_frnt/src/redux/actions/caretaker/sendImageActions.js": {"path":"/home/nineleaps/Downloads/medicine_adherence_frnt1/medicine_adherence_frnt/src/redux/actions/caretaker/sendImageActions.js","statementMap":{"0":{"start":{"line":4,"column":2},"end":{"line":7,"column":4}},"1":{"start":{"line":11,"column":2},"end":{"line":14,"column":4}},"2":{"start":{"line":18,"column":2},"end":{"line":21,"column":3}},"3":{"start":{"line":24,"column":32},"end":{"line":28,"column":1}}},"fnMap":{"0":{"name":"sendImageRequest","decl":{"start":{"line":3,"column":9},"end":{"line":3,"column":25}},"loc":{"start":{"line":3,"column":33},"end":{"line":8,"column":1}},"line":3},"1":{"name":"sendImageSuccess","decl":{"start":{"line":10,"column":9},"end":{"line":10,"column":25}},"loc":{"start":{"line":10,"column":32},"end":{"line":15,"column":1}},"line":10},"2":{"name":"sendImageFailed","decl":{"start":{"line":17,"column":9},"end":{"line":17,"column":24}},"loc":{"start":{"line":17,"column":32},"end":{"line":22,"column":1}},"line":17}},"branchMap":{},"s":{"0":1,"1":3,"2":3,"3":2},"f":{"0":1,"1":3,"2":3},"b":{},"_coverageSchema":"1a1c01bbd47fc00a2c39e90264f33305004495a9","hash":"e04012a6854f616313b71ed09aeb260f3ec0f271"}
,"/home/nineleaps/Downloads/medicine_adherence_frnt1/medicine_adherence_frnt/src/redux/actions/login/loginActions.js": {"path":"/home/nineleaps/Downloads/medicine_adherence_frnt1/medicine_adherence_frnt/src/redux/actions/login/loginActions.js","statementMap":{"0":{"start":{"line":4,"column":2},"end":{"line":7,"column":4}},"1":{"start":{"line":10,"column":2},"end":{"line":10,"column":40}},"2":{"start":{"line":11,"column":2},"end":{"line":14,"column":4}},"3":{"start":{"line":17,"column":2},"end":{"line":17,"column":37}},"4":{"start":{"line":18,"column":2},"end":{"line":21,"column":4}},"5":{"start":{"line":24,"column":28},"end":{"line":28,"column":1}}},"fnMap":{"0":{"name":"sendLoginRequest","decl":{"start":{"line":3,"column":9},"end":{"line":3,"column":25}},"loc":{"start":{"line":3,"column":34},"end":{"line":8,"column":1}},"line":3},"1":{"name":"LoginSuccess","decl":{"start":{"line":9,"column":9},"end":{"line":9,"column":21}},"loc":{"start":{"line":9,"column":28},"end":{"line":15,"column":1}},"line":9},"2":{"name":"LoginFailure","decl":{"start":{"line":16,"column":9},"end":{"line":16,"column":21}},"loc":{"start":{"line":16,"column":29},"end":{"line":22,"column":1}},"line":16}},"branchMap":{},"s":{"0":1,"1":3,"2":3,"3":3,"4":3,"5":2},"f":{"0":1,"1":3,"2":3},"b":{},"_coverageSchema":"1a1c01bbd47fc00a2c39e90264f33305004495a9","hash":"84b9c1043769db9710288f187b5517512551a736"}
,"/home/nineleaps/Downloads/medicine_adherence_frnt1/medicine_adherence_frnt/src/redux/actions/patient/PatientActions.js": {"path":"/home/nineleaps/Downloads/medicine_adherence_frnt1/medicine_adherence_frnt/src/redux/actions/patient/PatientActions.js","statementMap":{"0":{"start":{"line":4,"column":2},"end":{"line":7,"column":4}},"1":{"start":{"line":10,"column":2},"end":{"line":13,"column":4}},"2":{"start":{"line":16,"column":2},"end":{"line":19,"column":4}},"3":{"start":{"line":22,"column":30},"end":{"line":26,"column":1}}},"fnMap":{"0":{"name":"fetchPatients","decl":{"start":{"line":3,"column":9},"end":{"line":3,"column":22}},"loc":{"start":{"line":3,"column":32},"end":{"line":8,"column":1}},"line":3},"1":{"name":"fetchPatientSuccess","decl":{"start":{"line":9,"column":9},"end":{"line":9,"column":28}},"loc":{"start":{"line":9,"column":35},"end":{"line":14,"column":1}},"line":9},"2":{"name":"fetchPatientError","decl":{"start":{"line":15,"column":9},"end":{"line":15,"column":26}},"loc":{"start":{"line":15,"column":34},"end":{"line":20,"column":1}},"line":15}},"branchMap":{},"s":{"0":1,"1":3,"2":3,"3":6},"f":{"0":1,"1":3,"2":3},"b":{},"_coverageSchema":"1a1c01bbd47fc00a2c39e90264f33305004495a9","hash":"a1fcf6c727fc85a9fe2a661e054f5f8c9558b4f2"}
,"/home/nineleaps/Downloads/medicine_adherence_frnt1/medicine_adherence_frnt/src/redux/actions/patient/PatientProfileActions.js": {"path":"/home/nineleaps/Downloads/medicine_adherence_frnt1/medicine_adherence_frnt/src/redux/actions/patient/PatientProfileActions.js","statementMap":{"0":{"start":{"line":4,"column":2},"end":{"line":7,"column":4}},"1":{"start":{"line":10,"column":2},"end":{"line":13,"column":4}},"2":{"start":{"line":16,"column":2},"end":{"line":19,"column":4}},"3":{"start":{"line":22,"column":37},"end":{"line":26,"column":1}}},"fnMap":{"0":{"name":"fetchPatientDetails","decl":{"start":{"line":3,"column":9},"end":{"line":3,"column":28}},"loc":{"start":{"line":3,"column":38},"end":{"line":8,"column":1}},"line":3},"1":{"name":"fetchPatientDetailsSuccess","decl":{"start":{"line":9,"column":9},"end":{"line":9,"column":35}},"loc":{"start":{"line":9,"column":42},"end":{"line":14,"column":1}},"line":9},"2":{"name":"fetchPatientDetailsError","decl":{"start":{"line":15,"column":9},"end":{"line":15,"column":33}},"loc":{"start":{"line":15,"column":41},"end":{"line":20,"column":1}},"line":15}},"branchMap":{},"s":{"0":1,"1":3,"2":3,"3":2},"f":{"0":1,"1":3,"2":3},"b":{},"_coverageSchema":"1a1c01bbd47fc00a2c39e90264f33305004495a9","hash":"ccf454556829445447d90cd3e4a9c0b0650a7ccb"}
,"/home/nineleaps/Downloads/medicine_adherence_frnt1/medicine_adherence_frnt/src/redux/actions/patient/notifyPatientActions.js": {"path":"/home/nineleaps/Downloads/medicine_adherence_frnt1/medicine_adherence_frnt/src/redux/actions/patient/notifyPatientActions.js","statementMap":{"0":{"start":{"line":4,"column":2},"end":{"line":7,"column":4}},"1":{"start":{"line":10,"column":2},"end":{"line":13,"column":4}},"2":{"start":{"line":16,"column":2},"end":{"line":19,"column":4}},"3":{"start":{"line":22,"column":36},"end":{"line":26,"column":1}}},"fnMap":{"0":{"name":"notifyPatients","decl":{"start":{"line":3,"column":9},"end":{"line":3,"column":23}},"loc":{"start":{"line":3,"column":33},"end":{"line":8,"column":1}},"line":3},"1":{"name":"notifyPatientsSuccess","decl":{"start":{"line":9,"column":9},"end":{"line":9,"column":30}},"loc":{"start":{"line":9,"column":37},"end":{"line":14,"column":1}},"line":9},"2":{"name":"notifyPatientsError","decl":{"start":{"line":15,"column":9},"end":{"line":15,"column":28}},"loc":{"start":{"line":15,"column":36},"end":{"line":20,"column":1}},"line":15}},"branchMap":{},"s":{"0":1,"1":3,"2":3,"3":2},"f":{"0":1,"1":3,"2":3},"b":{},"_coverageSchema":"1a1c01bbd47fc00a2c39e90264f33305004495a9","hash":"31924577e9d180e8a0372bd89384dcc64f737379"}
,"/home/nineleaps/Downloads/medicine_adherence_frnt1/medicine_adherence_frnt/src/redux/actions/patient/patientReqAcceptActions.js": {"path":"/home/nineleaps/Downloads/medicine_adherence_frnt1/medicine_adherence_frnt/src/redux/actions/patient/patientReqAcceptActions.js","statementMap":{"0":{"start":{"line":5,"column":2},"end":{"line":8,"column":4}},"1":{"start":{"line":11,"column":2},"end":{"line":11,"column":26}},"2":{"start":{"line":12,"column":2},"end":{"line":15,"column":4}},"3":{"start":{"line":18,"column":2},"end":{"line":18,"column":28}},"4":{"start":{"line":19,"column":2},"end":{"line":22,"column":4}},"5":{"start":{"line":25,"column":39},"end":{"line":29,"column":1}}},"fnMap":{"0":{"name":"acceptPatientReq","decl":{"start":{"line":4,"column":9},"end":{"line":4,"column":25}},"loc":{"start":{"line":4,"column":41},"end":{"line":9,"column":1}},"line":4},"1":{"name":"acceptPatientReqSuccess","decl":{"start":{"line":10,"column":9},"end":{"line":10,"column":32}},"loc":{"start":{"line":10,"column":39},"end":{"line":16,"column":1}},"line":10},"2":{"name":"acceptPatientReqError","decl":{"start":{"line":17,"column":9},"end":{"line":17,"column":30}},"loc":{"start":{"line":17,"column":38},"end":{"line":23,"column":1}},"line":17}},"branchMap":{},"s":{"0":1,"1":3,"2":3,"3":3,"4":3,"5":2},"f":{"0":1,"1":3,"2":3},"b":{},"_coverageSchema":"1a1c01bbd47fc00a2c39e90264f33305004495a9","hash":"09dc2d952a3f917ed4d0fa67fdc4142267451651"}
,"/home/nineleaps/Downloads/medicine_adherence_frnt1/medicine_adherence_frnt/src/redux/actions/patient/patientReqActions.js": {"path":"/home/nineleaps/Downloads/medicine_adherence_frnt1/medicine_adherence_frnt/src/redux/actions/patient/patientReqActions.js","statementMap":{"0":{"start":{"line":6,"column":2},"end":{"line":9,"column":4}},"1":{"start":{"line":12,"column":2},"end":{"line":12,"column":26}},"2":{"start":{"line":13,"column":2},"end":{"line":16,"column":4}},"3":{"start":{"line":19,"column":2},"end":{"line":19,"column":28}},"4":{"start":{"line":20,"column":2},"end":{"line":23,"column":4}},"5":{"start":{"line":26,"column":33},"end":{"line":30,"column":1}}},"fnMap":{"0":{"name":"fetchPatientReq","decl":{"start":{"line":5,"column":9},"end":{"line":5,"column":24}},"loc":{"start":{"line":5,"column":34},"end":{"line":10,"column":1}},"line":5},"1":{"name":"fetchPatientReqSuccess","decl":{"start":{"line":11,"column":9},"end":{"line":11,"column":31}},"loc":{"start":{"line":11,"column":38},"end":{"line":17,"column":1}},"line":11},"2":{"name":"fetchPatientReqError","decl":{"start":{"line":18,"column":9},"end":{"line":18,"column":29}},"loc":{"start":{"line":18,"column":37},"end":{"line":24,"column":1}},"line":18}},"branchMap":{},"s":{"0":1,"1":3,"2":3,"3":3,"4":3,"5":2},"f":{"0":1,"1":3,"2":3},"b":{},"_coverageSchema":"1a1c01bbd47fc00a2c39e90264f33305004495a9","hash":"fb25b01bdd92fd58fcf8ebd2f9e910258dba88a8"}
,"/home/nineleaps/Downloads/medicine_adherence_frnt1/medicine_adherence_frnt/src/redux/actions/patient/patientReqDeleteActions.js": {"path":"/home/nineleaps/Downloads/medicine_adherence_frnt1/medicine_adherence_frnt/src/redux/actions/patient/patientReqDeleteActions.js","statementMap":{"0":{"start":{"line":6,"column":2},"end":{"line":9,"column":4}},"1":{"start":{"line":12,"column":2},"end":{"line":12,"column":26}},"2":{"start":{"line":13,"column":2},"end":{"line":16,"column":4}},"3":{"start":{"line":19,"column":2},"end":{"line":19,"column":28}},"4":{"start":{"line":20,"column":2},"end":{"line":23,"column":4}},"5":{"start":{"line":26,"column":39},"end":{"line":30,"column":1}}},"fnMap":{"0":{"name":"deletePatientReq","decl":{"start":{"line":5,"column":9},"end":{"line":5,"column":25}},"loc":{"start":{"line":5,"column":33},"end":{"line":10,"column":1}},"line":5},"1":{"name":"deletePatientReqSuccess","decl":{"start":{"line":11,"column":9},"end":{"line":11,"column":32}},"loc":{"start":{"line":11,"column":39},"end":{"line":17,"column":1}},"line":11},"2":{"name":"deletePatientReqError","decl":{"start":{"line":18,"column":9},"end":{"line":18,"column":30}},"loc":{"start":{"line":18,"column":38},"end":{"line":24,"column":1}},"line":18}},"branchMap":{},"s":{"0":1,"1":3,"2":3,"3":3,"4":3,"5":2},"f":{"0":1,"1":3,"2":3},"b":{},"_coverageSchema":"1a1c01bbd47fc00a2c39e90264f33305004495a9","hash":"a0cc4ef46e4c6831ac856171abd05b2e0a70bfc2"}
,"/home/nineleaps/Downloads/medicine_adherence_frnt1/medicine_adherence_frnt/src/redux/actions/profile/ProfileActions.js": {"path":"/home/nineleaps/Downloads/medicine_adherence_frnt1/medicine_adherence_frnt/src/redux/actions/profile/ProfileActions.js","statementMap":{"0":{"start":{"line":6,"column":2},"end":{"line":9,"column":4}},"1":{"start":{"line":12,"column":2},"end":{"line":12,"column":26}},"2":{"start":{"line":13,"column":2},"end":{"line":16,"column":4}},"3":{"start":{"line":19,"column":2},"end":{"line":19,"column":28}},"4":{"start":{"line":20,"column":2},"end":{"line":23,"column":4}},"5":{"start":{"line":26,"column":30},"end":{"line":30,"column":1}}},"fnMap":{"0":{"name":"saveProfile","decl":{"start":{"line":5,"column":9},"end":{"line":5,"column":20}},"loc":{"start":{"line":5,"column":30},"end":{"line":10,"column":1}},"line":5},"1":{"name":"saveProfileSuccess","decl":{"start":{"line":11,"column":9},"end":{"line":11,"column":27}},"loc":{"start":{"line":11,"column":34},"end":{"line":17,"column":1}},"line":11},"2":{"name":"saveProfileFailed","decl":{"start":{"line":18,"column":9},"end":{"line":18,"column":26}},"loc":{"start":{"line":18,"column":34},"end":{"line":24,"column":1}},"line":18}},"branchMap":{},"s":{"0":1,"1":3,"2":3,"3":3,"4":3,"5":2},"f":{"0":1,"1":3,"2":3},"b":{},"_coverageSchema":"1a1c01bbd47fc00a2c39e90264f33305004495a9","hash":"1377a3fe3f1b7160fe99619448ae47d4f870e621"}
,"/home/nineleaps/Downloads/medicine_adherence_frnt1/medicine_adherence_frnt/src/redux/actions/signup/signupActions.js": {"path":"/home/nineleaps/Downloads/medicine_adherence_frnt1/medicine_adherence_frnt/src/redux/actions/signup/signupActions.js","statementMap":{"0":{"start":{"line":4,"column":2},"end":{"line":7,"column":4}},"1":{"start":{"line":10,"column":2},"end":{"line":10,"column":26}},"2":{"start":{"line":11,"column":2},"end":{"line":14,"column":4}},"3":{"start":{"line":17,"column":2},"end":{"line":17,"column":28}},"4":{"start":{"line":18,"column":2},"end":{"line":21,"column":4}},"5":{"start":{"line":24,"column":29},"end":{"line":28,"column":1}}},"fnMap":{"0":{"name":"sendSignupRequest","decl":{"start":{"line":3,"column":9},"end":{"line":3,"column":26}},"loc":{"start":{"line":3,"column":35},"end":{"line":8,"column":1}},"line":3},"1":{"name":"SignupSuccess","decl":{"start":{"line":9,"column":9},"end":{"line":9,"column":22}},"loc":{"start":{"line":9,"column":29},"end":{"line":15,"column":1}},"line":9},"2":{"name":"SignupFailure","decl":{"start":{"line":16,"column":9},"end":{"line":16,"column":22}},"loc":{"start":{"line":16,"column":30},"end":{"line":22,"column":1}},"line":16}},"branchMap":{},"s":{"0":1,"1":3,"2":3,"3":3,"4":3,"5":2},"f":{"0":1,"1":3,"2":3},"b":{},"_coverageSchema":"1a1c01bbd47fc00a2c39e90264f33305004495a9","hash":"a5aa904fbe1e50cb3cf0d9c8d357d42789e099a5"}
,"/home/nineleaps/Downloads/medicine_adherence_frnt1/medicine_adherence_frnt/src/redux/reducers/adherence/downloadPdfReducer.js": {"path":"/home/nineleaps/Downloads/medicine_adherence_frnt1/medicine_adherence_frnt/src/redux/reducers/adherence/downloadPdfReducer.js","statementMap":{"0":{"start":{"line":2,"column":28},"end":{"line":6,"column":1}},"1":{"start":{"line":7,"column":27},"end":{"line":18,"column":1}},"2":{"start":{"line":8,"column":2},"end":{"line":17,"column":3}},"3":{"start":{"line":10,"column":6},"end":{"line":10,"column":54}},"4":{"start":{"line":12,"column":6},"end":{"line":12,"column":62}},"5":{"start":{"line":14,"column":6},"end":{"line":14,"column":61}},"6":{"start":{"line":16,"column":6},"end":{"line":16,"column":26}}},"fnMap":{"0":{"name":"(anonymous_0)","decl":{"start":{"line":7,"column":27},"end":{"line":7,"column":28}},"loc":{"start":{"line":7,"column":61},"end":{"line":18,"column":1}},"line":7}},"branchMap":{"0":{"loc":{"start":{"line":7,"column":28},"end":{"line":7,"column":48}},"type":"default-arg","locations":[{"start":{"line":7,"column":36},"end":{"line":7,"column":48}}],"line":7},"1":{"loc":{"start":{"line":8,"column":2},"end":{"line":17,"column":3}},"type":"switch","locations":[{"start":{"line":9,"column":4},"end":{"line":10,"column":54}},{"start":{"line":11,"column":4},"end":{"line":12,"column":62}},{"start":{"line":13,"column":4},"end":{"line":14,"column":61}},{"start":{"line":15,"column":4},"end":{"line":16,"column":26}}],"line":8}},"s":{"0":1,"1":1,"2":4,"3":1,"4":1,"5":1,"6":1},"f":{"0":4},"b":{"0":[1],"1":[1,1,1,1]},"_coverageSchema":"1a1c01bbd47fc00a2c39e90264f33305004495a9","hash":"cb2df273c708130ca43b1d2b988fb7c9580f5394"}
,"/home/nineleaps/Downloads/medicine_adherence_frnt1/medicine_adherence_frnt/src/redux/reducers/adherence/getMedHistoryReducer.js": {"path":"/home/nineleaps/Downloads/medicine_adherence_frnt1/medicine_adherence_frnt/src/redux/reducers/adherence/getMedHistoryReducer.js","statementMap":{"0":{"start":{"line":2,"column":28},"end":{"line":6,"column":1}},"1":{"start":{"line":7,"column":29},"end":{"line":18,"column":1}},"2":{"start":{"line":8,"column":2},"end":{"line":17,"column":3}},"3":{"start":{"line":10,"column":6},"end":{"line":10,"column":54}},"4":{"start":{"line":12,"column":6},"end":{"line":12,"column":62}},"5":{"start":{"line":14,"column":6},"end":{"line":14,"column":61}},"6":{"start":{"line":16,"column":6},"end":{"line":16,"column":26}}},"fnMap":{"0":{"name":"(anonymous_0)","decl":{"start":{"line":7,"column":29},"end":{"line":7,"column":30}},"loc":{"start":{"line":7,"column":63},"end":{"line":18,"column":1}},"line":7}},"branchMap":{"0":{"loc":{"start":{"line":7,"column":30},"end":{"line":7,"column":50}},"type":"default-arg","locations":[{"start":{"line":7,"column":38},"end":{"line":7,"column":50}}],"line":7},"1":{"loc":{"start":{"line":8,"column":2},"end":{"line":17,"column":3}},"type":"switch","locations":[{"start":{"line":9,"column":4},"end":{"line":10,"column":54}},{"start":{"line":11,"column":4},"end":{"line":12,"column":62}},{"start":{"line":13,"column":4},"end":{"line":14,"column":61}},{"start":{"line":15,"column":4},"end":{"line":16,"column":26}}],"line":8}},"s":{"0":1,"1":1,"2":4,"3":1,"4":1,"5":1,"6":1},"f":{"0":4},"b":{"0":[1],"1":[1,1,1,1]},"_coverageSchema":"1a1c01bbd47fc00a2c39e90264f33305004495a9","hash":"30fde304d5870c88da278c8173baa3f2f5211c0d"}
,"/home/nineleaps/Downloads/medicine_adherence_frnt1/medicine_adherence_frnt/src/redux/reducers/adherence/medImagesReducer.js": {"path":"/home/nineleaps/Downloads/medicine_adherence_frnt1/medicine_adherence_frnt/src/redux/reducers/adherence/medImagesReducer.js","statementMap":{"0":{"start":{"line":2,"column":28},"end":{"line":6,"column":1}},"1":{"start":{"line":7,"column":25},"end":{"line":18,"column":1}},"2":{"start":{"line":8,"column":2},"end":{"line":17,"column":3}},"3":{"start":{"line":10,"column":6},"end":{"line":10,"column":54}},"4":{"start":{"line":12,"column":6},"end":{"line":12,"column":62}},"5":{"start":{"line":14,"column":6},"end":{"line":14,"column":61}},"6":{"start":{"line":16,"column":6},"end":{"line":16,"column":26}}},"fnMap":{"0":{"name":"(anonymous_0)","decl":{"start":{"line":7,"column":25},"end":{"line":7,"column":26}},"loc":{"start":{"line":7,"column":59},"end":{"line":18,"column":1}},"line":7}},"branchMap":{"0":{"loc":{"start":{"line":7,"column":26},"end":{"line":7,"column":46}},"type":"default-arg","locations":[{"start":{"line":7,"column":34},"end":{"line":7,"column":46}}],"line":7},"1":{"loc":{"start":{"line":8,"column":2},"end":{"line":17,"column":3}},"type":"switch","locations":[{"start":{"line":9,"column":4},"end":{"line":10,"column":54}},{"start":{"line":11,"column":4},"end":{"line":12,"column":62}},{"start":{"line":13,"column":4},"end":{"line":14,"column":61}},{"start":{"line":15,"column":4},"end":{"line":16,"column":26}}],"line":8}},"s":{"0":1,"1":1,"2":4,"3":1,"4":1,"5":1,"6":1},"f":{"0":4},"b":{"0":[1],"1":[1,1,1,1]},"_coverageSchema":"1a1c01bbd47fc00a2c39e90264f33305004495a9","hash":"e92bcdfc6a3c7136e3a25e08a8f00cefc8d17bab"}
,"/home/nineleaps/Downloads/medicine_adherence_frnt1/medicine_adherence_frnt/src/redux/reducers/adherence/syncHistoryReducer.js": {"path":"/home/nineleaps/Downloads/medicine_adherence_frnt1/medicine_adherence_frnt/src/redux/reducers/adherence/syncHistoryReducer.js","statementMap":{"0":{"start":{"line":2,"column":28},"end":{"line":6,"column":1}},"1":{"start":{"line":7,"column":27},"end":{"line":18,"column":1}},"2":{"start":{"line":8,"column":2},"end":{"line":17,"column":3}},"3":{"start":{"line":10,"column":6},"end":{"line":10,"column":54}},"4":{"start":{"line":12,"column":6},"end":{"line":12,"column":62}},"5":{"start":{"line":14,"column":6},"end":{"line":14,"column":61}},"6":{"start":{"line":16,"column":6},"end":{"line":16,"column":26}}},"fnMap":{"0":{"name":"(anonymous_0)","decl":{"start":{"line":7,"column":27},"end":{"line":7,"column":28}},"loc":{"start":{"line":7,"column":61},"end":{"line":18,"column":1}},"line":7}},"branchMap":{"0":{"loc":{"start":{"line":7,"column":28},"end":{"line":7,"column":48}},"type":"default-arg","locations":[{"start":{"line":7,"column":36},"end":{"line":7,"column":48}}],"line":7},"1":{"loc":{"start":{"line":8,"column":2},"end":{"line":17,"column":3}},"type":"switch","locations":[{"start":{"line":9,"column":4},"end":{"line":10,"column":54}},{"start":{"line":11,"column":4},"end":{"line":12,"column":62}},{"start":{"line":13,"column":4},"end":{"line":14,"column":61}},{"start":{"line":15,"column":4},"end":{"line":16,"column":26}}],"line":8}},"s":{"0":1,"1":1,"2":4,"3":1,"4":1,"5":1,"6":1},"f":{"0":4},"b":{"0":[1],"1":[1,1,1,1]},"_coverageSchema":"1a1c01bbd47fc00a2c39e90264f33305004495a9","hash":"a113cf1dc7a4d7c41307a0ac0ce25721d5000c25"}
,"/home/nineleaps/Downloads/medicine_adherence_frnt1/medicine_adherence_frnt/src/redux/reducers/adherence/syncMedReducers.js": {"path":"/home/nineleaps/Downloads/medicine_adherence_frnt1/medicine_adherence_frnt/src/redux/reducers/adherence/syncMedReducers.js","statementMap":{"0":{"start":{"line":2,"column":28},"end":{"line":6,"column":1}},"1":{"start":{"line":7,"column":24},"end":{"line":18,"column":1}},"2":{"start":{"line":8,"column":2},"end":{"line":17,"column":3}},"3":{"start":{"line":10,"column":6},"end":{"line":10,"column":54}},"4":{"start":{"line":12,"column":6},"end":{"line":12,"column":62}},"5":{"start":{"line":14,"column":6},"end":{"line":14,"column":61}},"6":{"start":{"line":16,"column":6},"end":{"line":16,"column":26}}},"fnMap":{"0":{"name":"(anonymous_0)","decl":{"start":{"line":7,"column":24},"end":{"line":7,"column":25}},"loc":{"start":{"line":7,"column":58},"end":{"line":18,"column":1}},"line":7}},"branchMap":{"0":{"loc":{"start":{"line":7,"column":25},"end":{"line":7,"column":45}},"type":"default-arg","locations":[{"start":{"line":7,"column":33},"end":{"line":7,"column":45}}],"line":7},"1":{"loc":{"start":{"line":8,"column":2},"end":{"line":17,"column":3}},"type":"switch","locations":[{"start":{"line":9,"column":4},"end":{"line":10,"column":54}},{"start":{"line":11,"column":4},"end":{"line":12,"column":62}},{"start":{"line":13,"column":4},"end":{"line":14,"column":61}},{"start":{"line":15,"column":4},"end":{"line":16,"column":26}}],"line":8}},"s":{"0":1,"1":1,"2":4,"3":1,"4":1,"5":1,"6":1},"f":{"0":4},"b":{"0":[1],"1":[1,1,1,1]},"_coverageSchema":"1a1c01bbd47fc00a2c39e90264f33305004495a9","hash":"ce50f33548e0aed1ef85111fa6c3826b5688460e"}
,"/home/nineleaps/Downloads/medicine_adherence_frnt1/medicine_adherence_frnt/src/redux/reducers/caretaker/CareTakerReducer.js": {"path":"/home/nineleaps/Downloads/medicine_adherence_frnt1/medicine_adherence_frnt/src/redux/reducers/caretaker/CareTakerReducer.js","statementMap":{"0":{"start":{"line":2,"column":28},"end":{"line":6,"column":1}},"1":{"start":{"line":7,"column":25},"end":{"line":18,"column":1}},"2":{"start":{"line":8,"column":2},"end":{"line":17,"column":3}},"3":{"start":{"line":10,"column":6},"end":{"line":10,"column":54}},"4":{"start":{"line":12,"column":6},"end":{"line":12,"column":62}},"5":{"start":{"line":14,"column":6},"end":{"line":14,"column":61}},"6":{"start":{"line":16,"column":6},"end":{"line":16,"column":26}}},"fnMap":{"0":{"name":"(anonymous_0)","decl":{"start":{"line":7,"column":25},"end":{"line":7,"column":26}},"loc":{"start":{"line":7,"column":59},"end":{"line":18,"column":1}},"line":7}},"branchMap":{"0":{"loc":{"start":{"line":7,"column":26},"end":{"line":7,"column":46}},"type":"default-arg","locations":[{"start":{"line":7,"column":34},"end":{"line":7,"column":46}}],"line":7},"1":{"loc":{"start":{"line":8,"column":2},"end":{"line":17,"column":3}},"type":"switch","locations":[{"start":{"line":9,"column":4},"end":{"line":10,"column":54}},{"start":{"line":11,"column":4},"end":{"line":12,"column":62}},{"start":{"line":13,"column":4},"end":{"line":14,"column":61}},{"start":{"line":15,"column":4},"end":{"line":16,"column":26}}],"line":8}},"s":{"0":1,"1":1,"2":4,"3":1,"4":1,"5":1,"6":1},"f":{"0":4},"b":{"0":[1],"1":[1,1,1,1]},"_coverageSchema":"1a1c01bbd47fc00a2c39e90264f33305004495a9","hash":"d08cd30c63bb0dd85cd04e03f0887c9460204713"}
,"/home/nineleaps/Downloads/medicine_adherence_frnt1/medicine_adherence_frnt/src/redux/reducers/caretaker/emailCaretakerReducer.js": {"path":"/home/nineleaps/Downloads/medicine_adherence_frnt1/medicine_adherence_frnt/src/redux/reducers/caretaker/emailCaretakerReducer.js","statementMap":{"0":{"start":{"line":2,"column":28},"end":{"line":6,"column":1}},"1":{"start":{"line":7,"column":30},"end":{"line":18,"column":1}},"2":{"start":{"line":8,"column":2},"end":{"line":17,"column":3}},"3":{"start":{"line":10,"column":6},"end":{"line":10,"column":54}},"4":{"start":{"line":12,"column":6},"end":{"line":12,"column":62}},"5":{"start":{"line":14,"column":6},"end":{"line":14,"column":61}},"6":{"start":{"line":16,"column":6},"end":{"line":16,"column":26}}},"fnMap":{"0":{"name":"(anonymous_0)","decl":{"start":{"line":7,"column":30},"end":{"line":7,"column":31}},"loc":{"start":{"line":7,"column":64},"end":{"line":18,"column":1}},"line":7}},"branchMap":{"0":{"loc":{"start":{"line":7,"column":31},"end":{"line":7,"column":51}},"type":"default-arg","locations":[{"start":{"line":7,"column":39},"end":{"line":7,"column":51}}],"line":7},"1":{"loc":{"start":{"line":8,"column":2},"end":{"line":17,"column":3}},"type":"switch","locations":[{"start":{"line":9,"column":4},"end":{"line":10,"column":54}},{"start":{"line":11,"column":4},"end":{"line":12,"column":62}},{"start":{"line":13,"column":4},"end":{"line":14,"column":61}},{"start":{"line":15,"column":4},"end":{"line":16,"column":26}}],"line":8}},"s":{"0":1,"1":1,"2":4,"3":1,"4":1,"5":1,"6":1},"f":{"0":4},"b":{"0":[1],"1":[1,1,1,1]},"_coverageSchema":"1a1c01bbd47fc00a2c39e90264f33305004495a9","hash":"f495d811713dd9b01a92fa94220e1123d95d73b6"}
,"/home/nineleaps/Downloads/medicine_adherence_frnt1/medicine_adherence_frnt/src/redux/reducers/caretaker/reqCaretakerReducer.js": {"path":"/home/nineleaps/Downloads/medicine_adherence_frnt1/medicine_adherence_frnt/src/redux/reducers/caretaker/reqCaretakerReducer.js","statementMap":{"0":{"start":{"line":2,"column":28},"end":{"line":6,"column":1}},"1":{"start":{"line":7,"column":28},"end":{"line":18,"column":1}},"2":{"start":{"line":8,"column":2},"end":{"line":17,"column":3}},"3":{"start":{"line":10,"column":6},"end":{"line":10,"column":54}},"4":{"start":{"line":12,"column":6},"end":{"line":12,"column":62}},"5":{"start":{"line":14,"column":6},"end":{"line":14,"column":61}},"6":{"start":{"line":16,"column":6},"end":{"line":16,"column":26}}},"fnMap":{"0":{"name":"(anonymous_0)","decl":{"start":{"line":7,"column":28},"end":{"line":7,"column":29}},"loc":{"start":{"line":7,"column":62},"end":{"line":18,"column":1}},"line":7}},"branchMap":{"0":{"loc":{"start":{"line":7,"column":29},"end":{"line":7,"column":49}},"type":"default-arg","locations":[{"start":{"line":7,"column":37},"end":{"line":7,"column":49}}],"line":7},"1":{"loc":{"start":{"line":8,"column":2},"end":{"line":17,"column":3}},"type":"switch","locations":[{"start":{"line":9,"column":4},"end":{"line":10,"column":54}},{"start":{"line":11,"column":4},"end":{"line":12,"column":62}},{"start":{"line":13,"column":4},"end":{"line":14,"column":61}},{"start":{"line":15,"column":4},"end":{"line":16,"column":26}}],"line":8}},"s":{"0":1,"1":1,"2":4,"3":1,"4":1,"5":1,"6":1},"f":{"0":4},"b":{"0":[1],"1":[1,1,1,1]},"_coverageSchema":"1a1c01bbd47fc00a2c39e90264f33305004495a9","hash":"9e28401b8421e3aee9410dbb2b22045649a1694d"}
,"/home/nineleaps/Downloads/medicine_adherence_frnt1/medicine_adherence_frnt/src/redux/reducers/caretaker/sendImageReducers.js": {"path":"/home/nineleaps/Downloads/medicine_adherence_frnt1/medicine_adherence_frnt/src/redux/reducers/caretaker/sendImageReducers.js","statementMap":{"0":{"start":{"line":2,"column":28},"end":{"line":6,"column":1}},"1":{"start":{"line":7,"column":26},"end":{"line":18,"column":1}},"2":{"start":{"line":8,"column":2},"end":{"line":17,"column":3}},"3":{"start":{"line":10,"column":6},"end":{"line":10,"column":54}},"4":{"start":{"line":12,"column":6},"end":{"line":12,"column":62}},"5":{"start":{"line":14,"column":6},"end":{"line":14,"column":61}},"6":{"start":{"line":16,"column":6},"end":{"line":16,"column":26}}},"fnMap":{"0":{"name":"(anonymous_0)","decl":{"start":{"line":7,"column":26},"end":{"line":7,"column":27}},"loc":{"start":{"line":7,"column":60},"end":{"line":18,"column":1}},"line":7}},"branchMap":{"0":{"loc":{"start":{"line":7,"column":27},"end":{"line":7,"column":47}},"type":"default-arg","locations":[{"start":{"line":7,"column":35},"end":{"line":7,"column":47}}],"line":7},"1":{"loc":{"start":{"line":8,"column":2},"end":{"line":17,"column":3}},"type":"switch","locations":[{"start":{"line":9,"column":4},"end":{"line":10,"column":54}},{"start":{"line":11,"column":4},"end":{"line":12,"column":62}},{"start":{"line":13,"column":4},"end":{"line":14,"column":61}},{"start":{"line":15,"column":4},"end":{"line":16,"column":26}}],"line":8}},"s":{"0":1,"1":1,"2":4,"3":1,"4":1,"5":1,"6":1},"f":{"0":4},"b":{"0":[1],"1":[1,1,1,1]},"_coverageSchema":"1a1c01bbd47fc00a2c39e90264f33305004495a9","hash":"409f178740d4de0f6dbe8fea476f5ffb0727c0b5"}
,"/home/nineleaps/Downloads/medicine_adherence_frnt1/medicine_adherence_frnt/src/redux/reducers/login/loginReducer.js": {"path":"/home/nineleaps/Downloads/medicine_adherence_frnt1/medicine_adherence_frnt/src/redux/reducers/login/loginReducer.js","statementMap":{"0":{"start":{"line":2,"column":28},"end":{"line":6,"column":1}},"1":{"start":{"line":7,"column":21},"end":{"line":18,"column":1}},"2":{"start":{"line":8,"column":2},"end":{"line":17,"column":3}},"3":{"start":{"line":10,"column":6},"end":{"line":10,"column":54}},"4":{"start":{"line":12,"column":6},"end":{"line":12,"column":62}},"5":{"start":{"line":14,"column":6},"end":{"line":14,"column":61}},"6":{"start":{"line":16,"column":6},"end":{"line":16,"column":26}}},"fnMap":{"0":{"name":"(anonymous_0)","decl":{"start":{"line":7,"column":21},"end":{"line":7,"column":22}},"loc":{"start":{"line":7,"column":55},"end":{"line":18,"column":1}},"line":7}},"branchMap":{"0":{"loc":{"start":{"line":7,"column":22},"end":{"line":7,"column":42}},"type":"default-arg","locations":[{"start":{"line":7,"column":30},"end":{"line":7,"column":42}}],"line":7},"1":{"loc":{"start":{"line":8,"column":2},"end":{"line":17,"column":3}},"type":"switch","locations":[{"start":{"line":9,"column":4},"end":{"line":10,"column":54}},{"start":{"line":11,"column":4},"end":{"line":12,"column":62}},{"start":{"line":13,"column":4},"end":{"line":14,"column":61}},{"start":{"line":15,"column":4},"end":{"line":16,"column":26}}],"line":8}},"s":{"0":1,"1":1,"2":4,"3":1,"4":1,"5":1,"6":1},"f":{"0":4},"b":{"0":[1],"1":[1,1,1,1]},"_coverageSchema":"1a1c01bbd47fc00a2c39e90264f33305004495a9","hash":"013967c0e8a6f0986dfea772e2fa41f62be02332"}
[...]
aps/Downloads/medicine_adherence_frnt1/medicine_adherence_frnt/src/screens/profile/Profile.js": {"path":"/home/nineleaps/Downloads/medicine_adherence_frnt1/medicine_adherence_frnt/src/screens/profile/Profile.js","statementMap":{"0":{"start":{"line":22,"column":30},"end":{"line":42,"column":2}},"1":{"start":{"line":26,"column":24},"end":{"line":26,"column":66}},"2":{"start":{"line":27,"column":24},"end":{"line":27,"column":70}},"3":{"start":{"line":29,"column":38},"end":{"line":29,"column":76}},"4":{"start":{"line":32,"column":23},"end":{"line":32,"column":66}},"5":{"start":{"line":35,"column":23},"end":{"line":35,"column":66}},"6":{"start":{"line":39,"column":23},"end":{"line":39,"column":73}},"7":{"start":{"line":44,"column":16},"end":{"line":385,"column":1}},"8":{"start":{"line":45,"column":28},"end":{"line":47,"column":4}},"9":{"start":{"line":48,"column":26},"end":{"line":48,"column":79}},"10":{"start":{"line":50,"column":28},"end":{"line":50,"column":49}},"11":{"start":{"line":52,"column":35},"end":{"line":52,"column":56}},"12":{"start":{"line":55,"column":4},"end":{"line":55,"column":20}},"13":{"start":{"line":56,"column":4},"end":{"line":56,"column":50}},"14":{"start":{"line":57,"column":4},"end":{"line":57,"column":58}},"15":{"start":{"line":58,"column":4},"end":{"line":58,"column":50}},"16":{"start":{"line":59,"column":4},"end":{"line":59,"column":56}},"17":{"start":{"line":60,"column":4},"end":{"line":60,"column":56}},"18":{"start":{"line":61,"column":4},"end":{"line":61,"column":70}},"19":{"start":{"line":62,"column":4},"end":{"line":62,"column":64}},"20":{"start":{"line":64,"column":15},"end":{"line":64,"column":48}},"21":{"start":{"line":65,"column":19},"end":{"line":65,"column":56}},"22":{"start":{"line":66,"column":15},"end":{"line":66,"column":48}},"23":{"start":{"line":67,"column":18},"end":{"line":67,"column":54}},"24":{"start":{"line":68,"column":18},"end":{"line":68,"column":54}},"25":{"start":{"line":69,"column":24},"end":{"line":69,"column":67}},"26":{"start":{"line":70,"column":17},"end":{"line":70,"column":57}},"27":{"start":{"line":72,"column":20},"end":{"line":72,"column":57}},"28":{"start":{"line":74,"column":4},"end":{"line":100,"column":9}},"29":{"start":{"line":90,"column":8},"end":{"line":93,"column":9}},"30":{"start":{"line":91,"column":10},"end":{"line":91,"column":27}},"31":{"start":{"line":92,"column":10},"end":{"line":92,"column":27}},"32":{"start":{"line":96,"column":8},"end":{"line":99,"column":11}},"33":{"start":{"line":102,"column":4},"end":{"line":105,"column":7}},"34":{"start":{"line":107,"column":2},"end":{"line":143,"column":4}},"35":{"start":{"line":110,"column":8},"end":{"line":136,"column":24}},"36":{"start":{"line":111,"column":10},"end":{"line":131,"column":11}},"37":{"start":{"line":112,"column":12},"end":{"line":129,"column":14}},"38":{"start":{"line":119,"column":20},"end":{"line":119,"column":49}},"39":{"start":{"line":125,"column":20},"end":{"line":125,"column":48}},"40":{"start":{"line":130,"column":12},"end":{"line":130,"column":19}},"41":{"start":{"line":132,"column":23},"end":{"line":132,"column":58}},"42":{"start":{"line":134,"column":10},"end":{"line":134,"column":26}},"43":{"start":{"line":135,"column":10},"end":{"line":135,"column":36}},"44":{"start":{"line":138,"column":6},"end":{"line":138,"column":16}},"45":{"start":{"line":139,"column":6},"end":{"line":141,"column":8}},"46":{"start":{"line":144,"column":21},"end":{"line":146,"column":3}},"47":{"start":{"line":145,"column":4},"end":{"line":145,"column":65}},"48":{"start":{"line":147,"column":19},"end":{"line":149,"column":3}},"49":{"start":{"line":148,"column":4},"end":{"line":148,"column":63}},"50":{"start":{"line":150,"column":20},"end":{"line":152,"column":3}},"51":{"start":{"line":151,"column":4},"end":{"line":151,"column":68}},"52":{"start":{"line":153,"column":2},"end":{"line":384,"column":4}},"53":{"start":{"line":171,"column":29},"end":{"line":171,"column":44}},"54":{"start":{"line":189,"column":42},"end":{"line":189,"column":66}},"55":{"start":{"line":200,"column":24},"end":{"line":371,"column":31}},"56":{"start":{"line":240,"column":34},"end":{"line":243,"column":62}},"57":{"start":{"line":278,"column":34},"end":{"line":278,"column":69}},"58":{"start":{"line":306,"column":34},"end":{"line":306,"column":76}},"59":{"start":{"line":338,"column":34},"end":{"line":338,"column":73}}},"fnMap":{"0":{"name":"(anonymous_0)","decl":{"start":{"line":26,"column":13},"end":{"line":26,"column":14}},"loc":{"start":{"line":26,"column":24},"end":{"line":26,"column":66}},"line":26},"1":{"name":"(anonymous_1)","decl":{"start":{"line":27,"column":13},"end":{"line":27,"column":14}},"loc":{"start":{"line":27,"column":24},"end":{"line":27,"column":70}},"line":27},"2":{"name":"(anonymous_2)","decl":{"start":{"line":29,"column":27},"end":{"line":29,"column":28}},"loc":{"start":{"line":29,"column":38},"end":{"line":29,"column":76}},"line":29},"3":{"name":"(anonymous_3)","decl":{"start":{"line":32,"column":12},"end":{"line":32,"column":13}},"loc":{"start":{"line":32,"column":23},"end":{"line":32,"column":66}},"line":32},"4":{"name":"(anonymous_4)","decl":{"start":{"line":35,"column":12},"end":{"line":35,"column":13}},"loc":{"start":{"line":35,"column":23},"end":{"line":35,"column":66}},"line":35},"5":{"name":"(anonymous_5)","decl":{"start":{"line":39,"column":12},"end":{"line":39,"column":13}},"loc":{"start":{"line":39,"column":23},"end":{"line":39,"column":73}},"line":39},"6":{"name":"(anonymous_6)","decl":{"start":{"line":44,"column":16},"end":{"line":44,"column":17}},"loc":{"start":{"line":44,"column":34},"end":{"line":385,"column":1}},"line":44},"7":{"name":"storeuserdetails","decl":{"start":{"line":54,"column":17},"end":{"line":54,"column":33}},"loc":{"start":{"line":54,"column":42},"end":{"line":106,"column":3}},"line":54},"8":{"name":"(anonymous_8)","decl":{"start":{"line":89,"column":12},"end":{"line":89,"column":13}},"loc":{"start":{"line":89,"column":20},"end":{"line":94,"column":7}},"line":89},"9":{"name":"(anonymous_9)","decl":{"start":{"line":95,"column":12},"end":{"line":95,"column":13}},"loc":{"start":{"line":95,"column":18},"end":{"line":100,"column":7}},"line":95},"10":{"name":"(anonymous_10)","decl":{"start":{"line":108,"column":22},"end":{"line":108,"column":23}},"loc":{"start":{"line":108,"column":28},"end":{"line":142,"column":5}},"line":108},"11":{"name":"getuser","decl":{"start":{"line":109,"column":21},"end":{"line":109,"column":28}},"loc":{"start":{"line":109,"column":31},"end":{"line":137,"column":7}},"line":109},"12":{"name":"(anonymous_12)","decl":{"start":{"line":118,"column":27},"end":{"line":118,"column":28}},"loc":{"start":{"line":118,"column":33},"end":{"line":120,"column":19}},"line":118},"13":{"name":"(anonymous_13)","decl":{"start":{"line":124,"column":27},"end":{"line":124,"column":28}},"loc":{"start":{"line":124,"column":33},"end":{"line":126,"column":19}},"line":124},"14":{"name":"(anonymous_14)","decl":{"start":{"line":139,"column":13},"end":{"line":139,"column":14}},"loc":{"start":{"line":139,"column":19},"end":{"line":141,"column":7}},"line":139},"15":{"name":"(anonymous_15)","decl":{"start":{"line":144,"column":21},"end":{"line":144,"column":22}},"loc":{"start":{"line":144,"column":27},"end":{"line":146,"column":3}},"line":144},"16":{"name":"(anonymous_16)","decl":{"start":{"line":147,"column":19},"end":{"line":147,"column":20}},"loc":{"start":{"line":147,"column":25},"end":{"line":149,"column":3}},"line":147},"17":{"name":"(anonymous_17)","decl":{"start":{"line":150,"column":20},"end":{"line":150,"column":21}},"loc":{"start":{"line":150,"column":26},"end":{"line":152,"column":3}},"line":150},"18":{"name":"(anonymous_18)","decl":{"start":{"line":171,"column":23},"end":{"line":171,"column":24}},"loc":{"start":{"line":171,"column":29},"end":{"line":171,"column":44}},"line":171},"19":{"name":"(anonymous_19)","decl":{"start":{"line":189,"column":32},"end":{"line":189,"column":33}},"loc":{"start":{"line":189,"column":42},"end":{"line":189,"column":66}},"line":189},"20":{"name":"(anonymous_20)","decl":{"start":{"line":190,"column":23},"end":{"line":190,"column":24}},"loc":{"start":{"line":200,"column":24},"end":{"line":371,"column":31}},"line":200},"21":{"name":"(anonymous_21)","decl":{"start":{"line":239,"column":38},"end":{"line":239,"column":39}},"loc":{"start":{"line":240,"column":34},"end":{"line":243,"column":62}},"line":240},"22":{"name":"(anonymous_22)","decl":{"start":{"line":277,"column":47},"end":{"line":277,"column":48}},"loc":{"start":{"line":278,"column":34},"end":{"line":278,"column":69}},"line":278},"23":{"name":"(anonymous_23)","decl":{"start":{"line":305,"column":47},"end":{"line":305,"column":48}},"loc":{"start":{"line":306,"column":34},"end":{"line":306,"column":76}},"line":306},"24":{"name":"(anonymous_24)","decl":{"start":{"line":337,"column":47},"end":{"line":337,"column":48}},"loc":{"start":{"line":338,"column":34},"end":{"line":338,"column":73}},"line":338}},"branchMap":{"0":{"loc":{"start":{"line":90,"column":8},"end":{"line":93,"column":9}},"type":"if","locations":[{"start":{"line":90,"column":8},"end":{"line":93,"column":9}},{"start":{},"end":{}}],"line":90},"1":{"loc":{"start":{"line":111,"column":10},"end":{"line":131,"column":11}},"type":"if","locations":[{"start":{"line":111,"column":10},"end":{"line":131,"column":11}},{"start":{},"end":{}}],"line":111},"2":{"loc":{"start":{"line":175,"column":15},"end":{"line":378,"column":15}},"type":"cond-expr","locations":[{"start":{"line":176,"column":16},"end":{"line":375,"column":19}},{"start":{"line":377,"column":16},"end":{"line":377,"column":32}}],"line":175},"3":{"loc":{"start":{"line":211,"column":27},"end":{"line":213,"column":27}},"type":"binary-expr","locations":[{"start":{"line":211,"column":27},"end":{"line":211,"column":37}},{"start":{"line":211,"column":41},"end":{"line":211,"column":52}},{"start":{"line":212,"column":28},"end":{"line":212,"column":78}}],"line":211},"4":{"loc":{"start":{"line":224,"column":27},"end":{"line":228,"column":27}},"type":"binary-expr","locations":[{"start":{"line":224,"column":27},"end":{"line":224,"column":41}},{"start":{"line":224,"column":45},"end":{"line":224,"column":60}},{"start":{"line":225,"column":28},"end":{"line":227,"column":35}}],"line":224},"5":{"loc":{"start":{"line":248,"column":27},"end":{"line":250,"column":27}},"type":"binary-expr","locations":[{"start":{"line":248,"column":27},"end":{"line":248,"column":37}},{"start":{"line":249,"column":28},"end":{"line":249,"column":78}}],"line":248},"6":{"loc":{"start":{"line":261,"column":27},"end":{"line":265,"column":27}},"type":"binary-expr","locations":[{"start":{"line":261,"column":27},"end":{"line":261,"column":40}},{"start":{"line":262,"column":28},"end":{"line":264,"column":35}}],"line":261},"7":{"loc":{"start":{"line":291,"column":31},"end":{"line":291,"column":62}},"type":"binary-expr","locations":[{"start":{"line":291,"column":31},"end":{"line":291,"column":45}},{"start":{"line":291,"column":49},"end":{"line":291,"column":62}}],"line":291},"8":{"loc":{"start":{"line":322,"column":31},"end":{"line":322,"column":76}},"type":"binary-expr","locations":[{"start":{"line":322,"column":31},"end":{"line":322,"column":52}},{"start":{"line":322,"column":56},"end":{"line":322,"column":76}}],"line":322},"9":{"loc":{"start":{"line":357,"column":31},"end":{"line":357,"column":70}},"type":"binary-expr","locations":[{"start":{"line":357,"column":31},"end":{"line":357,"column":49}},{"start":{"line":357,"column":53},"end":{"line":357,"column":70}}],"line":357}},"s":{"0":3,"1":0,"2":0,"3":0,"4":0,"5":0,"6":0,"7":3,"8":6,"9":6,"10":6,"11":6,"12":0,"13":0,"14":0,"15":0,"16":0,"17":0,"18":0,"19":0,"20":0,"21":0,"22":0,"23":0,"24":0,"25":0,"26":0,"27":0,"28":0,"29":0,"30":0,"31":0,"32":0,"33":0,"34":6,"35":6,"36":6,"37":0,"38":0,"39":0,"40":0,"41":0,"42":0,"43":0,"44":6,"45":6,"46":6,"47":0,"48":6,"49":0,"50":6,"51":0,"52":6,"53":1,"54":0,"55":0,"56":0,"57":0,"58":0,"59":0},"f":{"0":0,"1":0,"2":0,"3":0,"4":0,"5":0,"6":6,"7":0,"8":0,"9":0,"10":6,"11":6,"12":0,"13":0,"14":0,"15":0,"16":0,"17":0,"18":1,"19":0,"20":0,"21":0,"22":0,"23":0,"24":0},"b":{"0":[0,0],"1":[0,0],"2":[1,5],"3":[0,0,0],"4":[0,0,0],"5":[0,0],"6":[0,0],"7":[0,0],"8":[0,0],"9":[0,0]},"_coverageSchema":"1a1c01bbd47fc00a2c39e90264f33305004495a9","hash":"84e7b78d9368e257390c3f2db9b59d22c8e3e889"}
,"/home/nineleaps/Downloads/medicine_adherence_frnt1/medicine_adherence_frnt/src/screens/profile/SavedDetails.js": {"path":"/home/nineleaps/Downloads/medicine_adherence_frnt1/medicine_adherence_frnt/src/screens/profile/SavedDetails.js","statementMap":{"0":{"start":{"line":12,"column":10},"end":{"line":12,"column":12}},"1":{"start":{"line":14,"column":21},"end":{"line":105,"column":1}},"2":{"start":{"line":15,"column":26},"end":{"line":15,"column":44}},"3":{"start":{"line":16,"column":34},"end":{"line":16,"column":52}},"4":{"start":{"line":17,"column":26},"end":{"line":17,"column":44}},"5":{"start":{"line":18,"column":32},"end":{"line":18,"column":50}},"6":{"start":{"line":19,"column":32},"end":{"line":19,"column":50}},"7":{"start":{"line":20,"column":24},"end":{"line":20,"column":42}},"8":{"start":{"line":21,"column":30},"end":{"line":21,"column":48}},"9":{"start":{"line":23,"column":2},"end":{"line":43,"column":5}},"10":{"start":{"line":25,"column":17},"end":{"line":25,"column":50}},"11":{"start":{"line":26,"column":21},"end":{"line":26,"column":58}},"12":{"start":{"line":27,"column":17},"end":{"line":27,"column":50}},"13":{"start":{"line":28,"column":20},"end":{"line":28,"column":56}},"14":{"start":{"line":29,"column":20},"end":{"line":29,"column":56}},"15":{"start":{"line":30,"column":26},"end":{"line":30,"column":69}},"16":{"start":{"line":31,"column":19},"end":{"line":31,"column":59}},"17":{"start":{"line":33,"column":6},"end":{"line":33,"column":21}},"18":{"start":{"line":34,"column":6},"end":{"line":34,"column":29}},"19":{"start":{"line":35,"column":6},"end":{"line":35,"column":21}},"20":{"start":{"line":36,"column":6},"end":{"line":36,"column":27}},"21":{"start":{"line":37,"column":6},"end":{"line":37,"column":27}},"22":{"start":{"line":38,"column":6},"end":{"line":38,"column":29}},"23":{"start":{"line":39,"column":6},"end":{"line":39,"column":25}},"24":{"start":{"line":42,"column":4},"end":{"line":42,"column":20}},"25":{"start":{"line":45,"column":2},"end":{"line":104,"column":4}}},"fnMap":{"0":{"name":"(anonymous_0)","decl":{"start":{"line":14,"column":21},"end":{"line":14,"column":22}},"loc":{"start":{"line":14,"column":27},"end":{"line":105,"column":1}},"line":14},"1":{"name":"(anonymous_1)","decl":{"start":{"line":23,"column":17},"end":{"line":23,"column":18}},"loc":{"start":{"line":23,"column":23},"end":{"line":43,"column":3}},"line":23},"2":{"name":"getuserdetail","decl":{"start":{"line":24,"column":19},"end":{"line":24,"column":32}},"loc":{"start":{"line":24,"column":35},"end":{"line":40,"column":5}},"line":24}},"branchMap":{},"s":{"0":4,"1":4,"2":14,"3":13,"4":13,"5":13,"6":13,"7":13,"8":13,"9":13,"10":13,"11":9,"12":9,"13":9,"14":9,"15":9,"16":9,"17":9,"18":9,"19":9,"20":9,"21":9,"22":9,"23":9,"24":13,"25":13},"f":{"0":14,"1":13,"2":13},"b":{},"_coverageSchema":"1a1c01bbd47fc00a2c39e90264f33305004495a9","hash":"c295482a9919ab2b14fd46d1a53124b610e77945"}
,"/home/nineleaps/Downloads/medicine_adherence_frnt1/medicine_adherence_frnt/src/screens/profile/profileStyles/ProfileStyles.js": {"path":"/home/nineleaps/Downloads/medicine_adherence_frnt1/medicine_adherence_frnt/src/screens/profile/profileStyles/ProfileStyles.js","statementMap":{"0":{"start":{"line":3,"column":15},"end":{"line":135,"column":2}}},"fnMap":{},"branchMap":{},"s":{"0":4},"f":{},"b":{},"_coverageSchema":"1a1c01bbd47fc00a2c39e90264f33305004495a9","hash":"6e9457336d3959c587663efb62c78e7f8ca0f366"}
,"/home/nineleaps/Downloads/medicine_adherence_frnt1/medicine_adherence_frnt/src/screens/screenStyles/AboutAppStyles.js": {"path":"/home/nineleaps/Downloads/medicine_adherence_frnt1/medicine_adherence_frnt/src/screens/screenStyles/AboutAppStyles.js","statementMap":{"0":{"start":{"line":4,"column":17},"end":{"line":4,"column":41}},"1":{"start":{"line":5,"column":16},"end":{"line":5,"column":40}},"2":{"start":{"line":6,"column":20},"end":{"line":6,"column":33}},"3":{"start":{"line":7,"column":19},"end":{"line":7,"column":28}},"4":{"start":{"line":10,"column":15},"end":{"line":32,"column":4}}},"fnMap":{},"branchMap":{},"s":{"0":2,"1":2,"2":2,"3":2,"4":2},"f":{},"b":{},"_coverageSchema":"1a1c01bbd47fc00a2c39e90264f33305004495a9","hash":"2af7d8571c7282622ea3e4c941c7f2590938aafb"}
,"/home/nineleaps/Downloads/medicine_adherence_frnt1/medicine_adherence_frnt/src/screens/screenStyles/AddMedicineStyles.js": {"path":"/home/nineleaps/Downloads/medicine_adherence_frnt1/medicine_adherence_frnt/src/screens/screenStyles/AddMedicineStyles.js","statementMap":{"0":{"start":{"line":3,"column":15},"end":{"line":40,"column":2}}},"fnMap":{},"branchMap":{},"s":{"0":4},"f":{},"b":{},"_coverageSchema":"1a1c01bbd47fc00a2c39e90264f33305004495a9","hash":"ebaa9c0f8f06e702bef241026c3cd336a4e68103"}
,"/home/nineleaps/Downloads/medicine_adherence_frnt1/medicine_adherence_frnt/src/screens/screenStyles/HomeScreenStyles.js": {"path":"/home/nineleaps/Downloads/medicine_adherence_frnt1/medicine_adherence_frnt/src/screens/screenStyles/HomeScreenStyles.js","statementMap":{"0":{"start":{"line":3,"column":15},"end":{"line":8,"column":2}}},"fnMap":{},"branchMap":{},"s":{"0":2},"f":{},"b":{},"_coverageSchema":"1a1c01bbd47fc00a2c39e90264f33305004495a9","hash":"24262fb413ebf2c158a467cf80cb7e90352487a2"}
,"/home/nineleaps/Downloads/medicine_adherence_frnt1/medicine_adherence_frnt/src/screens/screenStyles/OnboardingStyles.js": {"path":"/home/nineleaps/Downloads/medicine_adherence_frnt1/medicine_adherence_frnt/src/screens/screenStyles/OnboardingStyles.js","statementMap":{"0":{"start":{"line":3,"column":14},"end":{"line":11,"column":2}}},"fnMap":{},"branchMap":{},"s":{"0":2},"f":{},"b":{},"_coverageSchema":"1a1c01bbd47fc00a2c39e90264f33305004495a9","hash":"c4c8c09d5dac087e6d1c3b3eb168e5327afc48e8"}
,"/home/nineleaps/Downloads/medicine_adherence_frnt1/medicine_adherence_frnt/src/screens/screenStyles/SettingStyles.js": {"path":"/home/nineleaps/Downloads/medicine_adherence_frnt1/medicine_adherence_frnt/src/screens/screenStyles/SettingStyles.js","statementMap":{"0":{"start":{"line":3,"column":15},"end":{"line":8,"column":2}}},"fnMap":{},"branchMap":{},"s":{"0":2},"f":{},"b":{},"_coverageSchema":"1a1c01bbd47fc00a2c39e90264f33305004495a9","hash":"1c7a1f7256c3f6007f6bb6d81e212c8b1c33ee72"}
,"/home/nineleaps/Downloads/medicine_adherence_frnt1/medicine_adherence_frnt/src/screens/screenStyles/UserMedStyles.js": {"path":"/home/nineleaps/Downloads/medicine_adherence_frnt1/medicine_adherence_frnt/src/screens/screenStyles/UserMedStyles.js","statementMap":{"0":{"start":{"line":5,"column":15},"end":{"line":5,"column":46}},"1":{"start":{"line":6,"column":15},"end":{"line":43,"column":2}}},"fnMap":{},"branchMap":{},"s":{"0":2,"1":2},"f":{},"b":{},"_coverageSchema":"1a1c01bbd47fc00a2c39e90264f33305004495a9","hash":"a7d2fd498360e517e53c38a502b857c2d4c7f58d"}
,"/home/nineleaps/Downloads/medicine_adherence_frnt1/medicine_adherence_frnt/src/screens/stackscreens/StackScreen.js": {"path":"/home/nineleaps/Downloads/medicine_adherence_frnt1/medicine_adherence_frnt/src/screens/stackscreens/StackScreen.js","statementMap":{"0":{"start":{"line":20,"column":14},"end":{"line":20,"column":36}},"1":{"start":{"line":22,"column":20},"end":{"line":113,"column":1}},"2":{"start":{"line":23,"column":2},"end":{"line":112,"column":4}}},"fnMap":{"0":{"name":"(anonymous_0)","decl":{"start":{"line":22,"column":20},"end":{"line":22,"column":21}},"loc":{"start":{"line":22,"column":26},"end":{"line":113,"column":1}},"line":22}},"branchMap":{},"s":{"0":1,"1":1,"2":1},"f":{"0":1},"b":{},"_coverageSchema":"1a1c01bbd47fc00a2c39e90264f33305004495a9","hash":"7b29b65125c9df330103f2594bf27b3683cae32c"}
}
