{"/home/nineleaps/Desktop/medicine_adherence_frnt/assests/images/Medstick_1.png": {"path":"/home/nineleaps/Desktop/medicine_adherence_frnt/assests/images/Medstick_1.png","statementMap":{"0":{"start":{"line":1,"column":0},"end":{"line":4,"column":6}}},"fnMap":{},"branchMap":{},"s":{"0":3},"f":{},"b":{},"inputSourceMap":null,"_coverageSchema":"1a1c01bbd47fc00a2c39e90264f33305004495a9","hash":"59261b4108fa63d4071bbec9be6490549aadcd21"}
,"/home/nineleaps/Desktop/medicine_adherence_frnt/assests/images/noImages.png": {"path":"/home/nineleaps/Desktop/medicine_adherence_frnt/assests/images/noImages.png","statementMap":{"0":{"start":{"line":1,"column":0},"end":{"line":4,"column":6}}},"fnMap":{},"branchMap":{},"s":{"0":1},"f":{},"b":{},"inputSourceMap":null,"_coverageSchema":"1a1c01bbd47fc00a2c39e90264f33305004495a9","hash":"159d2f1626eef0f04cfc0c9bb53a9709eb51f64c"}
,"/home/nineleaps/Desktop/medicine_adherence_frnt/assests/images/nomeds.png": {"path":"/home/nineleaps/Desktop/medicine_adherence_frnt/assests/images/nomeds.png","statementMap":{"0":{"start":{"line":1,"column":0},"end":{"line":4,"column":6}}},"fnMap":{},"branchMap":{},"s":{"0":2},"f":{},"b":{},"inputSourceMap":null,"_coverageSchema":"1a1c01bbd47fc00a2c39e90264f33305004495a9","hash":"9008e012bd827ae4d7baac3ea6ce3a00f36a24f9"}
,"/home/nineleaps/Desktop/medicine_adherence_frnt/assests/images/nopatientreq.png": {"path":"/home/nineleaps/Desktop/medicine_adherence_frnt/assests/images/nopatientreq.png","statementMap":{"0":{"start":{"line":1,"column":0},"end":{"line":4,"column":6}}},"fnMap":{},"branchMap":{},"s":{"0":2},"f":{},"b":{},"inputSourceMap":null,"_coverageSchema":"1a1c01bbd47fc00a2c39e90264f33305004495a9","hash":"8d2f59e8c083cbb001277074494166ca508007d5"}
,"/home/nineleaps/Desktop/medicine_adherence_frnt/assests/images/noreminders.png": {"path":"/home/nineleaps/Desktop/medicine_adherence_frnt/assests/images/noreminders.png","statementMap":{"0":{"start":{"line":1,"column":0},"end":{"line":4,"column":6}}},"fnMap":{},"branchMap":{},"s":{"0":2},"f":{},"b":{},"inputSourceMap":null,"_coverageSchema":"1a1c01bbd47fc00a2c39e90264f33305004495a9","hash":"5cfa9a16f2683d6c7595b4b624988615176fd1b9"}
,"/home/nineleaps/Desktop/medicine_adherence_frnt/assests/images/searchcaretaker.png": {"path":"/home/nineleaps/Desktop/medicine_adherence_frnt/assests/images/searchcaretaker.png","statementMap":{"0":{"start":{"line":1,"column":0},"end":{"line":4,"column":6}}},"fnMap":{},"branchMap":{},"s":{"0":1},"f":{},"b":{},"inputSourceMap":null,"_coverageSchema":"1a1c01bbd47fc00a2c39e90264f33305004495a9","hash":"a6af34c454496e34da08891048bb52834277b99c"}
,"/home/nineleaps/Desktop/medicine_adherence_frnt/src/components/ProfileHeader.js": {"path":"/home/nineleaps/Desktop/medicine_adherence_frnt/src/components/ProfileHeader.js","statementMap":{"0":{"start":{"line":8,"column":22},"end":{"line":52,"column":1}},"1":{"start":{"line":9,"column":26},"end":{"line":9,"column":79}},"2":{"start":{"line":10,"column":28},"end":{"line":10,"column":46}},"3":{"start":{"line":11,"column":2},"end":{"line":30,"column":5}},"4":{"start":{"line":32,"column":2},"end":{"line":51,"column":4}}},"fnMap":{"0":{"name":"(anonymous_0)","decl":{"start":{"line":8,"column":22},"end":{"line":8,"column":23}},"loc":{"start":{"line":8,"column":28},"end":{"line":52,"column":1}},"line":8}},"branchMap":{},"s":{"0":4,"1":1,"2":1,"3":1,"4":1},"f":{"0":1},"b":{},"_coverageSchema":"1a1c01bbd47fc00a2c39e90264f33305004495a9","hash":"b083629c5760b3984828b48cb769e3f19eeab458"}
,"/home/nineleaps/Desktop/medicine_adherence_frnt/src/components/customHeader.js": {"path":"/home/nineleaps/Desktop/medicine_adherence_frnt/src/components/customHeader.js","statementMap":{"0":{"start":{"line":17,"column":21},"end":{"line":142,"column":1}},"1":{"start":{"line":19,"column":2},"end":{"line":24,"column":5}},"2":{"start":{"line":25,"column":36},"end":{"line":25,"column":56}},"3":{"start":{"line":44,"column":2},"end":{"line":48,"column":25}},"4":{"start":{"line":50,"column":2},"end":{"line":53,"column":5}},"5":{"start":{"line":54,"column":19},"end":{"line":56,"column":3}},"6":{"start":{"line":55,"column":4},"end":{"line":55,"column":40}},"7":{"start":{"line":58,"column":4},"end":{"line":58,"column":41}},"8":{"start":{"line":61,"column":6},"end":{"line":61,"column":41}},"9":{"start":{"line":65,"column":6},"end":{"line":86,"column":9}},"10":{"start":{"line":84,"column":25},"end":{"line":84,"column":34}},"11":{"start":{"line":89,"column":2},"end":{"line":141,"column":4}}},"fnMap":{"0":{"name":"(anonymous_0)","decl":{"start":{"line":17,"column":21},"end":{"line":17,"column":22}},"loc":{"start":{"line":17,"column":30},"end":{"line":142,"column":1}},"line":17},"1":{"name":"(anonymous_1)","decl":{"start":{"line":54,"column":19},"end":{"line":54,"column":20}},"loc":{"start":{"line":54,"column":25},"end":{"line":56,"column":3}},"line":54},"2":{"name":"signupFnc","decl":{"start":{"line":57,"column":17},"end":{"line":57,"column":26}},"loc":{"start":{"line":57,"column":29},"end":{"line":59,"column":3}},"line":57},"3":{"name":"loginFnc","decl":{"start":{"line":60,"column":17},"end":{"line":60,"column":25}},"loc":{"start":{"line":60,"column":28},"end":{"line":62,"column":3}},"line":60},"4":{"name":"alertFnc","decl":{"start":{"line":63,"column":17},"end":{"line":63,"column":25}},"loc":{"start":{"line":63,"column":28},"end":{"line":88,"column":3}},"line":63},"5":{"name":"(anonymous_5)","decl":{"start":{"line":68,"column":19},"end":{"line":68,"column":20}},"loc":{"start":{"line":68,"column":58},"end":{"line":80,"column":11}},"line":68},"6":{"name":"(anonymous_6)","decl":{"start":{"line":84,"column":19},"end":{"line":84,"column":20}},"loc":{"start":{"line":84,"column":25},"end":{"line":84,"column":34}},"line":84}},"branchMap":{"0":{"loc":{"start":{"line":101,"column":11},"end":{"line":136,"column":11}},"type":"cond-expr","locations":[{"start":{"line":102,"column":12},"end":{"line":125,"column":15}},{"start":{"line":127,"column":12},"end":{"line":135,"column":42}}],"line":101}},"s":{"0":3,"1":5,"2":5,"3":5,"4":5,"5":5,"6":1,"7":0,"8":0,"9":1,"10":0,"11":5},"f":{"0":5,"1":1,"2":0,"3":0,"4":1,"5":0,"6":0},"b":{"0":[0,5]},"_coverageSchema":"1a1c01bbd47fc00a2c39e90264f33305004495a9","hash":"d4215c740979cffdd2087f92f95c48a090ed0752"}
,"/home/nineleaps/Desktop/medicine_adherence_frnt/src/components/logger.js": {"path":"/home/nineleaps/Desktop/medicine_adherence_frnt/src/components/logger.js","statementMap":{"0":{"start":{"line":2,"column":22},"end":{"line":17,"column":1}},"1":{"start":{"line":18,"column":12},"end":{"line":18,"column":46}},"2":{"start":{"line":20,"column":2},"end":{"line":20,"column":17}},"3":{"start":{"line":23,"column":2},"end":{"line":23,"column":18}},"4":{"start":{"line":26,"column":15},"end":{"line":29,"column":1}}},"fnMap":{"0":{"name":"loggerInfo","decl":{"start":{"line":19,"column":9},"end":{"line":19,"column":19}},"loc":{"start":{"line":19,"column":26},"end":{"line":21,"column":1}},"line":19},"1":{"name":"loggerError","decl":{"start":{"line":22,"column":9},"end":{"line":22,"column":20}},"loc":{"start":{"line":22,"column":27},"end":{"line":24,"column":1}},"line":22}},"branchMap":{},"s":{"0":47,"1":47,"2":46,"3":34,"4":47},"f":{"0":46,"1":34},"b":{},"_coverageSchema":"1a1c01bbd47fc00a2c39e90264f33305004495a9","hash":"4b579e2d4b8131de8f484f1e13f6a017f971f522"}
,"/home/nineleaps/Desktop/medicine_adherence_frnt/src/components/adherence/adherencePercentage.js": {"path":"/home/nineleaps/Desktop/medicine_adherence_frnt/src/components/adherence/adherencePercentage.js","statementMap":{"0":{"start":{"line":1,"column":28},"end":{"line":33,"column":1}},"1":{"start":{"line":2,"column":2},"end":{"line":32,"column":5}},"2":{"start":{"line":3,"column":24},"end":{"line":3,"column":25}},"3":{"start":{"line":4,"column":20},"end":{"line":4,"column":35}},"4":{"start":{"line":5,"column":17},"end":{"line":5,"column":40}},"5":{"start":{"line":6,"column":18},"end":{"line":6,"column":36}},"6":{"start":{"line":7,"column":18},"end":{"line":7,"column":28}},"7":{"start":{"line":8,"column":24},"end":{"line":8,"column":43}},"8":{"start":{"line":10,"column":23},"end":{"line":10,"column":42}},"9":{"start":{"line":11,"column":17},"end":{"line":15,"column":5}},"10":{"start":{"line":16,"column":17},"end":{"line":20,"column":5}},"11":{"start":{"line":22,"column":15},"end":{"line":22,"column":64}},"12":{"start":{"line":23,"column":18},"end":{"line":23,"column":68}},"13":{"start":{"line":24,"column":4},"end":{"line":30,"column":5}},"14":{"start":{"line":25,"column":6},"end":{"line":27,"column":7}},"15":{"start":{"line":26,"column":8},"end":{"line":26,"column":32}},"16":{"start":{"line":28,"column":6},"end":{"line":28,"column":13}},"17":{"start":{"line":29,"column":6},"end":{"line":29,"column":55}},"18":{"start":{"line":31,"column":4},"end":{"line":31,"column":58}}},"fnMap":{"0":{"name":"(anonymous_0)","decl":{"start":{"line":1,"column":28},"end":{"line":1,"column":29}},"loc":{"start":{"line":1,"column":77},"end":{"line":33,"column":1}},"line":1},"1":{"name":"(anonymous_1)","decl":{"start":{"line":2,"column":21},"end":{"line":2,"column":22}},"loc":{"start":{"line":2,"column":28},"end":{"line":32,"column":3}},"line":2}},"branchMap":{"0":{"loc":{"start":{"line":25,"column":6},"end":{"line":27,"column":7}},"type":"if","locations":[{"start":{"line":25,"column":6},"end":{"line":27,"column":7}},{"start":{},"end":{}}],"line":25}},"s":{"0":7,"1":0,"2":0,"3":0,"4":0,"5":0,"6":0,"7":0,"8":0,"9":0,"10":0,"11":0,"12":0,"13":0,"14":0,"15":0,"16":0,"17":0,"18":0},"f":{"0":0,"1":0},"b":{"0":[0,0]},"_coverageSchema":"1a1c01bbd47fc00a2c39e90264f33305004495a9","hash":"33674a54fc07054ede6e5bdb6b4f05dac8ce0a5f"}
,"/home/nineleaps/Desktop/medicine_adherence_frnt/src/components/adherence/allReminderData.js": {"path":"/home/nineleaps/Desktop/medicine_adherence_frnt/src/components/adherence/allReminderData.js","statementMap":{"0":{"start":{"line":4,"column":11},"end":{"line":4,"column":21}},"1":{"start":{"line":5,"column":24},"end":{"line":61,"column":1}},"2":{"start":{"line":7,"column":12},"end":{"line":7,"column":21}},"3":{"start":{"line":8,"column":15},"end":{"line":8,"column":16}},"4":{"start":{"line":11,"column":4},"end":{"line":55,"column":7}},"5":{"start":{"line":12,"column":6},"end":{"line":54,"column":9}},"6":{"start":{"line":13,"column":8},"end":{"line":16,"column":10}},"7":{"start":{"line":17,"column":8},"end":{"line":53,"column":10}},"8":{"start":{"line":21,"column":12},"end":{"line":21,"column":44}},"9":{"start":{"line":22,"column":12},"end":{"line":22,"column":56}},"10":{"start":{"line":23,"column":12},"end":{"line":51,"column":14}},"11":{"start":{"line":27,"column":16},"end":{"line":48,"column":17}},"12":{"start":{"line":27,"column":29},"end":{"line":27,"column":30}},"13":{"start":{"line":28,"column":39},"end":{"line":28,"column":57}},"14":{"start":{"line":30,"column":40},"end":{"line":30,"column":77}},"15":{"start":{"line":31,"column":43},"end":{"line":33,"column":19}},"16":{"start":{"line":34,"column":43},"end":{"line":38,"column":19}},"17":{"start":{"line":40,"column":18},"end":{"line":46,"column":21}},"18":{"start":{"line":41,"column":20},"end":{"line":45,"column":21}},"19":{"start":{"line":42,"column":22},"end":{"line":42,"column":64}},"20":{"start":{"line":44,"column":22},"end":{"line":44,"column":60}},"21":{"start":{"line":47,"column":18},"end":{"line":47,"column":65}},"22":{"start":{"line":49,"column":16},"end":{"line":49,"column":29}},"23":{"start":{"line":57,"column":2},"end":{"line":57,"column":33}},"24":{"start":{"line":59,"column":2},"end":{"line":59,"column":25}},"25":{"start":{"line":60,"column":2},"end":{"line":60,"column":40}}},"fnMap":{"0":{"name":"(anonymous_0)","decl":{"start":{"line":5,"column":24},"end":{"line":5,"column":25}},"loc":{"start":{"line":5,"column":44},"end":{"line":61,"column":1}},"line":5},"1":{"name":"reminder_promise","decl":{"start":{"line":10,"column":11},"end":{"line":10,"column":27}},"loc":{"start":{"line":10,"column":30},"end":{"line":56,"column":3}},"line":10},"2":{"name":"(anonymous_2)","decl":{"start":{"line":11,"column":23},"end":{"line":11,"column":24}},"loc":{"start":{"line":11,"column":34},"end":{"line":55,"column":5}},"line":11},"3":{"name":"(anonymous_3)","decl":{"start":{"line":12,"column":21},"end":{"line":12,"column":22}},"loc":{"start":{"line":12,"column":42},"end":{"line":54,"column":7}},"line":12},"4":{"name":"(anonymous_4)","decl":{"start":{"line":20,"column":10},"end":{"line":20,"column":11}},"loc":{"start":{"line":20,"column":30},"end":{"line":52,"column":11}},"line":20},"5":{"name":"(anonymous_5)","decl":{"start":{"line":26,"column":14},"end":{"line":26,"column":15}},"loc":{"start":{"line":26,"column":37},"end":{"line":50,"column":15}},"line":26},"6":{"name":"(anonymous_6)","decl":{"start":{"line":40,"column":42},"end":{"line":40,"column":43}},"loc":{"start":{"line":40,"column":54},"end":{"line":46,"column":19}},"line":40}},"branchMap":{"0":{"loc":{"start":{"line":41,"column":20},"end":{"line":45,"column":21}},"type":"if","locations":[{"start":{"line":41,"column":20},"end":{"line":45,"column":21}},{"start":{"line":43,"column":27},"end":{"line":45,"column":21}}],"line":41}},"s":{"0":3,"1":3,"2":0,"3":0,"4":0,"5":0,"6":0,"7":0,"8":0,"9":0,"10":0,"11":0,"12":0,"13":0,"14":0,"15":0,"16":0,"17":0,"18":0,"19":0,"20":0,"21":0,"22":0,"23":0,"24":0,"25":0},"f":{"0":0,"1":0,"2":0,"3":0,"4":0,"5":0,"6":0},"b":{"0":[0,0]},"_coverageSchema":"1a1c01bbd47fc00a2c39e90264f33305004495a9","hash":"99934af3d6c5a9a831c6168fc1011b281a993096"}
,"/home/nineleaps/Desktop/medicine_adherence_frnt/src/components/adherence/downloadPdf.js": {"path":"/home/nineleaps/Desktop/medicine_adherence_frnt/src/components/adherence/downloadPdf.js","statementMap":{"0":{"start":{"line":6,"column":17},"end":{"line":6,"column":28}},"1":{"start":{"line":8,"column":20},"end":{"line":47,"column":1}},"2":{"start":{"line":9,"column":15},"end":{"line":9,"column":25}},"3":{"start":{"line":11,"column":20},"end":{"line":11,"column":51}},"4":{"start":{"line":12,"column":21},"end":{"line":14,"column":9}},"5":{"start":{"line":15,"column":18},"end":{"line":23,"column":3}},"6":{"start":{"line":24,"column":25},"end":{"line":24,"column":69}},"7":{"start":{"line":25,"column":17},"end":{"line":25,"column":19}},"8":{"start":{"line":27,"column":2},"end":{"line":46,"column":3}},"9":{"start":{"line":28,"column":4},"end":{"line":41,"column":9}},"10":{"start":{"line":29,"column":19},"end":{"line":29,"column":29}},"11":{"start":{"line":31,"column":8},"end":{"line":31,"column":40}},"12":{"start":{"line":32,"column":8},"end":{"line":36,"column":13}},"13":{"start":{"line":35,"column":12},"end":{"line":35,"column":25}},"14":{"start":{"line":39,"column":8},"end":{"line":39,"column":25}},"15":{"start":{"line":40,"column":8},"end":{"line":40,"column":24}},"16":{"start":{"line":42,"column":4},"end":{"line":42,"column":20}},"17":{"start":{"line":44,"column":4},"end":{"line":44,"column":21}},"18":{"start":{"line":45,"column":4},"end":{"line":45,"column":20}}},"fnMap":{"0":{"name":"(anonymous_0)","decl":{"start":{"line":8,"column":20},"end":{"line":8,"column":21}},"loc":{"start":{"line":8,"column":43},"end":{"line":47,"column":1}},"line":8},"1":{"name":"(anonymous_1)","decl":{"start":{"line":29,"column":12},"end":{"line":29,"column":13}},"loc":{"start":{"line":29,"column":19},"end":{"line":29,"column":29}},"line":29},"2":{"name":"(anonymous_2)","decl":{"start":{"line":30,"column":12},"end":{"line":30,"column":13}},"loc":{"start":{"line":30,"column":26},"end":{"line":37,"column":7}},"line":30},"3":{"name":"(anonymous_3)","decl":{"start":{"line":34,"column":17},"end":{"line":34,"column":18}},"loc":{"start":{"line":34,"column":23},"end":{"line":36,"column":11}},"line":34},"4":{"name":"(anonymous_4)","decl":{"start":{"line":38,"column":13},"end":{"line":38,"column":14}},"loc":{"start":{"line":38,"column":19},"end":{"line":41,"column":7}},"line":38}},"branchMap":{},"s":{"0":4,"1":4,"2":0,"3":0,"4":0,"5":0,"6":0,"7":0,"8":0,"9":0,"10":0,"11":0,"12":0,"13":0,"14":0,"15":0,"16":0,"17":0,"18":0},"f":{"0":0,"1":0,"2":0,"3":0,"4":0},"b":{},"_coverageSchema":"1a1c01bbd47fc00a2c39e90264f33305004495a9","hash":"9a04e0e827f08709f5ef0e368f2df2ea5451085c"}
,"/home/nineleaps/Desktop/medicine_adherence_frnt/src/components/alarm/pushNotificationConfig.js": {"path":"/home/nineleaps/Desktop/medicine_adherence_frnt/src/components/alarm/pushNotificationConfig.js","statementMap":{"0":{"start":{"line":4,"column":12},"end":{"line":4,"column":41}},"1":{"start":{"line":7,"column":2},"end":{"line":7,"column":29}},"2":{"start":{"line":8,"column":15},"end":{"line":18,"column":4}},"3":{"start":{"line":9,"column":4},"end":{"line":11,"column":5}},"4":{"start":{"line":10,"column":6},"end":{"line":10,"column":13}},"5":{"start":{"line":12,"column":4},"end":{"line":12,"column":31}},"6":{"start":{"line":13,"column":4},"end":{"line":17,"column":7}},"7":{"start":{"line":14,"column":6},"end":{"line":16,"column":7}},"8":{"start":{"line":15,"column":8},"end":{"line":15,"column":59}},"9":{"start":{"line":23,"column":23},"end":{"line":23,"column":25}},"10":{"start":{"line":24,"column":2},"end":{"line":34,"column":3}},"11":{"start":{"line":25,"column":4},"end":{"line":25,"column":56}},"12":{"start":{"line":26,"column":4},"end":{"line":26,"column":34}},"13":{"start":{"line":27,"column":4},"end":{"line":27,"column":65}},"14":{"start":{"line":28,"column":9},"end":{"line":34,"column":3}},"15":{"start":{"line":29,"column":4},"end":{"line":29,"column":34}},"16":{"start":{"line":30,"column":4},"end":{"line":30,"column":65}},"17":{"start":{"line":32,"column":4},"end":{"line":32,"column":34}},"18":{"start":{"line":33,"column":4},"end":{"line":33,"column":47}},"19":{"start":{"line":37,"column":39},"end":{"line":59,"column":1}},"20":{"start":{"line":38,"column":12},"end":{"line":38,"column":53}},"21":{"start":{"line":39,"column":2},"end":{"line":58,"column":5}},"22":{"start":{"line":61,"column":41},"end":{"line":99,"column":1}},"23":{"start":{"line":66,"column":12},"end":{"line":66,"column":53}},"24":{"start":{"line":68,"column":2},"end":{"line":78,"column":4}},"25":{"start":{"line":77,"column":15},"end":{"line":77,"column":71}},"26":{"start":{"line":79,"column":2},"end":{"line":98,"column":5}}},"fnMap":{"0":{"name":"PlaySound","decl":{"start":{"line":6,"column":9},"end":{"line":6,"column":18}},"loc":{"start":{"line":6,"column":21},"end":{"line":19,"column":1}},"line":6},"1":{"name":"(anonymous_1)","decl":{"start":{"line":8,"column":57},"end":{"line":8,"column":58}},"loc":{"start":{"line":8,"column":68},"end":{"line":18,"column":3}},"line":8},"2":{"name":"(anonymous_2)","decl":{"start":{"line":13,"column":16},"end":{"line":13,"column":17}},"loc":{"start":{"line":13,"column":29},"end":{"line":17,"column":5}},"line":13},"3":{"name":"Pushnotificationforeground","decl":{"start":{"line":21,"column":9},"end":{"line":21,"column":35}},"loc":{"start":{"line":21,"column":42},"end":{"line":35,"column":1}},"line":21},"4":{"name":"(anonymous_4)","decl":{"start":{"line":37,"column":39},"end":{"line":37,"column":40}},"loc":{"start":{"line":37,"column":55},"end":{"line":59,"column":1}},"line":37},"5":{"name":"(anonymous_5)","decl":{"start":{"line":61,"column":41},"end":{"line":61,"column":42}},"loc":{"start":{"line":65,"column":5},"end":{"line":99,"column":1}},"line":65},"6":{"name":"(anonymous_6)","decl":{"start":{"line":77,"column":4},"end":{"line":77,"column":5}},"loc":{"start":{"line":77,"column":15},"end":{"line":77,"column":71}},"line":77}},"branchMap":{"0":{"loc":{"start":{"line":9,"column":4},"end":{"line":11,"column":5}},"type":"if","locations":[{"start":{"line":9,"column":4},"end":{"line":11,"column":5}},{"start":{},"end":{}}],"line":9},"1":{"loc":{"start":{"line":14,"column":6},"end":{"line":16,"column":7}},"type":"if","locations":[{"start":{"line":14,"column":6},"end":{"line":16,"column":7}},{"start":{},"end":{}}],"line":14},"2":{"loc":{"start":{"line":24,"column":2},"end":{"line":34,"column":3}},"type":"if","locations":[{"start":{"line":24,"column":2},"end":{"line":34,"column":3}},{"start":{"line":28,"column":9},"end":{"line":34,"column":3}}],"line":24},"3":{"loc":{"start":{"line":28,"column":9},"end":{"line":34,"column":3}},"type":"if","locations":[{"start":{"line":28,"column":9},"end":{"line":34,"column":3}},{"start":{"line":31,"column":9},"end":{"line":34,"column":3}}],"line":28}},"s":{"0":1,"1":0,"2":0,"3":0,"4":0,"5":0,"6":0,"7":0,"8":0,"9":0,"10":0,"11":0,"12":0,"13":0,"14":0,"15":0,"16":0,"17":0,"18":0,"19":1,"20":0,"21":0,"22":1,"23":0,"24":0,"25":0,"26":0},"f":{"0":0,"1":0,"2":0,"3":0,"4":0,"5":0,"6":0},"b":{"0":[0,0],"1":[0,0],"2":[0,0],"3":[0,0]},"_coverageSchema":"1a1c01bbd47fc00a2c39e90264f33305004495a9","hash":"8c3764f64a403c0ef481c2cd57fa3f3189df6449"}
,"/home/nineleaps/Desktop/medicine_adherence_frnt/src/components/alarm/timeData.js": {"path":"/home/nineleaps/Desktop/medicine_adherence_frnt/src/components/alarm/timeData.js","statementMap":{"0":{"start":{"line":1,"column":25},"end":{"line":31,"column":1}},"1":{"start":{"line":33,"column":24},"end":{"line":47,"column":1}}},"fnMap":{},"branchMap":{},"s":{"0":3,"1":3},"f":{},"b":{},"_coverageSchema":"1a1c01bbd47fc00a2c39e90264f33305004495a9","hash":"bb7f7e281966f57d12960abfbf19e605d08afed2"}
,"/home/nineleaps/Desktop/medicine_adherence_frnt/src/components/caretaker/allIcons.js": {"path":"/home/nineleaps/Desktop/medicine_adherence_frnt/src/components/caretaker/allIcons.js","statementMap":{"0":{"start":{"line":6,"column":2},"end":{"line":8,"column":4}},"1":{"start":{"line":12,"column":2},"end":{"line":12,"column":57}},"2":{"start":{"line":16,"column":2},"end":{"line":16,"column":78}}},"fnMap":{"0":{"name":"Caretaker_nurse","decl":{"start":{"line":5,"column":9},"end":{"line":5,"column":24}},"loc":{"start":{"line":5,"column":27},"end":{"line":9,"column":1}},"line":5},"1":{"name":"Signout","decl":{"start":{"line":11,"column":9},"end":{"line":11,"column":16}},"loc":{"start":{"line":11,"column":19},"end":{"line":13,"column":1}},"line":11},"2":{"name":"Userfriend","decl":{"start":{"line":15,"column":9},"end":{"line":15,"column":19}},"loc":{"start":{"line":15,"column":22},"end":{"line":17,"column":1}},"line":15}},"branchMap":{},"s":{"0":5,"1":5,"2":5},"f":{"0":5,"1":5,"2":5},"b":{},"_coverageSchema":"1a1c01bbd47fc00a2c39e90264f33305004495a9","hash":"473e9fb96dfb89a2edc4acafc960be0ffc1117ad"}
,"/home/nineleaps/Desktop/medicine_adherence_frnt/src/components/componentStyles/styles.js": {"path":"/home/nineleaps/Desktop/medicine_adherence_frnt/src/components/componentStyles/styles.js","statementMap":{"0":{"start":{"line":3,"column":15},"end":{"line":42,"column":2}}},"fnMap":{},"branchMap":{},"s":{"0":4},"f":{},"b":{},"_coverageSchema":"1a1c01bbd47fc00a2c39e90264f33305004495a9","hash":"0f11b017a21a6a897416e560b534f1492bdca074"}
,"/home/nineleaps/Desktop/medicine_adherence_frnt/src/components/organisms/medicineHistoryList.js": {"path":"/home/nineleaps/Desktop/medicine_adherence_frnt/src/components/organisms/medicineHistoryList.js","statementMap":{"0":{"start":{"line":8,"column":28},"end":{"line":58,"column":1}},"1":{"start":{"line":9,"column":38},"end":{"line":9,"column":43}},"2":{"start":{"line":10,"column":2},"end":{"line":57,"column":4}},"3":{"start":{"line":22,"column":32},"end":{"line":24,"column":21}},"4":{"start":{"line":25,"column":20},"end":{"line":25,"column":50}},"5":{"start":{"line":34,"column":10},"end":{"line":42,"column":12}},"6":{"start":{"line":45,"column":10},"end":{"line":53,"column":12}}},"fnMap":{"0":{"name":"(anonymous_0)","decl":{"start":{"line":8,"column":28},"end":{"line":8,"column":29}},"loc":{"start":{"line":8,"column":37},"end":{"line":58,"column":1}},"line":8},"1":{"name":"(anonymous_1)","decl":{"start":{"line":21,"column":27},"end":{"line":21,"column":28}},"loc":{"start":{"line":21,"column":39},"end":{"line":26,"column":19}},"line":21},"2":{"name":"(anonymous_2)","decl":{"start":{"line":33,"column":32},"end":{"line":33,"column":33}},"loc":{"start":{"line":33,"column":41},"end":{"line":43,"column":9}},"line":33},"3":{"name":"(anonymous_3)","decl":{"start":{"line":44,"column":28},"end":{"line":44,"column":29}},"loc":{"start":{"line":44,"column":37},"end":{"line":54,"column":9}},"line":44}},"branchMap":{},"s":{"0":4,"1":0,"2":0,"3":0,"4":0,"5":0,"6":0},"f":{"0":0,"1":0,"2":0,"3":0},"b":{},"_coverageSchema":"1a1c01bbd47fc00a2c39e90264f33305004495a9","hash":"8fcff55ac50f4ac34432078b9f508f3d02221881"}
,"/home/nineleaps/Desktop/medicine_adherence_frnt/src/components/organisms/medicineTime.js": {"path":"/home/nineleaps/Desktop/medicine_adherence_frnt/src/components/organisms/medicineTime.js","statementMap":{"0":{"start":{"line":6,"column":12},"end":{"line":38,"column":1}},"1":{"start":{"line":7,"column":30},"end":{"line":7,"column":35}},"2":{"start":{"line":8,"column":26},"end":{"line":8,"column":41}},"3":{"start":{"line":9,"column":31},"end":{"line":9,"column":46}},"4":{"start":{"line":11,"column":2},"end":{"line":37,"column":4}},"5":{"start":{"line":25,"column":12},"end":{"line":25,"column":27}},"6":{"start":{"line":26,"column":12},"end":{"line":26,"column":32}},"7":{"start":{"line":27,"column":12},"end":{"line":27,"column":30}}},"fnMap":{"0":{"name":"(anonymous_0)","decl":{"start":{"line":6,"column":12},"end":{"line":6,"column":13}},"loc":{"start":{"line":6,"column":23},"end":{"line":38,"column":1}},"line":6},"1":{"name":"(anonymous_1)","decl":{"start":{"line":24,"column":19},"end":{"line":24,"column":20}},"loc":{"start":{"line":24,"column":25},"end":{"line":28,"column":11}},"line":24}},"branchMap":{"0":{"loc":{"start":{"line":12,"column":4},"end":{"line":36,"column":5}},"type":"binary-expr","locations":[{"start":{"line":12,"column":4},"end":{"line":12,"column":21}},{"start":{"line":13,"column":6},"end":{"line":35,"column":13}}],"line":12},"1":{"loc":{"start":{"line":30,"column":9},"end":{"line":34,"column":9}},"type":"cond-expr","locations":[{"start":{"line":31,"column":10},"end":{"line":31,"column":51}},{"start":{"line":33,"column":10},"end":{"line":33,"column":55}}],"line":30}},"s":{"0":3,"1":0,"2":0,"3":0,"4":0,"5":0,"6":0,"7":0},"f":{"0":0,"1":0},"b":{"0":[0,0],"1":[0,0]},"_coverageSchema":"1a1c01bbd47fc00a2c39e90264f33305004495a9","hash":"c9d8c215a86445256f2a68abc73dd1b9dc008cf7"}
,"/home/nineleaps/Desktop/medicine_adherence_frnt/src/connection/checkConnectivity.js": {"path":"/home/nineleaps/Desktop/medicine_adherence_frnt/src/connection/checkConnectivity.js","statementMap":{"0":{"start":{"line":3,"column":26},"end":{"line":13,"column":1}},"1":{"start":{"line":4,"column":19},"end":{"line":4,"column":23}},"2":{"start":{"line":5,"column":2},"end":{"line":12,"column":5}},"3":{"start":{"line":6,"column":24},"end":{"line":9,"column":6}},"4":{"start":{"line":7,"column":6},"end":{"line":7,"column":37}},"5":{"start":{"line":8,"column":6},"end":{"line":8,"column":22}},"6":{"start":{"line":11,"column":4},"end":{"line":11,"column":18}}},"fnMap":{"0":{"name":"(anonymous_0)","decl":{"start":{"line":3,"column":26},"end":{"line":3,"column":27}},"loc":{"start":{"line":3,"column":38},"end":{"line":13,"column":1}},"line":3},"1":{"name":"(anonymous_1)","decl":{"start":{"line":5,"column":21},"end":{"line":5,"column":22}},"loc":{"start":{"line":5,"column":28},"end":{"line":12,"column":3}},"line":5},"2":{"name":"(anonymous_2)","decl":{"start":{"line":6,"column":49},"end":{"line":6,"column":50}},"loc":{"start":{"line":6,"column":58},"end":{"line":9,"column":5}},"line":6}},"branchMap":{},"s":{"0":2,"1":0,"2":0,"3":0,"4":0,"5":0,"6":0},"f":{"0":0,"1":0,"2":0},"b":{},"_coverageSchema":"1a1c01bbd47fc00a2c39e90264f33305004495a9","hash":"cf491500599bb4af0995652290f9393c1f5df676"}
,"/home/nineleaps/Desktop/medicine_adherence_frnt/src/connection/networkCalls.js": {"path":"/home/nineleaps/Desktop/medicine_adherence_frnt/src/connection/networkCalls.js","statementMap":{"0":{"start":{"line":4,"column":21},"end":{"line":41,"column":1}},"1":{"start":{"line":6,"column":4},"end":{"line":6,"column":34}},"2":{"start":{"line":7,"column":19},"end":{"line":16,"column":5}},"3":{"start":{"line":17,"column":4},"end":{"line":17,"column":20}},"4":{"start":{"line":20,"column":19},"end":{"line":27,"column":5}},"5":{"start":{"line":28,"column":4},"end":{"line":28,"column":27}},"6":{"start":{"line":31,"column":19},"end":{"line":38,"column":5}},"7":{"start":{"line":39,"column":4},"end":{"line":39,"column":27}}},"fnMap":{"0":{"name":"(anonymous_0)","decl":{"start":{"line":5,"column":15},"end":{"line":5,"column":16}},"loc":{"start":{"line":5,"column":44},"end":{"line":18,"column":3}},"line":5},"1":{"name":"(anonymous_1)","decl":{"start":{"line":19,"column":22},"end":{"line":19,"column":23}},"loc":{"start":{"line":19,"column":37},"end":{"line":29,"column":3}},"line":19},"2":{"name":"(anonymous_2)","decl":{"start":{"line":30,"column":19},"end":{"line":30,"column":20}},"loc":{"start":{"line":30,"column":38},"end":{"line":40,"column":3}},"line":30}},"branchMap":{},"s":{"0":2,"1":0,"2":0,"3":0,"4":0,"5":0,"6":0,"7":0},"f":{"0":0,"1":0,"2":0},"b":{},"_coverageSchema":"1a1c01bbd47fc00a2c39e90264f33305004495a9","hash":"9ea10430fec20abd157f4463273e64d9da6d6197"}
,"/home/nineleaps/Desktop/medicine_adherence_frnt/src/constants/apiUrl.js": {"path":"/home/nineleaps/Desktop/medicine_adherence_frnt/src/constants/apiUrl.js","statementMap":{"0":{"start":{"line":3,"column":24},"end":{"line":22,"column":1}}},"fnMap":{},"branchMap":{},"s":{"0":26},"f":{},"b":{},"_coverageSchema":"1a1c01bbd47fc00a2c39e90264f33305004495a9","hash":"1564a853549a4e933d890085d9508a16475887b2"}
,"/home/nineleaps/Desktop/medicine_adherence_frnt/src/navigation/drawerNavigator.js": {"path":"/home/nineleaps/Desktop/medicine_adherence_frnt/src/navigation/drawerNavigator.js","statementMap":{"0":{"start":{"line":14,"column":15},"end":{"line":14,"column":38}},"1":{"start":{"line":16,"column":24},"end":{"line":113,"column":1}},"2":{"start":{"line":17,"column":17},"end":{"line":19,"column":3}},"3":{"start":{"line":18,"column":4},"end":{"line":18,"column":34}},"4":{"start":{"line":20,"column":18},"end":{"line":26,"column":3}},"5":{"start":{"line":21,"column":4},"end":{"line":25,"column":6}},"6":{"start":{"line":27,"column":19},"end":{"line":29,"column":3}},"7":{"start":{"line":28,"column":4},"end":{"line":28,"column":56}},"8":{"start":{"line":30,"column":18},"end":{"line":32,"column":3}},"9":{"start":{"line":31,"column":4},"end":{"line":31,"column":58}},"10":{"start":{"line":33,"column":19},"end":{"line":35,"column":3}},"11":{"start":{"line":34,"column":4},"end":{"line":34,"column":52}},"12":{"start":{"line":36,"column":22},"end":{"line":38,"column":3}},"13":{"start":{"line":37,"column":4},"end":{"line":37,"column":63}},"14":{"start":{"line":39,"column":18},"end":{"line":41,"column":3}},"15":{"start":{"line":40,"column":4},"end":{"line":40,"column":58}},"16":{"start":{"line":42,"column":18},"end":{"line":44,"column":3}},"17":{"start":{"line":43,"column":4},"end":{"line":43,"column":58}},"18":{"start":{"line":45,"column":2},"end":{"line":112,"column":4}},"19":{"start":{"line":49,"column":30},"end":{"line":49,"column":57}}},"fnMap":{"0":{"name":"(anonymous_0)","decl":{"start":{"line":16,"column":24},"end":{"line":16,"column":25}},"loc":{"start":{"line":16,"column":38},"end":{"line":113,"column":1}},"line":16},"1":{"name":"(anonymous_1)","decl":{"start":{"line":17,"column":17},"end":{"line":17,"column":18}},"loc":{"start":{"line":17,"column":23},"end":{"line":19,"column":3}},"line":17},"2":{"name":"(anonymous_2)","decl":{"start":{"line":20,"column":18},"end":{"line":20,"column":19}},"loc":{"start":{"line":20,"column":24},"end":{"line":26,"column":3}},"line":20},"3":{"name":"(anonymous_3)","decl":{"start":{"line":27,"column":19},"end":{"line":27,"column":20}},"loc":{"start":{"line":27,"column":25},"end":{"line":29,"column":3}},"line":27},"4":{"name":"(anonymous_4)","decl":{"start":{"line":30,"column":18},"end":{"line":30,"column":19}},"loc":{"start":{"line":30,"column":24},"end":{"line":32,"column":3}},"line":30},"5":{"name":"(anonymous_5)","decl":{"start":{"line":33,"column":19},"end":{"line":33,"column":20}},"loc":{"start":{"line":33,"column":25},"end":{"line":35,"column":3}},"line":33},"6":{"name":"(anonymous_6)","decl":{"start":{"line":36,"column":22},"end":{"line":36,"column":23}},"loc":{"start":{"line":36,"column":28},"end":{"line":38,"column":3}},"line":36},"7":{"name":"(anonymous_7)","decl":{"start":{"line":39,"column":18},"end":{"line":39,"column":19}},"loc":{"start":{"line":39,"column":24},"end":{"line":41,"column":3}},"line":39},"8":{"name":"(anonymous_8)","decl":{"start":{"line":42,"column":18},"end":{"line":42,"column":19}},"loc":{"start":{"line":42,"column":24},"end":{"line":44,"column":3}},"line":42},"9":{"name":"(anonymous_9)","decl":{"start":{"line":49,"column":21},"end":{"line":49,"column":22}},"loc":{"start":{"line":49,"column":30},"end":{"line":49,"column":57}},"line":49}},"branchMap":{},"s":{"0":2,"1":2,"2":3,"3":0,"4":3,"5":0,"6":3,"7":0,"8":3,"9":0,"10":3,"11":0,"12":3,"13":0,"14":3,"15":0,"16":3,"17":0,"18":3,"19":0},"f":{"0":3,"1":0,"2":0,"3":0,"4":0,"5":0,"6":0,"7":0,"8":0,"9":0},"b":{},"_coverageSchema":"1a1c01bbd47fc00a2c39e90264f33305004495a9","hash":"c70b487d132d9b699dead9f1cad530001d210fc0"}
,"/home/nineleaps/Desktop/medicine_adherence_frnt/src/redux/actions/allTypes.js": {"path":"/home/nineleaps/Desktop/medicine_adherence_frnt/src/redux/actions/allTypes.js","statementMap":{"0":{"start":{"line":1,"column":17},"end":{"line":81,"column":1}}},"fnMap":{},"branchMap":{},"s":{"0":62},"f":{},"b":{},"_coverageSchema":"1a1c01bbd47fc00a2c39e90264f33305004495a9","hash":"4bcd1cab9b047bffa3302a2cd3b7782323fde65b"}
,"/home/nineleaps/Desktop/medicine_adherence_frnt/src/redux/actions/adherence/downloadPdfActions.js": {"path":"/home/nineleaps/Desktop/medicine_adherence_frnt/src/redux/actions/adherence/downloadPdfActions.js","statementMap":{"0":{"start":{"line":4,"column":2},"end":{"line":7,"column":4}},"1":{"start":{"line":11,"column":2},"end":{"line":14,"column":4}},"2":{"start":{"line":18,"column":2},"end":{"line":21,"column":4}},"3":{"start":{"line":24,"column":34},"end":{"line":28,"column":1}}},"fnMap":{"0":{"name":"downloadPdf","decl":{"start":{"line":3,"column":9},"end":{"line":3,"column":20}},"loc":{"start":{"line":3,"column":34},"end":{"line":8,"column":1}},"line":3},"1":{"name":"downloadPdfSuccess","decl":{"start":{"line":10,"column":9},"end":{"line":10,"column":27}},"loc":{"start":{"line":10,"column":34},"end":{"line":15,"column":1}},"line":10},"2":{"name":"downloadPdfError","decl":{"start":{"line":17,"column":9},"end":{"line":17,"column":25}},"loc":{"start":{"line":17,"column":33},"end":{"line":22,"column":1}},"line":17}},"branchMap":{},"s":{"0":1,"1":3,"2":3,"3":2},"f":{"0":1,"1":3,"2":3},"b":{},"_coverageSchema":"1a1c01bbd47fc00a2c39e90264f33305004495a9","hash":"f35dc39a523f5a9da243b3d596f91927f7390737"}
,"/home/nineleaps/Desktop/medicine_adherence_frnt/src/redux/actions/adherence/getMedHistoryActions.js": {"path":"/home/nineleaps/Desktop/medicine_adherence_frnt/src/redux/actions/adherence/getMedHistoryActions.js","statementMap":{"0":{"start":{"line":4,"column":2},"end":{"line":7,"column":4}},"1":{"start":{"line":11,"column":2},"end":{"line":14,"column":4}},"2":{"start":{"line":18,"column":2},"end":{"line":21,"column":4}},"3":{"start":{"line":24,"column":36},"end":{"line":28,"column":1}}},"fnMap":{"0":{"name":"getMedHistory","decl":{"start":{"line":3,"column":9},"end":{"line":3,"column":22}},"loc":{"start":{"line":3,"column":36},"end":{"line":8,"column":1}},"line":3},"1":{"name":"medHistorySuccess","decl":{"start":{"line":10,"column":9},"end":{"line":10,"column":26}},"loc":{"start":{"line":10,"column":33},"end":{"line":15,"column":1}},"line":10},"2":{"name":"medHistoryError","decl":{"start":{"line":17,"column":9},"end":{"line":17,"column":24}},"loc":{"start":{"line":17,"column":32},"end":{"line":22,"column":1}},"line":17}},"branchMap":{},"s":{"0":1,"1":3,"2":3,"3":2},"f":{"0":1,"1":3,"2":3},"b":{},"_coverageSchema":"1a1c01bbd47fc00a2c39e90264f33305004495a9","hash":"67f611d6cbbd49afa3826118e66e211b7137b4a2"}
,"/home/nineleaps/Desktop/medicine_adherence_frnt/src/redux/actions/adherence/medImagesActions.js": {"path":"/home/nineleaps/Desktop/medicine_adherence_frnt/src/redux/actions/adherence/medImagesActions.js","statementMap":{"0":{"start":{"line":6,"column":2},"end":{"line":9,"column":4}},"1":{"start":{"line":12,"column":2},"end":{"line":12,"column":26}},"2":{"start":{"line":13,"column":2},"end":{"line":16,"column":4}},"3":{"start":{"line":19,"column":2},"end":{"line":19,"column":28}},"4":{"start":{"line":20,"column":2},"end":{"line":23,"column":4}},"5":{"start":{"line":26,"column":32},"end":{"line":30,"column":1}}},"fnMap":{"0":{"name":"fetchMedImages","decl":{"start":{"line":5,"column":9},"end":{"line":5,"column":23}},"loc":{"start":{"line":5,"column":33},"end":{"line":10,"column":1}},"line":5},"1":{"name":"fetchMedImagesSuccess","decl":{"start":{"line":11,"column":9},"end":{"line":11,"column":30}},"loc":{"start":{"line":11,"column":37},"end":{"line":17,"column":1}},"line":11},"2":{"name":"fetchMedImagesError","decl":{"start":{"line":18,"column":9},"end":{"line":18,"column":28}},"loc":{"start":{"line":18,"column":36},"end":{"line":24,"column":1}},"line":18}},"branchMap":{},"s":{"0":1,"1":3,"2":3,"3":3,"4":3,"5":2},"f":{"0":1,"1":3,"2":3},"b":{},"_coverageSchema":"1a1c01bbd47fc00a2c39e90264f33305004495a9","hash":"f4719574be5108b48561c0d025d4d63417f4eda5"}
,"/home/nineleaps/Desktop/medicine_adherence_frnt/src/redux/actions/adherence/syncHistoryActions.js": {"path":"/home/nineleaps/Desktop/medicine_adherence_frnt/src/redux/actions/adherence/syncHistoryActions.js","statementMap":{"0":{"start":{"line":4,"column":2},"end":{"line":7,"column":4}},"1":{"start":{"line":10,"column":2},"end":{"line":10,"column":26}},"2":{"start":{"line":11,"column":2},"end":{"line":14,"column":4}},"3":{"start":{"line":17,"column":2},"end":{"line":17,"column":28}},"4":{"start":{"line":18,"column":2},"end":{"line":21,"column":4}},"5":{"start":{"line":24,"column":34},"end":{"line":28,"column":1}}},"fnMap":{"0":{"name":"syncHistory","decl":{"start":{"line":3,"column":9},"end":{"line":3,"column":20}},"loc":{"start":{"line":3,"column":29},"end":{"line":8,"column":1}},"line":3},"1":{"name":"syncHitsorySuccess","decl":{"start":{"line":9,"column":9},"end":{"line":9,"column":27}},"loc":{"start":{"line":9,"column":34},"end":{"line":15,"column":1}},"line":9},"2":{"name":"syncHistoryError","decl":{"start":{"line":16,"column":9},"end":{"line":16,"column":25}},"loc":{"start":{"line":16,"column":33},"end":{"line":22,"column":1}},"line":16}},"branchMap":{},"s":{"0":1,"1":3,"2":3,"3":3,"4":3,"5":2},"f":{"0":1,"1":3,"2":3},"b":{},"_coverageSchema":"1a1c01bbd47fc00a2c39e90264f33305004495a9","hash":"ca790955db4e6c26b053d84e10336e9549aac136"}
,"/home/nineleaps/Desktop/medicine_adherence_frnt/src/redux/actions/adherence/syncMedActions.js": {"path":"/home/nineleaps/Desktop/medicine_adherence_frnt/src/redux/actions/adherence/syncMedActions.js","statementMap":{"0":{"start":{"line":5,"column":2},"end":{"line":8,"column":4}},"1":{"start":{"line":11,"column":2},"end":{"line":11,"column":26}},"2":{"start":{"line":12,"column":2},"end":{"line":15,"column":4}},"3":{"start":{"line":18,"column":2},"end":{"line":18,"column":28}},"4":{"start":{"line":19,"column":2},"end":{"line":22,"column":4}},"5":{"start":{"line":25,"column":30},"end":{"line":29,"column":1}}},"fnMap":{"0":{"name":"syncMeds","decl":{"start":{"line":4,"column":9},"end":{"line":4,"column":17}},"loc":{"start":{"line":4,"column":27},"end":{"line":9,"column":1}},"line":4},"1":{"name":"syncMedSuccess","decl":{"start":{"line":10,"column":9},"end":{"line":10,"column":23}},"loc":{"start":{"line":10,"column":30},"end":{"line":16,"column":1}},"line":10},"2":{"name":"syncMedsError","decl":{"start":{"line":17,"column":9},"end":{"line":17,"column":22}},"loc":{"start":{"line":17,"column":30},"end":{"line":23,"column":1}},"line":17}},"branchMap":{},"s":{"0":1,"1":3,"2":3,"3":3,"4":3,"5":2},"f":{"0":1,"1":3,"2":3},"b":{},"_coverageSchema":"1a1c01bbd47fc00a2c39e90264f33305004495a9","hash":"4fbc7d7e0b3b8f3f046a51b526edcdd8adfe3fdd"}
,"/home/nineleaps/Desktop/medicine_adherence_frnt/src/redux/actions/caretaker/CaretakerActions.js": {"path":"/home/nineleaps/Desktop/medicine_adherence_frnt/src/redux/actions/caretaker/CaretakerActions.js","statementMap":{"0":{"start":{"line":5,"column":2},"end":{"line":8,"column":4}},"1":{"start":{"line":11,"column":2},"end":{"line":11,"column":26}},"2":{"start":{"line":12,"column":2},"end":{"line":15,"column":4}},"3":{"start":{"line":18,"column":2},"end":{"line":18,"column":28}},"4":{"start":{"line":19,"column":2},"end":{"line":22,"column":4}},"5":{"start":{"line":25,"column":32},"end":{"line":29,"column":1}}},"fnMap":{"0":{"name":"fetchCaretakers","decl":{"start":{"line":4,"column":24},"end":{"line":4,"column":39}},"loc":{"start":{"line":4,"column":47},"end":{"line":9,"column":1}},"line":4},"1":{"name":"fetchCaretakerssuccess","decl":{"start":{"line":10,"column":9},"end":{"line":10,"column":31}},"loc":{"start":{"line":10,"column":38},"end":{"line":16,"column":1}},"line":10},"2":{"name":"fetchCaretakerserror","decl":{"start":{"line":17,"column":9},"end":{"line":17,"column":29}},"loc":{"start":{"line":17,"column":37},"end":{"line":23,"column":1}},"line":17}},"branchMap":{},"s":{"0":1,"1":3,"2":3,"3":3,"4":3,"5":7},"f":{"0":1,"1":3,"2":3},"b":{},"_coverageSchema":"1a1c01bbd47fc00a2c39e90264f33305004495a9","hash":"f7c6def7d74e0cc91557a76ae0584b225362e4b1"}
,"/home/nineleaps/Desktop/medicine_adherence_frnt/src/redux/actions/caretaker/emailCaretakerActions.js": {"path":"/home/nineleaps/Desktop/medicine_adherence_frnt/src/redux/actions/caretaker/emailCaretakerActions.js","statementMap":{"0":{"start":{"line":4,"column":2},"end":{"line":7,"column":4}},"1":{"start":{"line":11,"column":2},"end":{"line":14,"column":4}},"2":{"start":{"line":18,"column":2},"end":{"line":21,"column":4}},"3":{"start":{"line":24,"column":37},"end":{"line":28,"column":1}}},"fnMap":{"0":{"name":"sendEmail","decl":{"start":{"line":3,"column":9},"end":{"line":3,"column":18}},"loc":{"start":{"line":3,"column":26},"end":{"line":8,"column":1}},"line":3},"1":{"name":"sendEmailSuccess","decl":{"start":{"line":9,"column":9},"end":{"line":9,"column":25}},"loc":{"start":{"line":9,"column":32},"end":{"line":15,"column":1}},"line":9},"2":{"name":"sendEmailFailed","decl":{"start":{"line":16,"column":9},"end":{"line":16,"column":24}},"loc":{"start":{"line":16,"column":32},"end":{"line":22,"column":1}},"line":16}},"branchMap":{},"s":{"0":1,"1":3,"2":3,"3":2},"f":{"0":1,"1":3,"2":3},"b":{},"_coverageSchema":"1a1c01bbd47fc00a2c39e90264f33305004495a9","hash":"77e8b62282ca60c1673b85a6a5d55437dd363bd6"}
,"/home/nineleaps/Desktop/medicine_adherence_frnt/src/redux/actions/caretaker/reqCaretakerActions.js": {"path":"/home/nineleaps/Desktop/medicine_adherence_frnt/src/redux/actions/caretaker/reqCaretakerActions.js","statementMap":{"0":{"start":{"line":5,"column":2},"end":{"line":8,"column":4}},"1":{"start":{"line":11,"column":2},"end":{"line":11,"column":26}},"2":{"start":{"line":12,"column":2},"end":{"line":15,"column":4}},"3":{"start":{"line":18,"column":2},"end":{"line":18,"column":28}},"4":{"start":{"line":19,"column":2},"end":{"line":22,"column":4}},"5":{"start":{"line":25,"column":35},"end":{"line":29,"column":1}}},"fnMap":{"0":{"name":"sendReqCaretaker","decl":{"start":{"line":4,"column":9},"end":{"line":4,"column":25}},"loc":{"start":{"line":4,"column":42},"end":{"line":9,"column":1}},"line":4},"1":{"name":"sendReqCaretakerSuccess","decl":{"start":{"line":10,"column":9},"end":{"line":10,"column":32}},"loc":{"start":{"line":10,"column":39},"end":{"line":16,"column":1}},"line":10},"2":{"name":"sendReqCaretakerFailed","decl":{"start":{"line":17,"column":9},"end":{"line":17,"column":31}},"loc":{"start":{"line":17,"column":39},"end":{"line":23,"column":1}},"line":17}},"branchMap":{},"s":{"0":1,"1":3,"2":3,"3":3,"4":3,"5":2},"f":{"0":1,"1":3,"2":3},"b":{},"_coverageSchema":"1a1c01bbd47fc00a2c39e90264f33305004495a9","hash":"dc28cb8b26eb70e306e5d9e18d22f71f3c3bbba8"}
,"/home/nineleaps/Desktop/medicine_adherence_frnt/src/redux/actions/caretaker/sendImageActions.js": {"path":"/home/nineleaps/Desktop/medicine_adherence_frnt/src/redux/actions/caretaker/sendImageActions.js","statementMap":{"0":{"start":{"line":4,"column":2},"end":{"line":7,"column":4}},"1":{"start":{"line":11,"column":2},"end":{"line":14,"column":4}},"2":{"start":{"line":18,"column":2},"end":{"line":21,"column":3}},"3":{"start":{"line":24,"column":32},"end":{"line":28,"column":1}}},"fnMap":{"0":{"name":"sendImageRequest","decl":{"start":{"line":3,"column":9},"end":{"line":3,"column":25}},"loc":{"start":{"line":3,"column":33},"end":{"line":8,"column":1}},"line":3},"1":{"name":"sendImageSuccess","decl":{"start":{"line":10,"column":9},"end":{"line":10,"column":25}},"loc":{"start":{"line":10,"column":32},"end":{"line":15,"column":1}},"line":10},"2":{"name":"sendImageFailed","decl":{"start":{"line":17,"column":9},"end":{"line":17,"column":24}},"loc":{"start":{"line":17,"column":32},"end":{"line":22,"column":1}},"line":17}},"branchMap":{},"s":{"0":1,"1":3,"2":3,"3":2},"f":{"0":1,"1":3,"2":3},"b":{},"_coverageSchema":"1a1c01bbd47fc00a2c39e90264f33305004495a9","hash":"576ba16669e48c61c763ffc384e85d3f54980a33"}
,"/home/nineleaps/Desktop/medicine_adherence_frnt/src/redux/actions/login/loginActions.js": {"path":"/home/nineleaps/Desktop/medicine_adherence_frnt/src/redux/actions/login/loginActions.js","statementMap":{"0":{"start":{"line":4,"column":2},"end":{"line":7,"column":4}},"1":{"start":{"line":10,"column":2},"end":{"line":10,"column":40}},"2":{"start":{"line":11,"column":2},"end":{"line":14,"column":4}},"3":{"start":{"line":17,"column":2},"end":{"line":17,"column":37}},"4":{"start":{"line":18,"column":2},"end":{"line":21,"column":4}},"5":{"start":{"line":24,"column":28},"end":{"line":28,"column":1}}},"fnMap":{"0":{"name":"sendLoginRequest","decl":{"start":{"line":3,"column":9},"end":{"line":3,"column":25}},"loc":{"start":{"line":3,"column":34},"end":{"line":8,"column":1}},"line":3},"1":{"name":"LoginSuccess","decl":{"start":{"line":9,"column":9},"end":{"line":9,"column":21}},"loc":{"start":{"line":9,"column":28},"end":{"line":15,"column":1}},"line":9},"2":{"name":"LoginFailure","decl":{"start":{"line":16,"column":9},"end":{"line":16,"column":21}},"loc":{"start":{"line":16,"column":29},"end":{"line":22,"column":1}},"line":16}},"branchMap":{},"s":{"0":1,"1":3,"2":3,"3":3,"4":3,"5":2},"f":{"0":1,"1":3,"2":3},"b":{},"_coverageSchema":"1a1c01bbd47fc00a2c39e90264f33305004495a9","hash":"f95bcb908aa7e29b4cb34573a9c25e7eda9b2efb"}
,"/home/nineleaps/Desktop/medicine_adherence_frnt/src/redux/actions/patient/PatientActions.js": {"path":"/home/nineleaps/Desktop/medicine_adherence_frnt/src/redux/actions/patient/PatientActions.js","statementMap":{"0":{"start":{"line":4,"column":2},"end":{"line":7,"column":4}},"1":{"start":{"line":10,"column":2},"end":{"line":13,"column":4}},"2":{"start":{"line":16,"column":2},"end":{"line":19,"column":4}},"3":{"start":{"line":22,"column":30},"end":{"line":26,"column":1}}},"fnMap":{"0":{"name":"fetchPatients","decl":{"start":{"line":3,"column":9},"end":{"line":3,"column":22}},"loc":{"start":{"line":3,"column":32},"end":{"line":8,"column":1}},"line":3},"1":{"name":"fetchPatientSuccess","decl":{"start":{"line":9,"column":9},"end":{"line":9,"column":28}},"loc":{"start":{"line":9,"column":35},"end":{"line":14,"column":1}},"line":9},"2":{"name":"fetchPatientError","decl":{"start":{"line":15,"column":9},"end":{"line":15,"column":26}},"loc":{"start":{"line":15,"column":34},"end":{"line":20,"column":1}},"line":15}},"branchMap":{},"s":{"0":1,"1":3,"2":3,"3":7},"f":{"0":1,"1":3,"2":3},"b":{},"_coverageSchema":"1a1c01bbd47fc00a2c39e90264f33305004495a9","hash":"96917d8b6eaf5292aa156330fef866a864b5c9c8"}
,"/home/nineleaps/Desktop/medicine_adherence_frnt/src/redux/actions/patient/PatientProfileActions.js": {"path":"/home/nineleaps/Desktop/medicine_adherence_frnt/src/redux/actions/patient/PatientProfileActions.js","statementMap":{"0":{"start":{"line":4,"column":2},"end":{"line":7,"column":4}},"1":{"start":{"line":10,"column":2},"end":{"line":13,"column":4}},"2":{"start":{"line":16,"column":2},"end":{"line":19,"column":4}},"3":{"start":{"line":22,"column":37},"end":{"line":26,"column":1}}},"fnMap":{"0":{"name":"fetchPatientDetails","decl":{"start":{"line":3,"column":9},"end":{"line":3,"column":28}},"loc":{"start":{"line":3,"column":38},"end":{"line":8,"column":1}},"line":3},"1":{"name":"fetchPatientDetailsSuccess","decl":{"start":{"line":9,"column":9},"end":{"line":9,"column":35}},"loc":{"start":{"line":9,"column":42},"end":{"line":14,"column":1}},"line":9},"2":{"name":"fetchPatientDetailsError","decl":{"start":{"line":15,"column":9},"end":{"line":15,"column":33}},"loc":{"start":{"line":15,"column":41},"end":{"line":20,"column":1}},"line":15}},"branchMap":{},"s":{"0":1,"1":3,"2":3,"3":2},"f":{"0":1,"1":3,"2":3},"b":{},"_coverageSchema":"1a1c01bbd47fc00a2c39e90264f33305004495a9","hash":"8b8311e0b0318af533340701457438cee200ffa7"}
,"/home/nineleaps/Desktop/medicine_adherence_frnt/src/redux/actions/patient/notifyPatientActions.js": {"path":"/home/nineleaps/Desktop/medicine_adherence_frnt/src/redux/actions/patient/notifyPatientActions.js","statementMap":{"0":{"start":{"line":4,"column":2},"end":{"line":7,"column":4}},"1":{"start":{"line":10,"column":2},"end":{"line":13,"column":4}},"2":{"start":{"line":16,"column":2},"end":{"line":19,"column":4}},"3":{"start":{"line":22,"column":36},"end":{"line":26,"column":1}}},"fnMap":{"0":{"name":"notifyPatients","decl":{"start":{"line":3,"column":9},"end":{"line":3,"column":23}},"loc":{"start":{"line":3,"column":33},"end":{"line":8,"column":1}},"line":3},"1":{"name":"notifyPatientsSuccess","decl":{"start":{"line":9,"column":9},"end":{"line":9,"column":30}},"loc":{"start":{"line":9,"column":37},"end":{"line":14,"column":1}},"line":9},"2":{"name":"notifyPatientsError","decl":{"start":{"line":15,"column":9},"end":{"line":15,"column":28}},"loc":{"start":{"line":15,"column":36},"end":{"line":20,"column":1}},"line":15}},"branchMap":{},"s":{"0":1,"1":3,"2":3,"3":2},"f":{"0":1,"1":3,"2":3},"b":{},"_coverageSchema":"1a1c01bbd47fc00a2c39e90264f33305004495a9","hash":"3edd766e319c22dc5bb6628ffb2619400768acae"}
,"/home/nineleaps/Desktop/medicine_adherence_frnt/src/redux/actions/patient/patientReqAcceptActions.js": {"path":"/home/nineleaps/Desktop/medicine_adherence_frnt/src/redux/actions/patient/patientReqAcceptActions.js","statementMap":{"0":{"start":{"line":5,"column":2},"end":{"line":8,"column":4}},"1":{"start":{"line":11,"column":2},"end":{"line":11,"column":26}},"2":{"start":{"line":12,"column":2},"end":{"line":15,"column":4}},"3":{"start":{"line":18,"column":2},"end":{"line":18,"column":28}},"4":{"start":{"line":19,"column":2},"end":{"line":22,"column":4}},"5":{"start":{"line":25,"column":39},"end":{"line":29,"column":1}}},"fnMap":{"0":{"name":"acceptPatientReq","decl":{"start":{"line":4,"column":9},"end":{"line":4,"column":25}},"loc":{"start":{"line":4,"column":41},"end":{"line":9,"column":1}},"line":4},"1":{"name":"acceptPatientReqSuccess","decl":{"start":{"line":10,"column":9},"end":{"line":10,"column":32}},"loc":{"start":{"line":10,"column":39},"end":{"line":16,"column":1}},"line":10},"2":{"name":"acceptPatientReqError","decl":{"start":{"line":17,"column":9},"end":{"line":17,"column":30}},"loc":{"start":{"line":17,"column":38},"end":{"line":23,"column":1}},"line":17}},"branchMap":{},"s":{"0":1,"1":3,"2":3,"3":3,"4":3,"5":2},"f":{"0":1,"1":3,"2":3},"b":{},"_coverageSchema":"1a1c01bbd47fc00a2c39e90264f33305004495a9","hash":"f38a699e88925867ee07ce9896f55ebd9a470b5a"}
,"/home/nineleaps/Desktop/medicine_adherence_frnt/src/redux/actions/patient/patientReqActions.js": {"path":"/home/nineleaps/Desktop/medicine_adherence_frnt/src/redux/actions/patient/patientReqActions.js","statementMap":{"0":{"start":{"line":6,"column":2},"end":{"line":9,"column":4}},"1":{"start":{"line":12,"column":2},"end":{"line":12,"column":26}},"2":{"start":{"line":13,"column":2},"end":{"line":16,"column":4}},"3":{"start":{"line":19,"column":2},"end":{"line":19,"column":28}},"4":{"start":{"line":20,"column":2},"end":{"line":23,"column":4}},"5":{"start":{"line":26,"column":33},"end":{"line":30,"column":1}}},"fnMap":{"0":{"name":"fetchPatientReq","decl":{"start":{"line":5,"column":9},"end":{"line":5,"column":24}},"loc":{"start":{"line":5,"column":34},"end":{"line":10,"column":1}},"line":5},"1":{"name":"fetchPatientReqSuccess","decl":{"start":{"line":11,"column":9},"end":{"line":11,"column":31}},"loc":{"start":{"line":11,"column":38},"end":{"line":17,"column":1}},"line":11},"2":{"name":"fetchPatientReqError","decl":{"start":{"line":18,"column":9},"end":{"line":18,"column":29}},"loc":{"start":{"line":18,"column":37},"end":{"line":24,"column":1}},"line":18}},"branchMap":{},"s":{"0":1,"1":3,"2":3,"3":3,"4":3,"5":2},"f":{"0":1,"1":3,"2":3},"b":{},"_coverageSchema":"1a1c01bbd47fc00a2c39e90264f33305004495a9","hash":"31e519831fe00372158975220ee1e97619740f85"}
,"/home/nineleaps/Desktop/medicine_adherence_frnt/src/redux/actions/patient/patientReqDeleteActions.js": {"path":"/home/nineleaps/Desktop/medicine_adherence_frnt/src/redux/actions/patient/patientReqDeleteActions.js","statementMap":{"0":{"start":{"line":6,"column":2},"end":{"line":9,"column":4}},"1":{"start":{"line":12,"column":2},"end":{"line":12,"column":26}},"2":{"start":{"line":13,"column":2},"end":{"line":16,"column":4}},"3":{"start":{"line":19,"column":2},"end":{"line":19,"column":28}},"4":{"start":{"line":20,"column":2},"end":{"line":23,"column":4}},"5":{"start":{"line":26,"column":39},"end":{"line":30,"column":1}}},"fnMap":{"0":{"name":"deletePatientReq","decl":{"start":{"line":5,"column":9},"end":{"line":5,"column":25}},"loc":{"start":{"line":5,"column":33},"end":{"line":10,"column":1}},"line":5},"1":{"name":"deletePatientReqSuccess","decl":{"start":{"line":11,"column":9},"end":{"line":11,"column":32}},"loc":{"start":{"line":11,"column":39},"end":{"line":17,"column":1}},"line":11},"2":{"name":"deletePatientReqError","decl":{"start":{"line":18,"column":9},"end":{"line":18,"column":30}},"loc":{"start":{"line":18,"column":38},"end":{"line":24,"column":1}},"line":18}},"branchMap":{},"s":{"0":1,"1":3,"2":3,"3":3,"4":3,"5":2},"f":{"0":1,"1":3,"2":3},"b":{},"_coverageSchema":"1a1c01bbd47fc00a2c39e90264f33305004495a9","hash":"db3afa01c0f29afcda09ace0e8e3a59403a99d77"}
,"/home/nineleaps/Desktop/medicine_adherence_frnt/src/redux/actions/profile/ProfileActions.js": {"path":"/home/nineleaps/Desktop/medicine_adherence_frnt/src/redux/actions/profile/ProfileActions.js","statementMap":{"0":{"start":{"line":6,"column":2},"end":{"line":9,"column":4}},"1":{"start":{"line":12,"column":2},"end":{"line":12,"column":26}},"2":{"start":{"line":13,"column":2},"end":{"line":16,"column":4}},"3":{"start":{"line":19,"column":2},"end":{"line":19,"column":28}},"4":{"start":{"line":20,"column":2},"end":{"line":23,"column":4}},"5":{"start":{"line":26,"column":30},"end":{"line":30,"column":1}}},"fnMap":{"0":{"name":"saveProfile","decl":{"start":{"line":5,"column":9},"end":{"line":5,"column":20}},"loc":{"start":{"line":5,"column":30},"end":{"line":10,"column":1}},"line":5},"1":{"name":"saveProfileSuccess","decl":{"start":{"line":11,"column":9},"end":{"line":11,"column":27}},"loc":{"start":{"line":11,"column":34},"end":{"line":17,"column":1}},"line":11},"2":{"name":"saveProfileFailed","decl":{"start":{"line":18,"column":9},"end":{"line":18,"column":26}},"loc":{"start":{"line":18,"column":34},"end":{"line":24,"column":1}},"line":18}},"branchMap":{},"s":{"0":1,"1":3,"2":3,"3":3,"4":3,"5":2},"f":{"0":1,"1":3,"2":3},"b":{},"_coverageSchema":"1a1c01bbd47fc00a2c39e90264f33305004495a9","hash":"b017adba0507c2a66221e6c4022b1af757ca6780"}
,"/home/nineleaps/Desktop/medicine_adherence_frnt/src/redux/actions/signup/signupActions.js": {"path":"/home/nineleaps/Desktop/medicine_adherence_frnt/src/redux/actions/signup/signupActions.js","statementMap":{"0":{"start":{"line":5,"column":2},"end":{"line":8,"column":4}},"1":{"start":{"line":11,"column":2},"end":{"line":11,"column":26}},"2":{"start":{"line":12,"column":2},"end":{"line":15,"column":4}},"3":{"start":{"line":18,"column":2},"end":{"line":18,"column":28}},"4":{"start":{"line":19,"column":2},"end":{"line":22,"column":4}},"5":{"start":{"line":25,"column":29},"end":{"line":29,"column":1}}},"fnMap":{"0":{"name":"sendSignupRequest","decl":{"start":{"line":4,"column":9},"end":{"line":4,"column":26}},"loc":{"start":{"line":4,"column":35},"end":{"line":9,"column":1}},"line":4},"1":{"name":"SignupSuccess","decl":{"start":{"line":10,"column":9},"end":{"line":10,"column":22}},"loc":{"start":{"line":10,"column":29},"end":{"line":16,"column":1}},"line":10},"2":{"name":"SignupFailure","decl":{"start":{"line":17,"column":9},"end":{"line":17,"column":22}},"loc":{"start":{"line":17,"column":30},"end":{"line":23,"column":1}},"line":17}},"branchMap":{},"s":{"0":1,"1":3,"2":3,"3":3,"4":3,"5":2},"f":{"0":1,"1":3,"2":3},"b":{},"_coverageSchema":"1a1c01bbd47fc00a2c39e90264f33305004495a9","hash":"279022c52ccb4326b5c2022eed63c40d64b0f4f5"}
,"/home/nineleaps/Desktop/medicine_adherence_frnt/src/redux/apis/access.js": {"path":"/home/nineleaps/Desktop/medicine_adherence_frnt/src/redux/apis/access.js","statementMap":{"0":{"start":{"line":2,"column":26},"end":{"line":36,"column":1}},"1":{"start":{"line":4,"column":30},"end":{"line":4,"column":36}},"2":{"start":{"line":5,"column":14},"end":{"line":5,"column":38}},"3":{"start":{"line":6,"column":4},"end":{"line":6,"column":47}},"4":{"start":{"line":7,"column":4},"end":{"line":7,"column":60}},"5":{"start":{"line":9,"column":21},"end":{"line":18,"column":6}},"6":{"start":{"line":19,"column":4},"end":{"line":19,"column":20}},"7":{"start":{"line":22,"column":30},"end":{"line":22,"column":36}},"8":{"start":{"line":23,"column":14},"end":{"line":23,"column":37}},"9":{"start":{"line":24,"column":21},"end":{"line":33,"column":6}},"10":{"start":{"line":34,"column":4},"end":{"line":34,"column":20}}},"fnMap":{"0":{"name":"(anonymous_0)","decl":{"start":{"line":3,"column":10},"end":{"line":3,"column":11}},"loc":{"start":{"line":3,"column":28},"end":{"line":20,"column":3}},"line":3},"1":{"name":"(anonymous_1)","decl":{"start":{"line":21,"column":13},"end":{"line":21,"column":14}},"loc":{"start":{"line":21,"column":31},"end":{"line":35,"column":3}},"line":21}},"branchMap":{},"s":{"0":5,"1":0,"2":0,"3":0,"4":0,"5":0,"6":0,"7":0,"8":0,"9":0,"10":0},"f":{"0":0,"1":0},"b":{},"_coverageSchema":"1a1c01bbd47fc00a2c39e90264f33305004495a9","hash":"340a6312afb3fa9a6d7e559aaeae71d2c6c0c00a"}
,"/home/nineleaps/Desktop/medicine_adherence_frnt/src/redux/apis/adherence.js": {"path":"/home/nineleaps/Desktop/medicine_adherence_frnt/src/redux/apis/adherence.js","statementMap":{"0":{"start":{"line":4,"column":18},"end":{"line":33,"column":1}},"1":{"start":{"line":6,"column":32},"end":{"line":6,"column":38}},"2":{"start":{"line":7,"column":19},"end":{"line":13,"column":6}},"3":{"start":{"line":14,"column":4},"end":{"line":14,"column":20}},"4":{"start":{"line":17,"column":21},"end":{"line":17,"column":79}},"5":{"start":{"line":18,"column":4},"end":{"line":18,"column":25}},"6":{"start":{"line":21,"column":21},"end":{"line":21,"column":81}},"7":{"start":{"line":22,"column":4},"end":{"line":22,"column":25}},"8":{"start":{"line":25,"column":21},"end":{"line":25,"column":72}},"9":{"start":{"line":26,"column":4},"end":{"line":26,"column":25}},"10":{"start":{"line":29,"column":21},"end":{"line":29,"column":84}},"11":{"start":{"line":30,"column":4},"end":{"line":30,"column":25}}},"fnMap":{"0":{"name":"(anonymous_0)","decl":{"start":{"line":5,"column":23},"end":{"line":5,"column":24}},"loc":{"start":{"line":5,"column":41},"end":{"line":15,"column":3}},"line":5},"1":{"name":"fetchmedimages","decl":{"start":{"line":16,"column":28},"end":{"line":16,"column":42}},"loc":{"start":{"line":16,"column":52},"end":{"line":19,"column":3}},"line":16},"2":{"name":"downloadPdf","decl":{"start":{"line":20,"column":30},"end":{"line":20,"column":41}},"loc":{"start":{"line":20,"column":51},"end":{"line":23,"column":3}},"line":20},"3":{"name":"syncMeds","decl":{"start":{"line":24,"column":27},"end":{"line":24,"column":35}},"loc":{"start":{"line":24,"column":45},"end":{"line":27,"column":3}},"line":24},"4":{"name":"getMedHistory","decl":{"start":{"line":28,"column":32},"end":{"line":28,"column":45}},"loc":{"start":{"line":28,"column":55},"end":{"line":31,"column":3}},"line":28}},"branchMap":{},"s":{"0":8,"1":1,"2":1,"3":0,"4":1,"5":0,"6":1,"7":0,"8":1,"9":0,"10":1,"11":0},"f":{"0":1,"1":1,"2":1,"3":1,"4":1},"b":{},"_coverageSchema":"1a1c01bbd47fc00a2c39e90264f33305004495a9","hash":"4314fa57d9de912d1162fccb9677e832bb6edc24"}
,"/home/nineleaps/Desktop/medicine_adherence_frnt/src/redux/apis/axios.js": {"path":"/home/nineleaps/Desktop/medicine_adherence_frnt/src/redux/apis/axios.js","statementMap":{"0":{"start":{"line":4,"column":14},"end":{"line":7,"column":2}}},"fnMap":{},"branchMap":{},"s":{"0":22},"f":{},"b":{},"_coverageSchema":"1a1c01bbd47fc00a2c39e90264f33305004495a9","hash":"684c67a27483b66bf96bf2c2b73716b406fe5c46"}
,"/home/nineleaps/Desktop/medicine_adherence_frnt/src/redux/apis/careTaker.js": {"path":"/home/nineleaps/Desktop/medicine_adherence_frnt/src/redux/apis/careTaker.js","statementMap":{"0":{"start":{"line":3,"column":25},"end":{"line":26,"column":1}},"1":{"start":{"line":5,"column":21},"end":{"line":7,"column":5}},"2":{"start":{"line":8,"column":4},"end":{"line":8,"column":25}},"3":{"start":{"line":11,"column":21},"end":{"line":13,"column":5}},"4":{"start":{"line":14,"column":4},"end":{"line":14,"column":25}},"5":{"start":{"line":17,"column":21},"end":{"line":17,"column":68}},"6":{"start":{"line":18,"column":4},"end":{"line":18,"column":25}},"7":{"start":{"line":21,"column":21},"end":{"line":23,"column":5}},"8":{"start":{"line":24,"column":4},"end":{"line":24,"column":25}}},"fnMap":{"0":{"name":"name","decl":{"start":{"line":4,"column":33},"end":{"line":4,"column":37}},"loc":{"start":{"line":4,"column":47},"end":{"line":9,"column":3}},"line":4},"1":{"name":"fetchcaretaker","decl":{"start":{"line":10,"column":28},"end":{"line":10,"column":42}},"loc":{"start":{"line":10,"column":52},"end":{"line":15,"column":3}},"line":10},"2":{"name":"reqcaretaker","decl":{"start":{"line":16,"column":31},"end":{"line":16,"column":43}},"loc":{"start":{"line":16,"column":53},"end":{"line":19,"column":3}},"line":16},"3":{"name":"sendimages","decl":{"start":{"line":20,"column":28},"end":{"line":20,"column":38}},"loc":{"start":{"line":20,"column":48},"end":{"line":25,"column":3}},"line":20}},"branchMap":{},"s":{"0":5,"1":1,"2":0,"3":1,"4":0,"5":1,"6":0,"7":1,"8":0},"f":{"0":1,"1":1,"2":1,"3":1},"b":{},"_coverageSchema":"1a1c01bbd47fc00a2c39e90264f33305004495a9","hash":"472d395bc9598bcfdfe29803f1ede0740a72bef2"}
,"/home/nineleaps/Desktop/medicine_adherence_frnt/src/redux/apis/patient.js": {"path":"/home/nineleaps/Desktop/medicine_adherence_frnt/src/redux/apis/patient.js","statementMap":{"0":{"start":{"line":3,"column":23},"end":{"line":28,"column":1}},"1":{"start":{"line":5,"column":21},"end":{"line":5,"column":86}},"2":{"start":{"line":6,"column":4},"end":{"line":6,"column":25}},"3":{"start":{"line":9,"column":21},"end":{"line":9,"column":85}},"4":{"start":{"line":10,"column":4},"end":{"line":10,"column":25}},"5":{"start":{"line":13,"column":21},"end":{"line":13,"column":81}},"6":{"start":{"line":14,"column":4},"end":{"line":14,"column":25}},"7":{"start":{"line":17,"column":21},"end":{"line":17,"column":62}},"8":{"start":{"line":18,"column":4},"end":{"line":18,"column":25}},"9":{"start":{"line":21,"column":21},"end":{"line":21,"column":62}},"10":{"start":{"line":22,"column":4},"end":{"line":22,"column":25}},"11":{"start":{"line":25,"column":21},"end":{"line":25,"column":85}},"12":{"start":{"line":26,"column":4},"end":{"line":26,"column":25}}},"fnMap":{"0":{"name":"fetchPatient","decl":{"start":{"line":4,"column":30},"end":{"line":4,"column":42}},"loc":{"start":{"line":4,"column":52},"end":{"line":7,"column":3}},"line":4},"1":{"name":"fetchpatientdetail","decl":{"start":{"line":8,"column":33},"end":{"line":8,"column":51}},"loc":{"start":{"line":8,"column":61},"end":{"line":11,"column":3}},"line":8},"2":{"name":"fetchpatientreq","decl":{"start":{"line":12,"column":29},"end":{"line":12,"column":44}},"loc":{"start":{"line":12,"column":54},"end":{"line":15,"column":3}},"line":12},"3":{"name":"fetchpatientreqaccept","decl":{"start":{"line":16,"column":28},"end":{"line":16,"column":49}},"loc":{"start":{"line":16,"column":59},"end":{"line":19,"column":3}},"line":16},"4":{"name":"fetchpatientreqdelete","decl":{"start":{"line":20,"column":28},"end":{"line":20,"column":49}},"loc":{"start":{"line":20,"column":59},"end":{"line":23,"column":3}},"line":20},"5":{"name":"notifypatient","decl":{"start":{"line":24,"column":32},"end":{"line":24,"column":45}},"loc":{"start":{"line":24,"column":55},"end":{"line":27,"column":3}},"line":24}},"branchMap":{},"s":{"0":7,"1":1,"2":0,"3":1,"4":0,"5":1,"6":0,"7":1,"8":0,"9":1,"10":0,"11":1,"12":0},"f":{"0":1,"1":1,"2":1,"3":1,"4":1,"5":1},"b":{},"_coverageSchema":"1a1c01bbd47fc00a2c39e90264f33305004495a9","hash":"5476f322c9b80b7f7921b33038c399070abaa38c"}
,"/home/nineleaps/Desktop/medicine_adherence_frnt/src/redux/apis/profile.js": {"path":"/home/nineleaps/Desktop/medicine_adherence_frnt/src/redux/apis/profile.js","statementMap":{"0":{"start":{"line":3,"column":23},"end":{"line":8,"column":1}},"1":{"start":{"line":5,"column":25},"end":{"line":5,"column":86}},"2":{"start":{"line":6,"column":8},"end":{"line":6,"column":29}}},"fnMap":{"0":{"name":"saveprofile","decl":{"start":{"line":4,"column":32},"end":{"line":4,"column":43}},"loc":{"start":{"line":4,"column":53},"end":{"line":7,"column":7}},"line":4}},"branchMap":{},"s":{"0":2,"1":1,"2":0},"f":{"0":1},"b":{},"_coverageSchema":"1a1c01bbd47fc00a2c39e90264f33305004495a9","hash":"992786fad849c5864d0d6dba0c4a782c3893ca6c"}
,"/home/nineleaps/Desktop/medicine_adherence_frnt/src/redux/reducers/adherence/downloadPdfReducer.js": {"path":"/home/nineleaps/Desktop/medicine_adherence_frnt/src/redux/reducers/adherence/downloadPdfReducer.js","statementMap":{"0":{"start":{"line":2,"column":28},"end":{"line":6,"column":1}},"1":{"start":{"line":7,"column":27},"end":{"line":18,"column":1}},"2":{"start":{"line":8,"column":2},"end":{"line":17,"column":3}},"3":{"start":{"line":10,"column":6},"end":{"line":10,"column":54}},"4":{"start":{"line":12,"column":6},"end":{"line":12,"column":62}},"5":{"start":{"line":14,"column":6},"end":{"line":14,"column":61}},"6":{"start":{"line":16,"column":6},"end":{"line":16,"column":26}}},"fnMap":{"0":{"name":"(anonymous_0)","decl":{"start":{"line":7,"column":27},"end":{"line":7,"column":28}},"loc":{"start":{"line":7,"column":61},"end":{"line":18,"column":1}},"line":7}},"branchMap":{"0":{"loc":{"start":{"line":7,"column":28},"end":{"line":7,"column":48}},"type":"default-arg","locations":[{"start":{"line":7,"column":36},"end":{"line":7,"column":48}}],"line":7},"1":{"loc":{"start":{"line":8,"column":2},"end":{"line":17,"column":3}},"type":"switch","locations":[{"start":{"line":9,"column":4},"end":{"line":10,"column":54}},{"start":{"line":11,"column":4},"end":{"line":12,"column":62}},{"start":{"line":13,"column":4},"end":{"line":14,"column":61}},{"start":{"line":15,"column":4},"end":{"line":16,"column":26}}],"line":8}},"s":{"0":1,"1":1,"2":4,"3":1,"4":1,"5":1,"6":1},"f":{"0":4},"b":{"0":[1],"1":[1,1,1,1]},"_coverageSchema":"1a1c01bbd47fc00a2c39e90264f33305004495a9","hash":"705c5f925404b3f692c6f19b2ed5b8849bd0df0c"}
,"/home/nineleaps/Desktop/medicine_adherence_frnt/src/redux/reducers/adherence/getMedHistoryReducer.js": {"path":"/home/nineleaps/Desktop/medicine_adherence_frnt/src/redux/reducers/adherence/getMedHistoryReducer.js","statementMap":{"0":{"start":{"line":2,"column":28},"end":{"line":6,"column":1}},"1":{"start":{"line":7,"column":29},"end":{"line":18,"column":1}},"2":{"start":{"line":8,"column":2},"end":{"line":17,"column":3}},"3":{"start":{"line":10,"column":6},"end":{"line":10,"column":54}},"4":{"start":{"line":12,"column":6},"end":{"line":12,"column":62}},"5":{"start":{"line":14,"column":6},"end":{"line":14,"column":61}},"6":{"start":{"line":16,"column":6},"end":{"line":16,"column":26}}},"fnMap":{"0":{"name":"(anonymous_0)","decl":{"start":{"line":7,"column":29},"end":{"line":7,"column":30}},"loc":{"start":{"line":7,"column":63},"end":{"line":18,"column":1}},"line":7}},"branchMap":{"0":{"loc":{"start":{"line":7,"column":30},"end":{"line":7,"column":50}},"type":"default-arg","locations":[{"start":{"line":7,"column":38},"end":{"line":7,"column":50}}],"line":7},"1":{"loc":{"start":{"line":8,"column":2},"end":{"line":17,"column":3}},"type":"switch","locations":[{"start":{"line":9,"column":4},"end":{"line":10,"column":54}},{"start":{"line":11,"column":4},"end":{"line":12,"column":62}},{"start":{"line":13,"column":4},"end":{"line":14,"column":61}},{"start":{"line":15,"column":4},"end":{"line":16,"column":26}}],"line":8}},"s":{"0":1,"1":1,"2":4,"3":1,"4":1,"5":1,"6":1},"f":{"0":4},"b":{"0":[1],"1":[1,1,1,1]},"_coverageSchema":"1a1c01bbd47fc00a2c39e90264f33305004495a9","hash":"2a2c92cccc27e31ac042e34148a426e1bf428f97"}
,"/home/nineleaps/Desktop/medicine_adherence_frnt/src/redux/reducers/adherence/medImagesReducer.js": {"path":"/home/nineleaps/Desktop/medicine_adherence_frnt/src/redux/reducers/adherence/medImagesReducer.js","statementMap":{"0":{"start":{"line":2,"column":28},"end":{"line":6,"column":1}},"1":{"start":{"line":7,"column":25},"end":{"line":18,"column":1}},"2":{"start":{"line":8,"column":2},"end":{"line":17,"column":3}},"3":{"start":{"line":10,"column":6},"end":{"line":10,"column":54}},"4":{"start":{"line":12,"column":6},"end":{"line":12,"column":62}},"5":{"start":{"line":14,"column":6},"end":{"line":14,"column":61}},"6":{"start":{"line":16,"column":6},"end":{"line":16,"column":26}}},"fnMap":{"0":{"name":"(anonymous_0)","decl":{"start":{"line":7,"column":25},"end":{"line":7,"column":26}},"loc":{"start":{"line":7,"column":59},"end":{"line":18,"column":1}},"line":7}},"branchMap":{"0":{"loc":{"start":{"line":7,"column":26},"end":{"line":7,"column":46}},"type":"default-arg","locations":[{"start":{"line":7,"column":34},"end":{"line":7,"column":46}}],"line":7},"1":{"loc":{"start":{"line":8,"column":2},"end":{"line":17,"column":3}},"type":"switch","locations":[{"start":{"line":9,"column":4},"end":{"line":10,"column":54}},{"start":{"line":11,"column":4},"end":{"line":12,"column":62}},{"start":{"line":13,"column":4},"end":{"line":14,"column":61}},{"start":{"line":15,"column":4},"end":{"line":16,"column":26}}],"line":8}},"s":{"0":1,"1":1,"2":4,"3":1,"4":1,"5":1,"6":1},"f":{"0":4},"b":{"0":[1],"1":[1,1,1,1]},"_coverageSchema":"1a1c01bbd47fc00a2c39e90264f33305004495a9","hash":"a2dd1e17969bcd3ae5716fd66ae64404f6c5b525"}
,"/home/nineleaps/Desktop/medicine_adherence_frnt/src/redux/reducers/adherence/syncHistoryReducer.js": {"path":"/home/nineleaps/Desktop/medicine_adherence_frnt/src/redux/reducers/adherence/syncHistoryReducer.js","statementMap":{"0":{"start":{"line":2,"column":28},"end":{"line":6,"column":1}},"1":{"start":{"line":7,"column":27},"end":{"line":18,"column":1}},"2":{"start":{"line":8,"column":2},"end":{"line":17,"column":3}},"3":{"start":{"line":10,"column":6},"end":{"line":10,"column":54}},"4":{"start":{"line":12,"column":6},"end":{"line":12,"column":62}},"5":{"start":{"line":14,"column":6},"end":{"line":14,"column":61}},"6":{"start":{"line":16,"column":6},"end":{"line":16,"column":26}}},"fnMap":{"0":{"name":"(anonymous_0)","decl":{"start":{"line":7,"column":27},"end":{"line":7,"column":28}},"loc":{"start":{"line":7,"column":61},"end":{"line":18,"column":1}},"line":7}},"branchMap":{"0":{"loc":{"start":{"line":7,"column":28},"end":{"line":7,"column":48}},"type":"default-arg","locations":[{"start":{"line":7,"column":36},"end":{"line":7,"column":48}}],"line":7},"1":{"loc":{"start":{"line":8,"column":2},"end":{"line":17,"column":3}},"type":"switch","locations":[{"start":{"line":9,"column":4},"end":{"line":10,"column":54}},{"start":{"line":11,"column":4},"end":{"line":12,"column":62}},{"start":{"line":13,"column":4},"end":{"line":14,"column":61}},{"start":{"line":15,"column":4},"end":{"line":16,"column":26}}],"line":8}},"s":{"0":1,"1":1,"2":4,"3":1,"4":1,"5":1,"6":1},"f":{"0":4},"b":{"0":[1],"1":[1,1,1,1]},"_coverageSchema":"1a1c01bbd47fc00a2c39e90264f33305004495a9","hash":"5bd221f58b229142e9fc96e492835aa8fb67f174"}
,"/home/nineleaps/Desktop/medicine_adherence_frnt/src/redux/reducers/adherence/syncMedReducers.js": {"path":"/home/nineleaps/Desktop/medicine_adherence_frnt/src/redux/reducers/adherence/syncMedReducers.js","statementMap":{"0":{"start":{"line":2,"column":28},"end":{"line":6,"column":1}},"1":{"start":{"line":7,"column":24},"end":{"line":18,"column":1}},"2":{"start":{"line":8,"column":2},"end":{"line":17,"column":3}},"3":{"start":{"line":10,"column":6},"end":{"line":10,"column":54}},"4":{"start":{"line":12,"column":6},"end":{"line":12,"column":62}},"5":{"start":{"line":14,"column":6},"end":{"line":14,"column":61}},"6":{"start":{"line":16,"column":6},"end":{"line":16,"column":26}}},"fnMap":{"0":{"name":"(anonymous_0)","decl":{"start":{"line":7,"column":24},"end":{"line":7,"column":25}},"loc":{"start":{"line":7,"column":58},"end":{"line":18,"column":1}},"line":7}},"branchMap":{"0":{"loc":{"start":{"line":7,"column":25},"end":{"line":7,"column":45}},"type":"default-arg","locations":[{"start":{"line":7,"column":33},"end":{"line":7,"column":45}}],"line":7},"1":{"loc":{"start":{"line":8,"column":2},"end":{"line":17,"column":3}},"type":"switch","locations":[{"start":{"line":9,"column":4},"end":{"line":10,"column":54}},{"start":{"line":11,"column":4},"end":{"line":12,"column":62}},{"start":{"line":13,"column":4},"end":{"line":14,"column":61}},{"start":{"line":15,"column":4},"end":{"line":16,"column":26}}],"line":8}},"s":{"0":1,"1":1,"2":4,"3":1,"4":1,"5":1,"6":1},"f":{"0":4},"b":{"0":[1],"1":[1,1,1,1]},"_coverageSchema":"1a1c01bbd47fc00a2c39e90264f33305004495a9","hash":"d22ca9d49b34d985c739242a39ea09fd826ac12e"}
,"/home/nineleaps/Desktop/medicine_adherence_frnt/src/redux/reducers/caretaker/CareTakerReducer.js": {"path":"/home/nineleaps/Desktop/medicine_adherence_frnt/src/redux/reducers/caretaker/CareTakerReducer.js","statementMap":{"0":{"start":{"line":2,"column":28},"end":{"line":6,"column":1}},"1":{"start":{"line":7,"column":25},"end":{"line":18,"column":1}},"2":{"start":{"line":8,"column":2},"end":{"line":17,"column":3}},"3":{"start":{"line":10,"column":6},"end":{"line":10,"column":54}},"4":{"start":{"line":12,"column":6},"end":{"line":12,"column":62}},"5":{"start":{"line":14,"column":6},"end":{"line":14,"column":61}},"6":{"start":{"line":16,"column":6},"end":{"line":16,"column":26}}},"fnMap":{"0":{"name":"(anonymous_0)","decl":{"start":{"line":7,"column":25},"end":{"line":7,"column":26}},"loc":{"start":{"line":7,"column":59},"end":{"line":18,"column":1}},"line":7}},"branchMap":{"0":{"loc":{"start":{"line":7,"column":26},"end":{"line":7,"column":46}},"type":"default-arg","locations":[{"start":{"line":7,"column":34},"end":{"line":7,"column":46}}],"line":7},"1":{"loc":{"start":{"line":8,"column":2},"end":{"line":17,"column":3}},"type":"switch","locations":[{"start":{"line":9,"column":4},"end":{"line":10,"column":54}},{"start":{"line":11,"column":4},"end":{"line":12,"column":62}},{"start":{"line":13,"column":4},"end":{"line":14,"column":61}},{"start":{"line":15,"column":4},"end":{"line":16,"column":26}}],"line":8}},"s":{"0":1,"1":1,"2":4,"3":1,"4":1,"5":1,"6":1},"f":{"0":4},"b":{"0":[1],"1":[1,1,1,1]},"_coverageSchema":"1a1c01bbd47fc00a2c39e90264f33305004495a9","hash":"b74f5cfcb8ad3a263e368c21a6b2ec27fd3bc291"}
,"/home/nineleaps/Desktop/medicine_adherence_frnt/src/redux/reducers/caretaker/emailCaretakerReducer.js": {"path":"/home/nineleaps/Desktop/medicine_adherence_frnt/src/redux/reducers/caretaker/emailCaretakerReducer.js","statementMap":{"0":{"start":{"line":2,"column":28},"end":{"line":6,"column":1}},"1":{"start":{"line":7,"column":30},"end":{"line":18,"column":1}},"2":{"start":{"line":8,"column":2},"end":{"line":17,"column":3}},"3":{"start":{"line":10,"column":6},"end":{"line":10,"column":54}},"4":{"start":{"line":12,"column":6},"end":{"line":12,"column":62}},"5":{"start":{"line":14,"column":6},"end":{"line":14,"column":61}},"6":{"start":{"line":16,"column":6},"end":{"line":16,"column":26}}},"fnMap":{"0":{"name":"(anonymous_0)","decl":{"start":{"line":7,"column":30},"end":{"line":7,"column":31}},"loc":{"start":{"line":7,"column":64},"end":{"line":18,"column":1}},"line":7}},"branchMap":{"0":{"loc":{"start":{"line":7,"column":31},"end":{"line":7,"column":51}},"type":"default-arg","locations":[{"start":{"line":7,"column":39},"end":{"line":7,"column":51}}],"line":7},"1":{"loc":{"start":{"line":8,"column":2},"end":{"line":17,"column":3}},"type":"switch","locations":[{"start":{"line":9,"column":4},"end":{"line":10,"column":54}},{"start":{"line":11,"column":4},"end":{"line":12,"column":62}},{"start":{"line":13,"column":4},"end":{"line":14,"column":61}},{"start":{"line":15,"column":4},"end":{"line":16,"column":26}}],"line":8}},"s":{"0":1,"1":1,"2":4,"3":1,"4":1,"5":1,"6":1},"f":{"0":4},"b":{"0":[1],"1":[1,1,1,1]},"_coverageSchema":"1a1c01bbd47fc00a2c39e90264f33305004495a9","hash":"9f25b4ce5a959231834382a7b1ee484841ea7ee0"}
,"/home/nineleaps/Desktop/medicine_adherence_frnt/src/redux/reducers/caretaker/reqCaretakerReducer.js": {"path":"/home/nineleaps/Desktop/medicine_adherence_frnt/src/redux/reducers/caretaker/reqCaretakerReducer.js","statementMap":{"0":{"start":{"line":2,"column":28},"end":{"line":6,"column":1}},"1":{"start":{"line":7,"column":28},"end":{"line":18,"column":1}},"2":{"start":{"line":8,"column":2},"end":{"line":17,"column":3}},"3":{"start":{"line":10,"column":6},"end":{"line":10,"column":54}},"4":{"start":{"line":12,"column":6},"end":{"line":12,"column":62}},"5":{"start":{"line":14,"column":6},"end":{"line":14,"column":61}},"6":{"start":{"line":16,"column":6},"end":{"line":16,"column":26}}},"fnMap":{"0":{"name":"(anonymous_0)","decl":{"start":{"line":7,"column":28},"end":{"line":7,"column":29}},"loc":{"start":{"line":7,"column":62},"end":{"line":18,"column":1}},"line":7}},"branchMap":{"0":{"loc":{"start":{"line":7,"column":29},"end":{"line":7,"column":49}},"type":"default-arg","locations":[{"start":{"line":7,"column":37},"end":{"line":7,"column":49}}],"line":7},"1":{"loc":{"start":{"line":8,"column":2},"end":{"line":17,"column":3}},"type":"switch","locations":[{"start":{"line":9,"column":4},"end":{"line":10,"column":54}},{"start":{"line":11,"column":4},"end":{"line":12,"column":62}},{"start":{"line":13,"column":4},"end":{"line":14,"column":61}},{"start":{"line":15,"column":4},"end":{"line":16,"column":26}}],"line":8}},"s":{"0":1,"1":1,"2":4,"3":1,"4":1,"5":1,"6":1},"f":{"0":4},"b":{"0":[1],"1":[1,1,1,1]},"_coverageSchema":"1a1c01bbd47fc00a2c39e90264f33305004495a9","hash":"651be14ed414f47ddfaae116bb0a3953eabaeac6"}
[...]
,"/home/nineleaps/Desktop/medicine_adherence_frnt/src/screens/patient/patientStyles/PatientStyles.js": {"path":"/home/nineleaps/Desktop/medicine_adherence_frnt/src/screens/patient/patientStyles/PatientStyles.js","statementMap":{"0":{"start":{"line":3,"column":14},"end":{"line":14,"column":2}}},"fnMap":{},"branchMap":{},"s":{"0":3},"f":{},"b":{},"_coverageSchema":"1a1c01bbd47fc00a2c39e90264f33305004495a9","hash":"7a91ad95e3d084b7a4c98c14bbc720e4dea45690"}
,"/home/nineleaps/Desktop/medicine_adherence_frnt/src/screens/profile/Profile.js": {"path":"/home/nineleaps/Desktop/medicine_adherence_frnt/src/screens/profile/Profile.js","statementMap":{"0":{"start":{"line":22,"column":30},"end":{"line":42,"column":2}},"1":{"start":{"line":26,"column":24},"end":{"line":26,"column":66}},"2":{"start":{"line":27,"column":24},"end":{"line":27,"column":70}},"3":{"start":{"line":29,"column":38},"end":{"line":29,"column":76}},"4":{"start":{"line":32,"column":23},"end":{"line":32,"column":66}},"5":{"start":{"line":35,"column":23},"end":{"line":35,"column":66}},"6":{"start":{"line":39,"column":23},"end":{"line":39,"column":73}},"7":{"start":{"line":44,"column":16},"end":{"line":385,"column":1}},"8":{"start":{"line":45,"column":28},"end":{"line":47,"column":4}},"9":{"start":{"line":48,"column":26},"end":{"line":48,"column":79}},"10":{"start":{"line":50,"column":28},"end":{"line":50,"column":49}},"11":{"start":{"line":52,"column":35},"end":{"line":52,"column":56}},"12":{"start":{"line":55,"column":4},"end":{"line":55,"column":20}},"13":{"start":{"line":56,"column":4},"end":{"line":56,"column":50}},"14":{"start":{"line":57,"column":4},"end":{"line":57,"column":58}},"15":{"start":{"line":58,"column":4},"end":{"line":58,"column":50}},"16":{"start":{"line":59,"column":4},"end":{"line":59,"column":56}},"17":{"start":{"line":60,"column":4},"end":{"line":60,"column":56}},"18":{"start":{"line":61,"column":4},"end":{"line":61,"column":70}},"19":{"start":{"line":62,"column":4},"end":{"line":62,"column":64}},"20":{"start":{"line":64,"column":15},"end":{"line":64,"column":48}},"21":{"start":{"line":65,"column":19},"end":{"line":65,"column":56}},"22":{"start":{"line":66,"column":15},"end":{"line":66,"column":48}},"23":{"start":{"line":67,"column":18},"end":{"line":67,"column":54}},"24":{"start":{"line":68,"column":18},"end":{"line":68,"column":54}},"25":{"start":{"line":69,"column":24},"end":{"line":69,"column":67}},"26":{"start":{"line":70,"column":17},"end":{"line":70,"column":57}},"27":{"start":{"line":72,"column":20},"end":{"line":72,"column":57}},"28":{"start":{"line":74,"column":4},"end":{"line":100,"column":9}},"29":{"start":{"line":90,"column":8},"end":{"line":93,"column":9}},"30":{"start":{"line":91,"column":10},"end":{"line":91,"column":27}},"31":{"start":{"line":92,"column":10},"end":{"line":92,"column":27}},"32":{"start":{"line":96,"column":8},"end":{"line":99,"column":11}},"33":{"start":{"line":102,"column":4},"end":{"line":105,"column":7}},"34":{"start":{"line":107,"column":2},"end":{"line":143,"column":4}},"35":{"start":{"line":110,"column":8},"end":{"line":136,"column":24}},"36":{"start":{"line":111,"column":10},"end":{"line":131,"column":11}},"37":{"start":{"line":112,"column":12},"end":{"line":129,"column":14}},"38":{"start":{"line":119,"column":20},"end":{"line":119,"column":49}},"39":{"start":{"line":125,"column":20},"end":{"line":125,"column":48}},"40":{"start":{"line":130,"column":12},"end":{"line":130,"column":19}},"41":{"start":{"line":132,"column":23},"end":{"line":132,"column":58}},"42":{"start":{"line":134,"column":10},"end":{"line":134,"column":26}},"43":{"start":{"line":135,"column":10},"end":{"line":135,"column":36}},"44":{"start":{"line":138,"column":6},"end":{"line":138,"column":16}},"45":{"start":{"line":139,"column":6},"end":{"line":141,"column":8}},"46":{"start":{"line":144,"column":21},"end":{"line":146,"column":3}},"47":{"start":{"line":145,"column":4},"end":{"line":145,"column":65}},"48":{"start":{"line":147,"column":19},"end":{"line":149,"column":3}},"49":{"start":{"line":148,"column":4},"end":{"line":148,"column":63}},"50":{"start":{"line":150,"column":20},"end":{"line":152,"column":3}},"51":{"start":{"line":151,"column":4},"end":{"line":151,"column":68}},"52":{"start":{"line":153,"column":2},"end":{"line":384,"column":4}},"53":{"start":{"line":171,"column":29},"end":{"line":171,"column":44}},"54":{"start":{"line":189,"column":42},"end":{"line":189,"column":66}},"55":{"start":{"line":200,"column":24},"end":{"line":371,"column":31}},"56":{"start":{"line":240,"column":34},"end":{"line":243,"column":62}},"57":{"start":{"line":278,"column":34},"end":{"line":278,"column":69}},"58":{"start":{"line":306,"column":34},"end":{"line":306,"column":76}},"59":{"start":{"line":338,"column":34},"end":{"line":338,"column":73}}},"fnMap":{"0":{"name":"(anonymous_0)","decl":{"start":{"line":26,"column":13},"end":{"line":26,"column":14}},"loc":{"start":{"line":26,"column":24},"end":{"line":26,"column":66}},"line":26},"1":{"name":"(anonymous_1)","decl":{"start":{"line":27,"column":13},"end":{"line":27,"column":14}},"loc":{"start":{"line":27,"column":24},"end":{"line":27,"column":70}},"line":27},"2":{"name":"(anonymous_2)","decl":{"start":{"line":29,"column":27},"end":{"line":29,"column":28}},"loc":{"start":{"line":29,"column":38},"end":{"line":29,"column":76}},"line":29},"3":{"name":"(anonymous_3)","decl":{"start":{"line":32,"column":12},"end":{"line":32,"column":13}},"loc":{"start":{"line":32,"column":23},"end":{"line":32,"column":66}},"line":32},"4":{"name":"(anonymous_4)","decl":{"start":{"line":35,"column":12},"end":{"line":35,"column":13}},"loc":{"start":{"line":35,"column":23},"end":{"line":35,"column":66}},"line":35},"5":{"name":"(anonymous_5)","decl":{"start":{"line":39,"column":12},"end":{"line":39,"column":13}},"loc":{"start":{"line":39,"column":23},"end":{"line":39,"column":73}},"line":39},"6":{"name":"(anonymous_6)","decl":{"start":{"line":44,"column":16},"end":{"line":44,"column":17}},"loc":{"start":{"line":44,"column":34},"end":{"line":385,"column":1}},"line":44},"7":{"name":"storeuserdetails","decl":{"start":{"line":54,"column":17},"end":{"line":54,"column":33}},"loc":{"start":{"line":54,"column":42},"end":{"line":106,"column":3}},"line":54},"8":{"name":"(anonymous_8)","decl":{"start":{"line":89,"column":12},"end":{"line":89,"column":13}},"loc":{"start":{"line":89,"column":20},"end":{"line":94,"column":7}},"line":89},"9":{"name":"(anonymous_9)","decl":{"start":{"line":95,"column":12},"end":{"line":95,"column":13}},"loc":{"start":{"line":95,"column":18},"end":{"line":100,"column":7}},"line":95},"10":{"name":"(anonymous_10)","decl":{"start":{"line":108,"column":22},"end":{"line":108,"column":23}},"loc":{"start":{"line":108,"column":28},"end":{"line":142,"column":5}},"line":108},"11":{"name":"getuser","decl":{"start":{"line":109,"column":21},"end":{"line":109,"column":28}},"loc":{"start":{"line":109,"column":31},"end":{"line":137,"column":7}},"line":109},"12":{"name":"(anonymous_12)","decl":{"start":{"line":118,"column":27},"end":{"line":118,"column":28}},"loc":{"start":{"line":118,"column":33},"end":{"line":120,"column":19}},"line":118},"13":{"name":"(anonymous_13)","decl":{"start":{"line":124,"column":27},"end":{"line":124,"column":28}},"loc":{"start":{"line":124,"column":33},"end":{"line":126,"column":19}},"line":124},"14":{"name":"(anonymous_14)","decl":{"start":{"line":139,"column":13},"end":{"line":139,"column":14}},"loc":{"start":{"line":139,"column":19},"end":{"line":141,"column":7}},"line":139},"15":{"name":"(anonymous_15)","decl":{"start":{"line":144,"column":21},"end":{"line":144,"column":22}},"loc":{"start":{"line":144,"column":27},"end":{"line":146,"column":3}},"line":144},"16":{"name":"(anonymous_16)","decl":{"start":{"line":147,"column":19},"end":{"line":147,"column":20}},"loc":{"start":{"line":147,"column":25},"end":{"line":149,"column":3}},"line":147},"17":{"name":"(anonymous_17)","decl":{"start":{"line":150,"column":20},"end":{"line":150,"column":21}},"loc":{"start":{"line":150,"column":26},"end":{"line":152,"column":3}},"line":150},"18":{"name":"(anonymous_18)","decl":{"start":{"line":171,"column":23},"end":{"line":171,"column":24}},"loc":{"start":{"line":171,"column":29},"end":{"line":171,"column":44}},"line":171},"19":{"name":"(anonymous_19)","decl":{"start":{"line":189,"column":32},"end":{"line":189,"column":33}},"loc":{"start":{"line":189,"column":42},"end":{"line":189,"column":66}},"line":189},"20":{"name":"(anonymous_20)","decl":{"start":{"line":190,"column":23},"end":{"line":190,"column":24}},"loc":{"start":{"line":200,"column":24},"end":{"line":371,"column":31}},"line":200},"21":{"name":"(anonymous_21)","decl":{"start":{"line":239,"column":38},"end":{"line":239,"column":39}},"loc":{"start":{"line":240,"column":34},"end":{"line":243,"column":62}},"line":240},"22":{"name":"(anonymous_22)","decl":{"start":{"line":277,"column":47},"end":{"line":277,"column":48}},"loc":{"start":{"line":278,"column":34},"end":{"line":278,"column":69}},"line":278},"23":{"name":"(anonymous_23)","decl":{"start":{"line":305,"column":47},"end":{"line":305,"column":48}},"loc":{"start":{"line":306,"column":34},"end":{"line":306,"column":76}},"line":306},"24":{"name":"(anonymous_24)","decl":{"start":{"line":337,"column":47},"end":{"line":337,"column":48}},"loc":{"start":{"line":338,"column":34},"end":{"line":338,"column":73}},"line":338}},"branchMap":{"0":{"loc":{"start":{"line":90,"column":8},"end":{"line":93,"column":9}},"type":"if","locations":[{"start":{"line":90,"column":8},"end":{"line":93,"column":9}},{"start":{},"end":{}}],"line":90},"1":{"loc":{"start":{"line":111,"column":10},"end":{"line":131,"column":11}},"type":"if","locations":[{"start":{"line":111,"column":10},"end":{"line":131,"column":11}},{"start":{},"end":{}}],"line":111},"2":{"loc":{"start":{"line":175,"column":15},"end":{"line":378,"column":15}},"type":"cond-expr","locations":[{"start":{"line":176,"column":16},"end":{"line":375,"column":19}},{"start":{"line":377,"column":16},"end":{"line":377,"column":32}}],"line":175},"3":{"loc":{"start":{"line":211,"column":27},"end":{"line":213,"column":27}},"type":"binary-expr","locations":[{"start":{"line":211,"column":27},"end":{"line":211,"column":37}},{"start":{"line":211,"column":41},"end":{"line":211,"column":52}},{"start":{"line":212,"column":28},"end":{"line":212,"column":78}}],"line":211},"4":{"loc":{"start":{"line":224,"column":27},"end":{"line":228,"column":27}},"type":"binary-expr","locations":[{"start":{"line":224,"column":27},"end":{"line":224,"column":41}},{"start":{"line":224,"column":45},"end":{"line":224,"column":60}},{"start":{"line":225,"column":28},"end":{"line":227,"column":35}}],"line":224},"5":{"loc":{"start":{"line":248,"column":27},"end":{"line":250,"column":27}},"type":"binary-expr","locations":[{"start":{"line":248,"column":27},"end":{"line":248,"column":37}},{"start":{"line":249,"column":28},"end":{"line":249,"column":78}}],"line":248},"6":{"loc":{"start":{"line":261,"column":27},"end":{"line":265,"column":27}},"type":"binary-expr","locations":[{"start":{"line":261,"column":27},"end":{"line":261,"column":40}},{"start":{"line":262,"column":28},"end":{"line":264,"column":35}}],"line":261},"7":{"loc":{"start":{"line":291,"column":31},"end":{"line":291,"column":62}},"type":"binary-expr","locations":[{"start":{"line":291,"column":31},"end":{"line":291,"column":45}},{"start":{"line":291,"column":49},"end":{"line":291,"column":62}}],"line":291},"8":{"loc":{"start":{"line":322,"column":31},"end":{"line":322,"column":76}},"type":"binary-expr","locations":[{"start":{"line":322,"column":31},"end":{"line":322,"column":52}},{"start":{"line":322,"column":56},"end":{"line":322,"column":76}}],"line":322},"9":{"loc":{"start":{"line":357,"column":31},"end":{"line":357,"column":70}},"type":"binary-expr","locations":[{"start":{"line":357,"column":31},"end":{"line":357,"column":49}},{"start":{"line":357,"column":53},"end":{"line":357,"column":70}}],"line":357}},"s":{"0":4,"1":0,"2":0,"3":0,"4":0,"5":0,"6":0,"7":4,"8":7,"9":7,"10":7,"11":7,"12":0,"13":0,"14":0,"15":0,"16":0,"17":0,"18":0,"19":0,"20":0,"21":0,"22":0,"23":0,"24":0,"25":0,"26":0,"27":0,"28":0,"29":0,"30":0,"31":0,"32":0,"33":0,"34":7,"35":0,"36":0,"37":0,"38":0,"39":0,"40":0,"41":0,"42":0,"43":0,"44":0,"45":0,"46":7,"47":0,"48":7,"49":0,"50":7,"51":0,"52":7,"53":1,"54":0,"55":0,"56":0,"57":0,"58":0,"59":0},"f":{"0":0,"1":0,"2":0,"3":0,"4":0,"5":0,"6":7,"7":0,"8":0,"9":0,"10":0,"11":0,"12":0,"13":0,"14":0,"15":0,"16":0,"17":0,"18":1,"19":0,"20":0,"21":0,"22":0,"23":0,"24":0},"b":{"0":[0,0],"1":[0,0],"2":[1,6],"3":[0,0,0],"4":[0,0,0],"5":[0,0],"6":[0,0],"7":[0,0],"8":[0,0],"9":[0,0]},"_coverageSchema":"1a1c01bbd47fc00a2c39e90264f33305004495a9","hash":"f0acaa954e73806bbcb9bbaa69b71417013c6832"}
,"/home/nineleaps/Desktop/medicine_adherence_frnt/src/screens/profile/SavedDetails.js": {"path":"/home/nineleaps/Desktop/medicine_adherence_frnt/src/screens/profile/SavedDetails.js","statementMap":{"0":{"start":{"line":12,"column":21},"end":{"line":103,"column":1}},"1":{"start":{"line":13,"column":26},"end":{"line":13,"column":44}},"2":{"start":{"line":14,"column":34},"end":{"line":14,"column":52}},"3":{"start":{"line":15,"column":26},"end":{"line":15,"column":44}},"4":{"start":{"line":16,"column":32},"end":{"line":16,"column":50}},"5":{"start":{"line":17,"column":32},"end":{"line":17,"column":50}},"6":{"start":{"line":18,"column":24},"end":{"line":18,"column":42}},"7":{"start":{"line":19,"column":30},"end":{"line":19,"column":48}},"8":{"start":{"line":21,"column":2},"end":{"line":41,"column":5}},"9":{"start":{"line":23,"column":17},"end":{"line":23,"column":50}},"10":{"start":{"line":24,"column":21},"end":{"line":24,"column":58}},"11":{"start":{"line":25,"column":17},"end":{"line":25,"column":50}},"12":{"start":{"line":26,"column":20},"end":{"line":26,"column":56}},"13":{"start":{"line":27,"column":20},"end":{"line":27,"column":56}},"14":{"start":{"line":28,"column":26},"end":{"line":28,"column":69}},"15":{"start":{"line":29,"column":19},"end":{"line":29,"column":59}},"16":{"start":{"line":31,"column":6},"end":{"line":31,"column":21}},"17":{"start":{"line":32,"column":6},"end":{"line":32,"column":29}},"18":{"start":{"line":33,"column":6},"end":{"line":33,"column":21}},"19":{"start":{"line":34,"column":6},"end":{"line":34,"column":27}},"20":{"start":{"line":35,"column":6},"end":{"line":35,"column":27}},"21":{"start":{"line":36,"column":6},"end":{"line":36,"column":29}},"22":{"start":{"line":37,"column":6},"end":{"line":37,"column":25}},"23":{"start":{"line":40,"column":4},"end":{"line":40,"column":20}},"24":{"start":{"line":43,"column":2},"end":{"line":102,"column":4}}},"fnMap":{"0":{"name":"(anonymous_0)","decl":{"start":{"line":12,"column":21},"end":{"line":12,"column":22}},"loc":{"start":{"line":12,"column":27},"end":{"line":103,"column":1}},"line":12},"1":{"name":"(anonymous_1)","decl":{"start":{"line":21,"column":17},"end":{"line":21,"column":18}},"loc":{"start":{"line":21,"column":23},"end":{"line":41,"column":3}},"line":21},"2":{"name":"getuserdetail","decl":{"start":{"line":22,"column":19},"end":{"line":22,"column":32}},"loc":{"start":{"line":22,"column":35},"end":{"line":38,"column":5}},"line":22}},"branchMap":{},"s":{"0":5,"1":5,"2":5,"3":5,"4":5,"5":5,"6":5,"7":5,"8":5,"9":0,"10":0,"11":0,"12":0,"13":0,"14":0,"15":0,"16":0,"17":0,"18":0,"19":0,"20":0,"21":0,"22":0,"23":0,"24":5},"f":{"0":5,"1":0,"2":0},"b":{},"_coverageSchema":"1a1c01bbd47fc00a2c39e90264f33305004495a9","hash":"6656ae5f0045fb1406fcf987b4a358fc9d7daa5a"}
,"/home/nineleaps/Desktop/medicine_adherence_frnt/src/screens/profile/profileStyles/ProfileStyles.js": {"path":"/home/nineleaps/Desktop/medicine_adherence_frnt/src/screens/profile/profileStyles/ProfileStyles.js","statementMap":{"0":{"start":{"line":3,"column":15},"end":{"line":135,"column":2}}},"fnMap":{},"branchMap":{},"s":{"0":5},"f":{},"b":{},"_coverageSchema":"1a1c01bbd47fc00a2c39e90264f33305004495a9","hash":"d7705473f6b6c0256794a57ebe1f55c7c98b2da7"}
,"/home/nineleaps/Desktop/medicine_adherence_frnt/src/screens/screenStyles/AboutAppStyles.js": {"path":"/home/nineleaps/Desktop/medicine_adherence_frnt/src/screens/screenStyles/AboutAppStyles.js","statementMap":{"0":{"start":{"line":4,"column":17},"end":{"line":4,"column":41}},"1":{"start":{"line":5,"column":16},"end":{"line":5,"column":40}},"2":{"start":{"line":6,"column":20},"end":{"line":6,"column":33}},"3":{"start":{"line":7,"column":19},"end":{"line":7,"column":28}},"4":{"start":{"line":10,"column":15},"end":{"line":32,"column":4}}},"fnMap":{},"branchMap":{},"s":{"0":2,"1":2,"2":2,"3":2,"4":2},"f":{},"b":{},"_coverageSchema":"1a1c01bbd47fc00a2c39e90264f33305004495a9","hash":"69912478046d11c97ed2e36fdfdee76b79bcd941"}
,"/home/nineleaps/Desktop/medicine_adherence_frnt/src/screens/screenStyles/AddMedicineStyles.js": {"path":"/home/nineleaps/Desktop/medicine_adherence_frnt/src/screens/screenStyles/AddMedicineStyles.js","statementMap":{"0":{"start":{"line":3,"column":15},"end":{"line":40,"column":2}}},"fnMap":{},"branchMap":{},"s":{"0":6},"f":{},"b":{},"_coverageSchema":"1a1c01bbd47fc00a2c39e90264f33305004495a9","hash":"f14d64048f93f358932cb97a4b596429a4e55ce6"}
,"/home/nineleaps/Desktop/medicine_adherence_frnt/src/screens/screenStyles/HomeScreenStyles.js": {"path":"/home/nineleaps/Desktop/medicine_adherence_frnt/src/screens/screenStyles/HomeScreenStyles.js","statementMap":{"0":{"start":{"line":3,"column":15},"end":{"line":8,"column":2}}},"fnMap":{},"branchMap":{},"s":{"0":3},"f":{},"b":{},"_coverageSchema":"1a1c01bbd47fc00a2c39e90264f33305004495a9","hash":"efc5b4607bb2afc58ffed68906ebbca3949fca35"}
,"/home/nineleaps/Desktop/medicine_adherence_frnt/src/screens/screenStyles/OnboardingStyles.js": {"path":"/home/nineleaps/Desktop/medicine_adherence_frnt/src/screens/screenStyles/OnboardingStyles.js","statementMap":{"0":{"start":{"line":3,"column":14},"end":{"line":11,"column":2}}},"fnMap":{},"branchMap":{},"s":{"0":2},"f":{},"b":{},"_coverageSchema":"1a1c01bbd47fc00a2c39e90264f33305004495a9","hash":"523aad1ece8acbfb31ae3f69529d534d0f07deba"}
,"/home/nineleaps/Desktop/medicine_adherence_frnt/src/screens/screenStyles/SettingStyles.js": {"path":"/home/nineleaps/Desktop/medicine_adherence_frnt/src/screens/screenStyles/SettingStyles.js","statementMap":{"0":{"start":{"line":3,"column":15},"end":{"line":8,"column":2}}},"fnMap":{},"branchMap":{},"s":{"0":3},"f":{},"b":{},"_coverageSchema":"1a1c01bbd47fc00a2c39e90264f33305004495a9","hash":"2534fbd352ecc945690b1354b2e0815c2ed24571"}
,"/home/nineleaps/Desktop/medicine_adherence_frnt/src/screens/screenStyles/UserMedStyles.js": {"path":"/home/nineleaps/Desktop/medicine_adherence_frnt/src/screens/screenStyles/UserMedStyles.js","statementMap":{"0":{"start":{"line":5,"column":15},"end":{"line":5,"column":46}},"1":{"start":{"line":6,"column":15},"end":{"line":43,"column":2}}},"fnMap":{},"branchMap":{},"s":{"0":5,"1":5},"f":{},"b":{},"_coverageSchema":"1a1c01bbd47fc00a2c39e90264f33305004495a9","hash":"600ad2f2672cdbe9fdac522d529dc3d66f371bbb"}
,"/home/nineleaps/Desktop/medicine_adherence_frnt/src/screens/stackscreens/StackScreen.js": {"path":"/home/nineleaps/Desktop/medicine_adherence_frnt/src/screens/stackscreens/StackScreen.js","statementMap":{"0":{"start":{"line":23,"column":14},"end":{"line":23,"column":36}},"1":{"start":{"line":25,"column":20},"end":{"line":122,"column":1}},"2":{"start":{"line":26,"column":2},"end":{"line":121,"column":4}}},"fnMap":{"0":{"name":"(anonymous_0)","decl":{"start":{"line":25,"column":20},"end":{"line":25,"column":21}},"loc":{"start":{"line":25,"column":26},"end":{"line":122,"column":1}},"line":25}},"branchMap":{},"s":{"0":1,"1":1,"2":1},"f":{"0":1},"b":{},"_coverageSchema":"1a1c01bbd47fc00a2c39e90264f33305004495a9","hash":"ef05cd1b83fe8001193fbd7df3509907c004f321"}
}
