TN:
SF:assests/images/Medstick_1.png
FNF:0
FNH:0
DA:1,2
LF:1
LH:1
BRF:0
BRH:0
end_of_record
TN:
SF:assests/images/noImages.png
FNF:0
FNH:0
DA:1,1
LF:1
LH:1
BRF:0
BRH:0
end_of_record
TN:
SF:assests/images/nomeds.png
FNF:0
FNH:0
DA:1,1
LF:1
LH:1
BRF:0
BRH:0
end_of_record
TN:
SF:assests/images/nopatientreq.png
FNF:0
FNH:0
DA:1,2
LF:1
LH:1
BRF:0
BRH:0
end_of_record
TN:
SF:assests/images/nopatients.png
FNF:0
FNH:0
DA:1,2
LF:1
LH:1
BRF:0
BRH:0
end_of_record
TN:
SF:assests/images/noreminders.png
FNF:0
FNH:0
DA:1,2
LF:1
LH:1
BRF:0
BRH:0
end_of_record
TN:
SF:assests/images/searchcaretaker.png
FNF:0
FNH:0
DA:1,1
LF:1
LH:1
BRF:0
BRH:0
end_of_record
TN:
SF:src/components/ProfileHeader.tsx
FN:10,(anonymous_0)
FN:13,(anonymous_1)
FN:14,getuser
FNF:3
FNH:1
FNDA:1,(anonymous_0)
FNDA:0,(anonymous_1)
FNDA:0,getuser
DA:10,3
DA:11,1
DA:12,1
DA:13,1
DA:15,0
DA:16,0
DA:17,0
DA:18,0
DA:19,0
DA:20,0
DA:21,0
DA:23,0
DA:24,0
DA:26,0
DA:27,0
DA:28,0
DA:31,0
DA:34,1
LF:18
LH:5
BRDA:16,0,0,0
BRDA:16,0,1,0
BRDA:20,1,0,0
BRDA:20,1,1,0
BRF:4
BRH:0
end_of_record
TN:
SF:src/components/customHeader.tsx
FN:19,(anonymous_0)
FN:21,(anonymous_1)
FN:29,getuser
FN:46,(anonymous_3)
FN:47,(anonymous_4)
FN:52,(anonymous_5)
FN:61,(anonymous_6)
FN:77,(anonymous_7)
FN:89,(anonymous_8)
FN:102,(anonymous_9)
FN:106,(anonymous_10)
FN:122,(anonymous_11)
FNF:12
FNH:1
FNDA:1,(anonymous_0)
FNDA:0,(anonymous_1)
FNDA:0,getuser
FNDA:0,(anonymous_3)
FNDA:0,(anonymous_4)
FNDA:0,(anonymous_5)
FNDA:0,(anonymous_6)
FNDA:0,(anonymous_7)
FNDA:0,(anonymous_8)
FNDA:0,(anonymous_9)
FNDA:0,(anonymous_10)
FNDA:0,(anonymous_11)
DA:19,2
DA:21,1
DA:22,0
DA:27,1
DA:30,0
DA:31,0
DA:32,0
DA:34,0
DA:36,0
DA:37,0
DA:38,0
DA:39,0
DA:42,0
DA:46,1
DA:47,0
DA:48,0
DA:52,1
DA:53,0
DA:54,0
DA:56,1
DA:61,0
DA:78,0
DA:90,0
DA:103,0
DA:107,0
DA:108,0
DA:109,0
DA:110,0
DA:111,0
DA:112,0
DA:113,0
DA:114,0
DA:115,0
DA:116,0
DA:117,0
DA:122,0
LF:36
LH:6
BRDA:36,0,0,0
BRDA:36,0,1,0
BRDA:67,1,0,0
BRDA:67,1,1,1
BRF:4
BRH:1
end_of_record
TN:
SF:src/components/logger.tsx
FN:19,loggerInfo
FN:22,loggerError
FNF:2
FNH:2
FNDA:35,loggerInfo
FNDA:33,loggerError
DA:2,42
DA:18,42
DA:20,35
DA:23,33
DA:26,42
LF:5
LH:5
BRF:0
BRH:0
end_of_record
TN:
SF:src/components/adherence/adherencePercentage.tsx
FN:1,(anonymous_0)
FN:2,(anonymous_1)
FNF:2
FNH:0
FNDA:0,(anonymous_0)
FNDA:0,(anonymous_1)
DA:1,5
DA:2,0
DA:3,0
DA:4,0
DA:5,0
DA:6,0
DA:7,0
DA:8,0
DA:10,0
DA:11,0
DA:16,0
DA:22,0
DA:23,0
DA:24,0
DA:25,0
DA:26,0
DA:28,0
DA:29,0
DA:31,0
LF:19
LH:1
BRDA:25,0,0,0
BRDA:25,0,1,0
BRF:2
BRH:0
end_of_record
TN:
SF:src/components/adherence/allReminderData.tsx
FN:6,(anonymous_0)
FN:11,reminder_promise
FN:12,(anonymous_2)
FN:13,(anonymous_3)
FN:21,(anonymous_4)
FN:27,(anonymous_5)
FN:41,(anonymous_6)
FNF:7
FNH:0
FNDA:0,(anonymous_0)
FNDA:0,reminder_promise
FNDA:0,(anonymous_2)
FNDA:0,(anonymous_3)
FNDA:0,(anonymous_4)
FNDA:0,(anonymous_5)
FNDA:0,(anonymous_6)
DA:5,1
DA:6,1
DA:8,0
DA:9,0
DA:12,0
DA:13,0
DA:14,0
DA:18,0
DA:22,0
DA:23,0
DA:24,0
DA:28,0
DA:29,0
DA:31,0
DA:32,0
DA:35,0
DA:41,0
DA:42,0
DA:43,0
DA:45,0
DA:48,0
DA:50,0
DA:58,0
DA:60,0
DA:61,0
LF:25
LH:2
BRDA:42,0,0,0
BRDA:42,0,1,0
BRF:2
BRH:0
end_of_record
TN:
SF:src/components/adherence/downloadPdf.tsx
FN:8,(anonymous_0)
FN:29,(anonymous_1)
FN:30,(anonymous_2)
FN:34,(anonymous_3)
FN:38,(anonymous_4)
FNF:5
FNH:0
FNDA:0,(anonymous_0)
FNDA:0,(anonymous_1)
FNDA:0,(anonymous_2)
FNDA:0,(anonymous_3)
FNDA:0,(anonymous_4)
DA:6,3
DA:8,3
DA:9,0
DA:11,0
DA:12,0
DA:15,0
DA:24,0
DA:25,0
DA:27,0
DA:28,0
DA:29,0
DA:31,0
DA:32,0
DA:35,0
DA:39,0
DA:40,0
DA:42,0
DA:44,0
DA:45,0
LF:19
LH:2
BRF:0
BRH:0
end_of_record
TN:
SF:src/components/alarm/pushNotificationConfig.tsx
FN:6,PlaySound
FN:8,(anonymous_1)
FN:13,(anonymous_2)
FN:21,Pushnotificationforeground
FN:37,(anonymous_4)
FN:61,(anonymous_5)
FN:77,(anonymous_6)
FNF:7
FNH:0
FNDA:0,PlaySound
FNDA:0,(anonymous_1)
FNDA:0,(anonymous_2)
FNDA:0,Pushnotificationforeground
FNDA:0,(anonymous_4)
FNDA:0,(anonymous_5)
FNDA:0,(anonymous_6)
DA:4,1
DA:7,0
DA:8,0
DA:9,0
DA:10,0
DA:12,0
DA:13,0
DA:14,0
DA:15,0
DA:23,0
DA:24,0
DA:25,0
DA:26,0
DA:27,0
DA:28,0
DA:29,0
DA:30,0
DA:32,0
DA:33,0
DA:37,1
DA:38,0
DA:39,0
DA:61,1
DA:66,0
DA:68,0
DA:77,0
DA:79,0
LF:27
LH:3
BRDA:9,0,0,0
BRDA:9,0,1,0
BRDA:14,1,0,0
BRDA:14,1,1,0
BRDA:24,2,0,0
BRDA:24,2,1,0
BRDA:28,3,0,0
BRDA:28,3,1,0
BRF:8
BRH:0
end_of_record
TN:
SF:src/components/alarm/timeData.tsx
FNF:0
FNH:0
DA:1,1
DA:33,1
LF:2
LH:2
BRF:0
BRH:0
end_of_record
TN:
SF:src/components/caretaker/allIcons.tsx
FN:8,Caretaker_nurse
FN:17,Signout
FN:21,Righttoobracket
FN:27,Userfriend
FNF:4
FNH:1
FNDA:0,Caretaker_nurse
FNDA:1,Signout
FNDA:0,Righttoobracket
FNDA:0,Userfriend
DA:9,0
DA:18,1
DA:22,0
DA:28,0
LF:4
LH:1
BRF:0
BRH:0
end_of_record
TN:
SF:src/components/componentStyles/styles.tsx
FNF:0
FNH:0
DA:3,3
LF:1
LH:1
BRF:0
BRH:0
end_of_record
TN:
SF:src/components/organisms/medicineHistoryList.tsx
FN:9,(anonymous_0)
FN:22,(anonymous_1)
FN:34,(anonymous_2)
FN:45,(anonymous_3)
FNF:4
FNH:0
FNDA:0,(anonymous_0)
FNDA:0,(anonymous_1)
FNDA:0,(anonymous_2)
FNDA:0,(anonymous_3)
DA:9,2
DA:10,0
DA:11,0
DA:23,0
DA:26,0
DA:35,0
DA:46,0
LF:7
LH:1
BRF:0
BRH:0
end_of_record
TN:
SF:src/components/organisms/medicineTime.tsx
FN:6,(anonymous_0)
FN:24,(anonymous_1)
FNF:2
FNH:0
FNDA:0,(anonymous_0)
FNDA:0,(anonymous_1)
DA:6,2
DA:7,0
DA:8,0
DA:9,0
DA:11,0
DA:25,0
DA:26,0
DA:27,0
LF:8
LH:1
BRDA:12,0,0,0
BRDA:12,0,1,0
BRDA:30,1,0,0
BRDA:30,1,1,0
BRF:4
BRH:0
end_of_record
TN:
SF:src/connection/networkCalls.tsx
FN:6,(anonymous_0)
FN:20,(anonymous_1)
FN:31,(anonymous_2)
FNF:3
FNH:0
FNDA:0,(anonymous_0)
FNDA:0,(anonymous_1)
FNDA:0,(anonymous_2)
DA:5,1
DA:7,0
DA:8,0
DA:18,0
DA:21,0
DA:29,0
DA:32,0
DA:40,0
LF:8
LH:1
BRF:0
BRH:0
end_of_record
TN:
SF:src/constants/apiUrl.ts
FNF:0
FNH:0
DA:3,24
LF:1
LH:1
BRF:0
BRH:0
end_of_record
TN:
SF:src/navigation/drawerNavigator.tsx
FN:16,(anonymous_0)
FN:21,(anonymous_1)
FN:28,(anonymous_2)
FN:30,(anonymous_3)
FN:39,(anonymous_4)
FN:57,(anonymous_5)
FN:73,(anonymous_6)
FN:87,(anonymous_7)
FN:106,(anonymous_8)
FN:121,(anonymous_9)
FNF:10
FNH:0
FNDA:0,(anonymous_0)
FNDA:0,(anonymous_1)
FNDA:0,(anonymous_2)
FNDA:0,(anonymous_3)
FNDA:0,(anonymous_4)
FNDA:0,(anonymous_5)
FNDA:0,(anonymous_6)
FNDA:0,(anonymous_7)
FNDA:0,(anonymous_8)
FNDA:0,(anonymous_9)
DA:14,1
DA:16,1
DA:17,0
DA:21,0
DA:29,0
DA:30,0
DA:40,0
DA:58,0
DA:74,0
DA:88,0
DA:107,0
DA:122,0
LF:12
LH:2
BRF:0
BRH:0
end_of_record
TN:
SF:src/redux/actions/allTypes.tsx
FNF:0
FNH:0
DA:1,59
LF:1
LH:1
BRF:0
BRH:0
end_of_record
TN:
SF:src/redux/actions/adherence/downloadPdfActions.tsx
FN:3,downloadPdf
FN:10,downloadPdfSuccess
FN:17,downloadPdfError
FNF:3
FNH:3
FNDA:1,downloadPdf
FNDA:3,downloadPdfSuccess
FNDA:3,downloadPdfError
DA:4,1
DA:11,3
DA:18,3
DA:24,2
LF:4
LH:4
BRF:0
BRH:0
end_of_record
TN:
SF:src/redux/actions/adherence/getMedHistoryActions.tsx
FN:3,getMedHistory
FN:10,medHistorySuccess
FN:17,medHistoryError
FNF:3
FNH:3
FNDA:1,getMedHistory
FNDA:3,medHistorySuccess
FNDA:3,medHistoryError
DA:4,1
DA:11,3
DA:18,3
DA:24,2
LF:4
LH:4
BRF:0
BRH:0
end_of_record
TN:
SF:src/redux/actions/adherence/medImagesActions.tsx
FN:5,fetchMedImages
FN:11,fetchMedImagesSuccess
FN:18,fetchMedImagesError
FNF:3
FNH:3
FNDA:1,fetchMedImages
FNDA:3,fetchMedImagesSuccess
FNDA:3,fetchMedImagesError
DA:6,1
DA:12,3
DA:13,3
DA:19,3
DA:20,3
DA:26,2
LF:6
LH:6
BRF:0
BRH:0
end_of_record
TN:
SF:src/redux/actions/adherence/syncHistoryActions.tsx
FN:9,syncHistory
FN:15,syncHitsorySuccess
FN:22,syncHistoryError
FNF:3
FNH:3
FNDA:1,syncHistory
FNDA:3,syncHitsorySuccess
FNDA:3,syncHistoryError
DA:10,1
DA:16,3
DA:17,3
DA:23,3
DA:24,3
DA:30,2
LF:6
LH:6
BRF:0
BRH:0
end_of_record
TN:
SF:src/redux/actions/adherence/syncMedActions.tsx
FN:4,syncMeds
FN:10,syncMedSuccess
FN:17,syncMedsError
FNF:3
FNH:3
FNDA:1,syncMeds
FNDA:3,syncMedSuccess
FNDA:3,syncMedsError
DA:5,1
DA:11,3
DA:12,3
DA:18,3
DA:19,3
DA:25,2
LF:6
LH:6
BRF:0
BRH:0
end_of_record
TN:
SF:src/redux/actions/caretaker/CaretakerActions.tsx
FN:4,fetchCaretakers
FN:10,fetchCaretakerssuccess
FN:17,fetchCaretakerserror
FNF:3
FNH:3
FNDA:1,fetchCaretakers
FNDA:3,fetchCaretakerssuccess
FNDA:3,fetchCaretakerserror
DA:5,1
DA:11,3
DA:12,3
DA:18,3
DA:19,3
DA:25,4
LF:6
LH:6
BRF:0
BRH:0
end_of_record
TN:
SF:src/redux/actions/caretaker/emailCaretakerActions.tsx
FN:3,sendEmail
FN:9,sendEmailSuccess
FN:16,sendEmailFailed
FNF:3
FNH:3
FNDA:1,sendEmail
FNDA:3,sendEmailSuccess
FNDA:3,sendEmailFailed
DA:4,1
DA:11,3
DA:18,3
DA:24,2
LF:4
LH:4
BRF:0
BRH:0
end_of_record
TN:
SF:src/redux/actions/caretaker/reqCaretakerActions.tsx
FN:4,sendReqCaretaker
FN:10,sendReqCaretakerSuccess
FN:17,sendReqCaretakerFailed
FNF:3
FNH:3
FNDA:1,sendReqCaretaker
FNDA:3,sendReqCaretakerSuccess
FNDA:3,sendReqCaretakerFailed
DA:5,1
DA:11,3
DA:12,3
DA:18,3
DA:19,3
DA:25,2
LF:6
LH:6
BRF:0
BRH:0
end_of_record
TN:
SF:src/redux/actions/caretaker/sendImageActions.tsx
FN:3,sendImageRequest
FN:10,sendImageSuccess
FN:17,sendImageFailed
FNF:3
FNH:3
FNDA:1,sendImageRequest
FNDA:3,sendImageSuccess
FNDA:3,sendImageFailed
DA:4,1
DA:11,3
DA:18,3
DA:24,2
LF:4
LH:4
BRF:0
BRH:0
end_of_record
TN:
SF:src/redux/actions/login/loginActions.tsx
FN:9,sendLoginRequest
FN:15,LoginSuccess
FN:22,LoginFailure
FNF:3
FNH:3
FNDA:1,sendLoginRequest
FNDA:3,LoginSuccess
FNDA:3,LoginFailure
DA:10,1
DA:16,3
DA:17,3
DA:23,3
DA:24,3
DA:30,2
LF:6
LH:6
BRF:0
BRH:0
end_of_record
TN:
SF:src/redux/actions/patient/PatientActions.tsx
FN:3,fetchPatients
FN:9,fetchPatientSuccess
FN:15,fetchPatientError
FNF:3
FNH:3
FNDA:1,fetchPatients
FNDA:3,fetchPatientSuccess
FNDA:3,fetchPatientError
DA:4,1
DA:10,3
DA:16,3
DA:22,6
LF:4
LH:4
BRF:0
BRH:0
end_of_record
TN:
SF:src/redux/actions/patient/PatientProfileActions.tsx
FN:3,fetchPatientDetails
FN:9,fetchPatientDetailsSuccess
FN:15,fetchPatientDetailsError
FNF:3
FNH:3
FNDA:1,fetchPatientDetails
FNDA:3,fetchPatientDetailsSuccess
FNDA:3,fetchPatientDetailsError
DA:4,1
DA:10,3
DA:16,3
DA:22,2
LF:4
LH:4
BRF:0
BRH:0
end_of_record
TN:
SF:src/redux/actions/patient/notifyPatientActions.tsx
FN:3,notifyPatients
FN:9,notifyPatientsSuccess
FN:15,notifyPatientsError
FNF:3
FNH:3
FNDA:1,notifyPatients
FNDA:3,notifyPatientsSuccess
FNDA:3,notifyPatientsError
DA:4,1
DA:10,3
DA:16,3
DA:22,2
LF:4
LH:4
BRF:0
BRH:0
end_of_record
TN:
SF:src/redux/actions/patient/patientReqAcceptActions.tsx
FN:4,acceptPatientReq
FN:10,acceptPatientReqSuccess
FN:17,acceptPatientReqError
FNF:3
FNH:3
FNDA:1,acceptPatientReq
FNDA:3,acceptPatientReqSuccess
FNDA:3,acceptPatientReqError
DA:5,1
DA:11,3
DA:12,3
DA:18,3
DA:19,3
DA:25,2
LF:6
LH:6
BRF:0
BRH:0
end_of_record
TN:
SF:src/redux/actions/patient/patientReqActions.tsx
FN:5,fetchPatientReq
FN:11,fetchPatientReqSuccess
FN:18,fetchPatientReqError
FNF:3
FNH:3
FNDA:1,fetchPatientReq
FNDA:3,fetchPatientReqSuccess
FNDA:3,fetchPatientReqError
DA:6,1
DA:12,3
DA:13,3
DA:19,3
DA:20,3
DA:26,2
LF:6
LH:6
BRF:0
BRH:0
end_of_record
TN:
SF:src/redux/actions/patient/patientReqDeleteActions.tsx
FN:5,deletePatientReq
FN:11,deletePatientReqSuccess
FN:18,deletePatientReqError
FNF:3
FNH:3
FNDA:1,deletePatientReq
FNDA:3,deletePatientReqSuccess
FNDA:3,deletePatientReqError
DA:6,1
DA:12,3
DA:13,3
DA:19,3
DA:20,3
DA:26,2
LF:6
LH:6
BRF:0
BRH:0
end_of_record
TN:
SF:src/redux/actions/profile/ProfileActions.tsx
FN:5,saveProfile
FN:11,saveProfileSuccess
FN:18,saveProfileFailed
FNF:3
FNH:3
FNDA:1,saveProfile
FNDA:3,saveProfileSuccess
FNDA:3,saveProfileFailed
DA:6,1
DA:12,3
DA:13,3
DA:19,3
DA:20,3
DA:26,2
LF:6
LH:6
BRF:0
BRH:0
end_of_record
TN:
SF:src/redux/actions/signup/signupActions.tsx
FN:9,sendSignupRequest
FN:15,SignupSuccess
FN:22,SignupFailure
FNF:3
FNH:3
FNDA:1,sendSignupRequest
FNDA:3,SignupSuccess
FNDA:3,SignupFailure
DA:10,1
DA:16,3
DA:17,3
DA:23,3
DA:24,3
DA:30,2
LF:6
LH:6
BRF:0
BRH:0
end_of_record
TN:
SF:src/redux/apis/access.tsx
FN:8,(anonymous_0)
FN:26,(anonymous_1)
FNF:2
FNH:0
FNDA:0,(anonymous_0)
FNDA:0,(anonymous_1)
DA:7,3
DA:9,0
DA:10,0
DA:11,0
DA:12,0
DA:14,0
DA:24,0
DA:27,0
DA:28,0
DA:29,0
DA:39,0
LF:11
LH:1
BRF:0
BRH:0
end_of_record
TN:
SF:src/redux/apis/adherence.tsx
FN:11,(anonymous_0)
FN:22,fetchmedimages
FN:26,downloadPdf
FN:30,syncMeds
FN:34,getMedHistory
FNF:5
FNH:5
FNDA:1,(anonymous_0)
FNDA:1,fetchmedimages
FNDA:1,downloadPdf
FNDA:1,syncMeds
FNDA:1,getMedHistory
DA:10,7
DA:12,1
DA:13,1
DA:20,0
DA:23,1
DA:24,0
DA:27,1
DA:28,0
DA:31,1
DA:32,0
DA:35,1
DA:36,0
LF:12
LH:7
BRF:0
BRH:0
end_of_record
TN:
SF:src/redux/apis/axios.tsx
FNF:0
FNH:0
DA:4,21
LF:1
LH:1
BRF:0
BRH:0
end_of_record
TN:
SF:src/redux/apis/careTaker.tsx
FN:4,name
FN:10,fetchcaretaker
FN:16,reqcaretaker
FN:20,sendimages
FNF:4
FNH:4
FNDA:1,name
FNDA:1,fetchcaretaker
FNDA:1,reqcaretaker
FNDA:1,sendimages
DA:3,5
DA:5,1
DA:8,0
DA:11,1
DA:14,0
DA:17,1
DA:18,0
DA:21,1
DA:24,0
LF:9
LH:5
BRF:0
BRH:0
end_of_record
TN:
SF:src/redux/apis/patient.tsx
FN:4,fetchPatient
FN:8,fetchpatientdetail
FN:12,fetchpatientreq
FN:16,fetchpatientreqaccept
FN:20,fetchpatientreqdelete
FN:24,notifypatient
FNF:6
FNH:6
FNDA:1,fetchPatient
FNDA:1,fetchpatientdetail
FNDA:1,fetchpatientreq
FNDA:1,fetchpatientreqaccept
FNDA:1,fetchpatientreqdelete
FNDA:1,notifypatient
DA:3,7
DA:5,1
DA:6,0
DA:9,1
DA:10,0
DA:13,1
DA:14,0
DA:17,1
DA:18,0
DA:21,1
DA:22,0
DA:25,1
DA:26,0
LF:13
LH:7
BRF:0
BRH:0
end_of_record
TN:
SF:src/redux/apis/profile.tsx
FN:4,saveprofile
FNF:1
FNH:1
FNDA:1,saveprofile
DA:3,2
DA:5,1
DA:6,0
LF:3
LH:2
BRF:0
BRH:0
end_of_record
TN:
SF:src/redux/reducers/adherence/downloadPdfReducer.tsx
FN:7,(anonymous_0)
FNF:1
FNH:1
FNDA:4,(anonymous_0)
DA:2,1
DA:7,1
DA:8,4
DA:10,1
DA:12,1
DA:14,1
DA:16,1
LF:7
LH:7
BRDA:7,0,0,1
BRDA:8,1,0,1
BRDA:8,1,1,1
BRDA:8,1,2,1
BRDA:8,1,3,1
BRF:5
BRH:5
end_of_record
TN:
SF:src/redux/reducers/adherence/getMedHistoryReducer.tsx
FN:7,(anonymous_0)
FNF:1
FNH:1
FNDA:4,(anonymous_0)
DA:2,1
DA:7,1
DA:8,4
DA:10,1
DA:12,1
DA:14,1
DA:16,1
LF:7
LH:7
BRDA:7,0,0,1
BRDA:8,1,0,1
BRDA:8,1,1,1
BRDA:8,1,2,1
BRDA:8,1,3,1
BRF:5
BRH:5
end_of_record
TN:
SF:src/redux/reducers/adherence/medImagesReducer.tsx
FN:7,(anonymous_0)
FNF:1
FNH:1
FNDA:4,(anonymous_0)
DA:2,1
DA:7,1
DA:8,4
DA:10,1
DA:12,1
DA:14,1
DA:16,1
LF:7
LH:7
BRDA:7,0,0,1
BRDA:8,1,0,1
BRDA:8,1,1,1
BRDA:8,1,2,1
BRDA:8,1,3,1
BRF:5
BRH:5
end_of_record
TN:
SF:src/redux/reducers/adherence/syncHistoryReducer.tsx
FN:7,(anonymous_0)
FNF:1
FNH:1
FNDA:4,(anonymous_0)
DA:2,1
DA:7,1
DA:8,4
DA:10,1
DA:12,1
DA:14,1
DA:16,1
LF:7
LH:7
BRDA:7,0,0,1
BRDA:8,1,0,1
BRDA:8,1,1,1
BRDA:8,1,2,1
BRDA:8,1,3,1
BRF:5
BRH:5
end_of_record
TN:
SF:src/redux/reducers/adherence/syncMedReducers.tsx
FN:7,(anonymous_0)
FNF:1
FNH:1
FNDA:4,(anonymous_0)
DA:2,1
DA:7,1
DA:8,4
DA:10,1
DA:12,1
DA:14,1
DA:16,1
LF:7
LH:7
BRDA:7,0,0,1
BRDA:8,1,0,1
BRDA:8,1,1,1
BRDA:8,1,2,1
BRDA:8,1,3,1
BRF:5
BRH:5
end_of_record
TN:
SF:src/redux/reducers/caretaker/CareTakerReducer.tsx
FN:7,(anonymous_0)
FNF:1
FNH:1
FNDA:4,(anonymous_0)
DA:2,1
DA:7,1
DA:8,4
DA:10,1
DA:12,1
DA:14,1
DA:16,1
LF:7
LH:7
BRDA:7,0,0,1
BRDA:8,1,0,1
BRDA:8,1,1,1
BRDA:8,1,2,1
BRDA:8,1,3,1
BRF:5
BRH:5
end_of_record
TN:
SF:src/redux/reducers/caretaker/emailCaretakerReducer.tsx
FN:7,(anonymous_0)
FNF:1
FNH:1
FNDA:4,(anonymous_0)
DA:2,1
DA:7,1
DA:8,4
DA:10,1
DA:12,1
DA:14,1
DA:16,1
LF:7
LH:7
BRDA:7,0,0,1
BRDA:8,1,0,1
BRDA:8,1,1,1
BRDA:8,1,2,1
BRDA:8,1,3,1
BRF:5
BRH:5
end_of_record
TN:
SF:src/redux/reducers/caretaker/reqCaretakerReducer.tsx
FN:7,(anonymous_0)
FNF:1
FNH:1
FNDA:4,(anonymous_0)
DA:2,1
DA:7,1
DA:8,4
DA:10,1
DA:12,1
DA:14,1
DA:16,1
LF:7
LH:7
BRDA:7,0,0,1
BRDA:8,1,0,1
BRDA:8,1,1,1
BRDA:8,1,2,1
BRDA:8,1,3,1
BRF:5
BRH:5
end_of_record
TN:
SF:src/redux/reducers/caretaker/sendImageReducers.tsx
FN:7,(anonymous_0)
FNF:1
FNH:1
FNDA:4,(anonymous_0)
DA:2,1
DA:7,1
DA:8,4
DA:10,1
DA:12,1
DA:14,1
DA:16,1
LF:7
LH:7
BRDA:7,0,0,1
BRDA:8,1,0,1
BRDA:8,1,1,1
BRDA:8,1,2,1
BRDA:8,1,3,1
BRF:5
BRH:5
end_of_record
TN:
SF:src/redux/reducers/login/loginReducer.tsx
FN:7,(anonymous_0)
FNF:1
FNH:1
FNDA:4,(anonymous_0)
DA:2,1
DA:7,1
DA:8,4
DA:10,1
DA:12,1
DA:14,1
DA:16,1
LF:7
LH:7
BRDA:7,0,0,1
BRDA:8,1,0,1
BRDA:8,1,1,1
BRDA:8,1,2,1
BRDA:8,1,3,1
BRF:5
BRH:5
end_of_record
TN:
SF:src/redux/reducers/patient/PatientProfileReducer.tsx
FN:7,(anonymous_0)
FNF:1
FNH:1
FNDA:4,(anonymous_0)
DA:2,1
DA:7,1
DA:8,4
DA:10,1
DA:12,1
DA:14,1
DA:16,1
LF:7
LH:7
BRDA:7,0,0,1
BRDA:8,1,0,1
BRDA:8,1,1,1
BRDA:8,1,2,1
BRDA:8,1,3,1
BRF:5
BRH:5
end_of_record
TN:
SF:src/redux/reducers/patient/PatientReducer.tsx
FN:7,(anonymous_0)
FNF:1
FNH:1
FNDA:4,(anonymous_0)
DA:2,1
DA:7,1
DA:8,4
DA:10,1
DA:12,1
DA:14,1
DA:16,1
LF:7
LH:7
BRDA:7,0,0,1
BRDA:8,1,0,1
BRDA:8,1,1,1
BRDA:8,1,2,1
BRDA:8,1,3,1
BRF:5
BRH:5
end_of_record
TN:
SF:src/redux/reducers/patient/notifyPatientReducer.tsx
FN:7,(anonymous_0)
FNF:1
FNH:1
FNDA:4,(anonymous_0)
DA:2,1
DA:7,1
DA:8,4
DA:10,1
DA:12,1
DA:14,1
DA:16,1
LF:7
LH:7
BRDA:7,0,0,1
BRDA:8,1,0,1
BRDA:8,1,1,1
BRDA:8,1,2,1
BRDA:8,1,3,1
BRF:5
BRH:5
end_of_record
TN:
SF:src/redux/reducers/patient/patientReqAcceptReducer.tsx
FN:7,(anonymous_0)
FNF:1
FNH:1
FNDA:4,(anonymous_0)
DA:2,1
DA:7,1
DA:8,4
DA:10,1
DA:12,1
DA:14,1
DA:16,1
LF:7
LH:7
BRDA:7,0,0,1
BRDA:8,1,0,1
BRDA:8,1,1,1
BRDA:8,1,2,1
BRDA:8,1,3,1
BRF:5
BRH:5
end_of_record
TN:
SF:src/redux/reducers/patient/patientReqDeleteReducer.tsx
FN:7,(anonymous_0)
FNF:1
FNH:1
FNDA:4,(anonymous_0)
DA:2,1
DA:7,1
DA:8,4
DA:10,1
DA:12,1
DA:14,1
DA:16,1
LF:7
LH:7
BRDA:7,0,0,1
BRDA:8,1,0,1
BRDA:8,1,1,1
BRDA:8,1,2,1
BRDA:8,1,3,1
BRF:5
BRH:5
end_of_record
TN:
SF:src/redux/reducers/patient/patientReqReducers.tsx
FN:7,(anonymous_0)
FNF:1
FNH:1
FNDA:4,(anonymous_0)
DA:2,1
DA:7,1
DA:8,4
DA:10,1
DA:12,1
DA:14,1
DA:16,1
LF:7
LH:7
BRDA:7,0,0,1
BRDA:8,1,0,1
BRDA:8,1,1,1
BRDA:8,1,2,1
BRDA:8,1,3,1
BRF:5
BRH:5
end_of_record
TN:
SF:src/redux/reducers/profile/ProfileReducer.tsx
FN:7,(anonymous_0)
FNF:1
FNH:1
FNDA:4,(anonymous_0)
DA:2,1
DA:7,1
DA:8,4
DA:10,1
DA:12,1
DA:14,1
DA:16,1
LF:7
LH:7
BRDA:7,0,0,1
BRDA:8,1,0,1
BRDA:8,1,1,1
BRDA:8,1,2,1
BRDA:8,1,3,1
BRF:5
BRH:5
end_of_record
TN:
SF:src/redux/reducers/signup/signupReducer.tsx
FN:7,(anonymous_0)
FNF:1
FNH:1
FNDA:4,(anonymous_0)
DA:2,1
DA:7,1
DA:8,4
DA:10,1
DA:12,1
DA:14,1
DA:16,1
LF:7
LH:7
BRDA:7,0,0,1
BRDA:8,1,0,1
BRDA:8,1,1,1
BRDA:8,1,2,1
BRDA:8,1,3,1
BRF:5
BRH:5
end_of_record
TN:
SF:src/redux/sagas/adherence/downloadPdfSaga.tsx
FN:4,downloadPdfSaga
FN:13,downloadPdfwatcherSaga
FNF:2
FNH:2
FNDA:2,downloadPdfSaga
FNDA:1,downloadPdfwatcherSaga
DA:5,2
DA:6,2
DA:7,2
DA:8,1
DA:10,1
DA:14,1
LF:6
LH:6
BRF:0
BRH:0
end_of_record
TN:
SF:src/redux/sagas/adherence/getMedHistorySaga.tsx
FN:4,getMedHistorySaga
FN:13,getMedHistorywatcherSaga
FNF:2
FNH:2
FNDA:2,getMedHistorySaga
FNDA:1,getMedHistorywatcherSaga
DA:5,2
DA:6,2
DA:7,2
DA:8,1
DA:10,1
DA:14,1
LF:6
LH:6
BRF:0
BRH:0
end_of_record
TN:
SF:src/redux/sagas/adherence/medImagesSaga.tsx
FN:4,medImagesSaga
FN:13,medImageswatcherSaga
FNF:2
FNH:2
FNDA:2,medImagesSaga
FNDA:1,medImageswatcherSaga
DA:5,2
DA:6,2
DA:7,2
DA:8,1
DA:10,1
DA:14,1
LF:6
LH:6
BRF:0
BRH:0
end_of_record
TN:
SF:src/redux/sagas/adherence/syncHistorySaga.tsx
FN:4,syncHistorySaga
FN:13,syncHistorywatcherSaga
FNF:2
FNH:2
FNDA:2,syncHistorySaga
FNDA:1,syncHistorywatcherSaga
DA:5,2
DA:6,2
DA:7,2
DA:8,1
DA:10,1
DA:14,1
LF:6
LH:6
BRF:0
BRH:0
end_of_record
TN:
SF:src/redux/sagas/adherence/syncMedSaga.tsx
FN:4,syncMedSaga
FN:13,syncMedwatcherSaga
FNF:2
FNH:2
FNDA:2,syncMedSaga
FNDA:1,syncMedwatcherSaga
DA:5,2
DA:6,2
DA:7,2
DA:8,1
DA:10,1
DA:14,1
LF:6
LH:6
BRF:0
BRH:0
end_of_record
TN:
SF:src/redux/sagas/caretaker/CaretakerSaga.tsx
FN:4,caretakerSaga
FN:13,caretakerwatcherSaga
FNF:2
FNH:2
FNDA:2,caretakerSaga
FNDA:1,caretakerwatcherSaga
DA:5,2
DA:6,2
DA:7,2
DA:8,1
DA:10,1
DA:14,1
LF:6
LH:6
BRF:0
BRH:0
end_of_record
TN:
SF:src/redux/sagas/caretaker/emailCaretakerSaga.tsx
FN:5,emailCaretakerSaga
FN:14,emailCaretakerwatcherSaga
FNF:2
FNH:2
FNDA:2,emailCaretakerSaga
FNDA:1,emailCaretakerwatcherSaga
DA:6,2
DA:7,2
DA:8,2
DA:9,1
DA:11,1
DA:15,1
LF:6
LH:6
BRF:0
BRH:0
end_of_record
TN:
SF:src/redux/sagas/caretaker/reqCaretakerSaga.tsx
FN:4,reqCaretakerSaga
FN:13,reqCaretakerwatcherSaga
FNF:2
FNH:2
FNDA:2,reqCaretakerSaga
FNDA:1,reqCaretakerwatcherSaga
DA:5,2
DA:6,2
DA:7,2
DA:8,1
DA:10,1
DA:14,1
LF:6
LH:6
BRF:0
BRH:0
end_of_record
TN:
SF:src/redux/sagas/caretaker/sendImageSaga.tsx
FN:4,sendImageSaga
FN:13,sendImagewatcherSaga
FNF:2
FNH:2
FNDA:2,sendImageSaga
FNDA:1,sendImagewatcherSaga
DA:5,2
DA:6,2
DA:7,2
DA:8,1
DA:10,1
DA:14,1
LF:6
LH:6
BRF:0
BRH:0
end_of_record
TN:
SF:src/redux/sagas/login/loginSaga.tsx
FN:4,loginSaga
FN:13,loginWatcherSaga
FNF:2
FNH:2
FNDA:2,loginSaga
FNDA:1,loginWatcherSaga
DA:5,2
DA:6,2
DA:7,2
DA:8,1
DA:10,1
DA:14,1
LF:6
LH:6
BRF:0
BRH:0
end_of_record
TN:
SF:src/redux/sagas/patient/PatientSaga.tsx
FN:4,patientSaga
FN:13,patientwatcherSaga
FNF:2
FNH:2
FNDA:2,patientSaga
FNDA:1,patientwatcherSaga
DA:5,2
DA:6,2
DA:7,2
DA:8,1
DA:10,1
DA:14,1
LF:6
LH:6
BRF:0
BRH:0
end_of_record
TN:
SF:src/redux/sagas/patient/notifyPatientSaga.tsx
FN:4,notifySaga
FN:13,notifywatcherSaga
FNF:2
FNH:2
FNDA:2,notifySaga
FNDA:1,notifywatcherSaga
DA:5,2
DA:6,2
DA:7,2
DA:8,1
DA:10,1
DA:14,1
LF:6
LH:6
BRF:0
BRH:0
end_of_record
TN:
SF:src/redux/sagas/patient/patientProfileSaga.tsx
FN:4,patientProfileSaga
FN:13,patientProfilewatcherSaga
FNF:2
FNH:2
FNDA:2,patientProfileSaga
FNDA:1,patientProfilewatcherSaga
DA:5,2
DA:6,2
DA:7,2
DA:8,1
DA:10,1
DA:14,1
LF:6
LH:6
BRF:0
BRH:0
end_of_record
TN:
SF:src/redux/sagas/patient/patientReqAcceptSaga.tsx
FN:4,reqAcceptSaga
FN:13,reqAcceptwatcherSaga
FNF:2
FNH:2
FNDA:2,reqAcceptSaga
FNDA:1,reqAcceptwatcherSaga
DA:5,2
DA:6,2
DA:7,2
DA:8,1
DA:10,1
DA:14,1
LF:6
LH:6
BRF:0
BRH:0
end_of_record
TN:
SF:src/redux/sagas/patient/patientReqDeleteSaga.tsx
FN:4,reqDeleteSaga
FN:13,reqDeletewatcherSaga
FNF:2
FNH:2
FNDA:2,reqDeleteSaga
FNDA:1,reqDeletewatcherSaga
DA:5,2
DA:6,2
DA:7,2
DA:8,1
DA:10,1
DA:14,1
LF:6
LH:6
BRF:0
BRH:0
end_of_record
TN:
SF:src/redux/sagas/patient/patientReqSaga.tsx
FN:4,patientReqSaga
FN:13,patientreqwatcherSaga
FNF:2
FNH:2
FNDA:2,patientReqSaga
FNDA:1,patientreqwatcherSaga
DA:5,2
DA:6,2
DA:7,2
DA:8,1
DA:10,1
DA:14,1
LF:6
LH:6
BRF:0
BRH:0
end_of_record
TN:
SF:src/redux/sagas/profile/ProfileSaga.tsx
FN:4,profileSaga
FN:13,profilewatcherSaga
FNF:2
FNH:2
FNDA:2,profileSaga
FNDA:1,profilewatcherSaga
DA:5,2
DA:6,2
DA:7,2
DA:8,1
DA:10,1
DA:14,1
LF:6
LH:6
BRF:0
BRH:0
end_of_record
TN:
SF:src/redux/sagas/signup/signupSaga.tsx
FN:4,signupSaga
FN:13,signupwatcherSaga
FNF:2
FNH:2
FNDA:2,signupSaga
FNDA:1,signupwatcherSaga
DA:5,2
DA:6,2
DA:7,2
DA:8,1
DA:10,1
DA:14,1
LF:6
LH:6
BRF:0
BRH:0
end_of_record
TN:
SF:src/repositories/var.tsx
FNF:0
FNH:0
DA:1,36
LF:1
LH:1
BRF:0
BRH:0
end_of_record
TN:
SF:src/repositories/database/globalDb.tsx
FN:3,globalDb
FNF:1
FNH:1
FNDA:8,globalDb
DA:2,10
DA:4,8
LF:2
LH:2
BRF:0
BRH:0
end_of_record
TN:
SF:src/repositories/database/queryData.tsx
FN:4,(anonymous_0)
FN:6,(anonymous_1)
FN:10,(anonymous_2)
FNF:3
FNH:0
FNDA:0,(anonymous_0)
FNDA:0,(anonymous_1)
FNDA:0,(anonymous_2)
DA:3,2
DA:5,0
DA:6,0
DA:7,0
DA:11,0
DA:12,0
DA:14,0
LF:7
LH:1
BRF:0
BRH:0
end_of_record
TN:
SF:src/screens/AboutApp.tsx
FN:5,(anonymous_0)
FNF:1
FNH:1
FNDA:2,(anonymous_0)
DA:5,1
DA:6,2
LF:2
LH:2
BRF:0
BRH:0
end_of_record
TN:
SF:src/screens/AddMedicine.tsx
FN:23,(anonymous_0)
FN:28,(anonymous_1)
FN:31,(anonymous_2)
FN:33,(anonymous_3)
FN:39,(anonymous_4)
FN:40,(anonymous_5)
FN:43,(anonymous_6)
FN:52,(anonymous_7)
FN:64,(anonymous_8)
FN:71,(anonymous_9)
FN:75,(anonymous_10)
FN:80,(anonymous_11)
FN:94,(anonymous_12)
FN:119,(anonymous_13)
FN:131,(anonymous_14)
FN:135,(anonymous_15)
FN:173,(anonymous_16)
FNF:17
FNH:1
FNDA:0,(anonymous_0)
FNDA:2,(anonymous_1)
FNDA:0,(anonymous_2)
FNDA:0,(anonymous_3)
FNDA:0,(anonymous_4)
FNDA:0,(anonymous_5)
FNDA:0,(anonymous_6)
FNDA:0,(anonymous_7)
FNDA:0,(anonymous_8)
FNDA:0,(anonymous_9)
FNDA:0,(anonymous_10)
FNDA:0,(anonymous_11)
FNDA:0,(anonymous_12)
FNDA:0,(anonymous_13)
FNDA:0,(anonymous_14)
FNDA:0,(anonymous_15)
FNDA:0,(anonymous_16)
DA:17,4
DA:23,4
DA:24,0
DA:27,4
DA:28,4
DA:29,2
DA:30,2
DA:32,0
DA:33,0
DA:39,2
DA:40,0
DA:41,0
DA:43,0
DA:44,0
DA:49,0
DA:53,0
DA:54,0
DA:57,0
DA:64,2
DA:65,0
DA:66,0
DA:71,2
DA:72,0
DA:73,0
DA:74,0
DA:75,0
DA:76,0
DA:77,0
DA:81,0
DA:82,0
DA:85,0
DA:86,0
DA:94,2
DA:95,0
DA:120,0
DA:132,0
DA:135,0
DA:151,2
DA:174,0
LF:39
LH:11
BRDA:66,0,0,0
BRDA:66,0,1,0
BRDA:86,1,0,0
BRDA:86,1,1,0
BRDA:125,2,0,0
BRDA:125,2,1,0
BRDA:153,3,0,2
BRDA:153,3,1,0
BRF:8
BRH:1
end_of_record
TN:
SF:src/screens/HomeScreen.tsx
FN:17,(anonymous_0)
FN:19,(anonymous_1)
FN:33,(anonymous_2)
FN:39,(anonymous_3)
FN:53,(anonymous_4)
FN:69,(anonymous_5)
FN:72,(anonymous_6)
FN:87,(anonymous_7)
FNF:8
FNH:5
FNDA:1,(anonymous_0)
FNDA:0,(anonymous_1)
FNDA:3,(anonymous_2)
FNDA:0,(anonymous_3)
FNDA:2,(anonymous_4)
FNDA:0,(anonymous_5)
FNDA:2,(anonymous_6)
FNDA:2,(anonymous_7)
DA:15,2
DA:17,2
DA:18,1
DA:19,1
DA:20,0
DA:26,1
DA:33,3
DA:40,0
DA:54,2
DA:70,0
DA:73,2
DA:88,2
LF:12
LH:9
BRF:0
BRH:0
end_of_record
TN:
SF:src/screens/OnboardingScreen.tsx
FN:7,(anonymous_0)
FN:8,(anonymous_1)
FNF:2
FNH:1
FNDA:1,(anonymous_0)
FNDA:0,(anonymous_1)
DA:7,1
DA:8,1
DA:9,0
DA:11,1
LF:4
LH:3
BRF:0
BRH:0
end_of_record
TN:
SF:src/screens/Settings.tsx
FN:11,(anonymous_0)
FN:24,(anonymous_1)
FN:36,(anonymous_2)
FN:43,(anonymous_3)
FNF:4
FNH:1
FNDA:1,(anonymous_0)
FNDA:0,(anonymous_1)
FNDA:0,(anonymous_2)
FNDA:0,(anonymous_3)
DA:11,2
DA:12,1
DA:24,0
DA:36,0
DA:44,0
DA:45,0
LF:6
LH:2
BRF:0
BRH:0
end_of_record
TN:
SF:src/screens/UserMed.tsx
FN:21,createdb
FN:26,(anonymous_1)
FN:29,(anonymous_2)
FN:38,(anonymous_3)
FN:43,(anonymous_4)
FN:46,(anonymous_5)
FN:64,(anonymous_6)
FN:74,(anonymous_7)
FN:82,(anonymous_8)
FN:86,(anonymous_9)
FNF:10
FNH:1
FNDA:0,createdb
FNDA:0,(anonymous_1)
FNDA:0,(anonymous_2)
FNDA:1,(anonymous_3)
FNDA:0,(anonymous_4)
FNDA:0,(anonymous_5)
FNDA:0,(anonymous_6)
FNDA:0,(anonymous_7)
FNDA:0,(anonymous_8)
FNDA:0,(anonymous_9)
DA:22,0
DA:23,0
DA:24,0
DA:27,0
DA:30,0
DA:33,0
DA:35,0
DA:36,0
DA:38,3
DA:39,1
DA:40,1
DA:41,1
DA:42,1
DA:43,1
DA:44,0
DA:46,0
DA:47,0
DA:48,0
DA:52,0
DA:54,0
DA:59,0
DA:64,0
DA:65,0
DA:69,1
DA:74,1
DA:75,0
DA:83,0
DA:84,0
DA:87,0
DA:124,1
LF:30
LH:9
BRDA:23,0,0,0
BRDA:23,0,1,0
BRDA:95,1,0,0
BRDA:95,1,1,0
BRDA:105,2,0,0
BRDA:105,2,1,0
BRF:6
BRH:0
end_of_record
TN:
SF:src/screens/adherence/AdherenceHistory.tsx
FN:42,(anonymous_0)
FN:54,(anonymous_1)
FN:57,(anonymous_2)
FN:67,(anonymous_3)
FN:82,(anonymous_4)
FN:98,(anonymous_5)
FN:99,(anonymous_6)
FN:103,(anonymous_7)
FN:111,(anonymous_8)
FN:114,(anonymous_9)
FN:119,(anonymous_10)
FN:134,(anonymous_11)
FN:143,(anonymous_12)
FN:146,(anonymous_13)
FN:201,(anonymous_14)
FN:207,(anonymous_15)
FN:208,(anonymous_16)
FN:254,(anonymous_17)
FN:267,(anonymous_18)
FNF:19
FNH:1
FNDA:2,(anonymous_0)
FNDA:0,(anonymous_1)
FNDA:0,(anonymous_2)
FNDA:0,(anonymous_3)
FNDA:0,(anonymous_4)
FNDA:0,(anonymous_5)
FNDA:0,(anonymous_6)
FNDA:0,(anonymous_7)
FNDA:0,(anonymous_8)
FNDA:0,(anonymous_9)
FNDA:0,(anonymous_10)
FNDA:0,(anonymous_11)
FNDA:0,(anonymous_12)
FNDA:0,(anonymous_13)
FNDA:0,(anonymous_14)
FNDA:0,(anonymous_15)
FNDA:0,(anonymous_16)
FNDA:0,(anonymous_17)
FNDA:0,(anonymous_18)
DA:34,1
DA:35,1
DA:42,1
DA:43,2
DA:44,1
DA:46,1
DA:47,1
DA:48,1
DA:49,1
DA:50,1
DA:51,1
DA:52,1
DA:53,1
DA:54,1
DA:55,0
DA:57,0
DA:58,0
DA:62,0
DA:63,0
DA:67,1
DA:68,0
DA:69,0
DA:70,0
DA:71,0
DA:72,0
DA:73,0
DA:74,0
DA:75,0
DA:76,0
DA:77,0
DA:78,0
DA:80,0
DA:81,0
DA:82,0
DA:83,0
DA:84,0
DA:85,0
DA:86,0
DA:87,0
DA:88,0
DA:90,0
DA:91,0
DA:92,0
DA:93,0
DA:95,0
DA:98,1
DA:99,0
DA:100,0
DA:104,0
DA:110,1
DA:112,0
DA:113,0
DA:114,0
DA:119,1
DA:120,0
DA:121,0
DA:125,0
DA:127,0
DA:128,0
DA:129,0
DA:131,1
DA:134,0
DA:143,0
DA:147,0
DA:148,0
DA:202,0
DA:203,0
DA:204,0
DA:207,0
DA:209,0
DA:255,0
DA:268,0
DA:269,0
DA:272,0
DA:275,0
DA:276,0
DA:277,0
DA:278,0
DA:279,0
DA:284,0
LF:80
LH:19
BRDA:120,0,0,0
BRDA:120,0,1,0
BRDA:140,1,0,0
BRDA:140,1,1,1
BRDA:183,2,0,0
BRDA:183,2,1,1
BRDA:227,3,0,1
BRDA:227,3,1,0
BRDA:238,4,0,1
BRDA:238,4,1,0
BRDA:278,5,0,0
BRDA:278,5,1,0
BRF:12
BRH:4
end_of_record
TN:
SF:src/screens/adherence/ClickSendImage.tsx
FN:11,(anonymous_0)
FN:22,(anonymous_1)
FNF:2
FNH:1
FNDA:1,(anonymous_0)
FNDA:0,(anonymous_1)
DA:11,2
DA:12,1
DA:13,1
DA:23,0
DA:24,0
DA:25,0
LF:6
LH:3
BRF:0
BRH:0
end_of_record
TN:
SF:src/screens/adherence/MedicineAdherence.tsx
FN:30,(anonymous_0)
FN:35,(anonymous_1)
FN:45,(anonymous_2)
FN:52,(anonymous_3)
FN:57,(anonymous_4)
FN:85,(anonymous_5)
FN:96,(anonymous_6)
FN:109,(anonymous_7)
FN:133,fetchallreminders
FN:135,(anonymous_9)
FN:137,(anonymous_10)
FN:146,(anonymous_11)
FN:175,fetchallremindersandsync
FN:181,(anonymous_13)
FN:182,(anonymous_14)
FN:212,(anonymous_15)
FN:230,(anonymous_16)
FN:289,(anonymous_17)
FN:343,(anonymous_18)
FNF:19
FNH:1
FNDA:2,(anonymous_0)
FNDA:0,(anonymous_1)
FNDA:0,(anonymous_2)
FNDA:0,(anonymous_3)
FNDA:0,(anonymous_4)
FNDA:0,(anonymous_5)
FNDA:0,(anonymous_6)
FNDA:0,(anonymous_7)
FNDA:0,fetchallreminders
FNDA:0,(anonymous_9)
FNDA:0,(anonymous_10)
FNDA:0,(anonymous_11)
FNDA:0,fetchallremindersandsync
FNDA:0,(anonymous_13)
FNDA:0,(anonymous_14)
FNDA:0,(anonymous_15)
FNDA:0,(anonymous_16)
FNDA:0,(anonymous_17)
FNDA:0,(anonymous_18)
DA:29,3
DA:30,3
DA:31,2
DA:32,2
DA:33,2
DA:35,2
DA:36,0
DA:37,0
DA:38,0
DA:39,0
DA:45,0
DA:46,0
DA:53,0
DA:54,0
DA:57,0
DA:61,0
DA:86,0
DA:97,0
DA:134,0
DA:135,0
DA:136,0
DA:137,0
DA:138,0
DA:143,0
DA:147,0
DA:148,0
DA:150,0
DA:151,0
DA:152,0
DA:153,0
DA:154,0
DA:159,0
DA:160,0
DA:162,0
DA:167,0
DA:168,0
DA:176,0
DA:177,0
DA:179,0
DA:180,0
DA:181,0
DA:183,0
DA:196,0
DA:199,0
DA:200,0
DA:201,0
DA:202,0
DA:203,0
DA:204,0
DA:213,0
DA:214,0
DA:218,0
DA:219,0
DA:223,0
DA:224,0
DA:231,0
DA:237,0
DA:242,0
DA:258,2
DA:290,0
DA:344,0
DA:345,0
LF:62
LH:7
BRDA:48,0,0,0
BRDA:48,0,1,0
BRDA:53,1,0,0
BRDA:53,1,1,0
BRDA:154,2,0,0
BRDA:154,2,1,0
BRDA:159,3,0,0
BRDA:159,3,1,0
BRDA:159,4,0,0
BRDA:159,4,1,0
BRDA:176,5,0,0
BRDA:176,5,1,0
BRDA:213,6,0,0
BRDA:213,6,1,0
BRDA:218,7,0,0
BRDA:218,7,1,0
BRDA:218,8,0,0
BRDA:218,8,1,0
BRDA:223,9,0,0
BRDA:223,9,1,0
BRDA:223,10,0,0
BRDA:223,10,1,0
BRDA:265,11,0,0
BRDA:265,11,1,2
BRDA:290,12,0,0
BRDA:290,12,1,0
BRDA:344,13,0,0
BRDA:344,13,1,0
BRDA:348,14,0,2
BRDA:348,14,1,2
BRF:30
BRH:3
end_of_record
TN:
SF:src/screens/adherence/SendImageToCaretaker.tsx
FN:38,(anonymous_0)
FN:47,(anonymous_1)
FN:60,(anonymous_2)
FN:70,(anonymous_3)
FN:89,(anonymous_4)
FN:110,(anonymous_5)
FN:116,(anonymous_6)
FN:119,(anonymous_7)
FN:122,(anonymous_8)
FN:123,(anonymous_9)
FN:129,(anonymous_10)
FN:130,name
FN:136,(anonymous_12)
FN:142,SendImage
FN:184,(anonymous_14)
FN:207,(anonymous_15)
FN:213,(anonymous_16)
FN:217,(anonymous_17)
FN:245,(anonymous_18)
FN:262,(anonymous_19)
FN:268,(anonymous_20)
FNF:21
FNH:3
FNDA:1,(anonymous_0)
FNDA:0,(anonymous_1)
FNDA:0,(anonymous_2)
FNDA:0,(anonymous_3)
FNDA:0,(anonymous_4)
FNDA:1,(anonymous_5)
FNDA:1,(anonymous_6)
FNDA:0,(anonymous_7)
FNDA:0,(anonymous_8)
FNDA:0,(anonymous_9)
FNDA:0,(anonymous_10)
FNDA:0,name
FNDA:0,(anonymous_12)
FNDA:0,SendImage
FNDA:0,(anonymous_14)
FNDA:0,(anonymous_15)
FNDA:0,(anonymous_16)
FNDA:0,(anonymous_17)
FNDA:0,(anonymous_18)
FNDA:0,(anonymous_19)
FNDA:0,(anonymous_20)
DA:29,1
DA:35,1
DA:36,1
DA:37,1
DA:38,1
DA:39,1
DA:40,1
DA:42,1
DA:43,1
DA:44,1
DA:45,1
DA:47,1
DA:48,0
DA:50,0
DA:61,0
DA:62,0
DA:70,1
DA:71,0
DA:72,0
DA:73,0
DA:75,0
DA:90,0
DA:91,0
DA:92,0
DA:93,0
DA:94,0
DA:96,0
DA:97,0
DA:108,1
DA:109,1
DA:110,1
DA:111,1
DA:112,0
DA:113,0
DA:116,1
DA:117,1
DA:119,1
DA:120,0
DA:122,0
DA:123,0
DA:124,0
DA:125,0
DA:128,0
DA:131,0
DA:132,0
DA:133,0
DA:135,0
DA:136,0
DA:143,0
DA:144,0
DA:145,0
DA:146,0
DA:150,0
DA:152,0
DA:154,0
DA:160,0
DA:161,0
DA:162,0
DA:163,0
DA:164,0
DA:169,0
DA:170,0
DA:172,0
DA:177,0
DA:178,0
DA:180,0
DA:182,0
DA:185,0
DA:186,0
DA:187,0
DA:190,0
DA:195,0
DA:196,0
DA:197,0
DA:198,0
DA:199,0
DA:200,0
DA:208,0
DA:209,0
DA:213,0
DA:214,0
DA:218,0
DA:222,1
DA:246,0
DA:253,0
DA:263,0
DA:269,0
LF:87
LH:21
BRDA:62,0,0,0
BRDA:62,0,1,0
BRDA:93,1,0,0
BRDA:93,1,1,0
BRDA:144,2,0,0
BRDA:144,2,1,0
BRDA:161,3,0,0
BRDA:161,3,1,0
BRDA:187,4,0,0
BRDA:187,4,1,0
BRDA:261,5,0,1
BRDA:261,5,1,1
BRF:12
BRH:2
end_of_record
TN:
SF:src/screens/adherence/TodayPerformance.tsx
FN:13,(anonymous_0)
FN:19,(anonymous_1)
FN:42,(anonymous_2)
FN:60,(anonymous_3)
FN:61,(anonymous_4)
FN:69,(anonymous_5)
FN:89,(anonymous_6)
FN:103,(anonymous_7)
FN:111,(anonymous_8)
FN:144,(anonymous_9)
FNF:10
FNH:2
FNDA:1,(anonymous_0)
FNDA:0,(anonymous_1)
FNDA:0,(anonymous_2)
FNDA:1,(anonymous_3)
FNDA:0,(anonymous_4)
FNDA:0,(anonymous_5)
FNDA:0,(anonymous_6)
FNDA:0,(anonymous_7)
FNDA:0,(anonymous_8)
FNDA:0,(anonymous_9)
DA:6,1
DA:11,1
DA:13,1
DA:14,1
DA:15,1
DA:16,1
DA:17,1
DA:19,1
DA:20,0
DA:22,0
DA:23,0
DA:25,0
DA:26,0
DA:27,0
DA:28,0
DA:29,0
DA:31,0
DA:34,0
DA:36,0
DA:41,0
DA:42,0
DA:43,0
DA:48,0
DA:52,0
DA:60,1
DA:61,1
DA:62,0
DA:66,0
DA:70,0
DA:71,0
DA:72,0
DA:73,0
DA:74,0
DA:76,0
DA:81,0
DA:82,0
DA:86,0
DA:90,0
DA:91,0
DA:93,0
DA:98,0
DA:100,0
DA:104,0
DA:108,0
DA:112,0
DA:119,0
DA:126,1
DA:145,0
LF:48
LH:11
BRDA:22,0,0,0
BRDA:22,0,1,0
BRDA:28,1,0,0
BRDA:28,1,1,0
BRDA:81,2,0,0
BRDA:81,2,1,0
BRDA:81,3,0,0
BRDA:81,3,1,0
BRDA:90,4,0,0
BRDA:90,4,1,0
BRDA:132,5,0,0
BRDA:132,5,1,1
BRDA:132,6,0,1
BRDA:132,6,1,0
BRF:14
BRH:2
end_of_record
TN:
SF:src/screens/adherence/adherenceStyles/AdherenceHistoryStyles.tsx
FNF:0
FNH:0
DA:3,1
LF:1
LH:1
BRF:0
BRH:0
end_of_record
TN:
SF:src/screens/adherence/adherenceStyles/ClickSendImageStyles.tsx
FNF:0
FNH:0
DA:3,2
LF:1
LH:1
BRF:0
BRH:0
end_of_record
TN:
SF:src/screens/adherence/adherenceStyles/MedicineHistoryListStyles.tsx
FNF:0
FNH:0
DA:3,2
LF:1
LH:1
BRF:0
BRH:0
end_of_record
TN:
SF:src/screens/adherence/adherenceStyles/SendImageToCareTakerStyles.tsx
FNF:0
FNH:0
DA:3,1
LF:1
LH:1
BRF:0
BRH:0
end_of_record
TN:
SF:src/screens/adherence/adherenceStyles/TodayPerformanceStyles.tsx
FNF:0
FNH:0
DA:3,2
LF:1
LH:1
BRF:0
BRH:0
end_of_record
TN:
SF:src/screens/alarm/Reminder.tsx
FN:32,(anonymous_0)
FN:35,(anonymous_1)
FN:36,(anonymous_2)
FN:41,(anonymous_3)
FN:51,(anonymous_4)
FN:83,(anonymous_5)
FN:86,(anonymous_6)
FN:89,(anonymous_7)
FN:92,(anonymous_8)
FN:96,(anonymous_9)
FN:109,(anonymous_10)
FN:147,(anonymous_11)
FN:167,(anonymous_12)
FN:200,(anonymous_13)
FN:209,(anonymous_14)
FN:228,(anonymous_15)
FN:238,(anonymous_16)
FN:275,(anonymous_17)
FN:297,(anonymous_18)
FN:315,(anonymous_19)
FN:368,(anonymous_20)
FN:382,(anonymous_21)
FN:390,(anonymous_22)
FN:409,(anonymous_23)
FN:419,(anonymous_24)
FN:461,(anonymous_25)
FNF:26
FNH:2
FNDA:1,(anonymous_0)
FNDA:0,(anonymous_1)
FNDA:0,(anonymous_2)
FNDA:0,(anonymous_3)
FNDA:0,(anonymous_4)
FNDA:0,(anonymous_5)
FNDA:0,(anonymous_6)
FNDA:0,(anonymous_7)
FNDA:0,(anonymous_8)
FNDA:0,(anonymous_9)
FNDA:0,(anonymous_10)
FNDA:0,(anonymous_11)
FNDA:0,(anonymous_12)
FNDA:0,(anonymous_13)
FNDA:0,(anonymous_14)
FNDA:0,(anonymous_15)
FNDA:0,(anonymous_16)
FNDA:0,(anonymous_17)
FNDA:0,(anonymous_18)
FNDA:0,(anonymous_19)
FNDA:0,(anonymous_20)
FNDA:0,(anonymous_21)
FNDA:0,(anonymous_22)
FNDA:0,(anonymous_23)
FNDA:0,(anonymous_24)
FNDA:1,(anonymous_25)
DA:30,1
DA:32,1
DA:33,1
DA:35,1
DA:36,0
DA:37,0
DA:38,0
DA:42,0
DA:43,0
DA:44,0
DA:45,0
DA:51,1
DA:52,0
DA:53,0
DA:54,0
DA:56,0
DA:57,0
DA:58,0
DA:59,0
DA:61,1
DA:62,1
DA:63,1
DA:65,1
DA:66,1
DA:67,1
DA:68,1
DA:69,1
DA:70,1
DA:71,1
DA:74,1
DA:75,1
DA:76,1
DA:77,1
DA:78,1
DA:79,1
DA:80,1
DA:81,1
DA:83,1
DA:84,0
DA:86,1
DA:87,0
DA:89,1
DA:90,0
DA:92,1
DA:93,0
DA:96,1
DA:97,0
DA:98,0
DA:100,0
DA:103,0
DA:104,0
DA:105,0
DA:106,0
DA:107,0
DA:108,0
DA:109,0
DA:110,0
DA:111,0
DA:113,0
DA:114,0
DA:116,0
DA:140,0
DA:142,0
DA:143,0
DA:145,0
DA:146,0
DA:147,0
DA:148,0
DA:149,0
DA:151,0
DA:152,0
DA:155,0
DA:157,0
DA:167,0
DA:169,0
DA:196,0
DA:200,1
DA:201,0
DA:203,0
DA:205,0
DA:206,0
DA:209,1
DA:210,0
DA:212,0
DA:213,0
DA:214,0
DA:215,0
DA:216,0
DA:217,0
DA:219,0
DA:221,0
DA:222,0
DA:223,0
DA:225,0
DA:228,1
DA:230,0
DA:235,0
DA:238,0
DA:241,0
DA:243,0
DA:244,0
DA:245,0
DA:246,0
DA:247,0
DA:248,0
DA:249,0
DA:251,0
DA:253,0
DA:254,0
DA:256,0
DA:259,0
DA:260,0
DA:261,0
DA:262,0
DA:264,0
DA:268,0
DA:269,0
DA:270,0
DA:272,0
DA:275,0
DA:276,0
DA:281,0
DA:297,0
DA:298,0
DA:299,0
DA:302,0
DA:303,0
DA:310,1
DA:316,0
DA:317,0
DA:318,0
DA:369,0
DA:383,0
DA:391,0
DA:392,0
DA:410,0
DA:411,0
DA:420,0
DA:421,0
DA:462,1
LF:140
LH:33
BRDA:108,0,0,0
BRDA:108,0,1,0
BRDA:146,1,0,0
BRDA:146,1,1,0
BRDA:212,2,0,0
BRDA:212,2,1,0
BRDA:230,3,0,0
BRDA:230,3,1,0
BRDA:231,4,0,0
BRDA:231,4,1,0
BRDA:231,4,2,0
BRDA:248,5,0,0
BRDA:248,5,1,0
BRDA:253,6,0,0
BRDA:253,6,1,0
BRDA:259,7,0,0
BRDA:259,7,1,0
BRDA:261,8,0,0
BRDA:261,8,1,0
BRDA:268,9,0,0
BRDA:268,9,1,0
BRDA:428,10,0,1
BRDA:428,10,1,0
BRF:23
BRH:1
end_of_record
TN:
SF:src/screens/alarm/alarmStyles/ReminderStyles.tsx
FNF:0
FNH:0
DA:3,1
LF:1
LH:1
BRF:0
BRH:0
end_of_record
TN:
SF:src/screens/caretaker/AddCaretaker.tsx
FN:25,(anonymous_0)
FN:28,(anonymous_1)
FN:30,(anonymous_2)
FN:35,(anonymous_3)
FN:41,(anonymous_4)
FN:44,(anonymous_5)
FN:49,(anonymous_6)
FN:69,(anonymous_7)
FN:110,(anonymous_8)
FN:111,(anonymous_9)
FN:117,(anonymous_10)
FN:124,(anonymous_11)
FNF:12
FNH:0
FNDA:0,(anonymous_0)
FNDA:0,(anonymous_1)
FNDA:0,(anonymous_2)
FNDA:0,(anonymous_3)
FNDA:0,(anonymous_4)
FNDA:0,(anonymous_5)
FNDA:0,(anonymous_6)
FNDA:0,(anonymous_7)
FNDA:0,(anonymous_8)
FNDA:0,(anonymous_9)
FNDA:0,(anonymous_10)
FNDA:0,(anonymous_11)
DA:25,1
DA:26,0
DA:27,0
DA:28,0
DA:30,0
DA:31,0
DA:32,0
DA:33,0
DA:34,0
DA:35,0
DA:36,0
DA:37,0
DA:38,0
DA:41,0
DA:42,0
DA:44,0
DA:45,0
DA:47,0
DA:83,0
DA:110,0
DA:111,0
DA:117,0
DA:124,0
LF:23
LH:1
BRDA:94,0,0,0
BRDA:94,0,1,0
BRF:2
BRH:0
end_of_record
TN:
SF:src/screens/caretaker/Caretaker.tsx
FN:9,(anonymous_0)
FN:17,(anonymous_1)
FN:19,(anonymous_2)
FNF:3
FNH:1
FNDA:1,(anonymous_0)
FNDA:0,(anonymous_1)
FNDA:0,(anonymous_2)
DA:7,2
DA:9,2
DA:10,1
DA:18,0
DA:19,0
LF:5
LH:3
BRF:0
BRH:0
end_of_record
TN:
SF:src/screens/caretaker/CaretakerComp.tsx
FN:15,Caretakercomp
FN:17,(anonymous_1)
FN:18,checkforlog
FN:28,(anonymous_3)
FN:34,(anonymous_4)
FN:50,(anonymous_5)
FNF:6
FNH:0
FNDA:0,Caretakercomp
FNDA:0,(anonymous_1)
FNDA:0,checkforlog
FNDA:0,(anonymous_3)
FNDA:0,(anonymous_4)
FNDA:0,(anonymous_5)
DA:16,0
DA:17,0
DA:19,0
DA:21,0
DA:22,0
DA:29,0
DA:35,0
DA:43,0
DA:46,0
DA:50,0
LF:10
LH:0
BRDA:21,0,0,0
BRDA:21,0,1,0
BRF:2
BRH:0
end_of_record
TN:
SF:src/screens/caretaker/CaretakerReq.tsx
FN:4,(anonymous_0)
FNF:1
FNH:1
FNDA:1,(anonymous_0)
DA:4,2
DA:5,1
LF:2
LH:2
BRF:0
BRH:0
end_of_record
TN:
SF:src/screens/caretaker/SearchCaretaker.tsx
FN:17,(anonymous_0)
FN:21,(anonymous_1)
FN:34,(anonymous_2)
FN:35,(anonymous_3)
FN:40,(anonymous_4)
FN:51,(anonymous_5)
FN:71,(anonymous_6)
FN:74,(anonymous_7)
FN:85,(anonymous_8)
FN:95,(anonymous_9)
FN:112,(anonymous_10)
FN:127,(anonymous_11)
FN:128,(anonymous_12)
FN:140,(anonymous_13)
FN:155,(anonymous_14)
FNF:15
FNH:2
FNDA:1,(anonymous_0)
FNDA:0,(anonymous_1)
FNDA:0,(anonymous_2)
FNDA:0,(anonymous_3)
FNDA:0,(anonymous_4)
FNDA:0,(anonymous_5)
FNDA:0,(anonymous_6)
FNDA:0,(anonymous_7)
FNDA:0,(anonymous_8)
FNDA:0,(anonymous_9)
FNDA:0,(anonymous_10)
FNDA:0,(anonymous_11)
FNDA:1,(anonymous_12)
FNDA:0,(anonymous_13)
FNDA:0,(anonymous_14)
DA:17,1
DA:18,1
DA:19,1
DA:21,1
DA:22,0
DA:23,0
DA:24,0
DA:25,0
DA:29,0
DA:31,0
DA:33,0
DA:34,0
DA:36,0
DA:38,0
DA:41,0
DA:42,0
DA:47,0
DA:51,1
DA:55,0
DA:56,0
DA:57,0
DA:72,0
DA:75,0
DA:76,0
DA:78,0
DA:79,0
DA:85,0
DA:88,1
DA:95,1
DA:96,0
DA:98,0
DA:113,0
DA:114,0
DA:115,0
DA:121,1
DA:127,0
DA:129,1
DA:140,0
DA:156,0
LF:39
LH:9
BRDA:24,0,0,0
BRDA:24,0,1,0
BRDA:75,1,0,0
BRDA:75,1,1,0
BRDA:134,2,0,1
BRDA:134,2,1,0
BRDA:145,3,0,1
BRDA:145,3,1,1
BRF:8
BRH:3
end_of_record
TN:
SF:src/screens/caretaker/caretakerStyles/CaretakerComStyles.tsx
FNF:0
FNH:0
DA:4,1
LF:1
LH:1
BRF:0
BRH:0
end_of_record
TN:
SF:src/screens/caretaker/caretakerStyles/SearchCaretakerStyles.tsx
FNF:0
FNH:0
DA:3,1
LF:1
LH:1
BRF:0
BRH:0
end_of_record
TN:
SF:src/screens/components/HistoryDetail.tsx
FN:12,(anonymous_0)
FN:14,findTime
FN:28,(anonymous_2)
FN:33,(anonymous_3)
FN:44,(anonymous_4)
FNF:5
FNH:1
FNDA:1,(anonymous_0)
FNDA:0,findTime
FNDA:0,(anonymous_2)
FNDA:0,(anonymous_3)
FNDA:0,(anonymous_4)
DA:12,2
DA:13,1
DA:15,0
DA:16,0
DA:18,0
DA:19,0
DA:20,0
DA:21,0
DA:22,0
DA:23,0
DA:26,0
DA:28,1
DA:29,0
DA:30,0
DA:31,0
DA:32,0
DA:34,0
DA:35,0
DA:40,0
DA:43,0
DA:45,0
DA:47,0
DA:52,0
DA:55,0
DA:58,1
LF:25
LH:4
BRDA:18,0,0,0
BRDA:18,0,1,0
BRDA:18,1,0,0
BRDA:18,1,1,0
BRDA:18,1,2,0
BRDA:20,2,0,0
BRDA:20,2,1,0
BRDA:20,3,0,0
BRDA:20,3,1,0
BRDA:20,3,2,0
BRDA:22,4,0,0
BRDA:22,4,1,0
BRDA:22,5,0,0
BRDA:22,5,1,0
BRDA:22,5,2,0
BRDA:32,6,0,0
BRDA:32,6,1,0
BRDA:43,7,0,0
BRDA:43,7,1,0
BRF:19
BRH:0
end_of_record
TN:
SF:src/screens/login/LoginScreen.tsx
FN:15,(anonymous_0)
FN:18,loginuser
FN:37,(anonymous_2)
FN:68,(anonymous_3)
FN:70,(anonymous_4)
FN:71,(anonymous_5)
FNF:6
FNH:1
FNDA:1,(anonymous_0)
FNDA:0,loginuser
FNDA:0,(anonymous_2)
FNDA:0,(anonymous_3)
FNDA:0,(anonymous_4)
FNDA:0,(anonymous_5)
DA:15,1
DA:16,1
DA:19,0
DA:20,0
DA:21,0
DA:22,0
DA:23,0
DA:24,0
DA:25,0
DA:26,0
DA:27,0
DA:28,0
DA:29,0
DA:30,0
DA:31,0
DA:35,0
DA:37,0
DA:38,0
DA:41,0
DA:42,0
DA:43,0
DA:49,0
DA:50,0
DA:51,0
DA:53,0
DA:60,1
DA:69,0
DA:70,0
DA:71,0
LF:29
LH:3
BRDA:27,0,0,0
BRDA:27,0,1,0
BRDA:50,1,0,0
BRDA:50,1,1,0
BRDA:74,2,0,1
BRDA:74,2,1,0
BRF:6
BRH:1
end_of_record
TN:
SF:src/screens/login/loginStyles/LoginStyles.tsx
FNF:0
FNH:0
DA:3,1
LF:1
LH:1
BRF:0
BRH:0
end_of_record
TN:
SF:src/screens/patient/MedicineImages.tsx
FN:22,(anonymous_0)
FN:32,(anonymous_1)
FN:33,(anonymous_2)
FN:49,(anonymous_3)
FN:62,(anonymous_4)
FN:63,(anonymous_5)
FN:83,(anonymous_6)
FN:87,fetchImages
FN:89,(anonymous_8)
FN:90,(anonymous_9)
FN:102,(anonymous_10)
FN:107,(anonymous_11)
FN:109,(anonymous_12)
FN:127,(anonymous_13)
FNF:14
FNH:1
FNDA:0,(anonymous_0)
FNDA:0,(anonymous_1)
FNDA:0,(anonymous_2)
FNDA:0,(anonymous_3)
FNDA:0,(anonymous_4)
FNDA:0,(anonymous_5)
FNDA:1,(anonymous_6)
FNDA:0,fetchImages
FNDA:0,(anonymous_8)
FNDA:0,(anonymous_9)
FNDA:0,(anonymous_10)
FNDA:0,(anonymous_11)
FNDA:0,(anonymous_12)
FNDA:0,(anonymous_13)
DA:19,1
DA:20,1
DA:21,1
DA:22,1
DA:23,0
DA:24,0
DA:25,0
DA:32,0
DA:33,0
DA:49,1
DA:50,0
DA:51,0
DA:53,0
DA:62,0
DA:63,0
DA:83,1
DA:84,1
DA:85,1
DA:86,1
DA:88,0
DA:89,0
DA:91,0
DA:92,0
DA:93,0
DA:94,0
DA:96,0
DA:97,0
DA:98,0
DA:101,0
DA:102,0
DA:103,0
DA:106,1
DA:108,0
DA:109,0
DA:115,1
DA:127,0
LF:36
LH:11
BRDA:35,0,0,0
BRDA:35,0,1,0
BRDA:93,1,0,0
BRDA:93,1,1,0
BRDA:117,2,0,1
BRDA:117,2,1,0
BRF:6
BRH:1
end_of_record
TN:
SF:src/screens/patient/MyPatients.tsx
FN:26,(anonymous_0)
FN:31,(anonymous_1)
FN:38,(anonymous_2)
FN:39,checkforlog
FN:48,(anonymous_4)
FN:54,(anonymous_5)
FN:67,(anonymous_6)
FN:73,(anonymous_7)
FN:76,(anonymous_8)
FN:99,(anonymous_9)
FNF:10
FNH:1
FNDA:2,(anonymous_0)
FNDA:0,(anonymous_1)
FNDA:0,(anonymous_2)
FNDA:0,checkforlog
FNDA:0,(anonymous_4)
FNDA:0,(anonymous_5)
FNDA:0,(anonymous_6)
FNDA:0,(anonymous_7)
FNDA:0,(anonymous_8)
FNDA:0,(anonymous_9)
DA:26,3
DA:27,2
DA:28,2
DA:30,2
DA:31,2
DA:32,0
DA:33,0
DA:34,0
DA:37,2
DA:40,0
DA:41,0
DA:42,0
DA:49,0
DA:55,0
DA:61,0
DA:65,0
DA:67,0
DA:73,2
DA:74,0
DA:77,0
DA:113,2
LF:21
LH:8
BRDA:41,0,0,0
BRDA:41,0,1,0
BRDA:123,1,0,2
BRDA:123,1,1,2
BRF:4
BRH:2
end_of_record
TN:
SF:src/screens/patient/Patient.tsx
FN:10,(anonymous_0)
FN:12,(anonymous_1)
FN:22,(anonymous_2)
FN:36,(anonymous_3)
FNF:4
FNH:3
FNDA:1,(anonymous_0)
FNDA:1,(anonymous_1)
FNDA:1,(anonymous_2)
FNDA:0,(anonymous_3)
DA:10,2
DA:11,1
DA:12,1
DA:13,1
DA:22,1
DA:23,1
DA:32,1
DA:36,0
LF:8
LH:7
BRF:0
BRH:0
end_of_record
TN:
SF:src/screens/patient/PatientProfile.tsx
FN:26,(anonymous_0)
FN:29,(anonymous_1)
FN:34,(anonymous_2)
FN:38,(anonymous_3)
FN:45,(anonymous_4)
FN:135,(anonymous_5)
FN:143,(anonymous_6)
FN:144,(anonymous_7)
FN:151,(anonymous_8)
FN:157,(anonymous_9)
FN:164,(anonymous_10)
FN:181,(anonymous_11)
FNF:12
FNH:1
FNDA:1,(anonymous_0)
FNDA:0,(anonymous_1)
FNDA:0,(anonymous_2)
FNDA:0,(anonymous_3)
FNDA:0,(anonymous_4)
FNDA:0,(anonymous_5)
FNDA:0,(anonymous_6)
FNDA:0,(anonymous_7)
FNDA:0,(anonymous_8)
FNDA:0,(anonymous_9)
FNDA:0,(anonymous_10)
FNDA:0,(anonymous_11)
DA:24,1
DA:26,1
DA:27,1
DA:28,1
DA:29,1
DA:30,0
DA:31,0
DA:32,0
DA:34,0
DA:37,1
DA:38,0
DA:42,1
DA:44,1
DA:45,1
DA:46,0
DA:47,0
DA:48,0
DA:51,1
DA:136,0
DA:143,0
DA:145,0
DA:146,0
DA:152,0
DA:158,0
DA:165,0
DA:166,0
DA:182,0
DA:183,0
LF:28
LH:10
BRDA:53,0,0,1
BRDA:53,0,1,0
BRF:2
BRH:1
end_of_record
TN:
SF:src/screens/patient/PatientReport.tsx
FN:45,(anonymous_0)
FN:79,(anonymous_1)
FN:92,(anonymous_2)
FN:111,PatientReport
FN:126,fetchHistory
FN:131,(anonymous_5)
FN:135,showalldates
FN:157,(anonymous_7)
FN:158,(anonymous_8)
FN:171,modalVisibilityfun
FN:177,(anonymous_10)
FN:178,(anonymous_11)
FN:181,(anonymous_12)
FN:186,(anonymous_13)
FN:236,(anonymous_14)
FN:241,(anonymous_15)
FN:276,(anonymous_16)
FN:283,(anonymous_17)
FNF:18
FNH:1
FNDA:0,(anonymous_0)
FNDA:0,(anonymous_1)
FNDA:0,(anonymous_2)
FNDA:1,PatientReport
FNDA:0,fetchHistory
FNDA:0,(anonymous_5)
FNDA:0,showalldates
FNDA:0,(anonymous_7)
FNDA:0,(anonymous_8)
FNDA:0,modalVisibilityfun
FNDA:0,(anonymous_10)
FNDA:0,(anonymous_11)
FNDA:0,(anonymous_12)
FNDA:0,(anonymous_13)
FNDA:0,(anonymous_14)
FNDA:0,(anonymous_15)
FNDA:0,(anonymous_16)
FNDA:0,(anonymous_17)
DA:27,1
DA:29,1
DA:30,1
DA:45,1
DA:46,0
DA:47,0
DA:48,0
DA:50,0
DA:51,0
DA:52,0
DA:80,0
DA:93,0
DA:110,1
DA:120,1
DA:121,0
DA:122,0
DA:123,0
DA:124,0
DA:125,0
DA:127,0
DA:128,0
DA:131,0
DA:132,0
DA:136,0
DA:137,0
DA:138,0
DA:139,0
DA:140,0
DA:141,0
DA:142,0
DA:143,0
DA:144,0
DA:145,0
DA:146,0
DA:147,0
DA:148,0
DA:149,0
DA:150,0
DA:152,0
DA:154,0
DA:157,0
DA:158,0
DA:159,0
DA:160,0
DA:161,0
DA:165,0
DA:167,0
DA:168,0
DA:172,0
DA:173,0
DA:176,0
DA:178,0
DA:179,0
DA:181,0
DA:186,0
DA:188,0
DA:237,0
DA:242,0
DA:277,0
DA:284,0
DA:287,0
DA:290,0
DA:291,0
DA:292,0
DA:293,0
DA:294,0
DA:299,0
LF:67
LH:6
BRDA:50,0,0,0
BRDA:50,0,1,0
BRDA:51,1,0,0
BRDA:51,1,1,0
BRDA:81,2,0,0
BRDA:81,2,1,0
BRDA:94,3,0,0
BRDA:94,3,1,0
BRDA:128,4,0,0
BRDA:128,4,1,0
BRDA:142,5,0,0
BRDA:142,5,1,0
BRDA:148,6,0,0
BRDA:148,6,1,0
BRDA:160,7,0,0
BRDA:160,7,1,0
BRDA:196,8,0,0
BRDA:196,8,1,0
BRDA:293,9,0,0
BRDA:293,9,1,0
BRF:20
BRH:0
end_of_record
TN:
SF:src/screens/patient/PatientRequest.tsx
FN:12,(anonymous_0)
FN:15,(anonymous_1)
FN:18,(anonymous_2)
FN:19,(anonymous_3)
FN:28,(anonymous_4)
FN:34,(anonymous_5)
FN:37,(anonymous_6)
FN:42,(anonymous_7)
FN:47,(anonymous_8)
FN:51,(anonymous_9)
FN:53,(anonymous_10)
FN:58,(anonymous_11)
FN:62,(anonymous_12)
FN:73,(anonymous_13)
FN:100,(anonymous_14)
FN:108,(anonymous_15)
FNF:16
FNH:1
FNDA:2,(anonymous_0)
FNDA:0,(anonymous_1)
FNDA:0,(anonymous_2)
FNDA:0,(anonymous_3)
FNDA:0,(anonymous_4)
FNDA:0,(anonymous_5)
FNDA:0,(anonymous_6)
FNDA:0,(anonymous_7)
FNDA:0,(anonymous_8)
FNDA:0,(anonymous_9)
FNDA:0,(anonymous_10)
FNDA:0,(anonymous_11)
FNDA:0,(anonymous_12)
FNDA:0,(anonymous_13)
FNDA:0,(anonymous_14)
FNDA:0,(anonymous_15)
DA:12,3
DA:13,2
DA:14,2
DA:15,2
DA:16,0
DA:17,0
DA:18,0
DA:20,0
DA:21,0
DA:22,0
DA:23,0
DA:24,0
DA:26,0
DA:29,0
DA:33,2
DA:35,0
DA:37,0
DA:42,2
DA:43,0
DA:44,0
DA:46,0
DA:48,0
DA:49,0
DA:51,0
DA:53,2
DA:54,0
DA:55,0
DA:57,0
DA:59,0
DA:60,0
DA:62,0
DA:64,2
DA:74,0
DA:101,0
DA:109,0
LF:35
LH:8
BRDA:21,0,0,0
BRDA:21,0,1,0
BRDA:119,1,0,2
BRDA:119,1,1,2
BRF:4
BRH:2
end_of_record
TN:
SF:src/screens/patient/patientStyles/MedicineImagesStyles.tsx
FNF:0
FNH:0
DA:3,1
DA:4,1
DA:6,1
LF:3
LH:3
BRF:0
BRH:0
end_of_record
TN:
SF:src/screens/patient/patientStyles/MyPatientStyles.tsx
FNF:0
FNH:0
DA:3,3
LF:1
LH:1
BRF:0
BRH:0
end_of_record
TN:
SF:src/screens/patient/patientStyles/PatientProfileStyles.tsx
FNF:0
FNH:0
DA:3,1
LF:1
LH:1
BRF:0
BRH:0
end_of_record
TN:
SF:src/screens/patient/patientStyles/PatientReportStyles.tsx
FNF:0
FNH:0
DA:3,1
LF:1
LH:1
BRF:0
BRH:0
end_of_record
TN:
SF:src/screens/patient/patientStyles/PatientRequestStyles.tsx
FNF:0
FNH:0
DA:3,3
LF:1
LH:1
BRF:0
BRH:0
end_of_record
TN:
SF:src/screens/patient/patientStyles/PatientStyles.tsx
FNF:0
FNH:0
DA:3,2
LF:1
LH:1
BRF:0
BRH:0
end_of_record
TN:
SF:src/screens/profile/Profile.tsx
FN:30,(anonymous_0)
FN:31,(anonymous_1)
FN:33,(anonymous_2)
FN:36,(anonymous_3)
FN:39,(anonymous_4)
FN:43,(anonymous_5)
FN:48,(anonymous_6)
FN:58,storeuserdetails
FN:93,(anonymous_8)
FN:99,(anonymous_9)
FN:112,(anonymous_10)
FN:113,getuser
FN:122,(anonymous_12)
FN:128,(anonymous_13)
FN:143,(anonymous_14)
FN:166,(anonymous_15)
FN:184,(anonymous_16)
FN:185,(anonymous_17)
FN:205,(anonymous_18)
FN:227,(anonymous_19)
FN:251,(anonymous_20)
FN:273,(anonymous_21)
FN:298,(anonymous_22)
FN:326,(anonymous_23)
FN:358,(anonymous_24)
FNF:25
FNH:1
FNDA:0,(anonymous_0)
FNDA:0,(anonymous_1)
FNDA:0,(anonymous_2)
FNDA:0,(anonymous_3)
FNDA:0,(anonymous_4)
FNDA:0,(anonymous_5)
FNDA:1,(anonymous_6)
FNDA:0,storeuserdetails
FNDA:0,(anonymous_8)
FNDA:0,(anonymous_9)
FNDA:0,(anonymous_10)
FNDA:0,getuser
FNDA:0,(anonymous_12)
FNDA:0,(anonymous_13)
FNDA:0,(anonymous_14)
FNDA:0,(anonymous_15)
FNDA:0,(anonymous_16)
FNDA:0,(anonymous_17)
FNDA:0,(anonymous_18)
FNDA:0,(anonymous_19)
FNDA:0,(anonymous_20)
FNDA:0,(anonymous_21)
FNDA:0,(anonymous_22)
FNDA:0,(anonymous_23)
FNDA:0,(anonymous_24)
DA:26,3
DA:30,0
DA:31,0
DA:33,0
DA:36,0
DA:39,0
DA:43,0
DA:48,3
DA:49,1
DA:52,1
DA:54,1
DA:56,1
DA:59,0
DA:60,0
DA:61,0
DA:62,0
DA:63,0
DA:64,0
DA:65,0
DA:66,0
DA:68,0
DA:69,0
DA:70,0
DA:71,0
DA:72,0
DA:73,0
DA:74,0
DA:76,0
DA:78,0
DA:94,0
DA:95,0
DA:96,0
DA:100,0
DA:106,0
DA:111,1
DA:114,0
DA:115,0
DA:116,0
DA:123,0
DA:129,0
DA:134,0
DA:136,0
DA:138,0
DA:139,0
DA:142,0
DA:143,0
DA:149,1
DA:166,0
DA:184,0
DA:195,0
DA:206,0
DA:228,0
DA:252,0
DA:274,0
DA:299,0
DA:327,0
DA:359,0
LF:57
LH:8
BRDA:94,0,0,0
BRDA:94,0,1,0
BRDA:115,1,0,0
BRDA:115,1,1,0
BRDA:170,2,0,0
BRDA:170,2,1,1
BRDA:214,3,0,0
BRDA:214,3,1,0
BRDA:214,3,2,0
BRDA:236,4,0,0
BRDA:236,4,1,0
BRDA:236,4,2,0
BRDA:260,5,0,0
BRDA:260,5,1,0
BRDA:282,6,0,0
BRDA:282,6,1,0
BRDA:312,7,0,0
BRDA:312,7,1,0
BRDA:343,8,0,0
BRDA:343,8,1,0
BRDA:378,9,0,0
BRDA:378,9,1,0
BRF:22
BRH:1
end_of_record
TN:
SF:src/screens/profile/SavedDetails.tsx
FN:14,(anonymous_0)
FN:23,(anonymous_1)
FN:24,getuserdetail
FNF:3
FNH:1
FNDA:2,(anonymous_0)
FNDA:0,(anonymous_1)
FNDA:0,getuserdetail
DA:14,4
DA:15,2
DA:16,2
DA:17,2
DA:18,2
DA:19,2
DA:20,2
DA:21,2
DA:23,2
DA:25,0
DA:26,0
DA:27,0
DA:28,0
DA:29,0
DA:30,0
DA:31,0
DA:33,0
DA:34,0
DA:35,0
DA:36,0
DA:37,0
DA:38,0
DA:39,0
DA:42,0
DA:45,2
LF:25
LH:10
BRF:0
BRH:0
end_of_record
TN:
SF:src/screens/profile/profileStyles/ProfileStyles.tsx
FNF:0
FNH:0
DA:3,4
LF:1
LH:1
BRF:0
BRH:0
end_of_record
TN:
SF:src/screens/screenStyles/AboutAppStyles.tsx
FNF:0
FNH:0
DA:4,1
DA:5,1
DA:6,1
DA:7,1
DA:10,1
LF:5
LH:5
BRF:0
BRH:0
end_of_record
TN:
SF:src/screens/screenStyles/AddMedicineStyles.tsx
FNF:0
FNH:0
DA:3,4
LF:1
LH:1
BRF:0
BRH:0
end_of_record
TN:
SF:src/screens/screenStyles/HomeScreenStyles.tsx
FNF:0
FNH:0
DA:3,2
LF:1
LH:1
BRF:0
BRH:0
end_of_record
TN:
SF:src/screens/screenStyles/OnboardingStyes.tsx
FNF:0
FNH:0
DA:3,1
LF:1
LH:1
BRF:0
BRH:0
end_of_record
TN:
SF:src/screens/screenStyles/SettingStyles.tsx
FNF:0
FNH:0
DA:3,2
LF:1
LH:1
BRF:0
BRH:0
end_of_record
TN:
SF:src/screens/screenStyles/UserMedStyles.tsx
FNF:0
FNH:0
DA:5,3
DA:6,3
LF:2
LH:2
BRF:0
BRH:0
end_of_record
