TN:
SF:src/assests/images/Medstick_1.png
FNF:0
FNH:0
DA:1,3
LF:1
LH:1
BRF:0
BRH:0
end_of_record
TN:
SF:src/assests/images/noImages.png
FNF:0
FNH:0
DA:1,1
LF:1
LH:1
BRF:0
BRH:0
end_of_record
TN:
SF:src/assests/images/nomeds.png
FNF:0
FNH:0
DA:1,2
LF:1
LH:1
BRF:0
BRH:0
end_of_record
TN:
SF:src/assests/images/nopatientreq.png
FNF:0
FNH:0
DA:1,2
LF:1
LH:1
BRF:0
BRH:0
end_of_record
TN:
SF:src/assests/images/nopatients.png
FNF:0
FNH:0
DA:1,2
LF:1
LH:1
BRF:0
BRH:0
end_of_record
TN:
SF:src/assests/images/noreminders.png
FNF:0
FNH:0
DA:1,2
LF:1
LH:1
BRF:0
BRH:0
end_of_record
TN:
SF:src/assests/images/searchcaretaker.png
FNF:0
FNH:0
DA:1,1
LF:1
LH:1
BRF:0
BRH:0
end_of_record
TN:
SF:src/components/ProfileHeader.js
FN:8,(anonymous_0)
FN:11,(anonymous_1)
FN:15,getuser
FNF:3
FNH:3
FNDA:1,(anonymous_0)
FNDA:1,(anonymous_1)
FNDA:1,getuser
DA:8,4
DA:9,1
DA:10,1
DA:11,1
DA:12,1
DA:16,1
DA:17,1
DA:18,0
DA:19,0
DA:20,0
DA:21,0
DA:22,0
DA:24,0
DA:25,0
DA:27,0
DA:28,0
DA:29,0
DA:33,1
LF:18
LH:8
BRDA:17,0,0,0
BRDA:17,0,1,0
BRDA:21,1,0,0
BRDA:21,1,1,0
BRF:4
BRH:0
end_of_record
TN:
SF:src/components/customHeader.js
FN:17,(anonymous_0)
FN:18,(anonymous_1)
FN:26,getuser
FN:36,(anonymous_3)
FN:37,(anonymous_4)
FN:43,(anonymous_5)
FN:48,(anonymous_6)
FN:51,signupFnc
FN:54,loginFnc
FN:57,alertFnc
FN:63,(anonymous_10)
FN:79,(anonymous_11)
FNF:12
FNH:7
FNDA:81,(anonymous_0)
FNDA:0,(anonymous_1)
FNDA:81,getuser
FNDA:0,(anonymous_3)
FNDA:0,(anonymous_4)
FNDA:81,(anonymous_5)
FNDA:1,(anonymous_6)
FNDA:1,signupFnc
FNDA:1,loginFnc
FNDA:1,alertFnc
FNDA:0,(anonymous_10)
FNDA:0,(anonymous_11)
DA:17,3
DA:18,81
DA:19,0
DA:24,81
DA:27,81
DA:28,81
DA:29,81
DA:30,75
DA:32,0
DA:36,81
DA:37,0
DA:38,0
DA:39,0
DA:43,81
DA:44,81
DA:45,81
DA:46,81
DA:48,81
DA:49,1
DA:52,1
DA:55,1
DA:59,1
DA:64,0
DA:65,0
DA:66,0
DA:67,0
DA:68,0
DA:69,0
DA:70,0
DA:71,0
DA:72,0
DA:73,0
DA:74,0
DA:79,0
DA:84,81
LF:35
LH:18
BRDA:28,0,0,81
BRDA:28,0,1,0
BRDA:94,1,0,80
BRDA:94,1,1,1
BRF:4
BRH:3
end_of_record
TN:
SF:src/components/logger.js
FN:19,loggerInfo
FN:22,loggerError
FNF:2
FNH:2
FNDA:46,loggerInfo
FNDA:33,loggerError
DA:2,45
DA:18,45
DA:20,46
DA:23,33
DA:26,45
LF:5
LH:5
BRF:0
BRH:0
end_of_record
TN:
SF:src/components/adherence/adherencePercentage.js
FN:2,(anonymous_0)
FN:3,(anonymous_1)
FNF:2
FNH:2
FNDA:1,(anonymous_0)
FNDA:1,(anonymous_1)
DA:2,6
DA:3,1
DA:4,1
DA:5,1
DA:6,0
DA:7,0
DA:8,0
DA:9,0
DA:11,0
DA:12,0
DA:17,0
DA:23,0
DA:24,0
DA:25,0
DA:26,0
DA:27,0
DA:29,0
DA:30,0
DA:32,0
LF:19
LH:4
BRDA:26,0,0,0
BRDA:26,0,1,0
BRF:2
BRH:0
end_of_record
TN:
SF:src/components/adherence/allReminderData.js
FN:6,(anonymous_0)
FN:11,reminder_promise
FN:12,(anonymous_2)
FN:13,(anonymous_3)
FN:21,(anonymous_4)
FN:27,(anonymous_5)
FN:41,(anonymous_6)
FNF:7
FNH:3
FNDA:2,(anonymous_0)
FNDA:2,reminder_promise
FNDA:2,(anonymous_2)
FNDA:0,(anonymous_3)
FNDA:0,(anonymous_4)
FNDA:0,(anonymous_5)
FNDA:0,(anonymous_6)
DA:4,3
DA:6,3
DA:8,2
DA:9,2
DA:12,2
DA:13,2
DA:14,0
DA:18,0
DA:22,0
DA:23,0
DA:24,0
DA:28,0
DA:29,0
DA:31,0
DA:32,0
DA:35,0
DA:41,0
DA:42,0
DA:43,0
DA:45,0
DA:48,0
DA:50,0
DA:58,2
DA:60,0
DA:61,0
LF:25
LH:7
BRDA:42,0,0,0
BRDA:42,0,1,0
BRF:2
BRH:0
end_of_record
TN:
SF:src/components/adherence/downloadPdf.js
FN:7,(anonymous_0)
FN:28,(anonymous_1)
FN:29,(anonymous_2)
FN:33,(anonymous_3)
FN:37,(anonymous_4)
FNF:5
FNH:1
FNDA:1,(anonymous_0)
FNDA:0,(anonymous_1)
FNDA:0,(anonymous_2)
FNDA:0,(anonymous_3)
FNDA:0,(anonymous_4)
DA:5,4
DA:7,4
DA:8,1
DA:10,1
DA:11,0
DA:14,0
DA:23,0
DA:24,0
DA:26,0
DA:27,0
DA:28,0
DA:30,0
DA:31,0
DA:34,0
DA:38,0
DA:39,0
DA:41,0
DA:43,0
DA:44,0
LF:19
LH:4
BRF:0
BRH:0
end_of_record
TN:
SF:src/components/alarm/pushNotificationConfig.js
FN:6,PlaySound
FN:8,(anonymous_1)
FN:13,(anonymous_2)
FN:21,Pushnotificationforeground
FN:37,(anonymous_4)
FN:61,(anonymous_5)
FN:77,(anonymous_6)
FNF:7
FNH:2
FNDA:0,PlaySound
FNDA:0,(anonymous_1)
FNDA:0,(anonymous_2)
FNDA:1,Pushnotificationforeground
FNDA:1,(anonymous_4)
FNDA:0,(anonymous_5)
FNDA:0,(anonymous_6)
DA:4,1
DA:7,0
DA:8,0
DA:9,0
DA:10,0
DA:12,0
DA:13,0
DA:14,0
DA:15,0
DA:23,1
DA:24,1
DA:25,0
DA:26,0
DA:27,0
DA:28,1
DA:29,0
DA:30,0
DA:32,1
DA:33,1
DA:37,1
DA:38,1
DA:39,1
DA:61,1
DA:66,0
DA:68,0
DA:77,0
DA:79,0
LF:27
LH:10
BRDA:9,0,0,0
BRDA:9,0,1,0
BRDA:14,1,0,0
BRDA:14,1,1,0
BRDA:24,2,0,0
BRDA:24,2,1,1
BRDA:28,3,0,0
BRDA:28,3,1,1
BRF:8
BRH:2
end_of_record
TN:
SF:src/components/alarm/timeData.js
FNF:0
FNH:0
DA:1,3
DA:33,3
LF:2
LH:2
BRF:0
BRH:0
end_of_record
TN:
SF:src/components/caretaker/allIcons.js
FN:5,Caretaker_nurse
FN:11,Signout
FN:15,Userfriend
FNF:3
FNH:3
FNDA:2,Caretaker_nurse
FNDA:1,Signout
FNDA:2,Userfriend
DA:6,2
DA:12,1
DA:16,2
LF:3
LH:3
BRF:0
BRH:0
end_of_record
TN:
SF:src/components/componentStyles/styles.js
FNF:0
FNH:0
DA:3,4
LF:1
LH:1
BRF:0
BRH:0
end_of_record
TN:
SF:src/components/organisms/medicineHistoryList.js
FN:10,(anonymous_0)
FN:23,(anonymous_1)
FN:35,(anonymous_2)
FN:46,(anonymous_3)
FNF:4
FNH:1
FNDA:1,(anonymous_0)
FNDA:0,(anonymous_1)
FNDA:0,(anonymous_2)
FNDA:0,(anonymous_3)
DA:8,3
DA:10,3
DA:11,1
DA:12,1
DA:24,0
DA:27,0
DA:36,0
DA:47,0
LF:8
LH:4
BRF:0
BRH:0
end_of_record
TN:
SF:src/components/organisms/medicineTime.js
FN:6,(anonymous_0)
FN:25,(anonymous_1)
FNF:2
FNH:2
FNDA:6,(anonymous_0)
FNDA:1,(anonymous_1)
DA:6,3
DA:7,6
DA:8,5
DA:9,5
DA:11,5
DA:26,1
DA:27,1
DA:28,1
LF:8
LH:8
BRDA:12,0,0,5
BRDA:12,0,1,5
BRDA:31,1,0,1
BRDA:31,1,1,4
BRF:4
BRH:4
end_of_record
TN:
SF:src/connection/checkConnectivity.js
FN:3,(anonymous_0)
FN:5,(anonymous_1)
FN:6,(anonymous_2)
FNF:3
FNH:2
FNDA:1,(anonymous_0)
FNDA:1,(anonymous_1)
FNDA:0,(anonymous_2)
DA:3,3
DA:4,1
DA:5,1
DA:6,1
DA:7,0
DA:8,0
DA:11,0
LF:7
LH:4
BRF:0
BRH:0
end_of_record
TN:
SF:src/navigation/drawerNavigator.js
FN:17,(anonymous_0)
FN:18,(anonymous_1)
FN:21,(anonymous_2)
FN:28,(anonymous_3)
FN:31,(anonymous_4)
FN:34,(anonymous_5)
FN:37,(anonymous_6)
FN:40,(anonymous_7)
FN:43,(anonymous_8)
FN:50,(anonymous_9)
FNF:10
FNH:1
FNDA:2,(anonymous_0)
FNDA:0,(anonymous_1)
FNDA:0,(anonymous_2)
FNDA:0,(anonymous_3)
FNDA:0,(anonymous_4)
FNDA:0,(anonymous_5)
FNDA:0,(anonymous_6)
FNDA:0,(anonymous_7)
FNDA:0,(anonymous_8)
FNDA:0,(anonymous_9)
DA:14,2
DA:17,2
DA:18,2
DA:19,0
DA:21,2
DA:22,0
DA:28,2
DA:29,0
DA:31,2
DA:32,0
DA:34,2
DA:35,0
DA:37,2
DA:38,0
DA:40,2
DA:41,0
DA:43,2
DA:44,0
DA:46,2
DA:50,0
LF:20
LH:11
BRF:0
BRH:0
end_of_record
TN:
SF:src/redux/actions/allTypes.js
FNF:0
FNH:0
DA:1,63
LF:1
LH:1
BRF:0
BRH:0
end_of_record
TN:
SF:src/redux/actions/adherence/downloadPdfActions.js
FN:3,downloadPdf
FN:10,downloadPdfSuccess
FN:17,downloadPdfError
FNF:3
FNH:3
FNDA:1,downloadPdf
FNDA:3,downloadPdfSuccess
FNDA:3,downloadPdfError
DA:4,1
DA:11,3
DA:18,3
DA:24,2
LF:4
LH:4
BRF:0
BRH:0
end_of_record
TN:
SF:src/redux/actions/adherence/getMedHistoryActions.js
FN:3,getMedHistory
FN:10,medHistorySuccess
FN:17,medHistoryError
FNF:3
FNH:3
FNDA:1,getMedHistory
FNDA:3,medHistorySuccess
FNDA:3,medHistoryError
DA:4,1
DA:11,3
DA:18,3
DA:24,2
LF:4
LH:4
BRF:0
BRH:0
end_of_record
TN:
SF:src/redux/actions/adherence/medImagesActions.js
FN:5,fetchMedImages
FN:11,fetchMedImagesSuccess
FN:18,fetchMedImagesError
FNF:3
FNH:3
FNDA:1,fetchMedImages
FNDA:3,fetchMedImagesSuccess
FNDA:3,fetchMedImagesError
DA:6,1
DA:12,3
DA:13,3
DA:19,3
DA:20,3
DA:26,2
LF:6
LH:6
BRF:0
BRH:0
end_of_record
TN:
SF:src/redux/actions/adherence/syncHistoryActions.js
FN:3,syncHistory
FN:9,syncHitsorySuccess
FN:16,syncHistoryError
FNF:3
FNH:3
FNDA:1,syncHistory
FNDA:3,syncHitsorySuccess
FNDA:3,syncHistoryError
DA:4,1
DA:10,3
DA:11,3
DA:17,3
DA:18,3
DA:24,2
LF:6
LH:6
BRF:0
BRH:0
end_of_record
TN:
SF:src/redux/actions/adherence/syncMedActions.js
FN:4,syncMeds
FN:10,syncMedSuccess
FN:17,syncMedsError
FNF:3
FNH:3
FNDA:1,syncMeds
FNDA:3,syncMedSuccess
FNDA:3,syncMedsError
DA:5,1
DA:11,3
DA:12,3
DA:18,3
DA:19,3
DA:25,2
LF:6
LH:6
BRF:0
BRH:0
end_of_record
TN:
SF:src/redux/actions/caretaker/CaretakerActions.js
FN:4,fetchCaretakers
FN:10,fetchCaretakerssuccess
FN:17,fetchCaretakerserror
FNF:3
FNH:3
FNDA:1,fetchCaretakers
FNDA:3,fetchCaretakerssuccess
FNDA:3,fetchCaretakerserror
DA:5,1
DA:11,3
DA:12,3
DA:18,3
DA:19,3
DA:25,7
LF:6
LH:6
BRF:0
BRH:0
end_of_record
TN:
SF:src/redux/actions/caretaker/emailCaretakerActions.js
FN:3,sendEmail
FN:9,sendEmailSuccess
FN:16,sendEmailFailed
FNF:3
FNH:3
FNDA:1,sendEmail
FNDA:3,sendEmailSuccess
FNDA:3,sendEmailFailed
DA:4,1
DA:11,3
DA:18,3
DA:24,2
LF:4
LH:4
BRF:0
BRH:0
end_of_record
TN:
SF:src/redux/actions/caretaker/reqCaretakerActions.js
FN:4,sendReqCaretaker
FN:10,sendReqCaretakerSuccess
FN:17,sendReqCaretakerFailed
FNF:3
FNH:3
FNDA:1,sendReqCaretaker
FNDA:3,sendReqCaretakerSuccess
FNDA:3,sendReqCaretakerFailed
DA:5,1
DA:11,3
DA:12,3
DA:18,3
DA:19,3
DA:25,2
LF:6
LH:6
BRF:0
BRH:0
end_of_record
TN:
SF:src/redux/actions/caretaker/sendImageActions.js
FN:3,sendImageRequest
FN:10,sendImageSuccess
FN:17,sendImageFailed
FNF:3
FNH:3
FNDA:1,sendImageRequest
FNDA:3,sendImageSuccess
FNDA:3,sendImageFailed
DA:4,1
DA:11,3
DA:18,3
DA:24,2
LF:4
LH:4
BRF:0
BRH:0
end_of_record
TN:
SF:src/redux/actions/login/loginActions.js
FN:3,sendLoginRequest
FN:9,LoginSuccess
FN:16,LoginFailure
FNF:3
FNH:3
FNDA:1,sendLoginRequest
FNDA:3,LoginSuccess
FNDA:3,LoginFailure
DA:4,1
DA:10,3
DA:11,3
DA:17,3
DA:18,3
DA:24,2
LF:6
LH:6
BRF:0
BRH:0
end_of_record
TN:
SF:src/redux/actions/patient/PatientActions.js
FN:3,fetchPatients
FN:9,fetchPatientSuccess
FN:15,fetchPatientError
FNF:3
FNH:3
FNDA:1,fetchPatients
FNDA:3,fetchPatientSuccess
FNDA:3,fetchPatientError
DA:4,1
DA:10,3
DA:16,3
DA:22,8
LF:4
LH:4
BRF:0
BRH:0
end_of_record
TN:
SF:src/redux/actions/patient/PatientProfileActions.js
FN:3,fetchPatientDetails
FN:9,fetchPatientDetailsSuccess
FN:15,fetchPatientDetailsError
FNF:3
FNH:3
FNDA:1,fetchPatientDetails
FNDA:3,fetchPatientDetailsSuccess
FNDA:3,fetchPatientDetailsError
DA:4,1
DA:10,3
DA:16,3
DA:22,2
LF:4
LH:4
BRF:0
BRH:0
end_of_record
TN:
SF:src/redux/actions/patient/notifyPatientActions.js
FN:3,notifyPatients
FN:9,notifyPatientsSuccess
FN:15,notifyPatientsError
FNF:3
FNH:3
FNDA:1,notifyPatients
FNDA:3,notifyPatientsSuccess
FNDA:3,notifyPatientsError
DA:4,1
DA:10,3
DA:16,3
DA:22,2
LF:4
LH:4
BRF:0
BRH:0
end_of_record
TN:
SF:src/redux/actions/patient/patientReqAcceptActions.js
FN:4,acceptPatientReq
FN:10,acceptPatientReqSuccess
FN:17,acceptPatientReqError
FNF:3
FNH:3
FNDA:1,acceptPatientReq
FNDA:3,acceptPatientReqSuccess
FNDA:3,acceptPatientReqError
DA:5,1
DA:11,3
DA:12,3
DA:18,3
DA:19,3
DA:25,2
LF:6
LH:6
BRF:0
BRH:0
end_of_record
TN:
SF:src/redux/actions/patient/patientReqActions.js
FN:5,fetchPatientReq
FN:11,fetchPatientReqSuccess
FN:18,fetchPatientReqError
FNF:3
FNH:3
FNDA:1,fetchPatientReq
FNDA:3,fetchPatientReqSuccess
FNDA:3,fetchPatientReqError
DA:6,1
DA:12,3
DA:13,3
DA:19,3
DA:20,3
DA:26,2
LF:6
LH:6
BRF:0
BRH:0
end_of_record
TN:
SF:src/redux/actions/patient/patientReqDeleteActions.js
FN:5,deletePatientReq
FN:11,deletePatientReqSuccess
FN:18,deletePatientReqError
FNF:3
FNH:3
FNDA:1,deletePatientReq
FNDA:3,deletePatientReqSuccess
FNDA:3,deletePatientReqError
DA:6,1
DA:12,3
DA:13,3
DA:19,3
DA:20,3
DA:26,2
LF:6
LH:6
BRF:0
BRH:0
end_of_record
TN:
SF:src/redux/actions/profile/ProfileActions.js
FN:5,saveProfile
FN:11,saveProfileSuccess
FN:18,saveProfileFailed
FNF:3
FNH:3
FNDA:1,saveProfile
FNDA:3,saveProfileSuccess
FNDA:3,saveProfileFailed
DA:6,1
DA:12,3
DA:13,3
DA:19,3
DA:20,3
DA:26,2
LF:6
LH:6
BRF:0
BRH:0
end_of_record
TN:
SF:src/redux/actions/signup/signupActions.js
FN:3,sendSignupRequest
FN:9,SignupSuccess
FN:16,SignupFailure
FNF:3
FNH:3
FNDA:1,sendSignupRequest
FNDA:3,SignupSuccess
FNDA:3,SignupFailure
DA:4,1
DA:10,3
DA:11,3
DA:17,3
DA:18,3
DA:24,2
LF:6
LH:6
BRF:0
BRH:0
end_of_record
TN:
SF:src/redux/reducers/adherence/downloadPdfReducer.js
FN:7,(anonymous_0)
FNF:1
FNH:1
FNDA:4,(anonymous_0)
DA:2,1
DA:7,1
DA:8,4
DA:10,1
DA:12,1
DA:14,1
DA:16,1
LF:7
LH:7
BRDA:7,0,0,1
BRDA:8,1,0,1
BRDA:8,1,1,1
BRDA:8,1,2,1
BRDA:8,1,3,1
BRF:5
BRH:5
end_of_record
TN:
SF:src/redux/reducers/adherence/getMedHistoryReducer.js
FN:7,(anonymous_0)
FNF:1
FNH:1
FNDA:4,(anonymous_0)
DA:2,1
DA:7,1
DA:8,4
DA:10,1
DA:12,1
DA:14,1
DA:16,1
LF:7
LH:7
BRDA:7,0,0,1
BRDA:8,1,0,1
BRDA:8,1,1,1
BRDA:8,1,2,1
BRDA:8,1,3,1
BRF:5
BRH:5
end_of_record
TN:
SF:src/redux/reducers/adherence/medImagesReducer.js
FN:7,(anonymous_0)
FNF:1
FNH:1
FNDA:4,(anonymous_0)
DA:2,1
DA:7,1
DA:8,4
DA:10,1
DA:12,1
DA:14,1
DA:16,1
LF:7
LH:7
BRDA:7,0,0,1
BRDA:8,1,0,1
BRDA:8,1,1,1
BRDA:8,1,2,1
BRDA:8,1,3,1
BRF:5
BRH:5
end_of_record
TN:
SF:src/redux/reducers/adherence/syncHistoryReducer.js
FN:7,(anonymous_0)
FNF:1
FNH:1
FNDA:4,(anonymous_0)
DA:2,1
DA:7,1
DA:8,4
DA:10,1
DA:12,1
DA:14,1
DA:16,1
LF:7
LH:7
BRDA:7,0,0,1
BRDA:8,1,0,1
BRDA:8,1,1,1
BRDA:8,1,2,1
BRDA:8,1,3,1
BRF:5
BRH:5
end_of_record
TN:
SF:src/redux/reducers/adherence/syncMedReducers.js
FN:7,(anonymous_0)
FNF:1
FNH:1
FNDA:4,(anonymous_0)
DA:2,1
DA:7,1
DA:8,4
DA:10,1
DA:12,1
DA:14,1
DA:16,1
LF:7
LH:7
BRDA:7,0,0,1
BRDA:8,1,0,1
BRDA:8,1,1,1
BRDA:8,1,2,1
BRDA:8,1,3,1
BRF:5
BRH:5
end_of_record
TN:
SF:src/redux/reducers/caretaker/CareTakerReducer.js
FN:7,(anonymous_0)
FNF:1
FNH:1
FNDA:4,(anonymous_0)
DA:2,1
DA:7,1
DA:8,4
DA:10,1
DA:12,1
DA:14,1
DA:16,1
LF:7
LH:7
BRDA:7,0,0,1
BRDA:8,1,0,1
BRDA:8,1,1,1
BRDA:8,1,2,1
BRDA:8,1,3,1
BRF:5
BRH:5
end_of_record
TN:
SF:src/redux/reducers/caretaker/emailCaretakerReducer.js
FN:7,(anonymous_0)
FNF:1
FNH:1
FNDA:4,(anonymous_0)
DA:2,1
DA:7,1
DA:8,4
DA:10,1
DA:12,1
DA:14,1
DA:16,1
LF:7
LH:7
BRDA:7,0,0,1
BRDA:8,1,0,1
BRDA:8,1,1,1
BRDA:8,1,2,1
BRDA:8,1,3,1
BRF:5
BRH:5
end_of_record
TN:
SF:src/redux/reducers/caretaker/reqCaretakerReducer.js
FN:7,(anonymous_0)
FNF:1
FNH:1
FNDA:4,(anonymous_0)
DA:2,1
DA:7,1
DA:8,4
DA:10,1
DA:12,1
DA:14,1
DA:16,1
LF:7
LH:7
BRDA:7,0,0,1
BRDA:8,1,0,1
BRDA:8,1,1,1
BRDA:8,1,2,1
BRDA:8,1,3,1
BRF:5
BRH:5
end_of_record
TN:
SF:src/redux/reducers/caretaker/sendImageReducers.js
FN:7,(anonymous_0)
FNF:1
FNH:1
FNDA:4,(anonymous_0)
DA:2,1
DA:7,1
DA:8,4
DA:10,1
DA:12,1
DA:14,1
DA:16,1
LF:7
LH:7
BRDA:7,0,0,1
BRDA:8,1,0,1
BRDA:8,1,1,1
BRDA:8,1,2,1
BRDA:8,1,3,1
BRF:5
BRH:5
end_of_record
TN:
SF:src/redux/reducers/login/loginReducer.js
FN:7,(anonymous_0)
FNF:1
FNH:1
FNDA:4,(anonymous_0)
DA:2,1
DA:7,1
DA:8,4
DA:10,1
DA:12,1
DA:14,1
DA:16,1
LF:7
LH:7
BRDA:7,0,0,1
BRDA:8,1,0,1
BRDA:8,1,1,1
BRDA:8,1,2,1
BRDA:8,1,3,1
BRF:5
BRH:5
end_of_record
TN:
SF:src/redux/reducers/patient/PatientProfileReducer.js
FN:7,(anonymous_0)
FNF:1
FNH:1
FNDA:4,(anonymous_0)
DA:2,1
DA:7,1
DA:8,4
DA:10,1
DA:12,1
DA:14,1
DA:16,1
LF:7
LH:7
BRDA:7,0,0,1
BRDA:8,1,0,1
BRDA:8,1,1,1
BRDA:8,1,2,1
BRDA:8,1,3,1
BRF:5
BRH:5
end_of_record
TN:
SF:src/redux/reducers/patient/PatientReducer.js
FN:7,(anonymous_0)
FNF:1
FNH:1
FNDA:4,(anonymous_0)
DA:2,1
DA:7,1
DA:8,4
DA:10,1
DA:12,1
DA:14,1
DA:16,1
LF:7
LH:7
BRDA:7,0,0,1
BRDA:8,1,0,1
BRDA:8,1,1,1
BRDA:8,1,2,1
BRDA:8,1,3,1
BRF:5
BRH:5
end_of_record
TN:
SF:src/redux/reducers/patient/notifyPatientReducer.js
FN:7,(anonymous_0)
FNF:1
FNH:1
FNDA:4,(anonymous_0)
DA:2,1
DA:7,1
DA:8,4
DA:10,1
DA:12,1
DA:14,1
DA:16,1
LF:7
LH:7
BRDA:7,0,0,1
BRDA:8,1,0,1
BRDA:8,1,1,1
BRDA:8,1,2,1
BRDA:8,1,3,1
BRF:5
BRH:5
end_of_record
TN:
SF:src/redux/reducers/patient/patientReqAcceptReducer.js
FN:7,(anonymous_0)
FNF:1
FNH:1
FNDA:4,(anonymous_0)
DA:2,1
DA:7,1
DA:8,4
DA:10,1
DA:12,1
DA:14,1
DA:16,1
LF:7
LH:7
BRDA:7,0,0,1
BRDA:8,1,0,1
BRDA:8,1,1,1
BRDA:8,1,2,1
BRDA:8,1,3,1
BRF:5
BRH:5
end_of_record
TN:
SF:src/redux/reducers/patient/patientReqDeleteReducer.js
FN:7,(anonymous_0)
FNF:1
FNH:1
FNDA:4,(anonymous_0)
DA:2,1
DA:7,1
DA:8,4
DA:10,1
DA:12,1
DA:14,1
DA:16,1
LF:7
LH:7
BRDA:7,0,0,1
BRDA:8,1,0,1
BRDA:8,1,1,1
BRDA:8,1,2,1
BRDA:8,1,3,1
BRF:5
BRH:5
end_of_record
TN:
SF:src/redux/reducers/patient/patientReqReducers.js
FN:7,(anonymous_0)
FNF:1
FNH:1
FNDA:4,(anonymous_0)
DA:2,1
DA:7,1
DA:8,4
DA:10,1
DA:12,1
DA:14,1
DA:16,1
LF:7
LH:7
BRDA:7,0,0,1
BRDA:8,1,0,1
BRDA:8,1,1,1
BRDA:8,1,2,1
BRDA:8,1,3,1
BRF:5
BRH:5
end_of_record
TN:
SF:src/redux/reducers/profile/ProfileReducer.js
FN:7,(anonymous_0)
FNF:1
FNH:1
FNDA:4,(anonymous_0)
DA:2,1
DA:7,1
DA:8,4
DA:10,1
DA:12,1
DA:14,1
DA:16,1
LF:7
LH:7
BRDA:7,0,0,1
BRDA:8,1,0,1
BRDA:8,1,1,1
BRDA:8,1,2,1
BRDA:8,1,3,1
BRF:5
BRH:5
end_of_record
TN:
SF:src/redux/reducers/signup/signupReducer.js
FN:7,(anonymous_0)
FNF:1
FNH:1
FNDA:4,(anonymous_0)
DA:2,1
DA:7,1
DA:8,4
DA:10,1
DA:12,1
DA:14,1
DA:16,1
LF:7
LH:7
BRDA:7,0,0,1
BRDA:8,1,0,1
BRDA:8,1,1,1
BRDA:8,1,2,1
BRDA:8,1,3,1
BRF:5
BRH:5
end_of_record
TN:
SF:src/redux/sagas/adherence/downloadPdfSaga.js
FN:4,downloadPdfSaga
FN:13,downloadPdfwatcherSaga
FNF:2
FNH:2
FNDA:2,downloadPdfSaga
FNDA:1,downloadPdfwatcherSaga
DA:5,2
DA:6,2
DA:7,2
DA:8,1
DA:10,1
DA:14,1
LF:6
LH:6
BRF:0
BRH:0
end_of_record
TN:
SF:src/redux/sagas/adherence/getMedHistorySaga.js
FN:4,getMedHistorySaga
FN:13,getMedHistorywatcherSaga
FNF:2
FNH:2
FNDA:2,getMedHistorySaga
FNDA:1,getMedHistorywatcherSaga
DA:5,2
DA:6,2
DA:7,2
DA:8,1
DA:10,1
DA:14,1
LF:6
LH:6
BRF:0
BRH:0
end_of_record
TN:
SF:src/redux/sagas/adherence/medImagesSaga.js
FN:4,medImagesSaga
FN:13,medImageswatcherSaga
FNF:2
FNH:2
FNDA:2,medImagesSaga
FNDA:1,medImageswatcherSaga
DA:5,2
DA:6,2
DA:7,2
DA:8,1
DA:10,1
DA:14,1
LF:6
LH:6
BRF:0
BRH:0
end_of_record
TN:
SF:src/redux/sagas/adherence/syncHistorySaga.js
FN:4,syncHistorySaga
FN:13,syncHistorywatcherSaga
FNF:2
FNH:2
FNDA:2,syncHistorySaga
FNDA:1,syncHistorywatcherSaga
DA:5,2
DA:6,2
DA:7,2
DA:8,1
DA:10,1
DA:14,1
LF:6
LH:6
BRF:0
BRH:0
end_of_record
TN:
SF:src/redux/sagas/adherence/syncMedSaga.js
FN:4,syncMedSaga
FN:13,syncMedwatcherSaga
FNF:2
FNH:2
FNDA:2,syncMedSaga
FNDA:1,syncMedwatcherSaga
DA:5,2
DA:6,2
DA:7,2
DA:8,1
DA:10,1
DA:14,1
LF:6
LH:6
BRF:0
BRH:0
end_of_record
TN:
SF:src/redux/sagas/caretaker/CaretakerSaga.js
FN:4,caretakerSaga
FN:13,caretakerwatcherSaga
FNF:2
FNH:2
FNDA:2,caretakerSaga
FNDA:1,caretakerwatcherSaga
DA:5,2
DA:6,2
DA:7,2
DA:8,1
DA:10,1
DA:14,1
LF:6
LH:6
BRF:0
BRH:0
end_of_record
TN:
SF:src/redux/sagas/caretaker/emailCaretakerSaga.js
FN:5,emailCaretakerSaga
FN:14,emailCaretakerwatcherSaga
FNF:2
FNH:2
FNDA:2,emailCaretakerSaga
FNDA:1,emailCaretakerwatcherSaga
DA:6,2
DA:7,2
DA:8,2
DA:9,1
DA:11,1
DA:15,1
LF:6
LH:6
BRF:0
BRH:0
end_of_record
TN:
SF:src/redux/sagas/caretaker/reqCaretakerSaga.js
FN:4,reqCaretakerSaga
FN:13,reqCaretakerwatcherSaga
FNF:2
FNH:2
FNDA:2,reqCaretakerSaga
FNDA:1,reqCaretakerwatcherSaga
DA:5,2
DA:6,2
DA:7,2
DA:8,1
DA:10,1
DA:14,1
LF:6
LH:6
BRF:0
BRH:0
end_of_record
TN:
SF:src/redux/sagas/caretaker/sendImageSaga.js
FN:4,sendImageSaga
FN:13,sendImagewatcherSaga
FNF:2
FNH:2
FNDA:2,sendImageSaga
FNDA:1,sendImagewatcherSaga
DA:5,2
DA:6,2
DA:7,2
DA:8,1
DA:10,1
DA:14,1
LF:6
LH:6
BRF:0
BRH:0
end_of_record
TN:
SF:src/redux/sagas/login/loginSaga.js
FN:4,loginSaga
FN:13,loginWatcherSaga
FNF:2
FNH:2
FNDA:2,loginSaga
FNDA:1,loginWatcherSaga
DA:5,2
DA:6,2
DA:7,2
DA:8,1
DA:10,1
DA:14,1
LF:6
LH:6
BRF:0
BRH:0
end_of_record
TN:
SF:src/redux/sagas/patient/PatientSaga.js
FN:4,patientSaga
FN:13,patientwatcherSaga
FNF:2
FNH:2
FNDA:2,patientSaga
FNDA:1,patientwatcherSaga
DA:5,2
DA:6,2
DA:7,2
DA:8,1
DA:10,1
DA:14,1
LF:6
LH:6
BRF:0
BRH:0
end_of_record
TN:
SF:src/redux/sagas/patient/notifyPatientSaga.js
FN:4,notifySaga
FN:13,notifywatcherSaga
FNF:2
FNH:2
FNDA:2,notifySaga
FNDA:1,notifywatcherSaga
DA:5,2
DA:6,2
DA:7,2
DA:8,1
DA:10,1
DA:14,1
LF:6
LH:6
BRF:0
BRH:0
end_of_record
TN:
SF:src/redux/sagas/patient/patientProfileSaga.js
FN:4,patientProfileSaga
FN:13,patientProfilewatcherSaga
FNF:2
FNH:2
FNDA:2,patientProfileSaga
FNDA:1,patientProfilewatcherSaga
DA:5,2
DA:6,2
DA:7,2
DA:8,1
DA:10,1
DA:14,1
LF:6
LH:6
BRF:0
BRH:0
end_of_record
TN:
SF:src/redux/sagas/patient/patientReqAcceptSaga.js
FN:4,reqAcceptSaga
FN:13,reqAcceptwatcherSaga
FNF:2
FNH:2
FNDA:2,reqAcceptSaga
FNDA:1,reqAcceptwatcherSaga
DA:5,2
DA:6,2
DA:7,2
DA:8,1
DA:10,1
DA:14,1
LF:6
LH:6
BRF:0
BRH:0
end_of_record
TN:
SF:src/redux/sagas/patient/patientReqDeleteSaga.js
FN:4,reqDeleteSaga
FN:13,reqDeletewatcherSaga
FNF:2
FNH:2
FNDA:2,reqDeleteSaga
FNDA:1,reqDeletewatcherSaga
DA:5,2
DA:6,2
DA:7,2
DA:8,1
DA:10,1
DA:14,1
LF:6
LH:6
BRF:0
BRH:0
end_of_record
TN:
SF:src/redux/sagas/patient/patientReqSaga.js
FN:4,patientReqSaga
FN:13,patientreqwatcherSaga
FNF:2
FNH:2
FNDA:2,patientReqSaga
FNDA:1,patientreqwatcherSaga
DA:5,2
DA:6,2
DA:7,2
DA:8,1
DA:10,1
DA:14,1
LF:6
LH:6
BRF:0
BRH:0
end_of_record
TN:
SF:src/redux/sagas/profile/ProfileSaga.js
FN:4,profileSaga
FN:13,profilewatcherSaga
FNF:2
FNH:2
FNDA:2,profileSaga
FNDA:1,profilewatcherSaga
DA:5,2
DA:6,2
DA:7,2
DA:8,1
DA:10,1
DA:14,1
LF:6
LH:6
BRF:0
BRH:0
end_of_record
TN:
SF:src/redux/sagas/signup/signupSaga.js
FN:4,signupSaga
FN:13,signupwatcherSaga
FNF:2
FNH:2
FNDA:2,signupSaga
FNDA:1,signupwatcherSaga
DA:5,2
DA:6,2
DA:7,2
DA:8,1
DA:10,1
DA:14,1
LF:6
LH:6
BRF:0
BRH:0
end_of_record
TN:
SF:src/repositories/apiUrl.js
FNF:0
FNH:0
DA:3,26
LF:1
LH:1
BRF:0
BRH:0
end_of_record
TN:
SF:src/repositories/var.js
FNF:0
FNH:0
DA:1,40
LF:1
LH:1
BRF:0
BRH:0
end_of_record
TN:
SF:src/repositories/apis/access.js
FN:4,(anonymous_0)
FN:23,(anonymous_1)
FNF:2
FNH:0
FNDA:0,(anonymous_0)
FNDA:0,(anonymous_1)
DA:3,4
DA:5,0
DA:6,0
DA:7,0
DA:8,0
DA:10,0
DA:20,0
DA:24,0
DA:25,0
DA:26,0
DA:36,0
LF:11
LH:1
BRF:0
BRH:0
end_of_record
TN:
SF:src/repositories/apis/adherence.js
FN:6,(anonymous_0)
FN:17,fetchmedimages
FN:21,downloadPdf
FN:25,syncMeds
FN:29,getMedHistory
FN:37,(anonymous_5)
FN:40,(anonymous_6)
FNF:7
FNH:4
FNDA:0,(anonymous_0)
FNDA:1,fetchmedimages
FNDA:1,downloadPdf
FNDA:1,syncMeds
FNDA:1,getMedHistory
FNDA:0,(anonymous_5)
FNDA:0,(anonymous_6)
DA:5,8
DA:7,0
DA:8,0
DA:15,0
DA:18,1
DA:19,0
DA:22,1
DA:23,0
DA:26,1
DA:27,0
DA:30,1
DA:31,0
DA:36,8
DA:38,0
DA:41,0
LF:15
LH:6
BRF:0
BRH:0
end_of_record
TN:
SF:src/repositories/apis/axios.js
FN:10,(anonymous_0)
FN:13,(anonymous_1)
FNF:2
FNH:0
FNDA:0,(anonymous_0)
FNDA:0,(anonymous_1)
DA:4,26
DA:9,26
DA:11,0
DA:14,0
LF:4
LH:2
BRF:0
BRH:0
end_of_record
TN:
SF:src/repositories/apis/careTaker.js
FN:4,name
FN:10,fetchcaretaker
FN:16,reqcaretaker
FN:20,sendimages
FN:28,(anonymous_4)
FN:31,(anonymous_5)
FNF:6
FNH:5
FNDA:1,name
FNDA:1,fetchcaretaker
FNDA:1,reqcaretaker
FNDA:1,sendimages
FNDA:4,(anonymous_4)
FNDA:0,(anonymous_5)
DA:3,5
DA:5,1
DA:8,0
DA:11,1
DA:14,0
DA:17,1
DA:18,0
DA:21,1
DA:24,0
DA:27,5
DA:29,4
DA:32,0
LF:12
LH:7
BRF:0
BRH:0
end_of_record
TN:
SF:src/repositories/apis/networkCalls.js
FN:8,(anonymous_0)
FN:22,(anonymous_1)
FN:34,(anonymous_2)
FNF:3
FNH:0
FNDA:0,(anonymous_0)
FNDA:0,(anonymous_1)
FNDA:0,(anonymous_2)
DA:7,2
DA:9,0
DA:19,0
DA:23,0
DA:31,0
DA:35,0
DA:43,0
LF:7
LH:1
BRF:0
BRH:0
end_of_record
TN:
SF:src/repositories/apis/patient.js
FN:4,fetchPatient
FN:8,fetchpatientdetail
FN:12,fetchpatientreq
FN:16,fetchpatientreqaccept
FN:20,fetchpatientreqdelete
FN:24,notifypatient
FN:32,(anonymous_6)
FN:35,(anonymous_7)
FNF:8
FNH:6
FNDA:1,fetchPatient
FNDA:1,fetchpatientdetail
FNDA:1,fetchpatientreq
FNDA:1,fetchpatientreqaccept
FNDA:1,fetchpatientreqdelete
FNDA:1,notifypatient
FNDA:0,(anonymous_6)
FNDA:0,(anonymous_7)
DA:3,7
DA:5,1
DA:6,0
DA:9,1
DA:10,0
DA:13,1
DA:14,0
DA:17,1
DA:18,0
DA:21,1
DA:22,0
DA:25,1
DA:26,0
DA:31,7
DA:33,0
DA:36,0
LF:16
LH:8
BRF:0
BRH:0
end_of_record
TN:
SF:src/repositories/apis/profile.js
FN:4,saveprofile
FN:11,(anonymous_1)
FN:14,(anonymous_2)
FNF:3
FNH:1
FNDA:1,saveprofile
FNDA:0,(anonymous_1)
FNDA:0,(anonymous_2)
DA:3,3
DA:5,1
DA:6,0
DA:10,3
DA:12,0
DA:15,0
LF:6
LH:3
BRF:0
BRH:0
end_of_record
TN:
SF:src/repositories/database/globalDb.js
FN:3,globalDb
FNF:1
FNH:1
FNDA:23,globalDb
DA:2,12
DA:4,23
LF:2
LH:2
BRF:0
BRH:0
end_of_record
TN:
SF:src/repositories/database/queryData.js
FN:2,(anonymous_0)
FN:4,(anonymous_1)
FN:8,(anonymous_2)
FNF:3
FNH:2
FNDA:1,(anonymous_0)
FNDA:1,(anonymous_1)
FNDA:0,(anonymous_2)
DA:1,4
DA:3,1
DA:4,1
DA:5,1
DA:9,0
DA:10,0
DA:12,0
LF:7
LH:4
BRF:0
BRH:0
end_of_record
TN:
SF:src/screens/AboutApp.js
FN:5,(anonymous_0)
FNF:1
FNH:1
FNDA:2,(anonymous_0)
DA:5,2
DA:6,2
LF:2
LH:2
BRF:0
BRH:0
end_of_record
TN:
SF:src/screens/AddMedicine.js
FN:16,(anonymous_0)
FN:22,(anonymous_1)
FN:25,(anonymous_2)
FN:27,(anonymous_3)
FN:33,(anonymous_4)
FN:34,(anonymous_5)
FN:37,(anonymous_6)
FN:46,(anonymous_7)
FN:58,(anonymous_8)
FN:65,(anonymous_9)
FN:69,(anonymous_10)
FN:71,(anonymous_11)
FN:84,(anonymous_12)
FN:85,(anonymous_13)
FN:88,(anonymous_14)
FN:92,(anonymous_15)
FN:142,(anonymous_16)
FNF:17
FNH:5
FNDA:0,(anonymous_0)
FNDA:3,(anonymous_1)
FNDA:1,(anonymous_2)
FNDA:0,(anonymous_3)
FNDA:1,(anonymous_4)
FNDA:1,(anonymous_5)
FNDA:0,(anonymous_6)
FNDA:0,(anonymous_7)
FNDA:1,(anonymous_8)
FNDA:0,(anonymous_9)
FNDA:0,(anonymous_10)
FNDA:0,(anonymous_11)
FNDA:0,(anonymous_12)
FNDA:0,(anonymous_13)
FNDA:0,(anonymous_14)
FNDA:0,(anonymous_15)
FNDA:0,(anonymous_16)
DA:14,5
DA:16,5
DA:17,0
DA:20,5
DA:22,5
DA:23,3
DA:24,3
DA:26,1
DA:27,1
DA:33,3
DA:34,1
DA:35,1
DA:37,1
DA:38,0
DA:43,0
DA:47,0
DA:48,0
DA:51,0
DA:58,3
DA:59,1
DA:60,0
DA:65,3
DA:66,0
DA:67,0
DA:68,0
DA:69,0
DA:70,0
DA:71,0
DA:72,0
DA:73,0
DA:76,0
DA:77,0
DA:84,3
DA:85,0
DA:86,0
DA:88,0
DA:89,0
DA:92,0
DA:100,0
DA:142,3
DA:143,0
DA:147,3
LF:42
LH:18
BRDA:60,0,0,0
BRDA:60,0,1,0
BRDA:77,1,0,0
BRDA:77,1,1,0
BRDA:129,2,0,0
BRDA:129,2,1,0
BRDA:149,3,0,3
BRDA:149,3,1,0
BRF:8
BRH:1
end_of_record
TN:
SF:src/screens/HomeScreen.js
FN:15,(anonymous_0)
FN:17,(anonymous_1)
FN:24,(anonymous_2)
FN:35,(anonymous_3)
FN:54,(anonymous_4)
FN:71,(anonymous_5)
FN:86,(anonymous_6)
FNF:7
FNH:5
FNDA:2,(anonymous_0)
FNDA:0,(anonymous_1)
FNDA:0,(anonymous_2)
FNDA:3,(anonymous_3)
FNDA:2,(anonymous_4)
FNDA:2,(anonymous_5)
FNDA:2,(anonymous_6)
DA:13,3
DA:15,3
DA:16,2
DA:17,2
DA:18,0
DA:24,2
DA:25,0
DA:29,2
DA:35,3
DA:55,2
DA:72,2
DA:87,2
LF:12
LH:10
BRF:0
BRH:0
end_of_record
TN:
SF:src/screens/OnboardingScreen.js
FN:5,(anonymous_0)
FN:6,(anonymous_1)
FNF:2
FNH:1
FNDA:2,(anonymous_0)
FNDA:0,(anonymous_1)
DA:5,2
DA:6,2
DA:7,0
DA:9,2
LF:4
LH:3
BRF:0
BRH:0
end_of_record
TN:
SF:src/screens/Settings.js
FN:7,(anonymous_0)
FN:9,(anonymous_1)
FN:20,(anonymous_2)
FN:23,(anonymous_3)
FNF:4
FNH:4
FNDA:4,(anonymous_0)
FNDA:1,(anonymous_1)
FNDA:1,(anonymous_2)
FNDA:1,(anonymous_3)
DA:7,3
DA:9,4
DA:10,1
DA:11,1
DA:20,4
DA:21,1
DA:23,4
DA:24,1
DA:26,4
LF:9
LH:9
BRF:0
BRH:0
end_of_record
TN:
SF:src/screens/UserMed.js
FN:19,createdb
FN:24,(anonymous_1)
FN:27,(anonymous_2)
FN:37,(anonymous_3)
FN:42,(anonymous_4)
FN:45,(anonymous_5)
FN:63,(anonymous_6)
FN:73,(anonymous_7)
FN:83,(anonymous_8)
FN:87,(anonymous_9)
FNF:10
FNH:1
FNDA:0,createdb
FNDA:0,(anonymous_1)
FNDA:0,(anonymous_2)
FNDA:2,(anonymous_3)
FNDA:0,(anonymous_4)
FNDA:0,(anonymous_5)
FNDA:0,(anonymous_6)
FNDA:0,(anonymous_7)
FNDA:0,(anonymous_8)
FNDA:0,(anonymous_9)
DA:20,0
DA:21,0
DA:22,0
DA:25,0
DA:28,0
DA:31,0
DA:33,0
DA:34,0
DA:37,4
DA:38,2
DA:39,2
DA:40,2
DA:41,2
DA:42,1
DA:43,0
DA:45,0
DA:46,0
DA:47,0
DA:51,0
DA:53,0
DA:58,0
DA:63,0
DA:64,0
DA:68,1
DA:73,1
DA:74,0
DA:84,0
DA:85,0
DA:88,0
DA:124,1
LF:30
LH:9
BRDA:21,0,0,0
BRDA:21,0,1,0
BRDA:96,1,0,0
BRDA:96,1,1,0
BRDA:106,2,0,0
BRDA:106,2,1,0
BRF:6
BRH:0
end_of_record
TN:
SF:src/screens/adherence/AdherenceHistory.js
FN:34,(anonymous_0)
FN:46,(anonymous_1)
FN:49,(anonymous_2)
FN:59,(anonymous_3)
FN:74,(anonymous_4)
FN:90,(anonymous_5)
FN:91,(anonymous_6)
FN:95,(anonymous_7)
FN:103,(anonymous_8)
FN:106,(anonymous_9)
FN:111,(anonymous_10)
FN:123,perm
FN:124,(anonymous_12)
FN:151,(anonymous_13)
FN:160,(anonymous_14)
FN:163,(anonymous_15)
FN:218,(anonymous_16)
FN:224,(anonymous_17)
FN:225,(anonymous_18)
FN:271,(anonymous_19)
FNF:20
FNH:4
FNDA:3,(anonymous_0)
FNDA:2,(anonymous_1)
FNDA:0,(anonymous_2)
FNDA:0,(anonymous_3)
FNDA:0,(anonymous_4)
FNDA:0,(anonymous_5)
FNDA:0,(anonymous_6)
FNDA:0,(anonymous_7)
FNDA:2,(anonymous_8)
FNDA:0,(anonymous_9)
FNDA:0,(anonymous_10)
FNDA:1,perm
FNDA:0,(anonymous_12)
FNDA:0,(anonymous_13)
FNDA:0,(anonymous_14)
FNDA:0,(anonymous_15)
FNDA:0,(anonymous_16)
FNDA:0,(anonymous_17)
FNDA:0,(anonymous_18)
FNDA:0,(anonymous_19)
DA:30,2
DA:31,2
DA:34,2
DA:35,3
DA:36,2
DA:38,2
DA:39,2
DA:40,2
DA:41,2
DA:42,2
DA:43,2
DA:44,2
DA:45,2
DA:46,2
DA:47,2
DA:49,2
DA:50,0
DA:54,0
DA:55,0
DA:59,2
DA:60,0
DA:61,0
DA:62,0
DA:63,0
DA:64,0
DA:65,0
DA:66,0
DA:67,0
DA:68,0
DA:69,0
DA:70,0
DA:72,0
DA:73,0
DA:74,0
DA:75,0
DA:76,0
DA:77,0
DA:78,0
DA:79,0
DA:80,0
DA:82,0
DA:83,0
DA:84,0
DA:85,0
DA:87,0
DA:90,2
DA:91,0
DA:92,0
DA:96,0
DA:102,2
DA:104,2
DA:105,2
DA:106,2
DA:111,2
DA:112,0
DA:113,0
DA:117,0
DA:119,0
DA:120,0
DA:121,0
DA:124,1
DA:125,0
DA:126,0
DA:129,0
DA:132,0
DA:133,0
DA:134,0
DA:135,0
DA:136,0
DA:141,0
DA:148,2
DA:151,0
DA:160,0
DA:164,0
DA:165,0
DA:219,0
DA:220,0
DA:221,0
DA:224,0
DA:226,0
DA:272,0
LF:81
LH:25
BRDA:112,0,0,0
BRDA:112,0,1,0
BRDA:135,1,0,0
BRDA:135,1,1,0
BRDA:157,2,0,0
BRDA:157,2,1,2
BRDA:200,3,0,0
BRDA:200,3,1,2
BRDA:244,4,0,2
BRDA:244,4,1,0
BRDA:255,5,0,2
BRDA:255,5,1,0
BRF:12
BRH:4
end_of_record
TN:
SF:src/screens/adherence/ClickSendImage.js
FN:9,(anonymous_0)
FN:11,picture
FN:28,(anonymous_2)
FNF:3
FNH:3
FNDA:3,(anonymous_0)
FNDA:2,picture
FNDA:2,(anonymous_2)
DA:9,3
DA:10,3
DA:12,2
DA:13,2
DA:17,3
DA:28,2
LF:6
LH:6
BRF:0
BRH:0
end_of_record
TN:
SF:src/screens/adherence/MedicineAdherence.js
FN:25,(anonymous_0)
FN:30,(anonymous_1)
FN:40,(anonymous_2)
FN:47,(anonymous_3)
FN:52,(anonymous_4)
FN:80,(anonymous_5)
FN:91,(anonymous_6)
FN:128,fetchallreminders
FN:130,(anonymous_8)
FN:132,(anonymous_9)
FN:141,(anonymous_10)
FN:170,fetchallremindersandsync
FN:176,(anonymous_12)
FN:177,(anonymous_13)
FN:207,(anonymous_14)
FN:225,(anonymous_15)
FN:240,(anonymous_16)
FN:277,(anonymous_17)
FN:327,(anonymous_18)
FNF:19
FNH:2
FNDA:3,(anonymous_0)
FNDA:0,(anonymous_1)
FNDA:0,(anonymous_2)
FNDA:0,(anonymous_3)
FNDA:0,(anonymous_4)
FNDA:0,(anonymous_5)
FNDA:0,(anonymous_6)
FNDA:0,fetchallreminders
FNDA:0,(anonymous_8)
FNDA:0,(anonymous_9)
FNDA:0,(anonymous_10)
FNDA:0,fetchallremindersandsync
FNDA:0,(anonymous_12)
FNDA:0,(anonymous_13)
FNDA:0,(anonymous_14)
FNDA:0,(anonymous_15)
FNDA:0,(anonymous_16)
FNDA:1,(anonymous_17)
FNDA:0,(anonymous_18)
DA:23,4
DA:25,4
DA:26,3
DA:27,3
DA:28,3
DA:30,3
DA:31,0
DA:32,0
DA:33,0
DA:34,0
DA:40,0
DA:41,0
DA:48,0
DA:49,0
DA:52,0
DA:56,0
DA:81,0
DA:92,0
DA:129,0
DA:130,0
DA:131,0
DA:132,0
DA:133,0
DA:138,0
DA:142,0
DA:143,0
DA:145,0
DA:146,0
DA:147,0
DA:148,0
DA:149,0
DA:154,0
DA:155,0
DA:157,0
DA:162,0
DA:163,0
DA:171,0
DA:172,0
DA:174,0
DA:175,0
DA:176,0
DA:178,0
DA:191,0
DA:194,0
DA:195,0
DA:196,0
DA:197,0
DA:198,0
DA:199,0
DA:208,0
DA:209,0
DA:213,0
DA:214,0
DA:218,0
DA:219,0
DA:226,0
DA:232,0
DA:237,0
DA:240,3
DA:241,0
DA:245,3
DA:277,1
DA:328,0
DA:329,0
LF:64
LH:9
BRDA:43,0,0,0
BRDA:43,0,1,0
BRDA:48,1,0,0
BRDA:48,1,1,0
BRDA:149,2,0,0
BRDA:149,2,1,0
BRDA:154,3,0,0
BRDA:154,3,1,0
BRDA:154,4,0,0
BRDA:154,4,1,0
BRDA:171,5,0,0
BRDA:171,5,1,0
BRDA:208,6,0,0
BRDA:208,6,1,0
BRDA:213,7,0,0
BRDA:213,7,1,0
BRDA:213,8,0,0
BRDA:213,8,1,0
BRDA:218,9,0,0
BRDA:218,9,1,0
BRDA:218,10,0,0
BRDA:218,10,1,0
BRDA:241,11,0,0
BRDA:241,11,1,0
BRDA:252,12,0,0
BRDA:252,12,1,3
BRDA:328,13,0,0
BRDA:328,13,1,0
BRDA:332,14,0,3
BRDA:332,14,1,3
BRF:30
BRH:3
end_of_record
TN:
SF:src/screens/adherence/SendImageToCaretaker.js
FN:29,(anonymous_0)
FN:37,(anonymous_1)
FN:39,(anonymous_2)
FN:54,(anonymous_3)
FN:61,(anonymous_4)
FN:65,(anonymous_5)
FN:89,(anonymous_6)
FN:100,(anonymous_7)
FN:107,(anonymous_8)
FN:108,name
FN:114,(anonymous_10)
FN:120,(anonymous_11)
FN:123,(anonymous_12)
FN:126,(anonymous_13)
FN:127,(anonymous_14)
FN:134,SendImage
FN:176,(anonymous_16)
FN:199,(anonymous_17)
FN:205,(anonymous_18)
FN:209,(anonymous_19)
FN:213,shareFnc
FN:252,(anonymous_21)
FN:258,(anonymous_22)
FNF:23
FNH:6
FNDA:4,(anonymous_0)
FNDA:0,(anonymous_1)
FNDA:0,(anonymous_2)
FNDA:0,(anonymous_3)
FNDA:0,(anonymous_4)
FNDA:0,(anonymous_5)
FNDA:0,(anonymous_6)
FNDA:1,(anonymous_7)
FNDA:4,(anonymous_8)
FNDA:4,name
FNDA:0,(anonymous_10)
FNDA:1,(anonymous_11)
FNDA:0,(anonymous_12)
FNDA:0,(anonymous_13)
FNDA:0,(anonymous_14)
FNDA:1,SendImage
FNDA:0,(anonymous_16)
FNDA:0,(anonymous_17)
FNDA:0,(anonymous_18)
FNDA:0,(anonymous_19)
FNDA:0,shareFnc
FNDA:0,(anonymous_21)
FNDA:0,(anonymous_22)
DA:24,2
DA:25,2
DA:26,2
DA:27,2
DA:29,2
DA:30,4
DA:31,4
DA:32,4
DA:33,4
DA:34,4
DA:35,4
DA:37,4
DA:38,0
DA:39,0
DA:40,0
DA:41,0
DA:43,0
DA:54,0
DA:61,4
DA:62,0
DA:63,0
DA:64,0
DA:65,0
DA:66,0
DA:67,0
DA:68,0
DA:69,0
DA:70,0
DA:72,0
DA:73,0
DA:76,0
DA:89,0
DA:98,4
DA:99,4
DA:100,4
DA:101,1
DA:102,0
DA:103,0
DA:106,4
DA:109,4
DA:110,0
DA:111,0
DA:113,4
DA:114,4
DA:120,4
DA:121,1
DA:123,4
DA:124,0
DA:126,0
DA:127,0
DA:128,0
DA:129,0
DA:135,1
DA:136,1
DA:137,1
DA:138,1
DA:142,1
DA:144,0
DA:146,0
DA:152,0
DA:153,0
DA:154,0
DA:155,0
DA:156,0
DA:161,0
DA:162,0
DA:164,0
DA:169,0
DA:170,0
DA:172,0
DA:174,0
DA:177,0
DA:178,0
DA:179,0
DA:182,0
DA:187,0
DA:188,0
DA:189,0
DA:190,0
DA:191,0
DA:192,0
DA:200,0
DA:201,0
DA:205,0
DA:206,0
DA:210,0
DA:214,0
DA:221,0
DA:223,4
DA:253,0
DA:259,0
LF:91
LH:30
BRDA:41,0,0,0
BRDA:41,0,1,0
BRDA:69,1,0,0
BRDA:69,1,1,0
BRDA:136,2,0,1
BRDA:136,2,1,0
BRDA:153,3,0,0
BRDA:153,3,1,0
BRDA:179,4,0,0
BRDA:179,4,1,0
BRDA:251,5,0,4
BRDA:251,5,1,4
BRF:12
BRH:3
end_of_record
TN:
SF:src/screens/adherence/TodayPerformance.js
FN:13,(anonymous_0)
FN:19,(anonymous_1)
FN:41,(anonymous_2)
FN:59,(anonymous_3)
FN:60,(anonymous_4)
FN:68,(anonymous_5)
FN:88,(anonymous_6)
FN:102,(anonymous_7)
FN:110,(anonymous_8)
FN:144,(anonymous_9)
FNF:10
FNH:2
FNDA:3,(anonymous_0)
FNDA:0,(anonymous_1)
FNDA:0,(anonymous_2)
FNDA:2,(anonymous_3)
FNDA:0,(anonymous_4)
FNDA:0,(anonymous_5)
FNDA:0,(anonymous_6)
FNDA:0,(anonymous_7)
FNDA:0,(anonymous_8)
FNDA:0,(anonymous_9)
DA:5,2
DA:11,2
DA:13,2
DA:14,3
DA:15,3
DA:16,3
DA:17,3
DA:19,2
DA:20,0
DA:21,0
DA:22,0
DA:24,0
DA:25,0
DA:26,0
DA:27,0
DA:28,0
DA:30,0
DA:33,0
DA:35,0
DA:40,0
DA:41,0
DA:42,0
DA:47,0
DA:51,0
DA:59,2
DA:60,2
DA:61,0
DA:65,0
DA:69,0
DA:70,0
DA:71,0
DA:72,0
DA:73,0
DA:75,0
DA:80,0
DA:81,0
DA:85,0
DA:89,0
DA:90,0
DA:92,0
DA:97,0
DA:99,0
DA:103,0
DA:107,0
DA:111,0
DA:118,0
DA:125,0
DA:145,0
LF:48
LH:10
BRDA:21,0,0,0
BRDA:21,0,1,0
BRDA:27,1,0,0
BRDA:27,1,1,0
BRDA:80,2,0,0
BRDA:80,2,1,0
BRDA:80,3,0,0
BRDA:80,3,1,0
BRDA:89,4,0,0
BRDA:89,4,1,0
BRDA:131,5,0,0
BRDA:131,5,1,0
BRDA:131,6,0,0
BRDA:131,6,1,0
BRF:14
BRH:0
end_of_record
TN:
SF:src/screens/adherence/adherenceStyles/AdherenceHistoryStyles.js
FNF:0
FNH:0
DA:3,2
LF:1
LH:1
BRF:0
BRH:0
end_of_record
TN:
SF:src/screens/adherence/adherenceStyles/ClickSendImageStyles.js
FNF:0
FNH:0
DA:3,3
LF:1
LH:1
BRF:0
BRH:0
end_of_record
TN:
SF:src/screens/adherence/adherenceStyles/MedicineHistoryListStyles.js
FNF:0
FNH:0
DA:3,3
LF:1
LH:1
BRF:0
BRH:0
end_of_record
TN:
SF:src/screens/adherence/adherenceStyles/SendImageToCareTakerStyles.js
FNF:0
FNH:0
DA:3,2
LF:1
LH:1
BRF:0
BRH:0
end_of_record
TN:
SF:src/screens/adherence/adherenceStyles/TodayPerformanceStyles.js
FNF:0
FNH:0
DA:3,3
LF:1
LH:1
BRF:0
BRH:0
end_of_record
TN:
SF:src/screens/alarm/Reminder.js
FN:24,(anonymous_0)
FN:42,(anonymous_1)
FN:43,(anonymous_2)
FN:48,(anonymous_3)
FN:58,(anonymous_4)
FN:72,(anonymous_5)
FN:75,(anonymous_6)
FN:79,(anonymous_7)
FN:90,(anonymous_8)
FN:128,(anonymous_9)
FN:147,(anonymous_10)
FN:181,(anonymous_11)
FN:190,(anonymous_12)
FN:225,(anonymous_13)
FN:247,(anonymous_14)
FN:257,(anonymous_15)
FN:268,(anonymous_16)
FN:315,(anonymous_17)
FN:333,(anonymous_18)
FN:342,(anonymous_19)
FN:364,(anonymous_20)
FN:375,(anonymous_21)
FN:419,(anonymous_22)
FNF:23
FNH:4
FNDA:8,(anonymous_0)
FNDA:0,(anonymous_1)
FNDA:0,(anonymous_2)
FNDA:0,(anonymous_3)
FNDA:0,(anonymous_4)
FNDA:1,(anonymous_5)
FNDA:1,(anonymous_6)
FNDA:0,(anonymous_7)
FNDA:0,(anonymous_8)
FNDA:0,(anonymous_9)
FNDA:0,(anonymous_10)
FNDA:0,(anonymous_11)
FNDA:0,(anonymous_12)
FNDA:0,(anonymous_13)
FNDA:0,(anonymous_14)
FNDA:0,(anonymous_15)
FNDA:0,(anonymous_16)
FNDA:0,(anonymous_17)
FNDA:0,(anonymous_18)
FNDA:0,(anonymous_19)
FNDA:0,(anonymous_20)
FNDA:1,(anonymous_21)
FNDA:0,(anonymous_22)
DA:22,2
DA:24,2
DA:25,8
DA:26,8
DA:27,8
DA:28,8
DA:29,8
DA:30,8
DA:31,8
DA:32,8
DA:33,8
DA:34,8
DA:35,8
DA:36,8
DA:37,8
DA:38,8
DA:39,8
DA:40,8
DA:42,8
DA:43,0
DA:44,0
DA:45,0
DA:49,0
DA:50,0
DA:51,0
DA:52,0
DA:58,8
DA:59,0
DA:60,0
DA:61,0
DA:63,0
DA:64,0
DA:65,0
DA:66,0
DA:68,8
DA:69,8
DA:70,8
DA:72,8
DA:73,1
DA:75,8
DA:76,1
DA:79,8
DA:80,0
DA:81,0
DA:83,0
DA:84,0
DA:85,0
DA:86,0
DA:87,0
DA:88,0
DA:89,0
DA:90,0
DA:91,0
DA:92,0
DA:94,0
DA:95,0
DA:97,0
DA:121,0
DA:123,0
DA:124,0
DA:126,0
DA:127,0
DA:128,0
DA:129,0
DA:130,0
DA:132,0
DA:133,0
DA:135,0
DA:137,0
DA:148,0
DA:150,0
DA:177,0
DA:181,8
DA:182,0
DA:187,0
DA:190,0
DA:193,0
DA:195,0
DA:196,0
DA:197,0
DA:198,0
DA:199,0
DA:200,0
DA:201,0
DA:203,0
DA:205,0
DA:206,0
DA:208,0
DA:211,0
DA:212,0
DA:213,0
DA:214,0
DA:216,0
DA:219,0
DA:220,0
DA:221,0
DA:223,0
DA:225,0
DA:226,0
DA:231,0
DA:247,0
DA:248,0
DA:249,0
DA:252,0
DA:253,0
DA:257,8
DA:258,0
DA:259,0
DA:260,0
DA:262,8
DA:268,0
DA:316,0
DA:334,0
DA:343,0
DA:346,0
DA:365,0
DA:366,0
DA:376,1
DA:377,1
DA:420,0
LF:120
LH:33
BRDA:89,0,0,0
BRDA:89,0,1,0
BRDA:127,1,0,0
BRDA:127,1,1,0
BRDA:182,2,0,0
BRDA:182,2,1,0
BRDA:183,3,0,0
BRDA:183,3,1,0
BRDA:183,3,2,0
BRDA:200,4,0,0
BRDA:200,4,1,0
BRDA:205,5,0,0
BRDA:205,5,1,0
BRDA:211,6,0,0
BRDA:211,6,1,0
BRDA:213,7,0,0
BRDA:213,7,1,0
BRDA:219,8,0,0
BRDA:219,8,1,0
BRDA:384,9,0,8
BRDA:384,9,1,4
BRF:21
BRH:2
end_of_record
TN:
SF:src/screens/alarm/alarmStyles/ReminderStyles.js
FNF:0
FNH:0
DA:3,2
LF:1
LH:1
BRF:0
BRH:0
end_of_record
TN:
SF:src/screens/caretaker/AddCaretaker.js
FN:20,(anonymous_0)
FN:22,(anonymous_1)
FN:24,(anonymous_2)
FN:29,(anonymous_3)
FN:35,(anonymous_4)
FN:38,(anonymous_5)
FN:41,(anonymous_6)
FN:44,(anonymous_7)
FN:47,(anonymous_8)
FN:51,(anonymous_9)
FN:69,(anonymous_10)
FN:108,(anonymous_11)
FN:109,(anonymous_12)
FN:116,(anonymous_13)
FN:124,(anonymous_14)
FNF:15
FNH:3
FNDA:3,(anonymous_0)
FNDA:0,(anonymous_1)
FNDA:0,(anonymous_2)
FNDA:0,(anonymous_3)
FNDA:0,(anonymous_4)
FNDA:0,(anonymous_5)
FNDA:0,(anonymous_6)
FNDA:0,(anonymous_7)
FNDA:0,(anonymous_8)
FNDA:0,(anonymous_9)
FNDA:0,(anonymous_10)
FNDA:0,(anonymous_11)
FNDA:0,(anonymous_12)
FNDA:1,(anonymous_13)
FNDA:1,(anonymous_14)
DA:20,4
DA:21,3
DA:22,0
DA:24,3
DA:25,3
DA:26,3
DA:27,3
DA:28,3
DA:29,3
DA:30,0
DA:31,0
DA:32,0
DA:35,3
DA:36,0
DA:38,3
DA:41,3
DA:42,0
DA:44,3
DA:45,0
DA:47,3
DA:48,0
DA:50,0
DA:51,0
DA:69,0
DA:81,3
DA:108,0
DA:109,0
DA:116,1
DA:124,1
LF:29
LH:16
BRDA:92,0,0,3
BRDA:92,0,1,0
BRF:2
BRH:1
end_of_record
TN:
SF:src/screens/caretaker/Caretaker.js
FN:8,(anonymous_0)
FN:9,(anonymous_1)
FN:12,(anonymous_2)
FN:14,(anonymous_3)
FNF:4
FNH:1
FNDA:2,(anonymous_0)
FNDA:0,(anonymous_1)
FNDA:0,(anonymous_2)
FNDA:0,(anonymous_3)
DA:6,3
DA:8,3
DA:9,2
DA:10,0
DA:12,2
DA:13,0
DA:14,0
DA:19,2
LF:8
LH:5
BRF:0
BRH:0
end_of_record
TN:
SF:src/screens/caretaker/CaretakerComp.js
FN:11,Caretakercomp
FN:13,(anonymous_1)
FN:16,(anonymous_2)
FN:19,(anonymous_3)
FN:20,checkforlog
FN:45,(anonymous_5)
FNF:6
FNH:3
FNDA:2,Caretakercomp
FNDA:0,(anonymous_1)
FNDA:0,(anonymous_2)
FNDA:2,(anonymous_3)
FNDA:2,checkforlog
FNDA:0,(anonymous_5)
DA:12,2
DA:13,2
DA:14,0
DA:16,2
DA:17,0
DA:19,2
DA:21,2
DA:22,0
DA:23,0
DA:43,2
DA:45,2
DA:46,0
DA:48,2
LF:13
LH:8
BRDA:22,0,0,0
BRDA:22,0,1,0
BRF:2
BRH:0
end_of_record
TN:
SF:src/screens/caretaker/CaretakerReq.js
FN:4,(anonymous_0)
FNF:1
FNH:1
FNDA:1,(anonymous_0)
DA:4,4
DA:5,1
LF:2
LH:2
BRF:0
BRH:0
end_of_record
TN:
SF:src/screens/caretaker/SearchCaretaker.js
FN:16,(anonymous_0)
FN:20,(anonymous_1)
FN:33,(anonymous_2)
FN:34,(anonymous_3)
FN:39,(anonymous_4)
FN:50,(anonymous_5)
FN:70,(anonymous_6)
FN:73,(anonymous_7)
FN:84,(anonymous_8)
FN:94,(anonymous_9)
FN:112,(anonymous_10)
FN:127,(anonymous_11)
FN:128,(anonymous_12)
FN:141,(anonymous_13)
FN:156,(anonymous_14)
FNF:15
FNH:2
FNDA:1,(anonymous_0)
FNDA:0,(anonymous_1)
FNDA:0,(anonymous_2)
FNDA:0,(anonymous_3)
FNDA:0,(anonymous_4)
FNDA:0,(anonymous_5)
FNDA:0,(anonymous_6)
FNDA:0,(anonymous_7)
FNDA:0,(anonymous_8)
FNDA:0,(anonymous_9)
FNDA:0,(anonymous_10)
FNDA:0,(anonymous_11)
FNDA:1,(anonymous_12)
FNDA:0,(anonymous_13)
FNDA:0,(anonymous_14)
DA:16,2
DA:17,1
DA:18,1
DA:20,1
DA:21,0
DA:22,0
DA:23,0
DA:24,0
DA:28,0
DA:30,0
DA:32,0
DA:33,0
DA:35,0
DA:37,0
DA:40,0
DA:41,0
DA:46,0
DA:50,1
DA:54,0
DA:55,0
DA:56,0
DA:71,0
DA:74,0
DA:75,0
DA:77,0
DA:78,0
DA:84,0
DA:87,1
DA:94,1
DA:95,0
DA:97,0
DA:113,0
DA:114,0
DA:115,0
DA:121,1
DA:127,0
DA:129,1
DA:141,0
DA:157,0
LF:39
LH:9
BRDA:23,0,0,0
BRDA:23,0,1,0
BRDA:74,1,0,0
BRDA:74,1,1,0
BRDA:134,2,0,1
BRDA:134,2,1,0
BRDA:146,3,0,1
BRDA:146,3,1,1
BRF:8
BRH:3
end_of_record
TN:
SF:src/screens/caretaker/caretakerStyles/CaretakerComStyles.js
FNF:0
FNH:0
DA:4,4
LF:1
LH:1
BRF:0
BRH:0
end_of_record
TN:
SF:src/screens/caretaker/caretakerStyles/SearchCaretakerStyles.js
FNF:0
FNH:0
DA:3,2
LF:1
LH:1
BRF:0
BRH:0
end_of_record
TN:
SF:src/screens/components/HistoryDetail.js
FN:7,(anonymous_0)
FN:9,findTime
FN:23,(anonymous_2)
FN:28,(anonymous_3)
FN:39,(anonymous_4)
FNF:5
FNH:1
FNDA:2,(anonymous_0)
FNDA:0,findTime
FNDA:0,(anonymous_2)
FNDA:0,(anonymous_3)
FNDA:0,(anonymous_4)
DA:7,3
DA:8,2
DA:10,0
DA:11,0
DA:13,0
DA:14,0
DA:15,0
DA:16,0
DA:17,0
DA:18,0
DA:21,0
DA:23,2
DA:24,0
DA:25,0
DA:26,0
DA:27,0
DA:29,0
DA:30,0
DA:35,0
DA:38,0
DA:40,0
DA:42,0
DA:47,0
DA:50,0
DA:53,2
LF:25
LH:4
BRDA:13,0,0,0
BRDA:13,0,1,0
BRDA:13,1,0,0
BRDA:13,1,1,0
BRDA:13,1,2,0
BRDA:15,2,0,0
BRDA:15,2,1,0
BRDA:15,3,0,0
BRDA:15,3,1,0
BRDA:15,3,2,0
BRDA:17,4,0,0
BRDA:17,4,1,0
BRDA:17,5,0,0
BRDA:17,5,1,0
BRDA:17,5,2,0
BRDA:27,6,0,0
BRDA:27,6,1,0
BRDA:38,7,0,0
BRDA:38,7,1,0
BRF:19
BRH:0
end_of_record
TN:
SF:src/screens/login/GoogleOauth.js
FN:19,(anonymous_0)
FN:23,checkconnection
FN:27,(anonymous_2)
FN:34,onGoogleButtonPress
FN:54,(anonymous_4)
FN:92,(anonymous_5)
FN:94,(anonymous_6)
FN:95,(anonymous_7)
FNF:8
FNH:3
FNDA:2,(anonymous_0)
FNDA:0,checkconnection
FNDA:0,(anonymous_2)
FNDA:1,onGoogleButtonPress
FNDA:0,(anonymous_4)
FNDA:1,(anonymous_5)
FNDA:0,(anonymous_6)
FNDA:0,(anonymous_7)
DA:19,2
DA:20,2
DA:21,2
DA:24,0
DA:25,0
DA:27,2
DA:28,0
DA:29,0
DA:35,1
DA:36,1
DA:37,0
DA:38,0
DA:39,0
DA:40,0
DA:41,0
DA:42,0
DA:44,0
DA:45,0
DA:46,0
DA:47,0
DA:48,0
DA:52,0
DA:54,0
DA:55,0
DA:58,0
DA:59,0
DA:60,0
DA:66,1
DA:67,0
DA:69,0
DA:76,2
DA:93,1
DA:94,0
DA:95,0
LF:34
LH:9
BRDA:44,0,0,0
BRDA:44,0,1,0
BRDA:66,1,0,0
BRDA:66,1,1,0
BRDA:99,2,0,2
BRDA:99,2,1,0
BRF:6
BRH:1
end_of_record
TN:
SF:src/screens/login/LoginScreen.js
FN:15,(anonymous_0)
FN:18,loginuser
FN:37,(anonymous_2)
FN:70,(anonymous_3)
FN:72,(anonymous_4)
FN:73,(anonymous_5)
FNF:6
FNH:0
FNDA:0,(anonymous_0)
FNDA:0,loginuser
FNDA:0,(anonymous_2)
FNDA:0,(anonymous_3)
FNDA:0,(anonymous_4)
FNDA:0,(anonymous_5)
DA:15,1
DA:16,0
DA:19,0
DA:20,0
DA:21,0
DA:22,0
DA:23,0
DA:24,0
DA:25,0
DA:26,0
DA:27,0
DA:28,0
DA:29,0
DA:30,0
DA:31,0
DA:35,0
DA:37,0
DA:38,0
DA:41,0
DA:42,0
DA:43,0
DA:49,0
DA:50,0
DA:51,0
DA:53,0
DA:60,0
DA:71,0
DA:72,0
DA:73,0
LF:29
LH:1
BRDA:27,0,0,0
BRDA:27,0,1,0
BRDA:50,1,0,0
BRDA:50,1,1,0
BRDA:76,2,0,0
BRDA:76,2,1,0
BRF:6
BRH:0
end_of_record
TN:
SF:src/screens/login/loginStyles/GoogleAuthStyles.js
FNF:0
FNH:0
DA:3,2
LF:1
LH:1
BRF:0
BRH:0
end_of_record
TN:
SF:src/screens/login/loginStyles/LoginStyles.js
FNF:0
FNH:0
DA:3,1
LF:1
LH:1
BRF:0
BRH:0
end_of_record
TN:
SF:src/screens/patient/MedicineImages.js
FN:22,(anonymous_0)
FN:32,(anonymous_1)
FN:33,(anonymous_2)
FN:49,(anonymous_3)
FN:62,(anonymous_4)
FN:63,(anonymous_5)
FN:83,(anonymous_6)
FN:87,fetchImages
FN:89,(anonymous_8)
FN:90,(anonymous_9)
FN:102,(anonymous_10)
FN:107,(anonymous_11)
FN:109,(anonymous_12)
FN:127,(anonymous_13)
FNF:14
FNH:1
FNDA:0,(anonymous_0)
FNDA:0,(anonymous_1)
FNDA:0,(anonymous_2)
FNDA:0,(anonymous_3)
FNDA:0,(anonymous_4)
FNDA:0,(anonymous_5)
FNDA:1,(anonymous_6)
FNDA:0,fetchImages
FNDA:0,(anonymous_8)
FNDA:0,(anonymous_9)
FNDA:0,(anonymous_10)
FNDA:0,(anonymous_11)
FNDA:0,(anonymous_12)
FNDA:0,(anonymous_13)
DA:18,2
DA:19,2
DA:20,2
DA:22,2
DA:23,0
DA:24,0
DA:25,0
DA:32,0
DA:33,0
DA:49,2
DA:50,0
DA:51,0
DA:53,0
DA:62,0
DA:63,0
DA:83,2
DA:84,1
DA:85,1
DA:86,1
DA:88,0
DA:89,0
DA:91,0
DA:92,0
DA:93,0
DA:94,0
DA:96,0
DA:97,0
DA:98,0
DA:101,0
DA:102,0
DA:103,0
DA:106,1
DA:108,0
DA:109,0
DA:115,1
DA:127,0
LF:36
LH:11
BRDA:35,0,0,0
BRDA:35,0,1,0
BRDA:93,1,0,0
BRDA:93,1,1,0
BRDA:117,2,0,1
BRDA:117,2,1,0
BRF:6
BRH:1
end_of_record
TN:
SF:src/screens/patient/MyPatients.js
FN:22,(anonymous_0)
FN:23,(anonymous_1)
FN:24,(anonymous_2)
FN:30,(anonymous_3)
FN:35,checkforlog
FN:44,(anonymous_5)
FN:50,(anonymous_6)
FN:62,(anonymous_7)
FN:63,checkforlog
FN:72,(anonymous_9)
FN:78,(anonymous_10)
FN:91,(anonymous_11)
FN:96,(anonymous_12)
FN:101,(anonymous_13)
FN:105,(anonymous_14)
FN:107,(anonymous_15)
FN:126,(anonymous_16)
FNF:17
FNH:3
FNDA:2,(anonymous_0)
FNDA:0,(anonymous_1)
FNDA:0,(anonymous_2)
FNDA:0,(anonymous_3)
FNDA:0,checkforlog
FNDA:0,(anonymous_5)
FNDA:0,(anonymous_6)
FNDA:2,(anonymous_7)
FNDA:2,checkforlog
FNDA:0,(anonymous_9)
FNDA:0,(anonymous_10)
FNDA:0,(anonymous_11)
FNDA:0,(anonymous_12)
FNDA:0,(anonymous_13)
FNDA:0,(anonymous_14)
FNDA:0,(anonymous_15)
FNDA:0,(anonymous_16)
DA:22,5
DA:23,2
DA:24,2
DA:26,2
DA:27,2
DA:29,2
DA:30,2
DA:31,0
DA:32,0
DA:33,0
DA:36,0
DA:37,0
DA:38,0
DA:45,0
DA:51,0
DA:57,0
DA:61,2
DA:64,2
DA:65,0
DA:66,0
DA:73,0
DA:79,0
DA:85,0
DA:89,2
DA:91,2
DA:96,2
DA:97,0
DA:101,2
DA:105,2
DA:106,0
DA:107,0
DA:126,0
DA:138,2
LF:33
LH:15
BRDA:37,0,0,0
BRDA:37,0,1,0
BRDA:65,1,0,0
BRDA:65,1,1,0
BRDA:148,2,0,2
BRDA:148,2,1,2
BRF:6
BRH:2
end_of_record
TN:
SF:src/screens/patient/Patient.js
FN:9,(anonymous_0)
FN:11,(anonymous_1)
FN:21,(anonymous_2)
FN:30,(anonymous_3)
FNF:4
FNH:4
FNDA:5,(anonymous_0)
FNDA:1,(anonymous_1)
FNDA:1,(anonymous_2)
FNDA:1,(anonymous_3)
DA:9,3
DA:10,5
DA:11,5
DA:12,1
DA:21,5
DA:22,1
DA:30,5
DA:31,1
DA:34,5
LF:9
LH:9
BRF:0
BRH:0
end_of_record
TN:
SF:src/screens/patient/PatientProfile.js
FN:23,(anonymous_0)
FN:26,(anonymous_1)
FN:31,(anonymous_2)
FN:35,(anonymous_3)
FN:40,(anonymous_4)
FN:127,(anonymous_5)
FN:135,(anonymous_6)
FN:136,(anonymous_7)
FN:143,(anonymous_8)
FN:150,(anonymous_9)
FN:158,(anonymous_10)
FN:176,(anonymous_11)
FNF:12
FNH:3
FNDA:1,(anonymous_0)
FNDA:0,(anonymous_1)
FNDA:0,(anonymous_2)
FNDA:0,(anonymous_3)
FNDA:0,(anonymous_4)
FNDA:1,(anonymous_5)
FNDA:1,(anonymous_6)
FNDA:0,(anonymous_7)
FNDA:0,(anonymous_8)
FNDA:0,(anonymous_9)
FNDA:0,(anonymous_10)
FNDA:0,(anonymous_11)
DA:21,2
DA:23,2
DA:24,1
DA:25,1
DA:26,1
DA:27,0
DA:28,0
DA:29,0
DA:31,0
DA:34,1
DA:35,0
DA:37,1
DA:39,1
DA:40,1
DA:41,0
DA:42,0
DA:43,0
DA:46,1
DA:128,1
DA:135,1
DA:137,0
DA:138,0
DA:144,0
DA:151,0
DA:159,0
DA:160,0
DA:177,0
DA:178,0
LF:28
LH:12
BRDA:48,0,0,1
BRDA:48,0,1,0
BRF:2
BRH:1
end_of_record
TN:
SF:src/screens/patient/PatientReport.js
FN:45,(anonymous_0)
FN:79,(anonymous_1)
FN:92,(anonymous_2)
FN:111,PatientReport
FN:127,fetchHistory
FN:132,(anonymous_5)
FN:136,showalldates
FN:158,(anonymous_7)
FN:159,(anonymous_8)
FN:172,modalVisibilityfun
FN:178,(anonymous_10)
FN:179,(anonymous_11)
FN:182,(anonymous_12)
FN:187,(anonymous_13)
FN:188,permFnc
FN:260,(anonymous_15)
FN:266,(anonymous_16)
FN:301,(anonymous_17)
FN:309,(anonymous_18)
FNF:19
FNH:2
FNDA:0,(anonymous_0)
FNDA:0,(anonymous_1)
FNDA:0,(anonymous_2)
FNDA:2,PatientReport
FNDA:0,fetchHistory
FNDA:0,(anonymous_5)
FNDA:0,showalldates
FNDA:0,(anonymous_7)
FNDA:0,(anonymous_8)
FNDA:0,modalVisibilityfun
FNDA:0,(anonymous_10)
FNDA:0,(anonymous_11)
FNDA:0,(anonymous_12)
FNDA:0,(anonymous_13)
FNDA:0,permFnc
FNDA:0,(anonymous_15)
FNDA:0,(anonymous_16)
FNDA:0,(anonymous_17)
FNDA:1,(anonymous_18)
DA:27,2
DA:29,2
DA:30,2
DA:45,2
DA:46,0
DA:47,0
DA:48,0
DA:50,0
DA:51,0
DA:52,0
DA:80,0
DA:93,0
DA:112,2
DA:121,2
DA:122,2
DA:123,2
DA:124,2
DA:125,2
DA:126,2
DA:128,0
DA:129,0
DA:132,0
DA:133,0
DA:137,0
DA:138,0
DA:139,0
DA:140,0
DA:141,0
DA:142,0
DA:143,0
DA:144,0
DA:145,0
DA:146,0
DA:147,0
DA:148,0
DA:149,0
DA:150,0
DA:151,0
DA:153,0
DA:155,0
DA:158,2
DA:159,0
DA:160,0
DA:161,0
DA:162,0
DA:166,0
DA:168,0
DA:169,0
DA:173,0
DA:174,0
DA:177,2
DA:179,0
DA:180,0
DA:182,0
DA:187,2
DA:190,0
DA:193,0
DA:196,0
DA:197,0
DA:198,0
DA:199,0
DA:200,0
DA:205,0
DA:212,2
DA:261,0
DA:267,0
DA:302,0
DA:309,1
LF:68
LH:16
BRDA:50,0,0,0
BRDA:50,0,1,0
BRDA:51,1,0,0
BRDA:51,1,1,0
BRDA:81,2,0,0
BRDA:81,2,1,0
BRDA:94,3,0,0
BRDA:94,3,1,0
BRDA:129,4,0,0
BRDA:129,4,1,0
BRDA:143,5,0,0
BRDA:143,5,1,0
BRDA:149,6,0,0
BRDA:149,6,1,0
BRDA:161,7,0,0
BRDA:161,7,1,0
BRDA:199,8,0,0
BRDA:199,8,1,0
BRDA:220,9,0,0
BRDA:220,9,1,2
BRF:20
BRH:1
end_of_record
TN:
SF:src/screens/patient/PatientRequest.js
FN:12,(anonymous_0)
FN:15,(anonymous_1)
FN:18,(anonymous_2)
FN:19,(anonymous_3)
FN:28,(anonymous_4)
FN:34,(anonymous_5)
FN:37,(anonymous_6)
FN:42,(anonymous_7)
FN:47,(anonymous_8)
FN:51,(anonymous_9)
FN:53,(anonymous_10)
FN:58,(anonymous_11)
FN:62,(anonymous_12)
FN:73,(anonymous_13)
FN:101,(anonymous_14)
FN:110,(anonymous_15)
FNF:16
FNH:3
FNDA:2,(anonymous_0)
FNDA:2,(anonymous_1)
FNDA:0,(anonymous_2)
FNDA:0,(anonymous_3)
FNDA:0,(anonymous_4)
FNDA:2,(anonymous_5)
FNDA:0,(anonymous_6)
FNDA:0,(anonymous_7)
FNDA:0,(anonymous_8)
FNDA:0,(anonymous_9)
FNDA:0,(anonymous_10)
FNDA:0,(anonymous_11)
FNDA:0,(anonymous_12)
FNDA:0,(anonymous_13)
FNDA:0,(anonymous_14)
FNDA:0,(anonymous_15)
DA:10,4
DA:12,4
DA:13,2
DA:14,2
DA:15,2
DA:16,2
DA:17,0
DA:18,0
DA:20,0
DA:21,0
DA:22,0
DA:23,0
DA:24,0
DA:26,0
DA:29,0
DA:33,2
DA:35,2
DA:37,2
DA:42,2
DA:43,0
DA:44,0
DA:46,0
DA:48,0
DA:49,0
DA:51,0
DA:53,2
DA:54,0
DA:55,0
DA:57,0
DA:59,0
DA:60,0
DA:62,0
DA:64,2
DA:74,0
DA:102,0
DA:111,0
LF:36
LH:12
BRDA:21,0,0,0
BRDA:21,0,1,0
BRDA:121,1,0,2
BRDA:121,1,1,2
BRF:4
BRH:2
end_of_record
TN:
SF:src/screens/patient/patientStyles/MedicineImagesStyles.js
FNF:0
FNH:0
DA:3,2
DA:4,2
DA:6,2
LF:3
LH:3
BRF:0
BRH:0
end_of_record
TN:
SF:src/screens/patient/patientStyles/MyPatientStyles.js
FNF:0
FNH:0
DA:3,5
LF:1
LH:1
BRF:0
BRH:0
end_of_record
TN:
SF:src/screens/patient/patientStyles/PatientProfileStyles.js
FNF:0
FNH:0
DA:3,2
LF:1
LH:1
BRF:0
BRH:0
end_of_record
TN:
SF:src/screens/patient/patientStyles/PatientReportStyles.js
FNF:0
FNH:0
DA:3,2
LF:1
LH:1
BRF:0
BRH:0
end_of_record
TN:
SF:src/screens/patient/patientStyles/PatientRequestStyles.js
FNF:0
FNH:0
DA:3,4
LF:1
LH:1
BRF:0
BRH:0
end_of_record
TN:
SF:src/screens/patient/patientStyles/PatientStyles.js
FNF:0
FNH:0
DA:3,3
LF:1
LH:1
BRF:0
BRH:0
end_of_record
TN:
SF:src/screens/profile/Profile.js
FN:26,(anonymous_0)
FN:27,(anonymous_1)
FN:29,(anonymous_2)
FN:32,(anonymous_3)
FN:35,(anonymous_4)
FN:39,(anonymous_5)
FN:44,(anonymous_6)
FN:54,storeuserdetails
FN:89,(anonymous_8)
FN:95,(anonymous_9)
FN:108,(anonymous_10)
FN:109,getuser
FN:118,(anonymous_12)
FN:124,(anonymous_13)
FN:139,(anonymous_14)
FN:144,(anonymous_15)
FN:147,(anonymous_16)
FN:150,(anonymous_17)
FN:172,(anonymous_18)
FN:192,(anonymous_19)
FN:193,(anonymous_20)
FN:244,(anonymous_21)
FN:283,(anonymous_22)
FN:312,(anonymous_23)
FN:344,(anonymous_24)
FNF:25
FNH:11
FNDA:0,(anonymous_0)
FNDA:0,(anonymous_1)
FNDA:0,(anonymous_2)
FNDA:0,(anonymous_3)
FNDA:0,(anonymous_4)
FNDA:0,(anonymous_5)
FNDA:10,(anonymous_6)
FNDA:1,storeuserdetails
FNDA:0,(anonymous_8)
FNDA:0,(anonymous_9)
FNDA:10,(anonymous_10)
FNDA:10,getuser
FNDA:0,(anonymous_12)
FNDA:0,(anonymous_13)
FNDA:0,(anonymous_14)
FNDA:3,(anonymous_15)
FNDA:3,(anonymous_16)
FNDA:3,(anonymous_17)
FNDA:2,(anonymous_18)
FNDA:1,(anonymous_19)
FNDA:3,(anonymous_20)
FNDA:3,(anonymous_21)
FNDA:0,(anonymous_22)
FNDA:0,(anonymous_23)
FNDA:0,(anonymous_24)
DA:22,4
DA:26,0
DA:27,0
DA:29,0
DA:32,0
DA:35,0
DA:39,0
DA:44,4
DA:45,10
DA:48,10
DA:50,10
DA:52,10
DA:55,1
DA:56,1
DA:57,0
DA:58,0
DA:59,0
DA:60,0
DA:61,0
DA:62,0
DA:64,0
DA:65,0
DA:66,0
DA:67,0
DA:68,0
DA:69,0
DA:70,0
DA:72,0
DA:74,0
DA:90,0
DA:91,0
DA:92,0
DA:96,0
DA:102,0
DA:107,10
DA:110,10
DA:111,10
DA:112,0
DA:119,0
DA:125,0
DA:130,0
DA:132,0
DA:134,0
DA:135,0
DA:138,10
DA:139,10
DA:144,10
DA:145,3
DA:147,10
DA:148,3
DA:150,10
DA:151,3
DA:153,10
DA:172,2
DA:192,1
DA:203,3
DA:245,3
DA:284,0
DA:313,0
DA:345,0
LF:60
LH:24
BRDA:90,0,0,0
BRDA:90,0,1,0
BRDA:111,1,0,0
BRDA:111,1,1,0
BRDA:215,2,0,3
BRDA:215,2,1,0
BRDA:215,2,2,0
BRDA:229,3,0,3
BRDA:229,3,1,0
BRDA:229,3,2,0
BRDA:253,4,0,3
BRDA:253,4,1,0
BRDA:267,5,0,3
BRDA:267,5,1,0
BRDA:297,6,0,3
BRDA:297,6,1,0
BRDA:329,7,0,3
BRDA:329,7,1,0
BRDA:364,8,0,3
BRDA:364,8,1,0
BRF:20
BRH:7
end_of_record
TN:
SF:src/screens/profile/SavedDetails.js
FN:14,(anonymous_0)
FN:23,(anonymous_1)
FN:24,getuserdetail
FNF:3
FNH:3
FNDA:10,(anonymous_0)
FNDA:9,(anonymous_1)
FNDA:9,getuserdetail
DA:12,5
DA:14,5
DA:15,10
DA:16,9
DA:17,9
DA:18,9
DA:19,9
DA:20,9
DA:21,9
DA:23,9
DA:25,9
DA:26,9
DA:27,9
DA:28,9
DA:29,9
DA:30,9
DA:31,9
DA:33,9
DA:34,9
DA:35,9
DA:36,9
DA:37,9
DA:38,9
DA:39,9
DA:42,9
DA:45,9
LF:26
LH:26
BRF:0
BRH:0
end_of_record
TN:
SF:src/screens/profile/profileStyles/ProfileStyles.js
FNF:0
FNH:0
DA:3,5
LF:1
LH:1
BRF:0
BRH:0
end_of_record
TN:
SF:src/screens/screenStyles/AboutAppStyles.js
FNF:0
FNH:0
DA:4,2
DA:5,2
DA:6,2
DA:7,2
DA:10,2
LF:5
LH:5
BRF:0
BRH:0
end_of_record
TN:
SF:src/screens/screenStyles/AddMedicineStyles.js
FNF:0
FNH:0
DA:3,5
LF:1
LH:1
BRF:0
BRH:0
end_of_record
TN:
SF:src/screens/screenStyles/HomeScreenStyles.js
FNF:0
FNH:0
DA:3,3
LF:1
LH:1
BRF:0
BRH:0
end_of_record
TN:
SF:src/screens/screenStyles/OnboardingStyles.js
FNF:0
FNH:0
DA:3,2
LF:1
LH:1
BRF:0
BRH:0
end_of_record
TN:
SF:src/screens/screenStyles/SettingStyles.js
FNF:0
FNH:0
DA:3,3
LF:1
LH:1
BRF:0
BRH:0
end_of_record
TN:
SF:src/screens/screenStyles/UserMedStyles.js
FNF:0
FNH:0
DA:5,4
DA:6,4
LF:2
LH:2
BRF:0
BRH:0
end_of_record
TN:
SF:src/screens/stackscreens/StackScreen.js
FN:22,(anonymous_0)
FNF:1
FNH:1
FNDA:1,(anonymous_0)
DA:20,1
DA:22,1
DA:23,1
LF:3
LH:3
BRF:0
BRH:0
end_of_record
